gcc -c -g -O -Wall -DROM  -lcrypt act_comm.c
gcc -c -g -O -Wall -DROM  -lcrypt act_info.c
gcc -c -g -O -Wall -DROM  -lcrypt act_move.c
gcc -c -g -O -Wall -DROM  -lcrypt act_obj.c
gcc -c -g -O -Wall -DROM  -lcrypt act_wiz.c
act_wiz.c:229:1: warning: "/*" within comment [-Wcomment]
 /* equips a character */
  
act_wiz.c: In function ‘do_switch’:
act_wiz.c:2650:57: warning: comparison with string literal results in unspecified behavior [-Waddress]
     else if(ch->were_shape.name != NULL && victim->name != "ghost")
                                                         ^~
act_wiz.c: In function ‘do_return’:
act_wiz.c:2686:22: warning: comparison with string literal results in unspecified behavior [-Waddress]
     else if(ch->name != "ghost")
                      ^~
act_wiz.c: In function ‘do_component_update’:
act_wiz.c:6234:4: warning: implicit declaration of function ‘component_update’; did you mean ‘do_component_update’? [-Wimplicit-function-declaration]
    component_update();
    ^~~~~~~~~~~~~~~~
    do_component_update
act_wiz.c: In function ‘do_restorechar’:
act_wiz.c:5542:5: warning: ignoring return value of ‘system’, declared with attribute warn_unused_result [-Wunused-result]
     system(buf);
     ^~~~~~~~~~~
gcc -c -g -O -Wall -DROM  -lcrypt comm.c
comm.c: In function ‘new_descriptor’:
comm.c:922:54: warning: pointer targets in passing argument 3 of ‘getsockname’ differ in signedness [-Wpointer-sign]
     getsockname( control, (struct sockaddr *) &sock, &size );
                                                      ^
In file included from /usr/include/netinet/in.h:23:0,
                 from /usr/include/netdb.h:27,
                 from comm.c:102:
/usr/include/x86_64-linux-gnu/sys/socket.h:116:12: note: expected ‘socklen_t * restrict {aka unsigned int * restrict}’ but argument is of type ‘int *’
 extern int getsockname (int __fd, __SOCKADDR_ARG __addr,
            ^~~~~~~~~~~
comm.c:923:63: warning: pointer targets in passing argument 3 of ‘accept’ differ in signedness [-Wpointer-sign]
     if ( ( desc = accept( control, (struct sockaddr *) &sock, &size) ) < 0 )
                                                               ^
In file included from /usr/include/netinet/in.h:23:0,
                 from /usr/include/netdb.h:27,
                 from comm.c:102:
/usr/include/x86_64-linux-gnu/sys/socket.h:232:12: note: expected ‘socklen_t * restrict {aka unsigned int * restrict}’ but argument is of type ‘int *’
 extern int accept (int __fd, __SOCKADDR_ARG __addr,
            ^~~~~~
comm.c:955:56: warning: pointer targets in passing argument 3 of ‘getpeername’ differ in signedness [-Wpointer-sign]
     if ( getpeername( desc, (struct sockaddr *) &sock, &size ) < 0 )
                                                        ^
In file included from /usr/include/netinet/in.h:23:0,
                 from /usr/include/netdb.h:27,
                 from comm.c:102:
/usr/include/x86_64-linux-gnu/sys/socket.h:130:12: note: expected ‘socklen_t * restrict {aka unsigned int * restrict}’ but argument is of type ‘int *’
 extern int getpeername (int __fd, __SOCKADDR_ARG __addr,
            ^~~~~~~~~~~
comm.c:919:9: warning: variable ‘ipaddr’ set but not used [-Wunused-but-set-variable]
     int ipaddr[4];
         ^~~~~~
comm.c: In function ‘nanny’:
comm.c:2112:2: warning: implicit declaration of function ‘component_update’; did you mean ‘violence_update’? [-Wimplicit-function-declaration]
  component_update();
  ^~~~~~~~~~~~~~~~
  violence_update
comm.c: In function ‘show_string’:
comm.c:2796:7: warning: this ‘for’ clause does not guard... [-Wmisleading-indentation]
       for (chk = d->showstr_point; isspace(*chk); chk++);
       ^~~
comm.c:2797:8: note: ...this statement, but the latter is misleadingly indented as if it were guarded by the ‘for’
        {
        ^
gcc -c -g -O -Wall -DROM  -lcrypt const.c
const.c:3732:5: warning: excess elements in array initializer
     {
     ^
const.c:3732:5: note: (near initialization for ‘skill_table’)
gcc -c -g -O -Wall -DROM  -lcrypt db.c
db.c: In function ‘do_dump’:
db.c:4284:6: warning: format not a string literal and no format arguments [-Wformat-security]
      fprintf(fp, buf);
      ^~~~~~~
db.c:4340:17: warning: format not a string literal and no format arguments [-Wformat-security]
                 fprintf(fp, buf);
                 ^~~~~~~
gcc -c -g -O -Wall -DROM  -lcrypt edit.c
edit.c: In function ‘edit_exit’:
edit.c:183:9: warning: variable ‘vnum’ set but not used [-Wunused-but-set-variable]
     int vnum;
         ^~~~
gcc -c -g -O -Wall -DROM  -lcrypt fight.c
gcc -c -g -O -Wall -DROM  -lcrypt handler.c
handler.c: In function ‘affect_remove’:
handler.c:986:9: warning: implicit declaration of function ‘exit’ [-Wimplicit-function-declaration]
         exit(1);
         ^~~~
handler.c:986:9: warning: incompatible implicit declaration of built-in function ‘exit’
handler.c:986:9: note: include ‘<stdlib.h>’ or provide a declaration of ‘exit’
handler.c: In function ‘affect_join’:
handler.c:1128:17: warning: operation on ‘paf->level’ may be undefined [-Wsequence-point]
      paf->level = (paf->level += paf_old->level) / 2;
      ~~~~~~~~~~~^~~~~~~~~~~~~~~~~~~~~~~~~~~~~~~~~~~~
handler.c:1121:10: warning: variable ‘found’ set but not used [-Wunused-but-set-variable]
     bool found;
          ^~~~~
gcc -c -g -O -Wall -DROM  -lcrypt misc.c
gcc -c -g -O -Wall -DROM  -lcrypt interp.c
gcc -c -g -O -Wall -DROM  -lcrypt magic.c
magic.c: In function ‘spell_heat_metal’:
magic.c:2894:16: warning: this ‘if’ clause does not guard... [-Wmisleading-indentation]
                if ( ( iWear = obj_lose->wear_loc ) != WEAR_NONE )
                ^~
magic.c:2897:20: note: ...this statement, but the latter is misleadingly indented as if it were guarded by the ‘if’
                    for (i = 0; i < 4; i ++)
                    ^~~
magic.c:2897:20: warning: this ‘for’ clause does not guard... [-Wmisleading-indentation]
magic.c:2899:22: note: ...this statement, but the latter is misleadingly indented as if it were guarded by the ‘for’
                      obj_lose->cost       = obj_lose->cost/3;
                      ^~~~~~~~
magic.c:2948:5: warning: this ‘if’ clause does not guard... [-Wmisleading-indentation]
     if ( saves_spell( level, victim ) )
     ^~
magic.c:2950:7: note: ...this statement, but the latter is misleadingly indented as if it were guarded by the ‘if’
       damage( ch, victim, dam, sn, DAM_FIRE );
       ^~~~~~
