Tue Nov 13 20:55:31 2018 :: LOADING COMM TABLE
Tue Nov 13 20:55:31 2018 ::  INIT OK 
Tue Nov 13 20:55:31 2018 :: Ended LOADING COMM TABLE
Tue Nov 13 20:55:31 2018 :: Ended Fixing Exits
Tue Nov 13 20:55:31 2018 :: Called for vnum: 3715 to modify as: 1 as gameload.
Tue Nov 13 20:55:31 2018 :: Vnum 3715|Signval: 1|Gameload|Total: 1
Tue Nov 13 20:55:31 2018 :: Called for vnum: 717 to modify as: 1 as gameload.
Tue Nov 13 20:55:31 2018 :: Vnum 717|Signval: 1|Gameload|Total: 1
Tue Nov 13 20:55:31 2018 :: Called for vnum: 717 to modify as: 1 as gameload.
Tue Nov 13 20:55:31 2018 :: Vnum 717|Signval: 1|Gameload|Total: 2
Tue Nov 13 20:55:31 2018 :: Called for vnum: 911 to modify as: 1 as gameload.
Tue Nov 13 20:55:31 2018 :: Vnum 911|Signval: 1|Gameload|Total: 1
Tue Nov 13 20:55:31 2018 :: Called for vnum: 911 to modify as: 1 as gameload.
Tue Nov 13 20:55:31 2018 :: Vnum 911|Signval: 1|Gameload|Total: 2
Tue Nov 13 20:55:31 2018 :: Called for vnum: 1388 to modify as: 1 as gameload.
Tue Nov 13 20:55:31 2018 :: Vnum 1388|Signval: 1|Gameload|Total: 1
Tue Nov 13 20:55:31 2018 :: Called for vnum: 7664 to modify as: 1 as gameload.
Tue Nov 13 20:55:31 2018 :: Vnum 7664|Signval: 1|Gameload|Total: 1
Tue Nov 13 20:55:31 2018 :: Called for vnum: 7665 to modify as: 1 as gameload.
Tue Nov 13 20:55:31 2018 :: Vnum 7665|Signval: 1|Gameload|Total: 1
Tue Nov 13 20:55:31 2018 :: Called for vnum: 17713 to modify as: 1 as gameload.
Tue Nov 13 20:55:31 2018 :: Vnum 17713|Signval: 1|Gameload|Total: 1
Tue Nov 13 20:55:31 2018 :: [*****] BUG: Equip_char: already equipped (-1).
Tue Nov 13 20:55:31 2018 :: Called for vnum: 10051 to modify as: 1 as gameload.
Tue Nov 13 20:55:31 2018 :: Vnum 10051|Signval: 1|Gameload|Total: 1
Tue Nov 13 20:55:31 2018 :: Called for vnum: 10051 to modify as: 1 as gameload.
Tue Nov 13 20:55:31 2018 :: Vnum 10051|Signval: 1|Gameload|Total: 2
Tue Nov 13 20:55:31 2018 :: [*****] BUG: Equip_char: already equipped (5).
Tue Nov 13 20:55:31 2018 :: [*****] BUG: Equip_char: already equipped (-1).
Tue Nov 13 20:55:31 2018 :: [*****] BUG: Equip_char: already equipped (-1).
Tue Nov 13 20:55:31 2018 :: [*****] BUG: Equip_char: already equipped (-1).
Tue Nov 13 20:55:31 2018 :: [*****] BUG: Equip_char: already equipped (-1).
Tue Nov 13 20:55:31 2018 :: [*****] BUG: Equip_char: already equipped (-1).
Tue Nov 13 20:55:31 2018 :: [*****] BUG: Equip_char: already equipped (-1).
Tue Nov 13 20:55:31 2018 :: [*****] BUG: Equip_char: already equipped (-1).
Tue Nov 13 20:55:31 2018 :: Called for vnum: 29215 to modify as: 1 as gameload.
Tue Nov 13 20:55:31 2018 :: Vnum 29215|Signval: 1|Gameload|Total: 1
Tue Nov 13 20:55:31 2018 :: Called for vnum: 29215 to modify as: 1 as gameload.
Tue Nov 13 20:55:31 2018 :: Vnum 29215|Signval: 1|Gameload|Total: 2
Tue Nov 13 20:55:31 2018 :: Called for vnum: 29240 to modify as: 1 as gameload.
Tue Nov 13 20:55:31 2018 :: Vnum 29240|Signval: 1|Gameload|Total: 1
Tue Nov 13 20:55:31 2018 :: Called for vnum: 29240 to modify as: 1 as gameload.
Tue Nov 13 20:55:31 2018 :: Vnum 29240|Signval: 1|Gameload|Total: 2
Tue Nov 13 20:55:31 2018 :: Called for vnum: 29240 to modify as: 1 as gameload.
Tue Nov 13 20:55:31 2018 :: Vnum 29240|Signval: 1|Gameload|Total: 3
Tue Nov 13 20:55:31 2018 :: Called for vnum: 28114 to modify as: 1 as gameload.
Tue Nov 13 20:55:31 2018 :: Vnum 28114|Signval: 1|Gameload|Total: 1
Tue Nov 13 20:55:31 2018 :: Ended Area Update
Tue Nov 13 20:55:31 2018 :: Ended Loading Notes
Tue Nov 13 20:55:31 2018 :: Ended Loading Ban
Tue Nov 13 20:55:31 2018 :: Ended Loading Pkills
Tue Nov 13 20:55:31 2018 :: TOC is ready to rock on port 9000.
Tue Nov 13 20:55:31 2018 :: Setting up signals.
Tue Nov 13 20:55:31 2018 :: Automated backup complete.
tar: Removing leading `../' from member names
Tue Nov 13 20:55:35 2018 :: Sock.sinaddr:  192.168.1.1
Tue Nov 13 20:55:36 2018 :: Sock.sinaddr:  192.168.1.1
Tue Nov 13 20:55:36 2018 :: Sock.sinaddr:  192.168.1.1
Tue Nov 13 20:55:36 2018 :: Loading Testies's playerfile
Tue Nov 13 20:55:36 2018 :: Loading Testies's playerfile
Tue Nov 13 20:55:36 2018 :: Loading Killuminati's playerfile
Tue Nov 13 20:55:37 2018 :: Killuminati@192.168.1.1 has connected. [Room: 4208]
Tue Nov 13 20:55:57 2018 :: EOF encountered on read.
Tue Nov 13 20:55:57 2018 :: Closing link to Killuminati.
Tue Nov 13 20:55:57 2018 :: EOF encountered on read.
Tue Nov 13 20:55:57 2018 :: Closing link to Testies.
Tue Nov 13 20:55:57 2018 :: EOF encountered on read.
Tue Nov 13 20:55:57 2018 :: Closing link to Testies.
Tue Nov 13 20:56:06 2018 :: Sock.sinaddr:  192.168.1.1
Tue Nov 13 20:56:07 2018 :: Loading Killuminati's playerfile
Tue Nov 13 20:56:07 2018 :: Killuminati@192.168.1.1 reconnected. [Room: 4208]
Tue Nov 13 20:56:29 2018 :: Sock.sinaddr:  192.168.1.1
Tue Nov 13 20:56:30 2018 :: Loading Testies's playerfile
Tue Nov 13 20:56:30 2018 :: Testies@192.168.1.1 has connected. [Room: 3700]
Tue Nov 13 20:56:39 2018 :: Testies has quit. [Room: 3700]
Tue Nov 13 20:57:49 2018 :: Sock.sinaddr:  192.168.1.1
Tue Nov 13 20:57:49 2018 :: Loading Testies's playerfile
Tue Nov 13 20:57:50 2018 :: Testies@192.168.1.1 has connected. [Room: 3700]
Tue Nov 13 20:57:54 2018 :: Testies has quit. [Room: 3700]
Tue Nov 13 20:57:55 2018 :: Sock.sinaddr:  192.168.1.1
Tue Nov 13 20:57:55 2018 :: Loading Testies's playerfile
Tue Nov 13 20:57:55 2018 :: Testies@192.168.1.1 has connected. [Room: 3700]
Tue Nov 13 20:57:56 2018 :: Testies has quit. [Room: 3700]
Tue Nov 13 20:57:57 2018 :: Sock.sinaddr:  192.168.1.1
Tue Nov 13 20:57:58 2018 :: Loading Testies's playerfile
Tue Nov 13 20:57:58 2018 :: Testies@192.168.1.1 has connected. [Room: 3700]
Tue Nov 13 20:58:01 2018 :: Testies has quit. [Room: 3700]
Tue Nov 13 20:58:29 2018 :: Sock.sinaddr:  192.168.1.1
Tue Nov 13 20:58:29 2018 :: Loading Testies's playerfile
Tue Nov 13 20:58:29 2018 :: Testies@192.168.1.1 has connected. [Room: 3700]
Tue Nov 13 20:58:37 2018 :: Testies has quit. [Room: 3700]
Tue Nov 13 20:59:32 2018 :: LOADING COMM TABLE
Tue Nov 13 20:59:32 2018 ::  INIT OK 
Tue Nov 13 20:59:32 2018 :: Ended LOADING COMM TABLE
Tue Nov 13 20:59:32 2018 :: Ended Fixing Exits
Tue Nov 13 20:59:32 2018 :: Called for vnum: 3715 to modify as: 1 as gameload.
Tue Nov 13 20:59:32 2018 :: Vnum 3715|Signval: 1|Gameload|Total: 1
Tue Nov 13 20:59:32 2018 :: Called for vnum: 717 to modify as: 1 as gameload.
Tue Nov 13 20:59:32 2018 :: Vnum 717|Signval: 1|Gameload|Total: 1
Tue Nov 13 20:59:32 2018 :: Called for vnum: 717 to modify as: 1 as gameload.
Tue Nov 13 20:59:32 2018 :: Vnum 717|Signval: 1|Gameload|Total: 2
Tue Nov 13 20:59:32 2018 :: Called for vnum: 911 to modify as: 1 as gameload.
Tue Nov 13 20:59:32 2018 :: Vnum 911|Signval: 1|Gameload|Total: 1
Tue Nov 13 20:59:32 2018 :: Called for vnum: 911 to modify as: 1 as gameload.
Tue Nov 13 20:59:32 2018 :: Vnum 911|Signval: 1|Gameload|Total: 2
Tue Nov 13 20:59:32 2018 :: Called for vnum: 1388 to modify as: 1 as gameload.
Tue Nov 13 20:59:32 2018 :: Vnum 1388|Signval: 1|Gameload|Total: 1
Tue Nov 13 20:59:32 2018 :: Called for vnum: 7664 to modify as: 1 as gameload.
Tue Nov 13 20:59:32 2018 :: Vnum 7664|Signval: 1|Gameload|Total: 1
Tue Nov 13 20:59:32 2018 :: Called for vnum: 7665 to modify as: 1 as gameload.
Tue Nov 13 20:59:32 2018 :: Vnum 7665|Signval: 1|Gameload|Total: 1
Tue Nov 13 20:59:32 2018 :: Called for vnum: 17713 to modify as: 1 as gameload.
Tue Nov 13 20:59:32 2018 :: Vnum 17713|Signval: 1|Gameload|Total: 1
Tue Nov 13 20:59:32 2018 :: [*****] BUG: Equip_char: already equipped (-1).
Tue Nov 13 20:59:32 2018 :: Called for vnum: 10051 to modify as: 1 as gameload.
Tue Nov 13 20:59:32 2018 :: Vnum 10051|Signval: 1|Gameload|Total: 1
Tue Nov 13 20:59:32 2018 :: Called for vnum: 10051 to modify as: 1 as gameload.
Tue Nov 13 20:59:32 2018 :: Vnum 10051|Signval: 1|Gameload|Total: 2
Tue Nov 13 20:59:32 2018 :: [*****] BUG: Equip_char: already equipped (5).
Tue Nov 13 20:59:32 2018 :: [*****] BUG: Equip_char: already equipped (-1).
Tue Nov 13 20:59:32 2018 :: [*****] BUG: Equip_char: already equipped (-1).
Tue Nov 13 20:59:32 2018 :: [*****] BUG: Equip_char: already equipped (-1).
Tue Nov 13 20:59:32 2018 :: [*****] BUG: Equip_char: already equipped (-1).
Tue Nov 13 20:59:32 2018 :: [*****] BUG: Equip_char: already equipped (-1).
Tue Nov 13 20:59:32 2018 :: [*****] BUG: Equip_char: already equipped (-1).
Tue Nov 13 20:59:32 2018 :: [*****] BUG: Equip_char: already equipped (-1).
Tue Nov 13 20:59:32 2018 :: Called for vnum: 29215 to modify as: 1 as gameload.
Tue Nov 13 20:59:32 2018 :: Vnum 29215|Signval: 1|Gameload|Total: 1
Tue Nov 13 20:59:32 2018 :: Called for vnum: 29215 to modify as: 1 as gameload.
Tue Nov 13 20:59:32 2018 :: Vnum 29215|Signval: 1|Gameload|Total: 2
Tue Nov 13 20:59:32 2018 :: [*****] BUG: Equip_char: already equipped (-1).
Tue Nov 13 20:59:32 2018 :: Called for vnum: 29240 to modify as: 1 as gameload.
Tue Nov 13 20:59:32 2018 :: Vnum 29240|Signval: 1|Gameload|Total: 1
Tue Nov 13 20:59:32 2018 :: Called for vnum: 29240 to modify as: 1 as gameload.
Tue Nov 13 20:59:32 2018 :: Vnum 29240|Signval: 1|Gameload|Total: 2
Tue Nov 13 20:59:32 2018 :: Called for vnum: 29240 to modify as: 1 as gameload.
Tue Nov 13 20:59:32 2018 :: Vnum 29240|Signval: 1|Gameload|Total: 3
Tue Nov 13 20:59:32 2018 :: Called for vnum: 28114 to modify as: 1 as gameload.
Tue Nov 13 20:59:32 2018 :: Vnum 28114|Signval: 1|Gameload|Total: 1
Tue Nov 13 20:59:32 2018 :: Ended Area Update
Tue Nov 13 20:59:32 2018 :: Ended Loading Notes
Tue Nov 13 20:59:32 2018 :: Ended Loading Ban
Tue Nov 13 20:59:32 2018 :: Ended Loading Pkills
Tue Nov 13 20:59:32 2018 :: TOC is ready to rock on port 9000.
Tue Nov 13 20:59:32 2018 :: Setting up signals.
Tue Nov 13 20:59:32 2018 :: Automated backup complete.
tar: Removing leading `../' from member names
Tue Nov 13 20:59:36 2018 :: Sock.sinaddr:  192.168.1.1
Tue Nov 13 20:59:36 2018 :: Loading Killuminati's playerfile
Tue Nov 13 20:59:36 2018 :: Killuminati@192.168.1.1 has connected. [Room: 4208]
Tue Nov 13 20:59:40 2018 :: Sock.sinaddr:  192.168.1.1
Tue Nov 13 20:59:41 2018 :: Loading Testies's playerfile
Tue Nov 13 20:59:41 2018 :: Testies@192.168.1.1 has connected. [Room: 3700]
Tue Nov 13 20:59:43 2018 :: Testies has been granted psionics! [Room: 3700]
Tue Nov 13 21:00:07 2018 :: EOF encountered on read.
Tue Nov 13 21:00:07 2018 :: Closing link to Killuminati.
Tue Nov 13 21:00:07 2018 :: EOF encountered on read.
Tue Nov 13 21:00:07 2018 :: Closing link to Testies.
