Mon Dec  3 13:30:37 2018 :: LOADING COMM TABLE
Mon Dec  3 13:30:37 2018 ::  INIT OK 
Mon Dec  3 13:30:37 2018 :: Ended LOADING COMM TABLE
Mon Dec  3 13:30:37 2018 :: Ended Fixing Exits
Mon Dec  3 13:30:37 2018 :: Called for vnum: 3715 to modify as: 1 as gameload.
Mon Dec  3 13:30:37 2018 :: Vnum 3715|Signval: 1|Gameload|Total: 1
Mon Dec  3 13:30:37 2018 :: Called for vnum: 717 to modify as: 1 as gameload.
Mon Dec  3 13:30:37 2018 :: Vnum 717|Signval: 1|Gameload|Total: 1
Mon Dec  3 13:30:37 2018 :: Called for vnum: 717 to modify as: 1 as gameload.
Mon Dec  3 13:30:37 2018 :: Vnum 717|Signval: 1|Gameload|Total: 2
Mon Dec  3 13:30:37 2018 :: Called for vnum: 911 to modify as: 1 as gameload.
Mon Dec  3 13:30:37 2018 :: Vnum 911|Signval: 1|Gameload|Total: 1
Mon Dec  3 13:30:37 2018 :: Called for vnum: 911 to modify as: 1 as gameload.
Mon Dec  3 13:30:37 2018 :: Vnum 911|Signval: 1|Gameload|Total: 2
Mon Dec  3 13:30:37 2018 :: Called for vnum: 1388 to modify as: 1 as gameload.
Mon Dec  3 13:30:37 2018 :: Vnum 1388|Signval: 1|Gameload|Total: 1
Mon Dec  3 13:30:37 2018 :: Called for vnum: 7664 to modify as: 1 as gameload.
Mon Dec  3 13:30:37 2018 :: Vnum 7664|Signval: 1|Gameload|Total: 1
Mon Dec  3 13:30:37 2018 :: Called for vnum: 7665 to modify as: 1 as gameload.
Mon Dec  3 13:30:37 2018 :: Vnum 7665|Signval: 1|Gameload|Total: 1
Mon Dec  3 13:30:37 2018 :: Called for vnum: 17713 to modify as: 1 as gameload.
Mon Dec  3 13:30:37 2018 :: Vnum 17713|Signval: 1|Gameload|Total: 1
Mon Dec  3 13:30:37 2018 :: [*****] BUG: Equip_char: already equipped (-1).
Mon Dec  3 13:30:37 2018 :: Called for vnum: 10051 to modify as: 1 as gameload.
Mon Dec  3 13:30:37 2018 :: Vnum 10051|Signval: 1|Gameload|Total: 1
Mon Dec  3 13:30:37 2018 :: Called for vnum: 10051 to modify as: 1 as gameload.
Mon Dec  3 13:30:37 2018 :: Vnum 10051|Signval: 1|Gameload|Total: 2
Mon Dec  3 13:30:37 2018 :: [*****] BUG: Equip_char: already equipped (5).
Mon Dec  3 13:30:37 2018 :: [*****] BUG: Equip_char: already equipped (-1).
Mon Dec  3 13:30:37 2018 :: [*****] BUG: Equip_char: already equipped (-1).
Mon Dec  3 13:30:37 2018 :: [*****] BUG: Equip_char: already equipped (-1).
Mon Dec  3 13:30:37 2018 :: [*****] BUG: Equip_char: already equipped (-1).
Mon Dec  3 13:30:37 2018 :: [*****] BUG: Equip_char: already equipped (-1).
Mon Dec  3 13:30:37 2018 :: [*****] BUG: Equip_char: already equipped (-1).
Mon Dec  3 13:30:37 2018 :: [*****] BUG: Equip_char: already equipped (-1).
Mon Dec  3 13:30:37 2018 :: Called for vnum: 29215 to modify as: 1 as gameload.
Mon Dec  3 13:30:37 2018 :: Vnum 29215|Signval: 1|Gameload|Total: 1
Mon Dec  3 13:30:37 2018 :: Called for vnum: 29215 to modify as: 1 as gameload.
Mon Dec  3 13:30:37 2018 :: Vnum 29215|Signval: 1|Gameload|Total: 2
Mon Dec  3 13:30:37 2018 :: Called for vnum: 29240 to modify as: 1 as gameload.
Mon Dec  3 13:30:37 2018 :: Vnum 29240|Signval: 1|Gameload|Total: 1
Mon Dec  3 13:30:37 2018 :: Called for vnum: 29240 to modify as: 1 as gameload.
Mon Dec  3 13:30:37 2018 :: Vnum 29240|Signval: 1|Gameload|Total: 2
Mon Dec  3 13:30:37 2018 :: Called for vnum: 29240 to modify as: 1 as gameload.
Mon Dec  3 13:30:37 2018 :: Vnum 29240|Signval: 1|Gameload|Total: 3
Mon Dec  3 13:30:37 2018 :: Called for vnum: 28114 to modify as: 1 as gameload.
Mon Dec  3 13:30:37 2018 :: Vnum 28114|Signval: 1|Gameload|Total: 1
Mon Dec  3 13:30:37 2018 :: Ended Area Update
Mon Dec  3 13:30:37 2018 :: Ended Loading Notes
Mon Dec  3 13:30:37 2018 :: Ended Loading Ban
Mon Dec  3 13:30:37 2018 :: Ended Loading Pkills
Mon Dec  3 13:30:37 2018 :: TOC is ready to rock on port 9000.
Mon Dec  3 13:30:37 2018 :: Setting up signals.
Mon Dec  3 13:30:37 2018 :: Automated backup complete.
tar: Removing leading `../' from member names
Mon Dec  3 13:30:51 2018 :: Sock.sinaddr:  127.0.0.1
Mon Dec  3 13:30:51 2018 :: Loading Killuminati's playerfile
Mon Dec  3 13:30:51 2018 :: Killuminati@localhost has connected. [Room: 4208]
Mon Dec  3 14:58:57 2018 :: Sock.sinaddr:  162.243.158.58
Mon Dec  3 14:58:58 2018 :: EOF encountered on read.
Mon Dec  3 16:41:45 2018 :: Sock.sinaddr:  127.0.0.1
Mon Dec  3 16:41:45 2018 :: Loading Astarti's playerfile
Mon Dec  3 16:41:46 2018 :: Astarti@localhost has connected. [Room: 4208]
Mon Dec  3 16:41:57 2018 :: Log Killuminati: adv ast 56l   
Mon Dec  3 16:42:04 2018 :: Log Killuminati: adv ast 56
Mon Dec  3 16:42:16 2018 :: Log Killuminati: load obj newbie 
Mon Dec  3 16:42:25 2018 :: Log Killuminati: load obj 29303
Mon Dec  3 16:42:34 2018 :: Log Killuminati: set obj 'newbie sword' 56
Mon Dec  3 16:42:40 2018 :: Log Killuminati: set obj level 'newbie sword' 56
Mon Dec  3 16:42:54 2018 :: Log Killuminati: set obj 'newbie sword' new 56
Mon Dec  3 16:42:59 2018 :: Log Killuminati: set obj 'newbie sword' level 56
Mon Dec  3 16:43:08 2018 :: Log Killuminati: trans ast raven
Mon Dec  3 16:50:49 2018 :: Log Killuminati: restore ast
Mon Dec  3 16:51:27 2018 :: Log Killuminati: load obj 9944
Mon Dec  3 16:51:37 2018 :: Log Killuminati: restore self
Mon Dec  3 16:51:37 2018 :: Log Killuminati: restore ast 
Mon Dec  3 16:51:43 2018 :: Log Killuminati: restore self
Mon Dec  3 17:00:10 2018 :: Astarti has quit. [Room: 2]
Mon Dec  3 17:00:21 2018 :: Sock.sinaddr:  127.0.0.1
Mon Dec  3 17:00:21 2018 :: Loading Astarti's playerfile
Mon Dec  3 17:00:22 2018 :: Astarti@localhost has connected. [Room: 25009]
Mon Dec  3 17:09:33 2018 :: Astarti has quit. [Room: 2]
Mon Dec  3 17:09:43 2018 :: Sock.sinaddr:  127.0.0.1
Mon Dec  3 17:09:44 2018 :: Loading Astarti's playerfile
Mon Dec  3 17:09:44 2018 :: Astarti@localhost has connected. [Room: 25009]
Mon Dec  3 17:18:53 2018 :: Astarti has quit. [Room: 2]
Mon Dec  3 17:19:03 2018 :: Sock.sinaddr:  127.0.0.1
Mon Dec  3 17:19:04 2018 :: Loading Astarti's playerfile
Mon Dec  3 17:19:04 2018 :: Astarti@localhost has connected. [Room: 25009]
Mon Dec  3 17:27:06 2018 :: Log Killuminati: shutdown
Mon Dec  3 17:27:06 2018 :: Closing link to Astarti.
Mon Dec  3 17:27:06 2018 :: Closing link to Killuminati.
Mon Dec  3 17:27:06 2018 :: Normal termination of game.
