Mon Nov  5 16:52:03 2018 :: LOADING COMM TABLE
Mon Nov  5 16:52:03 2018 ::  INIT OK 
Mon Nov  5 16:52:03 2018 :: Ended LOADING COMM TABLE
Mon Nov  5 16:52:03 2018 :: Ended Fixing Exits
Mon Nov  5 16:52:03 2018 :: Called for vnum: 3715 to modify as: 1 as gameload.
Mon Nov  5 16:52:03 2018 :: Vnum 3715|Signval: 1|Gameload|Total: 1
Mon Nov  5 16:52:03 2018 :: Called for vnum: 717 to modify as: 1 as gameload.
Mon Nov  5 16:52:03 2018 :: Vnum 717|Signval: 1|Gameload|Total: 1
Mon Nov  5 16:52:03 2018 :: Called for vnum: 717 to modify as: 1 as gameload.
Mon Nov  5 16:52:03 2018 :: Vnum 717|Signval: 1|Gameload|Total: 2
Mon Nov  5 16:52:03 2018 :: Called for vnum: 911 to modify as: 1 as gameload.
Mon Nov  5 16:52:03 2018 :: Vnum 911|Signval: 1|Gameload|Total: 1
Mon Nov  5 16:52:03 2018 :: Called for vnum: 911 to modify as: 1 as gameload.
Mon Nov  5 16:52:03 2018 :: Vnum 911|Signval: 1|Gameload|Total: 2
Mon Nov  5 16:52:03 2018 :: Called for vnum: 1388 to modify as: 1 as gameload.
Mon Nov  5 16:52:03 2018 :: Vnum 1388|Signval: 1|Gameload|Total: 1
Mon Nov  5 16:52:03 2018 :: Called for vnum: 7664 to modify as: 1 as gameload.
Mon Nov  5 16:52:03 2018 :: Vnum 7664|Signval: 1|Gameload|Total: 1
Mon Nov  5 16:52:03 2018 :: Called for vnum: 7665 to modify as: 1 as gameload.
Mon Nov  5 16:52:03 2018 :: Vnum 7665|Signval: 1|Gameload|Total: 1
Mon Nov  5 16:52:03 2018 :: Called for vnum: 17713 to modify as: 1 as gameload.
Mon Nov  5 16:52:03 2018 :: Vnum 17713|Signval: 1|Gameload|Total: 1
Mon Nov  5 16:52:03 2018 :: [*****] BUG: Equip_char: already equipped (-1).
Mon Nov  5 16:52:03 2018 :: Called for vnum: 10051 to modify as: 1 as gameload.
Mon Nov  5 16:52:03 2018 :: Vnum 10051|Signval: 1|Gameload|Total: 1
Mon Nov  5 16:52:03 2018 :: Called for vnum: 10051 to modify as: 1 as gameload.
Mon Nov  5 16:52:03 2018 :: Vnum 10051|Signval: 1|Gameload|Total: 2
Mon Nov  5 16:52:03 2018 :: [*****] BUG: Equip_char: already equipped (5).
Mon Nov  5 16:52:03 2018 :: [*****] BUG: Equip_char: already equipped (-1).
Mon Nov  5 16:52:03 2018 :: [*****] BUG: Equip_char: already equipped (-1).
Mon Nov  5 16:52:03 2018 :: [*****] BUG: Equip_char: already equipped (-1).
Mon Nov  5 16:52:03 2018 :: [*****] BUG: Equip_char: already equipped (-1).
Mon Nov  5 16:52:03 2018 :: [*****] BUG: Equip_char: already equipped (-1).
Mon Nov  5 16:52:03 2018 :: [*****] BUG: Equip_char: already equipped (-1).
Mon Nov  5 16:52:03 2018 :: [*****] BUG: Equip_char: already equipped (-1).
Mon Nov  5 16:52:03 2018 :: Called for vnum: 29215 to modify as: 1 as gameload.
Mon Nov  5 16:52:03 2018 :: Vnum 29215|Signval: 1|Gameload|Total: 1
Mon Nov  5 16:52:03 2018 :: Called for vnum: 29215 to modify as: 1 as gameload.
Mon Nov  5 16:52:03 2018 :: Vnum 29215|Signval: 1|Gameload|Total: 2
Mon Nov  5 16:52:03 2018 :: Called for vnum: 29240 to modify as: 1 as gameload.
Mon Nov  5 16:52:03 2018 :: Vnum 29240|Signval: 1|Gameload|Total: 1
Mon Nov  5 16:52:03 2018 :: Called for vnum: 29240 to modify as: 1 as gameload.
Mon Nov  5 16:52:03 2018 :: Vnum 29240|Signval: 1|Gameload|Total: 2
Mon Nov  5 16:52:03 2018 :: Called for vnum: 29240 to modify as: 1 as gameload.
Mon Nov  5 16:52:03 2018 :: Vnum 29240|Signval: 1|Gameload|Total: 3
Mon Nov  5 16:52:03 2018 :: Called for vnum: 28114 to modify as: 1 as gameload.
Mon Nov  5 16:52:03 2018 :: Vnum 28114|Signval: 1|Gameload|Total: 1
Mon Nov  5 16:52:03 2018 :: Ended Area Update
Mon Nov  5 16:52:03 2018 :: Ended Loading Notes
Mon Nov  5 16:52:03 2018 :: Ended Loading Ban
Mon Nov  5 16:52:03 2018 :: Ended Loading Pkills
Mon Nov  5 16:52:03 2018 :: TOC is ready to rock on port 9000.
Mon Nov  5 16:52:03 2018 :: Setting up signals.
Mon Nov  5 16:52:03 2018 :: Automated backup complete.
tar: Removing leading `../' from member names
Mon Nov  5 16:52:11 2018 :: Sock.sinaddr:  192.168.1.1
Mon Nov  5 16:52:11 2018 :: Loading Killuminati's playerfile
Mon Nov  5 16:52:11 2018 :: [*****] BUG: Read_object: vnum 9955 bad type.
Mon Nov  5 16:52:11 2018 :: [*****] BUG: Read_object: vnum 9955 bad type.
Mon Nov  5 16:52:11 2018 :: [*****] BUG: Read_object: vnum 9955 bad type.
Mon Nov  5 16:52:11 2018 :: [*****] BUG: Read_object: vnum 9955 bad type.
Mon Nov  5 16:52:11 2018 :: [*****] BUG: Read_object: vnum 9955 bad type.
Mon Nov  5 16:52:11 2018 :: [*****] BUG: Read_object: vnum 9955 bad type.
Mon Nov  5 16:52:11 2018 :: [*****] BUG: Read_object: vnum 9955 bad type.
Mon Nov  5 16:52:11 2018 :: [*****] BUG: Read_object: vnum 9955 bad type.
Mon Nov  5 16:52:11 2018 :: [*****] BUG: Read_object: vnum 9955 bad type.
Mon Nov  5 16:52:11 2018 :: Killuminati@192.168.1.1 has connected. [Room: 4206]
