Fri Nov 23 20:48:54 2018 :: LOADING COMM TABLE
Fri Nov 23 20:48:54 2018 ::  INIT OK 
Fri Nov 23 20:48:54 2018 :: Ended LOADING COMM TABLE
Fri Nov 23 20:48:54 2018 :: Ended Fixing Exits
Fri Nov 23 20:48:54 2018 :: Called for vnum: 3715 to modify as: 1 as gameload.
Fri Nov 23 20:48:54 2018 :: Vnum 3715|Signval: 1|Gameload|Total: 1
Fri Nov 23 20:48:54 2018 :: Called for vnum: 717 to modify as: 1 as gameload.
Fri Nov 23 20:48:54 2018 :: Vnum 717|Signval: 1|Gameload|Total: 1
Fri Nov 23 20:48:54 2018 :: Called for vnum: 717 to modify as: 1 as gameload.
Fri Nov 23 20:48:54 2018 :: Vnum 717|Signval: 1|Gameload|Total: 2
Fri Nov 23 20:48:54 2018 :: Called for vnum: 911 to modify as: 1 as gameload.
Fri Nov 23 20:48:54 2018 :: Vnum 911|Signval: 1|Gameload|Total: 1
Fri Nov 23 20:48:54 2018 :: Called for vnum: 911 to modify as: 1 as gameload.
Fri Nov 23 20:48:54 2018 :: Vnum 911|Signval: 1|Gameload|Total: 2
Fri Nov 23 20:48:54 2018 :: Called for vnum: 1388 to modify as: 1 as gameload.
Fri Nov 23 20:48:54 2018 :: Vnum 1388|Signval: 1|Gameload|Total: 1
Fri Nov 23 20:48:54 2018 :: Called for vnum: 7664 to modify as: 1 as gameload.
Fri Nov 23 20:48:54 2018 :: Vnum 7664|Signval: 1|Gameload|Total: 1
Fri Nov 23 20:48:54 2018 :: Called for vnum: 7665 to modify as: 1 as gameload.
Fri Nov 23 20:48:54 2018 :: Vnum 7665|Signval: 1|Gameload|Total: 1
Fri Nov 23 20:48:54 2018 :: Called for vnum: 17713 to modify as: 1 as gameload.
Fri Nov 23 20:48:54 2018 :: Vnum 17713|Signval: 1|Gameload|Total: 1
Fri Nov 23 20:48:54 2018 :: [*****] BUG: Equip_char: already equipped (-1).
Fri Nov 23 20:48:54 2018 :: Called for vnum: 10051 to modify as: 1 as gameload.
Fri Nov 23 20:48:54 2018 :: Vnum 10051|Signval: 1|Gameload|Total: 1
Fri Nov 23 20:48:54 2018 :: Called for vnum: 10051 to modify as: 1 as gameload.
Fri Nov 23 20:48:54 2018 :: Vnum 10051|Signval: 1|Gameload|Total: 2
Fri Nov 23 20:48:54 2018 :: [*****] BUG: Equip_char: already equipped (5).
Fri Nov 23 20:48:54 2018 :: [*****] BUG: Equip_char: already equipped (-1).
Fri Nov 23 20:48:54 2018 :: [*****] BUG: Equip_char: already equipped (-1).
Fri Nov 23 20:48:54 2018 :: [*****] BUG: Equip_char: already equipped (-1).
Fri Nov 23 20:48:54 2018 :: [*****] BUG: Equip_char: already equipped (-1).
Fri Nov 23 20:48:54 2018 :: [*****] BUG: Equip_char: already equipped (-1).
Fri Nov 23 20:48:54 2018 :: [*****] BUG: Equip_char: already equipped (-1).
Fri Nov 23 20:48:54 2018 :: [*****] BUG: Equip_char: already equipped (-1).
Fri Nov 23 20:48:54 2018 :: Called for vnum: 29215 to modify as: 1 as gameload.
Fri Nov 23 20:48:54 2018 :: Vnum 29215|Signval: 1|Gameload|Total: 1
Fri Nov 23 20:48:54 2018 :: Called for vnum: 29215 to modify as: 1 as gameload.
Fri Nov 23 20:48:54 2018 :: Vnum 29215|Signval: 1|Gameload|Total: 2
Fri Nov 23 20:48:54 2018 :: Called for vnum: 29240 to modify as: 1 as gameload.
Fri Nov 23 20:48:54 2018 :: Vnum 29240|Signval: 1|Gameload|Total: 1
Fri Nov 23 20:48:54 2018 :: Called for vnum: 29240 to modify as: 1 as gameload.
Fri Nov 23 20:48:54 2018 :: Vnum 29240|Signval: 1|Gameload|Total: 2
Fri Nov 23 20:48:54 2018 :: Called for vnum: 29240 to modify as: 1 as gameload.
Fri Nov 23 20:48:54 2018 :: Vnum 29240|Signval: 1|Gameload|Total: 3
Fri Nov 23 20:48:54 2018 :: Called for vnum: 28114 to modify as: 1 as gameload.
Fri Nov 23 20:48:54 2018 :: Vnum 28114|Signval: 1|Gameload|Total: 1
Fri Nov 23 20:48:54 2018 :: Ended Area Update
Fri Nov 23 20:48:54 2018 :: Ended Loading Notes
Fri Nov 23 20:48:54 2018 :: Ended Loading Ban
Fri Nov 23 20:48:54 2018 :: Ended Loading Pkills
Fri Nov 23 20:48:54 2018 :: TOC is ready to rock on port 9000.
Fri Nov 23 20:48:54 2018 :: Setting up signals.
Fri Nov 23 20:48:54 2018 :: Automated backup complete.
tar: Removing leading `../' from member names
Fri Nov 23 20:49:05 2018 :: Sock.sinaddr:  192.168.1.1
Fri Nov 23 20:49:05 2018 :: Sock.sinaddr:  192.168.1.1
Fri Nov 23 20:49:05 2018 :: Loading Killuminati's playerfile
Fri Nov 23 20:49:05 2018 :: Loading Misery's playerfile
Fri Nov 23 20:49:05 2018 :: Killuminati@192.168.1.1 has connected. [Room: 4208]
Fri Nov 23 20:49:06 2018 :: Misery@192.168.1.1 has connected. [Room: 29498]
Fri Nov 23 20:49:51 2018 :: Log Killuminati: trans misery bor
Fri Nov 23 20:50:12 2018 :: Log Killuminati: restore self
Fri Nov 23 20:50:12 2018 :: Log Killuminati: restore Misery 
Fri Nov 23 20:50:15 2018 :: borg has been spared from death by the gods divine protection. [Room: 29498]
Fri Nov 23 20:50:18 2018 :: Log Killuminati: restore self
