Mon Nov 26 01:17:32 2018 :: LOADING COMM TABLE
Mon Nov 26 01:17:32 2018 ::  INIT OK 
Mon Nov 26 01:17:32 2018 :: Ended LOADING COMM TABLE
Mon Nov 26 01:17:32 2018 :: Ended Fixing Exits
Mon Nov 26 01:17:32 2018 :: Called for vnum: 3715 to modify as: 1 as gameload.
Mon Nov 26 01:17:32 2018 :: Vnum 3715|Signval: 1|Gameload|Total: 1
Mon Nov 26 01:17:32 2018 :: Called for vnum: 717 to modify as: 1 as gameload.
Mon Nov 26 01:17:32 2018 :: Vnum 717|Signval: 1|Gameload|Total: 1
Mon Nov 26 01:17:32 2018 :: Called for vnum: 717 to modify as: 1 as gameload.
Mon Nov 26 01:17:32 2018 :: Vnum 717|Signval: 1|Gameload|Total: 2
Mon Nov 26 01:17:32 2018 :: Called for vnum: 911 to modify as: 1 as gameload.
Mon Nov 26 01:17:32 2018 :: Vnum 911|Signval: 1|Gameload|Total: 1
Mon Nov 26 01:17:32 2018 :: Called for vnum: 911 to modify as: 1 as gameload.
Mon Nov 26 01:17:32 2018 :: Vnum 911|Signval: 1|Gameload|Total: 2
Mon Nov 26 01:17:32 2018 :: Called for vnum: 1388 to modify as: 1 as gameload.
Mon Nov 26 01:17:32 2018 :: Vnum 1388|Signval: 1|Gameload|Total: 1
Mon Nov 26 01:17:32 2018 :: Called for vnum: 7664 to modify as: 1 as gameload.
Mon Nov 26 01:17:32 2018 :: Vnum 7664|Signval: 1|Gameload|Total: 1
Mon Nov 26 01:17:32 2018 :: Called for vnum: 7665 to modify as: 1 as gameload.
Mon Nov 26 01:17:32 2018 :: Vnum 7665|Signval: 1|Gameload|Total: 1
Mon Nov 26 01:17:32 2018 :: Called for vnum: 17713 to modify as: 1 as gameload.
Mon Nov 26 01:17:32 2018 :: Vnum 17713|Signval: 1|Gameload|Total: 1
Mon Nov 26 01:17:32 2018 :: [*****] BUG: Equip_char: already equipped (-1).
Mon Nov 26 01:17:32 2018 :: Called for vnum: 10051 to modify as: 1 as gameload.
Mon Nov 26 01:17:32 2018 :: Vnum 10051|Signval: 1|Gameload|Total: 1
Mon Nov 26 01:17:32 2018 :: Called for vnum: 10051 to modify as: 1 as gameload.
Mon Nov 26 01:17:32 2018 :: Vnum 10051|Signval: 1|Gameload|Total: 2
Mon Nov 26 01:17:32 2018 :: [*****] BUG: Equip_char: already equipped (5).
Mon Nov 26 01:17:32 2018 :: [*****] BUG: Equip_char: already equipped (-1).
Mon Nov 26 01:17:32 2018 :: [*****] BUG: Equip_char: already equipped (-1).
Mon Nov 26 01:17:32 2018 :: [*****] BUG: Equip_char: already equipped (-1).
Mon Nov 26 01:17:32 2018 :: [*****] BUG: Equip_char: already equipped (-1).
Mon Nov 26 01:17:32 2018 :: [*****] BUG: Equip_char: already equipped (-1).
Mon Nov 26 01:17:32 2018 :: [*****] BUG: Equip_char: already equipped (-1).
Mon Nov 26 01:17:32 2018 :: [*****] BUG: Equip_char: already equipped (-1).
Mon Nov 26 01:17:32 2018 :: Called for vnum: 29215 to modify as: 1 as gameload.
Mon Nov 26 01:17:32 2018 :: Vnum 29215|Signval: 1|Gameload|Total: 1
Mon Nov 26 01:17:32 2018 :: Called for vnum: 29215 to modify as: 1 as gameload.
Mon Nov 26 01:17:32 2018 :: Vnum 29215|Signval: 1|Gameload|Total: 2
Mon Nov 26 01:17:32 2018 :: Called for vnum: 29240 to modify as: 1 as gameload.
Mon Nov 26 01:17:32 2018 :: Vnum 29240|Signval: 1|Gameload|Total: 1
Mon Nov 26 01:17:32 2018 :: Called for vnum: 29240 to modify as: 1 as gameload.
Mon Nov 26 01:17:32 2018 :: Vnum 29240|Signval: 1|Gameload|Total: 2
Mon Nov 26 01:17:32 2018 :: Called for vnum: 29240 to modify as: 1 as gameload.
Mon Nov 26 01:17:32 2018 :: Vnum 29240|Signval: 1|Gameload|Total: 3
Mon Nov 26 01:17:32 2018 :: Called for vnum: 28114 to modify as: 1 as gameload.
Mon Nov 26 01:17:32 2018 :: Vnum 28114|Signval: 1|Gameload|Total: 1
Mon Nov 26 01:17:32 2018 :: Ended Area Update
Mon Nov 26 01:17:32 2018 :: Ended Loading Notes
Mon Nov 26 01:17:32 2018 :: Ended Loading Ban
Mon Nov 26 01:17:32 2018 :: Ended Loading Pkills
Mon Nov 26 01:17:32 2018 :: TOC is ready to rock on port 9000.
Mon Nov 26 01:17:32 2018 :: Setting up signals.
Mon Nov 26 01:17:33 2018 :: Automated backup complete.
tar: Removing leading `../' from member names
Mon Nov 26 01:17:35 2018 :: Sock.sinaddr:  97.88.72.5
Mon Nov 26 01:17:37 2018 :: Loading Drimdal's playerfile
Mon Nov 26 01:17:40 2018 :: Drimdal@97-88-72-5.dhcp.stls.mo.charter.com has connected. [Room: 4208]
Mon Nov 26 01:17:42 2018 :: Sock.sinaddr:  192.168.1.1
Mon Nov 26 01:17:43 2018 :: Loading Killuminati's playerfile
Mon Nov 26 01:17:43 2018 :: Killuminati@192.168.1.1 has connected. [Room: 4208]
Mon Nov 26 01:28:01 2018 :: Log Drimdal: ner buc
Mon Nov 26 01:28:04 2018 :: Log Drimdal: ner
Mon Nov 26 01:28:05 2018 :: Log Drimdal: ner
Mon Nov 26 01:28:08 2018 :: Log Drimdal: ner
Mon Nov 26 01:28:09 2018 :: Log Drimdal: ner
Mon Nov 26 01:28:12 2018 :: Log Drimdal: ner
Mon Nov 26 01:28:13 2018 :: Log Drimdal: ner
Mon Nov 26 01:28:16 2018 :: Log Drimdal: ner
Mon Nov 26 01:28:19 2018 :: Log Drimdal: ner
Mon Nov 26 01:28:20 2018 :: Log Drimdal: ner
Mon Nov 26 01:28:23 2018 :: Log Drimdal: ner
Mon Nov 26 01:28:25 2018 :: Log Drimdal: ner
Mon Nov 26 01:28:25 2018 :: Log Drimdal: ner
Mon Nov 26 01:28:29 2018 :: Log Drimdal: ner
Mon Nov 26 01:28:35 2018 :: Log Drimdal: ner sw
Mon Nov 26 01:28:36 2018 :: Log Drimdal: ner sw
Mon Nov 26 01:28:38 2018 :: Log Drimdal: ner sw
Mon Nov 26 01:28:38 2018 :: Log Drimdal: ner sw
Mon Nov 26 01:28:39 2018 :: Log Drimdal: ner sw
Mon Nov 26 01:28:39 2018 :: Log Drimdal: ner sw
Mon Nov 26 01:28:40 2018 :: Log Drimdal: ner sw
Mon Nov 26 01:28:43 2018 :: Log Drimdal: ner sw
Mon Nov 26 01:28:46 2018 :: Log Drimdal: ner sw
Mon Nov 26 01:28:47 2018 :: Log Drimdal: ner sw
Mon Nov 26 01:28:50 2018 :: Log Drimdal: ner sw
Mon Nov 26 01:29:03 2018 :: Log Drimdal: ner sw
Mon Nov 26 01:29:04 2018 :: Log Drimdal: ner sw
Mon Nov 26 01:29:05 2018 :: Log Drimdal: ner sw
Mon Nov 26 01:29:06 2018 :: Log Drimdal: ner sw
Mon Nov 26 01:29:10 2018 :: Log Drimdal: ner sw
Mon Nov 26 01:29:13 2018 :: Log Drimdal: ner sw
Mon Nov 26 01:29:14 2018 :: Log Drimdal: ner sw
Mon Nov 26 01:29:16 2018 :: Log Drimdal: ner sw
Mon Nov 26 01:29:19 2018 :: Log Drimdal: ner sw
Mon Nov 26 01:29:26 2018 :: Log Drimdal: ner sw
Mon Nov 26 01:29:27 2018 :: Log Drimdal: ner sw
Mon Nov 26 01:29:30 2018 :: Log Drimdal: ner sw
Mon Nov 26 01:29:31 2018 :: Log Drimdal: ner sw
Mon Nov 26 01:29:32 2018 :: Log Drimdal: ner sw
Mon Nov 26 01:29:35 2018 :: Log Drimdal: ner sw
Mon Nov 26 01:29:35 2018 :: Log Drimdal: ner sw
Mon Nov 26 01:29:36 2018 :: Log Drimdal: ner sw
Mon Nov 26 01:29:38 2018 :: Log Drimdal: ner sw
Mon Nov 26 01:29:38 2018 :: Log Drimdal: ner sw
Mon Nov 26 01:29:42 2018 :: Log Drimdal: ner sw
Mon Nov 26 01:29:51 2018 :: Log Drimdal: ner sw
Mon Nov 26 01:29:52 2018 :: Log Drimdal: ner sw
Mon Nov 26 01:29:52 2018 :: Log Drimdal: ner sw
Mon Nov 26 01:29:53 2018 :: Log Drimdal: ner sw
Mon Nov 26 01:29:56 2018 :: Log Drimdal: ner sw
Mon Nov 26 01:29:59 2018 :: Log Drimdal: ner sw
Mon Nov 26 01:30:00 2018 :: Log Drimdal: ner sw
Mon Nov 26 01:30:00 2018 :: Log Drimdal: ner sw
Mon Nov 26 01:30:01 2018 :: Log Drimdal: ner sw
Mon Nov 26 01:30:04 2018 :: Log Drimdal: ner sw
Mon Nov 26 01:30:05 2018 :: Log Drimdal: ner sw
Mon Nov 26 01:30:08 2018 :: Log Drimdal: ner sw
Mon Nov 26 01:30:23 2018 :: Log Drimdal: ner buc
Mon Nov 26 01:30:39 2018 :: Log Drimdal: ner
Mon Nov 26 01:30:46 2018 :: Log Killuminati: restore Drimdal
Mon Nov 26 01:30:48 2018 :: Log Drimdal: ner
Mon Nov 26 01:30:49 2018 :: Log Drimdal: ner
Mon Nov 26 01:30:50 2018 :: Log Drimdal: ner
Mon Nov 26 01:30:51 2018 :: Log Drimdal: ner
Mon Nov 26 01:30:51 2018 :: Log Drimdal: ner
Mon Nov 26 01:31:08 2018 :: Log Drimdal: ner sw
Mon Nov 26 01:31:10 2018 :: Log Drimdal: ner
Mon Nov 26 01:31:13 2018 :: Log Drimdal: ner
Mon Nov 26 01:31:16 2018 :: Log Drimdal: ner
Mon Nov 26 01:31:17 2018 :: Log Drimdal: ner
Mon Nov 26 01:31:39 2018 :: Log Drimdal: ner
Mon Nov 26 01:31:42 2018 :: Log Drimdal: ner
Mon Nov 26 01:31:43 2018 :: Log Drimdal: ner
Mon Nov 26 01:31:46 2018 :: Log Drimdal: ner
Mon Nov 26 01:31:50 2018 :: Log Drimdal: ner
Mon Nov 26 01:31:53 2018 :: Log Drimdal: ner
Mon Nov 26 01:31:54 2018 :: Log Drimdal: ner
Mon Nov 26 01:32:24 2018 :: Log Drimdal: ner sw
Mon Nov 26 01:32:25 2018 :: Log Drimdal: ner sw
Mon Nov 26 01:32:26 2018 :: Log Drimdal: ner sw
Mon Nov 26 01:32:27 2018 :: Log Drimdal: ner sw
Mon Nov 26 01:32:30 2018 :: Log Drimdal: ner sw
Mon Nov 26 01:32:31 2018 :: Log Drimdal: ner sw
Mon Nov 26 01:32:35 2018 :: Log Drimdal: ner sw
Mon Nov 26 01:34:34 2018 :: Log Drimdal: ner min
Mon Nov 26 01:34:36 2018 :: Log Drimdal: ner
Mon Nov 26 01:34:36 2018 :: Log Drimdal: ner
Mon Nov 26 01:34:49 2018 :: Log Drimdal: ner
Mon Nov 26 01:34:52 2018 :: Log Drimdal: ner
Mon Nov 26 01:34:53 2018 :: Log Killuminati: restore Drimdal
Mon Nov 26 01:37:09 2018 :: Sock.sinaddr:  223.17.165.161
Mon Nov 26 01:37:09 2018 :: EOF encountered on read.
Mon Nov 26 01:37:39 2018 :: Drimdal has quit. [Room: 4649]
Mon Nov 26 01:37:39 2018 :: Called for vnum: 17713 to modify as: -1 as playerload.
Mon Nov 26 01:37:39 2018 :: Vnum 17713|Signval: -1|!Gameload|Total: 2
Mon Nov 26 01:37:39 2018 :: Called for vnum: 17713 to modify as: 1 as playerload.
Mon Nov 26 01:37:39 2018 :: Vnum 17713|Signval: 1|!Gameload|Total: 1
Mon Nov 26 01:37:39 2018 :: Called for vnum: 1388 to modify as: -1 as playerload.
Mon Nov 26 01:37:39 2018 :: Vnum 1388|Signval: -1|!Gameload|Total: 2
Mon Nov 26 01:37:39 2018 :: Called for vnum: 1388 to modify as: 1 as playerload.
Mon Nov 26 01:37:39 2018 :: Vnum 1388|Signval: 1|!Gameload|Total: 1
Mon Nov 26 01:37:39 2018 :: Called for vnum: 1388 to modify as: -1 as playerload.
Mon Nov 26 01:37:39 2018 :: Vnum 1388|Signval: -1|!Gameload|Total: 2
Mon Nov 26 01:37:39 2018 :: Called for vnum: 1388 to modify as: 1 as playerload.
Mon Nov 26 01:37:39 2018 :: Vnum 1388|Signval: 1|!Gameload|Total: 1
Mon Nov 26 01:37:39 2018 :: Called for vnum: 3715 to modify as: -1 as playerload.
Mon Nov 26 01:37:39 2018 :: Vnum 3715|Signval: -1|!Gameload|Total: 2
Mon Nov 26 01:37:39 2018 :: Called for vnum: 3715 to modify as: 1 as playerload.
Mon Nov 26 01:37:39 2018 :: Vnum 3715|Signval: 1|!Gameload|Total: 1
Mon Nov 26 01:37:41 2018 :: Sock.sinaddr:  97.88.72.5
Mon Nov 26 01:37:43 2018 :: Loading Bertram's playerfile
Mon Nov 26 01:38:11 2018 :: Loading Bloodbeard's playerfile
Mon Nov 26 01:38:16 2018 :: Closing link to Bloodbeard.
Mon Nov 26 01:38:16 2018 :: Called for vnum: 29215 to modify as: -1 as playerload.
Mon Nov 26 01:38:16 2018 :: Vnum 29215|Signval: -1|!Gameload|Total: 3
Mon Nov 26 01:38:16 2018 :: Called for vnum: 29215 to modify as: 1 as playerload.
Mon Nov 26 01:38:16 2018 :: Vnum 29215|Signval: 1|!Gameload|Total: 2
Mon Nov 26 01:38:16 2018 :: Called for vnum: 28114 to modify as: -1 as playerload.
Mon Nov 26 01:38:16 2018 :: Vnum 28114|Signval: -1|!Gameload|Total: 2
Mon Nov 26 01:38:16 2018 :: Called for vnum: 28114 to modify as: 1 as playerload.
Mon Nov 26 01:38:16 2018 :: Vnum 28114|Signval: 1|!Gameload|Total: 1
Mon Nov 26 01:38:17 2018 :: Sock.sinaddr:  97.88.72.5
Mon Nov 26 01:38:36 2018 :: Loading Vagnard's playerfile
Mon Nov 26 01:38:40 2018 :: Closing link to Vagnard.
Mon Nov 26 01:38:40 2018 :: Called for vnum: 29215 to modify as: -1 as playerload.
Mon Nov 26 01:38:40 2018 :: Vnum 29215|Signval: -1|!Gameload|Total: 3
Mon Nov 26 01:38:40 2018 :: Called for vnum: 29215 to modify as: 1 as playerload.
Mon Nov 26 01:38:40 2018 :: Vnum 29215|Signval: 1|!Gameload|Total: 2
Mon Nov 26 01:38:40 2018 :: Called for vnum: 717 to modify as: -1 as playerload.
Mon Nov 26 01:38:40 2018 :: Vnum 717|Signval: -1|!Gameload|Total: 3
Mon Nov 26 01:38:40 2018 :: Called for vnum: 717 to modify as: 1 as playerload.
Mon Nov 26 01:38:40 2018 :: Vnum 717|Signval: 1|!Gameload|Total: 2
Mon Nov 26 01:38:40 2018 :: Called for vnum: 717 to modify as: -1 as playerload.
Mon Nov 26 01:38:40 2018 :: Vnum 717|Signval: -1|!Gameload|Total: 3
Mon Nov 26 01:38:40 2018 :: Called for vnum: 717 to modify as: 1 as playerload.
Mon Nov 26 01:38:40 2018 :: Vnum 717|Signval: 1|!Gameload|Total: 2
Mon Nov 26 01:38:41 2018 :: Sock.sinaddr:  97.88.72.5
Mon Nov 26 01:39:39 2018 :: Loading Drimdal's playerfile
Mon Nov 26 01:39:40 2018 :: Drimdal@97-88-72-5.dhcp.stls.mo.charter.com has connected. [Room: 4649]
Mon Nov 26 01:40:45 2018 :: Drimdal has quit. [Room: 2404]
Mon Nov 26 01:40:45 2018 :: Called for vnum: 17713 to modify as: -1 as playerload.
Mon Nov 26 01:40:45 2018 :: Vnum 17713|Signval: -1|!Gameload|Total: 2
Mon Nov 26 01:40:45 2018 :: Called for vnum: 17713 to modify as: 1 as playerload.
Mon Nov 26 01:40:45 2018 :: Vnum 17713|Signval: 1|!Gameload|Total: 1
Mon Nov 26 01:40:45 2018 :: Called for vnum: 1388 to modify as: -1 as playerload.
Mon Nov 26 01:40:45 2018 :: Vnum 1388|Signval: -1|!Gameload|Total: 2
Mon Nov 26 01:40:45 2018 :: Called for vnum: 1388 to modify as: 1 as playerload.
Mon Nov 26 01:40:45 2018 :: Vnum 1388|Signval: 1|!Gameload|Total: 1
Mon Nov 26 01:40:45 2018 :: Called for vnum: 1388 to modify as: -1 as playerload.
Mon Nov 26 01:40:45 2018 :: Vnum 1388|Signval: -1|!Gameload|Total: 2
Mon Nov 26 01:40:45 2018 :: Called for vnum: 1388 to modify as: 1 as playerload.
Mon Nov 26 01:40:45 2018 :: Vnum 1388|Signval: 1|!Gameload|Total: 1
Mon Nov 26 01:40:45 2018 :: Called for vnum: 3715 to modify as: -1 as playerload.
Mon Nov 26 01:40:45 2018 :: Vnum 3715|Signval: -1|!Gameload|Total: 2
Mon Nov 26 01:40:45 2018 :: Called for vnum: 3715 to modify as: 1 as playerload.
Mon Nov 26 01:40:45 2018 :: Vnum 3715|Signval: 1|!Gameload|Total: 1
Mon Nov 26 01:40:47 2018 :: Sock.sinaddr:  97.88.72.5
Mon Nov 26 01:40:50 2018 :: Loading Egrimm's playerfile
Mon Nov 26 01:40:51 2018 :: Egrimm@97-88-72-5.dhcp.stls.mo.charter.com has connected. [Room: 4210]
Mon Nov 26 01:40:56 2018 :: Log Egrimm: goto lamorak
Mon Nov 26 01:40:59 2018 :: Log Egrimm: 
Mon Nov 26 01:41:00 2018 :: Log Egrimm: dm king
Mon Nov 26 01:41:04 2018 :: Log Egrimm: c fae
Mon Nov 26 01:41:07 2018 :: Log Egrimm: c slo k
Mon Nov 26 01:41:10 2018 :: Log Egrimm: k
Mon Nov 26 01:41:13 2018 :: Log Egrimm: k
Mon Nov 26 01:41:17 2018 :: Log Egrimm: prac
Mon Nov 26 01:41:22 2018 :: Log Egrimm: l i cor
Mon Nov 26 01:41:25 2018 :: Log Egrimm: get ex cor
Mon Nov 26 01:41:28 2018 :: Log Egrimm: l
Mon Nov 26 01:41:31 2018 :: Log Egrimm: scan
Mon Nov 26 01:41:36 2018 :: Log Egrimm: 
Mon Nov 26 01:41:38 2018 :: Log Egrimm: scan
Mon Nov 26 01:41:41 2018 :: Log Egrimm: 
Mon Nov 26 01:41:43 2018 :: Log Egrimm: 
Mon Nov 26 01:41:45 2018 :: Log Egrimm: 
Mon Nov 26 01:41:45 2018 :: Log Egrimm: 
Mon Nov 26 01:41:47 2018 :: Log Egrimm: 
Mon Nov 26 01:41:50 2018 :: Log Egrimm: 
Mon Nov 26 01:41:51 2018 :: Log Egrimm: 
Mon Nov 26 01:41:54 2018 :: Log Egrimm: l q
Mon Nov 26 01:41:57 2018 :: Log Egrimm: 
Mon Nov 26 01:41:58 2018 :: Log Egrimm: 
Mon Nov 26 01:42:00 2018 :: Log Egrimm: 
Mon Nov 26 01:42:01 2018 :: Log Egrimm: 
Mon Nov 26 01:42:04 2018 :: Log Egrimm: 
Mon Nov 26 01:42:04 2018 :: Log Egrimm: 
Mon Nov 26 01:42:09 2018 :: Log Egrimm: l mer
Mon Nov 26 01:42:11 2018 :: Log Egrimm: 
Mon Nov 26 01:42:12 2018 :: Log Egrimm: 
Mon Nov 26 01:42:13 2018 :: Log Egrimm: eq
Mon Nov 26 01:42:20 2018 :: Log Egrimm: 
Mon Nov 26 01:42:22 2018 :: Log Egrimm: scan
Mon Nov 26 01:42:24 2018 :: Log Egrimm: 
Mon Nov 26 01:42:24 2018 :: Log Egrimm: scan
Mon Nov 26 01:42:25 2018 :: Log Egrimm: 
Mon Nov 26 01:42:27 2018 :: Log Egrimm: 
Mon Nov 26 01:42:28 2018 :: Log Egrimm: scan
Mon Nov 26 01:42:30 2018 :: Log Egrimm: 
Mon Nov 26 01:42:31 2018 :: Log Egrimm: l ga
Mon Nov 26 01:42:34 2018 :: Log Egrimm: 
Mon Nov 26 01:42:35 2018 :: Log Egrimm: scan
Mon Nov 26 01:42:37 2018 :: Log Egrimm: 
Mon Nov 26 01:42:38 2018 :: Log Egrimm: 
Mon Nov 26 01:42:39 2018 :: Log Egrimm: 
Mon Nov 26 01:42:41 2018 :: Log Egrimm: 
Mon Nov 26 01:42:42 2018 :: Log Egrimm: 
Mon Nov 26 01:42:43 2018 :: Log Egrimm: scan
Mon Nov 26 01:42:44 2018 :: Log Egrimm: 
Mon Nov 26 01:42:46 2018 :: Log Egrimm: ex
Mon Nov 26 01:42:47 2018 :: Log Egrimm: 
Mon Nov 26 01:42:48 2018 :: Log Egrimm: ex
Mon Nov 26 01:42:50 2018 :: Log Egrimm: 
Mon Nov 26 01:42:54 2018 :: Log Egrimm: 
Mon Nov 26 01:42:56 2018 :: Log Egrimm: 
Mon Nov 26 01:42:58 2018 :: Log Egrimm: 
Mon Nov 26 01:42:59 2018 :: Log Egrimm: sca
Mon Nov 26 01:43:00 2018 :: Log Egrimm: 
Mon Nov 26 01:43:01 2018 :: Log Egrimm: sca
Mon Nov 26 01:43:01 2018 :: Log Egrimm: 
Mon Nov 26 01:43:03 2018 :: Log Egrimm: sca
Mon Nov 26 01:43:03 2018 :: Log Egrimm: 
Mon Nov 26 01:43:08 2018 :: Log Egrimm: l c
Mon Nov 26 01:43:11 2018 :: Log Egrimm: l g
Mon Nov 26 01:43:12 2018 :: Log Egrimm: 
Mon Nov 26 01:43:14 2018 :: Log Egrimm: 
Mon Nov 26 01:43:16 2018 :: Log Egrimm: 
Mon Nov 26 01:43:18 2018 :: Log Egrimm: l ch
Mon Nov 26 01:43:21 2018 :: Log Egrimm: l cl
Mon Nov 26 01:43:22 2018 :: Log Egrimm: 
Mon Nov 26 01:43:24 2018 :: Log Egrimm: 
Mon Nov 26 01:43:25 2018 :: Log Egrimm: 
Mon Nov 26 01:43:26 2018 :: Log Egrimm: 
Mon Nov 26 01:43:27 2018 :: Log Egrimm: 
Mon Nov 26 01:43:29 2018 :: Log Egrimm: 
Mon Nov 26 01:43:30 2018 :: Log Egrimm: 
Mon Nov 26 01:43:31 2018 :: Log Egrimm: 
Mon Nov 26 01:43:33 2018 :: Log Egrimm: 
Mon Nov 26 01:43:34 2018 :: Log Egrimm: 
Mon Nov 26 01:43:36 2018 :: Log Egrimm: 
Mon Nov 26 01:43:38 2018 :: Log Egrimm: 
Mon Nov 26 01:43:39 2018 :: Log Egrimm: 
Mon Nov 26 01:43:41 2018 :: Log Egrimm: 
Mon Nov 26 01:43:42 2018 :: Log Egrimm: sca
Mon Nov 26 01:43:44 2018 :: Log Egrimm: 
Mon Nov 26 01:43:46 2018 :: Log Egrimm: l p
Mon Nov 26 01:43:48 2018 :: Log Egrimm: 
Mon Nov 26 01:43:50 2018 :: Log Egrimm: ex
Mon Nov 26 01:43:55 2018 :: Log Egrimm: 
Mon Nov 26 01:43:56 2018 :: Log Egrimm: 
Mon Nov 26 01:43:57 2018 :: Log Egrimm: 
Mon Nov 26 01:43:58 2018 :: Log Egrimm: 
Mon Nov 26 01:44:00 2018 :: Log Egrimm: 
Mon Nov 26 01:44:03 2018 :: Log Egrimm: l th
Mon Nov 26 01:44:05 2018 :: Log Egrimm: l pr
Mon Nov 26 01:44:07 2018 :: Log Egrimm: sca
Mon Nov 26 01:44:12 2018 :: Log Egrimm: 
Mon Nov 26 01:44:12 2018 :: Log Egrimm: l g
Mon Nov 26 01:44:14 2018 :: Log Egrimm: 
Mon Nov 26 01:44:15 2018 :: Log Egrimm: 
Mon Nov 26 01:44:17 2018 :: Log Egrimm: l l
Mon Nov 26 01:44:18 2018 :: Log Egrimm: 
Mon Nov 26 01:44:20 2018 :: Log Egrimm: 
Mon Nov 26 01:44:21 2018 :: Log Egrimm: sca
Mon Nov 26 01:44:22 2018 :: Log Egrimm: ex
Mon Nov 26 01:44:27 2018 :: Log Egrimm: l
Mon Nov 26 01:44:28 2018 :: Log Egrimm: 
Mon Nov 26 01:44:29 2018 :: Log Egrimm: 
Mon Nov 26 01:44:32 2018 :: Log Egrimm: 
Mon Nov 26 01:44:33 2018 :: Log Egrimm: sca
Mon Nov 26 01:44:35 2018 :: Log Egrimm: 
Mon Nov 26 01:44:37 2018 :: Log Egrimm: 
Mon Nov 26 01:44:38 2018 :: Log Egrimm: sca
Mon Nov 26 01:44:39 2018 :: Log Egrimm: 
Mon Nov 26 01:44:41 2018 :: Log Egrimm: 
Mon Nov 26 01:44:42 2018 :: Log Egrimm: 
Mon Nov 26 01:44:43 2018 :: Log Egrimm: 
Mon Nov 26 01:44:44 2018 :: Log Egrimm: 
Mon Nov 26 01:44:46 2018 :: Log Egrimm: 
Mon Nov 26 01:44:48 2018 :: Log Egrimm: 
Mon Nov 26 01:44:48 2018 :: Log Egrimm: 
Mon Nov 26 01:44:49 2018 :: Log Egrimm: 
Mon Nov 26 01:44:51 2018 :: Log Egrimm: 
Mon Nov 26 01:44:52 2018 :: Log Egrimm: sca
Mon Nov 26 01:44:55 2018 :: Log Egrimm: 
Mon Nov 26 01:44:58 2018 :: Log Egrimm: 
Mon Nov 26 01:44:59 2018 :: Log Egrimm: 
Mon Nov 26 01:45:00 2018 :: Log Egrimm: 
Mon Nov 26 01:45:02 2018 :: Log Egrimm: 
Mon Nov 26 01:45:07 2018 :: Log Egrimm: l boy
Mon Nov 26 01:45:09 2018 :: Log Egrimm: l gold
Mon Nov 26 01:45:11 2018 :: Log Egrimm: l
Mon Nov 26 01:45:15 2018 :: Log Egrimm: open north
Mon Nov 26 01:45:15 2018 :: Log Egrimm: 
Mon Nov 26 01:45:16 2018 :: Log Egrimm: sca
Mon Nov 26 01:45:18 2018 :: Log Egrimm: 
Mon Nov 26 01:45:19 2018 :: Log Egrimm: l mor
Mon Nov 26 01:45:25 2018 :: Log Egrimm: 
Mon Nov 26 01:45:26 2018 :: Log Egrimm: 
Mon Nov 26 01:45:27 2018 :: Log Egrimm: 
Mon Nov 26 01:45:28 2018 :: Log Egrimm: 
Mon Nov 26 01:45:30 2018 :: Log Egrimm: 
Mon Nov 26 01:45:31 2018 :: Log Egrimm: 
Mon Nov 26 01:45:32 2018 :: Log Egrimm: 
Mon Nov 26 01:45:33 2018 :: Log Egrimm: /
Mon Nov 26 01:45:35 2018 :: Log Egrimm: gr
Mon Nov 26 01:45:38 2018 :: Log Egrimm: look
Mon Nov 26 01:45:39 2018 :: Log Egrimm: 
Mon Nov 26 01:45:40 2018 :: Log Egrimm: 
Mon Nov 26 01:45:41 2018 :: Log Egrimm: 
Mon Nov 26 01:45:41 2018 :: Log Egrimm: 
Mon Nov 26 01:45:42 2018 :: Log Egrimm: 
Mon Nov 26 01:45:43 2018 :: Log Egrimm: 
Mon Nov 26 01:45:44 2018 :: Log Egrimm: 
Mon Nov 26 01:45:46 2018 :: Log Egrimm: sca
Mon Nov 26 01:45:48 2018 :: Log Egrimm: ex
Mon Nov 26 01:45:50 2018 :: Log Egrimm: 
Mon Nov 26 01:45:59 2018 :: Log Egrimm: 
Mon Nov 26 01:45:59 2018 :: Log Egrimm: 
Mon Nov 26 01:46:02 2018 :: Log Egrimm: train
Mon Nov 26 01:46:07 2018 :: Log Egrimm: 
Mon Nov 26 01:46:09 2018 :: Log Egrimm: scan
Mon Nov 26 01:46:11 2018 :: Log Egrimm: 
Mon Nov 26 01:46:14 2018 :: Log Egrimm: 
Mon Nov 26 01:46:14 2018 :: Log Egrimm: 
Mon Nov 26 01:46:16 2018 :: Log Egrimm: 
Mon Nov 26 01:46:16 2018 :: Log Egrimm: 
Mon Nov 26 01:46:20 2018 :: Log Egrimm: 
Mon Nov 26 01:46:21 2018 :: Log Egrimm: scan
Mon Nov 26 01:46:22 2018 :: Log Egrimm: 
Mon Nov 26 01:46:24 2018 :: Log Egrimm: 
Mon Nov 26 01:46:25 2018 :: Log Egrimm: 
Mon Nov 26 01:46:27 2018 :: Log Egrimm: 
Mon Nov 26 01:46:29 2018 :: Log Egrimm: ex
Mon Nov 26 01:46:32 2018 :: Log Egrimm: 
Mon Nov 26 01:46:33 2018 :: Log Egrimm: scan
Mon Nov 26 01:46:35 2018 :: Log Egrimm: ex
Mon Nov 26 01:46:37 2018 :: Log Egrimm: 
Mon Nov 26 01:46:42 2018 :: Log Egrimm: l i m
Mon Nov 26 01:46:46 2018 :: Log Egrimm: look
Mon Nov 26 01:46:47 2018 :: Log Egrimm: 
Mon Nov 26 01:46:48 2018 :: Log Egrimm: 
Mon Nov 26 01:46:50 2018 :: Log Egrimm: l i m
Mon Nov 26 01:46:52 2018 :: Log Egrimm: look
Mon Nov 26 01:46:53 2018 :: Log Egrimm: 
Mon Nov 26 01:46:54 2018 :: Log Egrimm: 
Mon Nov 26 01:46:55 2018 :: Log Egrimm: l i m
Mon Nov 26 01:46:57 2018 :: Log Egrimm: look
Mon Nov 26 01:46:58 2018 :: Log Egrimm: 
Mon Nov 26 01:46:59 2018 :: Log Egrimm: 
Mon Nov 26 01:47:00 2018 :: Log Egrimm: l i m
Mon Nov 26 01:47:05 2018 :: Log Egrimm: en m
Mon Nov 26 01:47:07 2018 :: Log Egrimm: sca
Mon Nov 26 01:47:08 2018 :: Log Egrimm: r
Mon Nov 26 01:47:10 2018 :: Log Egrimm: l r
Mon Nov 26 01:47:12 2018 :: Log Egrimm: 
Mon Nov 26 01:47:13 2018 :: Log Egrimm: sca
Mon Nov 26 01:47:15 2018 :: Log Egrimm: 
Mon Nov 26 01:47:18 2018 :: Log Egrimm: l k
Mon Nov 26 01:47:20 2018 :: Log Egrimm: sca
Mon Nov 26 01:47:23 2018 :: Log Egrimm: 
Mon Nov 26 01:47:24 2018 :: Log Egrimm: 
Mon Nov 26 01:47:24 2018 :: Log Egrimm: sca
Mon Nov 26 01:47:26 2018 :: Log Egrimm: /
Mon Nov 26 01:47:28 2018 :: Log Egrimm: 
Mon Nov 26 01:47:30 2018 :: Log Egrimm: inv
Mon Nov 26 01:47:33 2018 :: Log Egrimm: eq
Mon Nov 26 01:47:37 2018 :: Log Egrimm: 
Mon Nov 26 01:47:40 2018 :: Log Egrimm: 
Mon Nov 26 01:47:41 2018 :: Log Egrimm: 
Mon Nov 26 01:47:42 2018 :: Log Egrimm: 
Mon Nov 26 01:47:46 2018 :: Log Egrimm: l i pack
Mon Nov 26 01:47:48 2018 :: Log Egrimm: drop all
Mon Nov 26 01:47:50 2018 :: Log Egrimm: quit
Mon Nov 26 01:47:50 2018 :: Egrimm has quit. [Room: 4210]
Mon Nov 26 01:47:50 2018 :: Called for vnum: 29215 to modify as: -1 as playerload.
Mon Nov 26 01:47:50 2018 :: Vnum 29215|Signval: -1|!Gameload|Total: 3
Mon Nov 26 01:47:50 2018 :: Called for vnum: 29215 to modify as: 1 as playerload.
Mon Nov 26 01:47:50 2018 :: Vnum 29215|Signval: 1|!Gameload|Total: 2
Mon Nov 26 01:47:52 2018 :: Sock.sinaddr:  97.88.72.5
Mon Nov 26 01:47:54 2018 :: Loading Drimdal's playerfile
Mon Nov 26 01:47:55 2018 :: Drimdal@97-88-72-5.dhcp.stls.mo.charter.com has connected. [Room: 2404]
Mon Nov 26 01:48:33 2018 :: Drimdal has quit. [Room: 4210]
Mon Nov 26 01:48:33 2018 :: Called for vnum: 17713 to modify as: -1 as playerload.
Mon Nov 26 01:48:33 2018 :: Vnum 17713|Signval: -1|!Gameload|Total: 2
Mon Nov 26 01:48:33 2018 :: Called for vnum: 17713 to modify as: 1 as playerload.
Mon Nov 26 01:48:33 2018 :: Vnum 17713|Signval: 1|!Gameload|Total: 1
Mon Nov 26 01:48:33 2018 :: Called for vnum: 1388 to modify as: -1 as playerload.
Mon Nov 26 01:48:33 2018 :: Vnum 1388|Signval: -1|!Gameload|Total: 2
Mon Nov 26 01:48:33 2018 :: Called for vnum: 1388 to modify as: 1 as playerload.
Mon Nov 26 01:48:33 2018 :: Vnum 1388|Signval: 1|!Gameload|Total: 1
Mon Nov 26 01:48:33 2018 :: Called for vnum: 1388 to modify as: -1 as playerload.
Mon Nov 26 01:48:33 2018 :: Vnum 1388|Signval: -1|!Gameload|Total: 2
Mon Nov 26 01:48:33 2018 :: Called for vnum: 1388 to modify as: 1 as playerload.
Mon Nov 26 01:48:33 2018 :: Vnum 1388|Signval: 1|!Gameload|Total: 1
Mon Nov 26 01:48:33 2018 :: Called for vnum: 3715 to modify as: -1 as playerload.
Mon Nov 26 01:48:33 2018 :: Vnum 3715|Signval: -1|!Gameload|Total: 2
Mon Nov 26 01:48:33 2018 :: Called for vnum: 3715 to modify as: 1 as playerload.
Mon Nov 26 01:48:33 2018 :: Vnum 3715|Signval: 1|!Gameload|Total: 1
Mon Nov 26 04:11:40 2018 :: Sock.sinaddr:  73.245.113.7
Mon Nov 26 04:11:40 2018 :: EOF encountered on read.
Mon Nov 26 04:42:31 2018 :: Sock.sinaddr:  63.142.216.39
Mon Nov 26 04:42:32 2018 :: EOF encountered on read.
Mon Nov 26 07:20:20 2018 :: Sock.sinaddr:  58.177.88.126
Mon Nov 26 07:20:20 2018 :: EOF encountered on read.
Mon Nov 26 07:37:39 2018 :: Sock.sinaddr:  185.197.132.12
Mon Nov 26 07:37:40 2018 :: EOF encountered on read.
Mon Nov 26 08:08:43 2018 :: Sock.sinaddr:  189.189.146.241
Mon Nov 26 08:08:44 2018 :: EOF encountered on read.
Mon Nov 26 08:46:58 2018 :: Sock.sinaddr:  151.42.15.132
Mon Nov 26 08:46:58 2018 :: EOF encountered on read.
Mon Nov 26 08:48:12 2018 :: Sock.sinaddr:  60.241.128.41
Mon Nov 26 08:48:13 2018 :: EOF encountered on read.
Mon Nov 26 09:18:43 2018 :: Sock.sinaddr:  37.61.144.144
Mon Nov 26 12:30:24 2018 :: Sock.sinaddr:  190.85.64.76
Mon Nov 26 12:30:26 2018 :: EOF encountered on read.
Mon Nov 26 15:04:48 2018 :: Sock.sinaddr:  97.88.72.5
Mon Nov 26 15:04:51 2018 :: Loading Drimdal's playerfile
Mon Nov 26 15:04:52 2018 :: Drimdal@97-88-72-5.dhcp.stls.mo.charter.com has connected. [Room: 4210]
Mon Nov 26 15:11:47 2018 :: Drimdal has quit. [Room: 4210]
Mon Nov 26 15:11:47 2018 :: Called for vnum: 17713 to modify as: -1 as playerload.
Mon Nov 26 15:11:47 2018 :: Vnum 17713|Signval: -1|!Gameload|Total: 2
Mon Nov 26 15:11:47 2018 :: Called for vnum: 17713 to modify as: 1 as playerload.
Mon Nov 26 15:11:47 2018 :: Vnum 17713|Signval: 1|!Gameload|Total: 1
Mon Nov 26 15:11:47 2018 :: Called for vnum: 1388 to modify as: -1 as playerload.
Mon Nov 26 15:11:47 2018 :: Vnum 1388|Signval: -1|!Gameload|Total: 2
Mon Nov 26 15:11:47 2018 :: Called for vnum: 1388 to modify as: 1 as playerload.
Mon Nov 26 15:11:47 2018 :: Vnum 1388|Signval: 1|!Gameload|Total: 1
Mon Nov 26 15:11:47 2018 :: Called for vnum: 1388 to modify as: -1 as playerload.
Mon Nov 26 15:11:47 2018 :: Vnum 1388|Signval: -1|!Gameload|Total: 2
Mon Nov 26 15:11:47 2018 :: Called for vnum: 1388 to modify as: 1 as playerload.
Mon Nov 26 15:11:47 2018 :: Vnum 1388|Signval: 1|!Gameload|Total: 1
Mon Nov 26 15:11:47 2018 :: Called for vnum: 3715 to modify as: -1 as playerload.
Mon Nov 26 15:11:47 2018 :: Vnum 3715|Signval: -1|!Gameload|Total: 2
Mon Nov 26 15:11:47 2018 :: Called for vnum: 3715 to modify as: 1 as playerload.
Mon Nov 26 15:11:47 2018 :: Vnum 3715|Signval: 1|!Gameload|Total: 1
Mon Nov 26 15:20:35 2018 :: Sock.sinaddr:  185.53.91.26
Mon Nov 26 15:20:35 2018 :: EOF encountered on read.
Mon Nov 26 16:56:36 2018 :: Sock.sinaddr:  185.53.91.26
Mon Nov 26 16:56:36 2018 :: EOF encountered on read.
Mon Nov 26 21:23:16 2018 :: Sock.sinaddr:  173.22.228.146
Mon Nov 26 21:23:17 2018 :: Loading Kyrus's playerfile
Mon Nov 26 21:23:18 2018 :: Kyrus@173-22-228-146.client.mchsi.com has connected. [Room: 29003]
Mon Nov 26 21:23:38 2018 :: Log Killuminati: restore self
Mon Nov 26 21:23:38 2018 :: Log Killuminati: restore Kyrus 
Mon Nov 26 21:23:44 2018 :: Log Killuminati: restore self
Mon Nov 26 21:24:24 2018 :: Log Kyrus: drop key
Mon Nov 26 21:25:14 2018 :: Log Killuminati: restore Kyrus
Mon Nov 26 21:25:51 2018 :: Log Killuminati: restore Kyrus
Mon Nov 26 21:27:42 2018 :: Log Kyrus: drop key
Mon Nov 26 21:28:49 2018 :: Log Killuminati: restore Kyrus
Mon Nov 26 21:30:04 2018 :: Log Kyrus: drop amulet
Mon Nov 26 21:30:30 2018 :: Log Killuminati: restore Kyrus
Mon Nov 26 21:31:38 2018 :: Log Killuminati: restore Kyrus
Mon Nov 26 21:32:06 2018 :: Log Killuminati: restore Kyrus
Mon Nov 26 21:33:19 2018 :: Log Kyrus: drop amulet
Mon Nov 26 21:33:32 2018 :: Log Killuminati: restore Kyrus
Mon Nov 26 21:33:49 2018 :: Log Kyrus: o all kill ma
Mon Nov 26 21:35:01 2018 :: Log Killuminati: restore Kyrus
Mon Nov 26 21:35:13 2018 :: Log Kyrus: o all follow kyrus
Mon Nov 26 21:35:53 2018 :: Log Killuminati: restore Kyrus
Mon Nov 26 21:36:17 2018 :: Log Kyrus: drop amulet
Mon Nov 26 21:36:54 2018 :: Log Killuminati: restore Kyrus
Mon Nov 26 21:37:35 2018 :: Log Killuminati: restore Kyrus
Mon Nov 26 21:38:35 2018 :: Log Killuminati: restore Kyrus
Mon Nov 26 21:39:38 2018 :: Log Killuminati: restore Kyrus
Mon Nov 26 21:40:35 2018 :: Log Killuminati: restore Kyrus
Mon Nov 26 21:42:48 2018 :: Log Kyrus: drop key
Mon Nov 26 21:43:15 2018 :: Log Kyrus: drop amulet
Mon Nov 26 21:43:56 2018 :: Log Killuminati: restore Kyrus
Mon Nov 26 21:44:48 2018 :: Log Killuminati: restore Kyrus
Mon Nov 26 21:45:30 2018 :: Log Killuminati: restore Kyrus
Mon Nov 26 21:45:47 2018 :: Log Kyrus: drop amulet
Mon Nov 26 21:45:53 2018 :: Log Kyrus: o all sleep
Mon Nov 26 21:45:57 2018 :: Log Kyrus: o all wake
Mon Nov 26 21:46:01 2018 :: Log Kyrus: o all kill mad
Mon Nov 26 21:46:38 2018 :: Log Killuminati: restore Kyrus
Mon Nov 26 21:46:52 2018 :: Log Kyrus: drop amulet
Mon Nov 26 21:47:43 2018 :: Log Killuminati: restore Kyrus
Mon Nov 26 21:48:03 2018 :: Log Killuminati: restore Kyrus
Mon Nov 26 21:48:44 2018 :: Log Kyrus: drop amulet
Mon Nov 26 21:49:42 2018 :: Log Killuminati: restore Kyrus
Mon Nov 26 21:50:18 2018 :: Log Killuminati: restore Kyrus
Mon Nov 26 21:51:26 2018 :: Sock.sinaddr:  97.88.72.5
Mon Nov 26 21:51:28 2018 :: Log Killuminati: restore Kyrus
Mon Nov 26 21:51:28 2018 :: Loading Wentworth's playerfile
Mon Nov 26 21:51:28 2018 :: [*****] BUG: Read_object: vnum 9955 bad type.
Mon Nov 26 21:51:29 2018 :: Wentworth@97-88-72-5.dhcp.stls.mo.charter.com has connected. [Room: 4210]
Mon Nov 26 21:52:14 2018 :: Wentworth has quit. [Room: 4210]
Mon Nov 26 21:52:14 2018 :: Called for vnum: 717 to modify as: -1 as playerload.
Mon Nov 26 21:52:14 2018 :: Vnum 717|Signval: -1|!Gameload|Total: 3
Mon Nov 26 21:52:14 2018 :: Called for vnum: 717 to modify as: 1 as playerload.
Mon Nov 26 21:52:14 2018 :: Vnum 717|Signval: 1|!Gameload|Total: 2
Mon Nov 26 21:52:14 2018 :: Called for vnum: 717 to modify as: -1 as playerload.
Mon Nov 26 21:52:14 2018 :: Vnum 717|Signval: -1|!Gameload|Total: 3
Mon Nov 26 21:52:14 2018 :: Called for vnum: 717 to modify as: 1 as playerload.
Mon Nov 26 21:52:14 2018 :: Vnum 717|Signval: 1|!Gameload|Total: 2
Mon Nov 26 21:52:14 2018 :: Called for vnum: 9955 to modify as: -1 as playerload.
Mon Nov 26 21:52:14 2018 :: Vnum 9955|Signval: -1|!Gameload|Total: 1
Mon Nov 26 21:52:14 2018 :: Called for vnum: 9955 to modify as: 1 as playerload.
Mon Nov 26 21:52:14 2018 :: Vnum 9955|Signval: 1|!Gameload|Total: 0
Mon Nov 26 21:52:16 2018 :: Sock.sinaddr:  97.88.72.5
Mon Nov 26 21:52:18 2018 :: Sock.sinaddr:  173.22.228.146
Mon Nov 26 21:52:18 2018 :: Loading Drimdal's playerfile
Mon Nov 26 21:52:18 2018 :: Loading Kazuu's playerfile
Mon Nov 26 21:52:20 2018 :: Drimdal@97-88-72-5.dhcp.stls.mo.charter.com has connected. [Room: 4210]
Mon Nov 26 21:52:20 2018 :: Kazuu@173-22-228-146.client.mchsi.com has connected. [Room: 4208]
Mon Nov 26 21:52:56 2018 :: Log Kazuu: advance drimdal 51
Mon Nov 26 21:53:03 2018 :: Log Kazuu: advance drimdal 51
Mon Nov 26 21:53:13 2018 :: Log Drimdal: drop dip
Mon Nov 26 21:53:13 2018 :: Called for vnum: 3715 to modify as: -1 as playerload.
Mon Nov 26 21:53:13 2018 :: Vnum 3715|Signval: -1|!Gameload|Total: 2
Mon Nov 26 21:53:15 2018 :: Drimdal has quit. [Room: 4210]
Mon Nov 26 21:53:15 2018 :: Called for vnum: 17713 to modify as: -1 as playerload.
Mon Nov 26 21:53:15 2018 :: Vnum 17713|Signval: -1|!Gameload|Total: 2
Mon Nov 26 21:53:15 2018 :: Called for vnum: 17713 to modify as: 1 as playerload.
Mon Nov 26 21:53:15 2018 :: Vnum 17713|Signval: 1|!Gameload|Total: 1
Mon Nov 26 21:53:15 2018 :: Called for vnum: 1388 to modify as: -1 as playerload.
Mon Nov 26 21:53:15 2018 :: Vnum 1388|Signval: -1|!Gameload|Total: 2
Mon Nov 26 21:53:15 2018 :: Called for vnum: 1388 to modify as: 1 as playerload.
Mon Nov 26 21:53:15 2018 :: Vnum 1388|Signval: 1|!Gameload|Total: 1
Mon Nov 26 21:53:15 2018 :: Called for vnum: 1388 to modify as: -1 as playerload.
Mon Nov 26 21:53:15 2018 :: Vnum 1388|Signval: -1|!Gameload|Total: 2
Mon Nov 26 21:53:15 2018 :: Called for vnum: 1388 to modify as: 1 as playerload.
Mon Nov 26 21:53:15 2018 :: Vnum 1388|Signval: 1|!Gameload|Total: 1
Mon Nov 26 21:53:16 2018 :: Sock.sinaddr:  97.88.72.5
Mon Nov 26 21:53:19 2018 :: Loading Wentworth's playerfile
Mon Nov 26 21:53:19 2018 :: [*****] BUG: Read_object: vnum 9955 bad type.
Mon Nov 26 21:53:20 2018 :: Wentworth@97-88-72-5.dhcp.stls.mo.charter.com has connected. [Room: 4210]
Mon Nov 26 21:53:24 2018 :: Called for vnum: 3715 to modify as: 1 as playerload.
Mon Nov 26 21:53:24 2018 :: Vnum 3715|Signval: 1|!Gameload|Total: 1
Mon Nov 26 21:53:39 2018 :: Log Kazuu: advance wentworth 51
Mon Nov 26 21:53:41 2018 :: Kazuu has quit. [Room: 4208]
Mon Nov 26 21:53:47 2018 :: Called for vnum: 3715 to modify as: -1 as playerload.
Mon Nov 26 21:53:47 2018 :: Vnum 3715|Signval: -1|!Gameload|Total: 2
Mon Nov 26 21:53:47 2018 :: Called for vnum: 3715 to modify as: 1 as playerload.
Mon Nov 26 21:53:47 2018 :: Vnum 3715|Signval: 1|!Gameload|Total: 1
Mon Nov 26 21:54:30 2018 :: Log Killuminati: restore Kyrus
Mon Nov 26 21:55:50 2018 :: Log Wentworth: drop key
Mon Nov 26 21:57:00 2018 :: Log Wentworth: drop amu
Mon Nov 26 21:57:59 2018 :: Log Kyrus: drop key
Mon Nov 26 21:58:50 2018 :: Log Killuminati: restore Kyrus
Mon Nov 26 21:58:52 2018 :: Log Killuminati: restore Wentworth
Mon Nov 26 21:59:54 2018 :: Log Killuminati: restore Kyrus
Mon Nov 26 22:00:16 2018 :: Log Kyrus: drop amulet
Mon Nov 26 22:00:54 2018 :: Log Killuminati: restore Kyrus
Mon Nov 26 22:01:33 2018 :: Log Wentworth: drop key
Mon Nov 26 22:01:50 2018 :: Log Kyrus: drop amulet
Mon Nov 26 22:01:58 2018 :: Log Killuminati: restore Kyrus
Mon Nov 26 22:02:37 2018 :: Log Killuminati: restore Kyrus
Mon Nov 26 22:03:13 2018 :: Log Kyrus: drop amulet
Mon Nov 26 22:03:15 2018 :: Wentworth has quit. [Room: 4210]
Mon Nov 26 22:03:15 2018 :: Called for vnum: 717 to modify as: -1 as playerload.
Mon Nov 26 22:03:15 2018 :: Vnum 717|Signval: -1|!Gameload|Total: 3
Mon Nov 26 22:03:15 2018 :: Called for vnum: 717 to modify as: 1 as playerload.
Mon Nov 26 22:03:15 2018 :: Vnum 717|Signval: 1|!Gameload|Total: 2
Mon Nov 26 22:03:15 2018 :: Called for vnum: 717 to modify as: -1 as playerload.
Mon Nov 26 22:03:15 2018 :: Vnum 717|Signval: -1|!Gameload|Total: 3
Mon Nov 26 22:03:15 2018 :: Called for vnum: 717 to modify as: 1 as playerload.
Mon Nov 26 22:03:15 2018 :: Vnum 717|Signval: 1|!Gameload|Total: 2
Mon Nov 26 22:03:15 2018 :: Called for vnum: 3715 to modify as: -1 as playerload.
Mon Nov 26 22:03:15 2018 :: Vnum 3715|Signval: -1|!Gameload|Total: 2
Mon Nov 26 22:03:15 2018 :: Called for vnum: 9955 to modify as: -1 as playerload.
Mon Nov 26 22:03:15 2018 :: Vnum 9955|Signval: -1|!Gameload|Total: 1
Mon Nov 26 22:03:15 2018 :: Called for vnum: 3715 to modify as: 1 as playerload.
Mon Nov 26 22:03:15 2018 :: Vnum 3715|Signval: 1|!Gameload|Total: 1
Mon Nov 26 22:03:15 2018 :: Called for vnum: 9955 to modify as: 1 as playerload.
Mon Nov 26 22:03:15 2018 :: Vnum 9955|Signval: 1|!Gameload|Total: 0
Mon Nov 26 22:03:33 2018 :: Log Killuminati: restore Kyrus
Mon Nov 26 22:04:18 2018 :: Log Killuminati: restore Kyrus
Mon Nov 26 22:05:11 2018 :: Sock.sinaddr:  97.88.72.5
Mon Nov 26 22:05:14 2018 :: Loading Drimdal's playerfile
Mon Nov 26 22:05:16 2018 :: Drimdal@97-88-72-5.dhcp.stls.mo.charter.com has connected. [Room: 4210]
Mon Nov 26 22:05:19 2018 :: Log Kyrus: remort
Mon Nov 26 22:05:29 2018 :: Log Kyrus: remort hello
Mon Nov 26 22:05:38 2018 :: Log Kyrus: remort hello warrior warrior dwarf
Mon Nov 26 22:05:47 2018 :: Log Killuminati: restore Kyrus
Mon Nov 26 22:05:52 2018 :: Log Drimdal: drop key
Mon Nov 26 22:08:28 2018 :: Log Drimdal: ner clo
Mon Nov 26 22:08:31 2018 :: Log Drimdal: ner
Mon Nov 26 22:08:33 2018 :: Log Drimdal: ner
Mon Nov 26 22:08:34 2018 :: Log Drimdal: ner
Mon Nov 26 22:08:38 2018 :: Log Drimdal: ner
Mon Nov 26 22:08:38 2018 :: Log Drimdal: ner
Mon Nov 26 22:08:42 2018 :: Log Drimdal: ner
Mon Nov 26 22:08:43 2018 :: Log Drimdal: ner
Mon Nov 26 22:08:44 2018 :: Log Drimdal: ner
Mon Nov 26 22:09:01 2018 :: Log Drimdal: ner
Mon Nov 26 22:09:05 2018 :: Log Drimdal: ner
Mon Nov 26 22:09:08 2018 :: Log Drimdal: ner
Mon Nov 26 22:09:12 2018 :: Log Drimdal: ner
Mon Nov 26 22:09:19 2018 :: Log Drimdal: ner
Mon Nov 26 22:09:48 2018 :: Drimdal has quit. [Room: 4208]
Mon Nov 26 22:09:48 2018 :: Called for vnum: 17713 to modify as: -1 as playerload.
Mon Nov 26 22:09:48 2018 :: Vnum 17713|Signval: -1|!Gameload|Total: 2
Mon Nov 26 22:09:48 2018 :: Called for vnum: 17713 to modify as: 1 as playerload.
Mon Nov 26 22:09:48 2018 :: Vnum 17713|Signval: 1|!Gameload|Total: 1
Mon Nov 26 22:09:48 2018 :: Called for vnum: 1388 to modify as: -1 as playerload.
Mon Nov 26 22:09:48 2018 :: Vnum 1388|Signval: -1|!Gameload|Total: 2
Mon Nov 26 22:09:48 2018 :: Called for vnum: 1388 to modify as: 1 as playerload.
Mon Nov 26 22:09:48 2018 :: Vnum 1388|Signval: 1|!Gameload|Total: 1
Mon Nov 26 22:09:48 2018 :: Called for vnum: 1388 to modify as: -1 as playerload.
Mon Nov 26 22:09:48 2018 :: Vnum 1388|Signval: -1|!Gameload|Total: 2
Mon Nov 26 22:09:48 2018 :: Called for vnum: 1388 to modify as: 1 as playerload.
Mon Nov 26 22:09:48 2018 :: Vnum 1388|Signval: 1|!Gameload|Total: 1
Mon Nov 26 22:12:23 2018 :: EOF encountered on read.
Mon Nov 26 22:12:23 2018 :: Closing link to Kyrus.
Mon Nov 26 22:12:40 2018 :: Sock.sinaddr:  173.22.228.146
Mon Nov 26 22:12:40 2018 :: Loading Kyrus's playerfile
Mon Nov 26 22:12:41 2018 :: Called for vnum: 29215 to modify as: -1 as playerload.
Mon Nov 26 22:12:41 2018 :: Vnum 29215|Signval: -1|!Gameload|Total: 3
Mon Nov 26 22:12:41 2018 :: Called for vnum: 29215 to modify as: 1 as playerload.
Mon Nov 26 22:12:41 2018 :: Vnum 29215|Signval: 1|!Gameload|Total: 2
Mon Nov 26 22:12:41 2018 :: Called for vnum: 3715 to modify as: -1 as playerload.
Mon Nov 26 22:12:41 2018 :: Vnum 3715|Signval: -1|!Gameload|Total: 2
Mon Nov 26 22:12:41 2018 :: Called for vnum: 3715 to modify as: 1 as playerload.
Mon Nov 26 22:12:41 2018 :: Vnum 3715|Signval: 1|!Gameload|Total: 1
Mon Nov 26 22:12:41 2018 :: Called for vnum: 3715 to modify as: -1 as playerload.
Mon Nov 26 22:12:41 2018 :: Vnum 3715|Signval: -1|!Gameload|Total: 2
Mon Nov 26 22:12:41 2018 :: Called for vnum: 3715 to modify as: 1 as playerload.
Mon Nov 26 22:12:41 2018 :: Vnum 3715|Signval: 1|!Gameload|Total: 1
Mon Nov 26 22:12:41 2018 :: Kyrus@173-22-228-146.client.mchsi.com reconnected. [Room: 29003]
Mon Nov 26 22:12:44 2018 :: Kyrus has quit. [Room: 29003]
Mon Nov 26 22:12:44 2018 :: Called for vnum: 29215 to modify as: -1 as playerload.
Mon Nov 26 22:12:44 2018 :: Vnum 29215|Signval: -1|!Gameload|Total: 3
Mon Nov 26 22:12:44 2018 :: Called for vnum: 29215 to modify as: 1 as playerload.
Mon Nov 26 22:12:44 2018 :: Vnum 29215|Signval: 1|!Gameload|Total: 2
Mon Nov 26 22:12:44 2018 :: Called for vnum: 3715 to modify as: -1 as playerload.
Mon Nov 26 22:12:44 2018 :: Vnum 3715|Signval: -1|!Gameload|Total: 2
Mon Nov 26 22:12:44 2018 :: Called for vnum: 3715 to modify as: 1 as playerload.
Mon Nov 26 22:12:44 2018 :: Vnum 3715|Signval: 1|!Gameload|Total: 1
Mon Nov 26 22:12:44 2018 :: Called for vnum: 3715 to modify as: -1 as playerload.
Mon Nov 26 22:12:44 2018 :: Vnum 3715|Signval: -1|!Gameload|Total: 2
Mon Nov 26 22:12:44 2018 :: Called for vnum: 3715 to modify as: 1 as playerload.
Mon Nov 26 22:12:44 2018 :: Vnum 3715|Signval: 1|!Gameload|Total: 1
Mon Nov 26 22:16:45 2018 :: Sock.sinaddr:  213.155.252.132
Mon Nov 26 22:16:45 2018 :: EOF encountered on read.
Mon Nov 26 22:24:22 2018 :: Sock.sinaddr:  172.104.84.223
Mon Nov 26 22:24:22 2018 :: EOF encountered on read.
Mon Nov 26 22:57:31 2018 :: Sock.sinaddr:  2.84.225.2
Mon Nov 26 22:57:33 2018 :: EOF encountered on read.
Tue Nov 27 01:18:16 2018 :: Automated backup complete.
tar: Removing leading `../' from member names
Tue Nov 27 03:30:26 2018 :: Sock.sinaddr:  208.84.62.9
Tue Nov 27 03:30:28 2018 :: EOF encountered on read.
Tue Nov 27 08:42:21 2018 :: Sock.sinaddr:  173.22.228.146
Tue Nov 27 08:42:22 2018 :: Loading Kyrus's playerfile
Tue Nov 27 08:42:23 2018 :: Kyrus@173-22-228-146.client.mchsi.com has connected. [Room: 29003]
Tue Nov 27 08:42:37 2018 :: Log Kyrus: drop key
Tue Nov 27 08:44:22 2018 :: Log Killuminati: restore Kyrus
Tue Nov 27 08:45:37 2018 :: Log Killuminati: restore Kyrus
Tue Nov 27 08:45:57 2018 :: Log Killuminati: restore Kyrus
Tue Nov 27 08:46:17 2018 :: Log Kyrus: drop amulet
Tue Nov 27 08:46:43 2018 :: Log Killuminati: restore Kyrus
Tue Nov 27 08:47:32 2018 :: Kyrus has quit. [Room: 29003]
Tue Nov 27 08:47:32 2018 :: Called for vnum: 29215 to modify as: -1 as playerload.
Tue Nov 27 08:47:32 2018 :: Vnum 29215|Signval: -1|!Gameload|Total: 3
Tue Nov 27 08:47:32 2018 :: Called for vnum: 29215 to modify as: 1 as playerload.
Tue Nov 27 08:47:32 2018 :: Vnum 29215|Signval: 1|!Gameload|Total: 2
Tue Nov 27 08:47:32 2018 :: Called for vnum: 3715 to modify as: -1 as playerload.
Tue Nov 27 08:47:32 2018 :: Vnum 3715|Signval: -1|!Gameload|Total: 2
Tue Nov 27 08:47:32 2018 :: Called for vnum: 3715 to modify as: 1 as playerload.
Tue Nov 27 08:47:32 2018 :: Vnum 3715|Signval: 1|!Gameload|Total: 1
Tue Nov 27 08:47:32 2018 :: Called for vnum: 3715 to modify as: -1 as playerload.
Tue Nov 27 08:47:32 2018 :: Vnum 3715|Signval: -1|!Gameload|Total: 2
Tue Nov 27 08:47:32 2018 :: Called for vnum: 3715 to modify as: 1 as playerload.
Tue Nov 27 08:47:32 2018 :: Vnum 3715|Signval: 1|!Gameload|Total: 1
Tue Nov 27 10:20:26 2018 :: Sock.sinaddr:  98.191.89.6
Tue Nov 27 10:43:36 2018 :: EOF encountered on read.
Tue Nov 27 19:44:56 2018 :: Sock.sinaddr:  173.22.228.146
Tue Nov 27 19:44:58 2018 :: Loading Kyrus's playerfile
Tue Nov 27 19:44:59 2018 :: Kyrus@173-22-228-146.client.mchsi.com has connected. [Room: 29003]
Tue Nov 27 19:46:14 2018 :: Log Kyrus: drop key
Tue Nov 27 19:46:24 2018 :: Log Killuminati: restore Kyrus
Tue Nov 27 19:46:43 2018 :: Log Killuminati: restore Kyrus
Tue Nov 27 19:46:52 2018 :: Log Killuminati: restore Kyrus
Tue Nov 27 19:47:04 2018 :: Log Killuminati: restore Kyrus
Tue Nov 27 19:47:21 2018 :: Log Killuminati: restore Kyrus
Tue Nov 27 19:48:09 2018 :: Log Killuminati: restore Kyrus
Tue Nov 27 19:48:20 2018 :: Log Killuminati: restore Kyrus
Tue Nov 27 19:48:34 2018 :: Log Killuminati: restore Kyrus
Tue Nov 27 19:49:01 2018 :: Log Killuminati: restore Kyrus
Tue Nov 27 19:49:05 2018 :: Log Kyrus: drop amulet
Tue Nov 27 19:49:31 2018 :: Log Killuminati: restore Kyrus
Tue Nov 27 19:49:47 2018 :: Log Killuminati: restore Kyrus
Tue Nov 27 19:50:06 2018 :: Log Killuminati: restore Kyrus
Tue Nov 27 19:51:04 2018 :: Log Kyrus: drop amulet
Tue Nov 27 19:51:05 2018 :: Log Killuminati: restore Kyrus
Tue Nov 27 19:52:04 2018 :: Log Killuminati: restore Kyrus
Tue Nov 27 19:52:46 2018 :: Log Kyrus: drop amulet
Tue Nov 27 19:52:59 2018 :: Kyrus has quit. [Room: 29003]
Tue Nov 27 19:52:59 2018 :: Called for vnum: 29215 to modify as: -1 as playerload.
Tue Nov 27 19:52:59 2018 :: Vnum 29215|Signval: -1|!Gameload|Total: 3
Tue Nov 27 19:52:59 2018 :: Called for vnum: 29215 to modify as: 1 as playerload.
Tue Nov 27 19:52:59 2018 :: Vnum 29215|Signval: 1|!Gameload|Total: 2
Tue Nov 27 19:52:59 2018 :: Called for vnum: 3715 to modify as: -1 as playerload.
Tue Nov 27 19:52:59 2018 :: Vnum 3715|Signval: -1|!Gameload|Total: 2
Tue Nov 27 19:52:59 2018 :: Called for vnum: 3715 to modify as: 1 as playerload.
Tue Nov 27 19:52:59 2018 :: Vnum 3715|Signval: 1|!Gameload|Total: 1
Tue Nov 27 19:52:59 2018 :: Called for vnum: 3715 to modify as: -1 as playerload.
Tue Nov 27 19:52:59 2018 :: Vnum 3715|Signval: -1|!Gameload|Total: 2
Tue Nov 27 19:52:59 2018 :: Called for vnum: 3715 to modify as: 1 as playerload.
Tue Nov 27 19:52:59 2018 :: Vnum 3715|Signval: 1|!Gameload|Total: 1
Tue Nov 27 20:25:55 2018 :: Sock.sinaddr:  97.88.72.5
Tue Nov 27 20:25:57 2018 :: Loading Wentworth's playerfile
Tue Nov 27 20:25:57 2018 :: [*****] BUG: Read_object: vnum 9955 bad type.
Tue Nov 27 20:25:59 2018 :: Wentworth@97-88-72-5.dhcp.stls.mo.charter.com has connected. [Room: 4210]
Tue Nov 27 20:26:15 2018 :: Log Killuminati: restore Wentworth
Tue Nov 27 20:27:10 2018 :: Log Wentworth: drop key
Tue Nov 27 20:29:28 2018 :: Log Killuminati: restore Wentworth
Tue Nov 27 20:30:15 2018 :: Log Killuminati: restore Wentworth
Tue Nov 27 20:30:49 2018 :: Log Killuminati: restore Wentworth
Tue Nov 27 20:36:46 2018 :: Log Wentworth: drop belt
Tue Nov 27 20:36:47 2018 :: Wentworth has quit. [Room: 4210]
Tue Nov 27 20:36:47 2018 :: Called for vnum: 717 to modify as: -1 as playerload.
Tue Nov 27 20:36:47 2018 :: Vnum 717|Signval: -1|!Gameload|Total: 3
Tue Nov 27 20:36:47 2018 :: Called for vnum: 717 to modify as: 1 as playerload.
Tue Nov 27 20:36:47 2018 :: Vnum 717|Signval: 1|!Gameload|Total: 2
Tue Nov 27 20:36:47 2018 :: Called for vnum: 717 to modify as: -1 as playerload.
Tue Nov 27 20:36:47 2018 :: Vnum 717|Signval: -1|!Gameload|Total: 3
Tue Nov 27 20:36:47 2018 :: Called for vnum: 717 to modify as: 1 as playerload.
Tue Nov 27 20:36:47 2018 :: Vnum 717|Signval: 1|!Gameload|Total: 2
Tue Nov 27 20:36:47 2018 :: Called for vnum: 3715 to modify as: -1 as playerload.
Tue Nov 27 20:36:47 2018 :: Vnum 3715|Signval: -1|!Gameload|Total: 2
Tue Nov 27 20:36:47 2018 :: Called for vnum: 9955 to modify as: -1 as playerload.
Tue Nov 27 20:36:47 2018 :: Vnum 9955|Signval: -1|!Gameload|Total: 1
Tue Nov 27 20:36:47 2018 :: Called for vnum: 3715 to modify as: 1 as playerload.
Tue Nov 27 20:36:47 2018 :: Vnum 3715|Signval: 1|!Gameload|Total: 1
Tue Nov 27 20:36:47 2018 :: Called for vnum: 9955 to modify as: 1 as playerload.
Tue Nov 27 20:36:47 2018 :: Vnum 9955|Signval: 1|!Gameload|Total: 0
Tue Nov 27 20:36:48 2018 :: Sock.sinaddr:  97.88.72.5
Tue Nov 27 20:36:51 2018 :: Loading Drimdal's playerfile
Tue Nov 27 20:36:52 2018 :: Drimdal@97-88-72-5.dhcp.stls.mo.charter.com has connected. [Room: 4208]
Tue Nov 27 20:37:05 2018 :: Drimdal has quit. [Room: 4210]
Tue Nov 27 20:37:05 2018 :: Called for vnum: 17713 to modify as: -1 as playerload.
Tue Nov 27 20:37:05 2018 :: Vnum 17713|Signval: -1|!Gameload|Total: 2
Tue Nov 27 20:37:05 2018 :: Called for vnum: 17713 to modify as: 1 as playerload.
Tue Nov 27 20:37:05 2018 :: Vnum 17713|Signval: 1|!Gameload|Total: 1
Tue Nov 27 20:37:05 2018 :: Called for vnum: 1388 to modify as: -1 as playerload.
Tue Nov 27 20:37:05 2018 :: Vnum 1388|Signval: -1|!Gameload|Total: 2
Tue Nov 27 20:37:05 2018 :: Called for vnum: 1388 to modify as: 1 as playerload.
Tue Nov 27 20:37:05 2018 :: Vnum 1388|Signval: 1|!Gameload|Total: 1
Tue Nov 27 20:37:05 2018 :: Called for vnum: 1388 to modify as: -1 as playerload.
Tue Nov 27 20:37:05 2018 :: Vnum 1388|Signval: -1|!Gameload|Total: 2
Tue Nov 27 20:37:05 2018 :: Called for vnum: 1388 to modify as: 1 as playerload.
Tue Nov 27 20:37:05 2018 :: Vnum 1388|Signval: 1|!Gameload|Total: 1
Tue Nov 27 21:08:16 2018 :: Sock.sinaddr:  97.88.72.5
Tue Nov 27 21:08:19 2018 :: Loading Wentworth's playerfile
Tue Nov 27 21:08:19 2018 :: [*****] BUG: Read_object: vnum 9955 bad type.
Tue Nov 27 21:08:21 2018 :: Wentworth@97-88-72-5.dhcp.stls.mo.charter.com has connected. [Room: 4210]
Tue Nov 27 21:10:33 2018 :: Log Wentworth: exchange
Tue Nov 27 21:13:19 2018 :: Log Wentworth: drop key
Tue Nov 27 21:16:31 2018 :: Log Killuminati: restore Wentworth
Tue Nov 27 21:16:41 2018 :: Wentworth has quit. [Room: 29217]
Tue Nov 27 21:16:41 2018 :: Called for vnum: 717 to modify as: -1 as playerload.
Tue Nov 27 21:16:41 2018 :: Vnum 717|Signval: -1|!Gameload|Total: 3
Tue Nov 27 21:16:41 2018 :: Called for vnum: 717 to modify as: 1 as playerload.
Tue Nov 27 21:16:41 2018 :: Vnum 717|Signval: 1|!Gameload|Total: 2
Tue Nov 27 21:16:41 2018 :: Called for vnum: 717 to modify as: -1 as playerload.
Tue Nov 27 21:16:41 2018 :: Vnum 717|Signval: -1|!Gameload|Total: 3
Tue Nov 27 21:16:41 2018 :: Called for vnum: 717 to modify as: 1 as playerload.
Tue Nov 27 21:16:41 2018 :: Vnum 717|Signval: 1|!Gameload|Total: 2
Tue Nov 27 21:16:41 2018 :: Called for vnum: 3715 to modify as: -1 as playerload.
Tue Nov 27 21:16:41 2018 :: Vnum 3715|Signval: -1|!Gameload|Total: 2
Tue Nov 27 21:16:41 2018 :: Called for vnum: 9955 to modify as: -1 as playerload.
Tue Nov 27 21:16:41 2018 :: Vnum 9955|Signval: -1|!Gameload|Total: 1
Tue Nov 27 21:16:41 2018 :: Called for vnum: 3715 to modify as: 1 as playerload.
Tue Nov 27 21:16:41 2018 :: Vnum 3715|Signval: 1|!Gameload|Total: 1
Tue Nov 27 21:16:41 2018 :: Called for vnum: 9955 to modify as: 1 as playerload.
Tue Nov 27 21:16:41 2018 :: Vnum 9955|Signval: 1|!Gameload|Total: 0
Tue Nov 27 22:35:32 2018 :: Sock.sinaddr:  97.88.72.5
Tue Nov 27 22:35:36 2018 :: Loading Wentworth's playerfile
Tue Nov 27 22:35:36 2018 :: [*****] BUG: Read_object: vnum 9955 bad type.
Tue Nov 27 22:35:37 2018 :: Wentworth@97-88-72-5.dhcp.stls.mo.charter.com has connected. [Room: 29217]
Tue Nov 27 22:36:43 2018 :: Log Wentworth: drop key
Tue Nov 27 22:39:37 2018 :: Log Wentworth: exchange
Tue Nov 27 22:40:14 2018 :: Log Killuminati: restore Wentworth
Tue Nov 27 22:41:32 2018 :: Log Wentworth: drop 3.dark
Tue Nov 27 22:41:37 2018 :: Log Wentworth: drop dark
Tue Nov 27 22:41:37 2018 :: Log Wentworth: drop dark
Tue Nov 27 22:43:22 2018 :: Log Wentworth: drop key
Tue Nov 27 22:47:36 2018 :: Log Wentworth: exc
Tue Nov 27 22:51:02 2018 :: Log Killuminati: restore self
Tue Nov 27 22:51:02 2018 :: Log Killuminati: restore Wentworth 
Tue Nov 27 22:51:08 2018 :: Log Killuminati: restore self
Tue Nov 27 23:00:38 2018 :: Log Killuminati: restore Wentworth
Tue Nov 27 23:00:54 2018 :: Log Killuminati: restore Wentworth
Tue Nov 27 23:01:19 2018 :: Log Killuminati: restore Wentworth
Tue Nov 27 23:01:50 2018 :: Log Killuminati: restore Wentworth
Tue Nov 27 23:03:21 2018 :: Log Killuminati: restore Wentworth
Tue Nov 27 23:07:03 2018 :: Log Killuminati: restore Wentworth
Tue Nov 27 23:13:53 2018 :: Log Wentworth: drop key
Tue Nov 27 23:15:55 2018 :: Log Wentworth: exc
Tue Nov 27 23:16:01 2018 :: Log Wentworth: exc
Tue Nov 27 23:19:02 2018 :: Called for vnum: 3715 to modify as: -1 as playerload.
Tue Nov 27 23:19:02 2018 :: Vnum 3715|Signval: -1|!Gameload|Total: 2
Tue Nov 27 23:19:02 2018 :: Called for vnum: 3715 to modify as: 1 as playerload.
Tue Nov 27 23:19:02 2018 :: Vnum 3715|Signval: 1|!Gameload|Total: 1
Tue Nov 27 23:19:35 2018 :: Called for vnum: 3715 to modify as: -1 as playerload.
Tue Nov 27 23:19:35 2018 :: Vnum 3715|Signval: -1|!Gameload|Total: 2
Tue Nov 27 23:19:35 2018 :: Called for vnum: 3715 to modify as: 1 as playerload.
Tue Nov 27 23:19:35 2018 :: Vnum 3715|Signval: 1|!Gameload|Total: 1
Tue Nov 27 23:19:54 2018 :: Wentworth has quit. [Room: 4210]
Tue Nov 27 23:19:54 2018 :: Called for vnum: 717 to modify as: -1 as playerload.
Tue Nov 27 23:19:54 2018 :: Vnum 717|Signval: -1|!Gameload|Total: 3
Tue Nov 27 23:19:54 2018 :: Called for vnum: 717 to modify as: 1 as playerload.
Tue Nov 27 23:19:54 2018 :: Vnum 717|Signval: 1|!Gameload|Total: 2
Tue Nov 27 23:19:54 2018 :: Called for vnum: 717 to modify as: -1 as playerload.
Tue Nov 27 23:19:54 2018 :: Vnum 717|Signval: -1|!Gameload|Total: 3
Tue Nov 27 23:19:54 2018 :: Called for vnum: 717 to modify as: 1 as playerload.
Tue Nov 27 23:19:54 2018 :: Vnum 717|Signval: 1|!Gameload|Total: 2
Tue Nov 27 23:19:54 2018 :: Called for vnum: 3715 to modify as: -1 as playerload.
Tue Nov 27 23:19:54 2018 :: Vnum 3715|Signval: -1|!Gameload|Total: 2
Tue Nov 27 23:19:54 2018 :: Called for vnum: 9955 to modify as: -1 as playerload.
Tue Nov 27 23:19:54 2018 :: Vnum 9955|Signval: -1|!Gameload|Total: 1
Tue Nov 27 23:19:54 2018 :: Called for vnum: 3715 to modify as: 1 as playerload.
Tue Nov 27 23:19:54 2018 :: Vnum 3715|Signval: 1|!Gameload|Total: 1
Tue Nov 27 23:19:54 2018 :: Called for vnum: 9955 to modify as: 1 as playerload.
Tue Nov 27 23:19:54 2018 :: Vnum 9955|Signval: 1|!Gameload|Total: 0
Wed Nov 28 00:05:56 2018 :: Sock.sinaddr:  97.88.72.5
Wed Nov 28 00:05:59 2018 :: Loading Wentworth's playerfile
Wed Nov 28 00:05:59 2018 :: [*****] BUG: Read_object: vnum 9955 bad type.
Wed Nov 28 00:06:00 2018 :: Wentworth@97-88-72-5.dhcp.stls.mo.charter.com has connected. [Room: 4210]
Wed Nov 28 00:06:23 2018 :: Log Wentworth: drop key
Wed Nov 28 00:09:09 2018 :: Log Wentworth: drop staff
Wed Nov 28 00:10:19 2018 :: Log Killuminati: restore Wentworth
Wed Nov 28 00:10:47 2018 :: Log Killuminati: restore Wentworth
Wed Nov 28 00:12:21 2018 :: Log Wentworth: exc
Wed Nov 28 00:21:05 2018 :: Wentworth has quit. [Room: 4208]
Wed Nov 28 00:21:05 2018 :: Called for vnum: 717 to modify as: -1 as playerload.
Wed Nov 28 00:21:05 2018 :: Vnum 717|Signval: -1|!Gameload|Total: 3
Wed Nov 28 00:21:05 2018 :: Called for vnum: 717 to modify as: 1 as playerload.
Wed Nov 28 00:21:05 2018 :: Vnum 717|Signval: 1|!Gameload|Total: 2
Wed Nov 28 00:21:05 2018 :: Called for vnum: 717 to modify as: -1 as playerload.
Wed Nov 28 00:21:05 2018 :: Vnum 717|Signval: -1|!Gameload|Total: 3
Wed Nov 28 00:21:05 2018 :: Called for vnum: 717 to modify as: 1 as playerload.
Wed Nov 28 00:21:05 2018 :: Vnum 717|Signval: 1|!Gameload|Total: 2
Wed Nov 28 00:21:05 2018 :: Called for vnum: 3715 to modify as: -1 as playerload.
Wed Nov 28 00:21:05 2018 :: Vnum 3715|Signval: -1|!Gameload|Total: 2
Wed Nov 28 00:21:05 2018 :: Called for vnum: 9955 to modify as: -1 as playerload.
Wed Nov 28 00:21:05 2018 :: Vnum 9955|Signval: -1|!Gameload|Total: 1
Wed Nov 28 00:21:05 2018 :: Called for vnum: 3715 to modify as: 1 as playerload.
Wed Nov 28 00:21:05 2018 :: Vnum 3715|Signval: 1|!Gameload|Total: 1
Wed Nov 28 00:21:05 2018 :: Called for vnum: 9955 to modify as: 1 as playerload.
Wed Nov 28 00:21:05 2018 :: Vnum 9955|Signval: 1|!Gameload|Total: 0
Wed Nov 28 01:18:45 2018 :: Automated backup complete.
tar: Removing leading `../' from member names
Wed Nov 28 01:41:21 2018 :: Sock.sinaddr:  83.152.21.249
Wed Nov 28 01:41:22 2018 :: EOF encountered on read.
Wed Nov 28 02:35:28 2018 :: EOF encountered on read.
Wed Nov 28 02:35:28 2018 :: Closing link to Killuminati.
Wed Nov 28 07:03:48 2018 :: Sock.sinaddr:  190.218.5.83
Wed Nov 28 07:03:49 2018 :: EOF encountered on read.
Wed Nov 28 07:08:42 2018 :: Sock.sinaddr:  192.168.1.1
Wed Nov 28 07:08:43 2018 :: Loading Killuminati's playerfile
Wed Nov 28 07:08:43 2018 :: Killuminati@192.168.1.1 reconnected. [Room: 4208]
Wed Nov 28 08:45:06 2018 :: Sock.sinaddr:  173.22.228.146
Wed Nov 28 08:45:07 2018 :: Loading Kyrus's playerfile
Wed Nov 28 08:45:08 2018 :: Kyrus@173-22-228-146.client.mchsi.com has connected. [Room: 29003]
Wed Nov 28 08:45:18 2018 :: Log Kyrus: drop key
Wed Nov 28 08:45:39 2018 :: Log Killuminati: restore Kyrus
Wed Nov 28 08:45:50 2018 :: Log Killuminati: restore Kyrus
Wed Nov 28 08:46:02 2018 :: Log Killuminati: restore Kyrus
Wed Nov 28 08:46:16 2018 :: Log Killuminati: restore Kyrus
Wed Nov 28 08:47:40 2018 :: Log Killuminati: restore Kyrus
Wed Nov 28 08:49:32 2018 :: Log Killuminati: restore Kyrus
Wed Nov 28 08:49:36 2018 :: Log Kyrus: drop amulet
Wed Nov 28 08:51:16 2018 :: Kyrus has quit. [Room: 29003]
Wed Nov 28 08:51:16 2018 :: Called for vnum: 29215 to modify as: -1 as playerload.
Wed Nov 28 08:51:16 2018 :: Vnum 29215|Signval: -1|!Gameload|Total: 3
Wed Nov 28 08:51:16 2018 :: Called for vnum: 29215 to modify as: 1 as playerload.
Wed Nov 28 08:51:16 2018 :: Vnum 29215|Signval: 1|!Gameload|Total: 2
Wed Nov 28 08:51:16 2018 :: Called for vnum: 3715 to modify as: -1 as playerload.
Wed Nov 28 08:51:16 2018 :: Vnum 3715|Signval: -1|!Gameload|Total: 2
Wed Nov 28 08:51:16 2018 :: Called for vnum: 3715 to modify as: 1 as playerload.
Wed Nov 28 08:51:16 2018 :: Vnum 3715|Signval: 1|!Gameload|Total: 1
Wed Nov 28 08:51:16 2018 :: Called for vnum: 3715 to modify as: -1 as playerload.
Wed Nov 28 08:51:16 2018 :: Vnum 3715|Signval: -1|!Gameload|Total: 2
Wed Nov 28 08:51:16 2018 :: Called for vnum: 3715 to modify as: 1 as playerload.
Wed Nov 28 08:51:16 2018 :: Vnum 3715|Signval: 1|!Gameload|Total: 1
Wed Nov 28 09:47:43 2018 :: Sock.sinaddr:  5.188.210.12
Wed Nov 28 09:47:55 2018 :: Sock.sinaddr:  5.188.210.12
Wed Nov 28 09:47:55 2018 :: EOF encountered on read.
Wed Nov 28 09:48:07 2018 :: Sock.sinaddr:  5.188.210.12
Wed Nov 28 09:48:07 2018 :: EOF encountered on read.
Wed Nov 28 09:48:19 2018 :: EOF encountered on read.
Wed Nov 28 09:49:09 2018 :: Sock.sinaddr:  5.188.210.12
Wed Nov 28 09:49:21 2018 :: Sock.sinaddr:  5.188.210.12
Wed Nov 28 09:49:21 2018 :: EOF encountered on read.
Wed Nov 28 09:49:33 2018 :: Sock.sinaddr:  5.188.210.12
Wed Nov 28 09:49:33 2018 :: EOF encountered on read.
Wed Nov 28 09:49:45 2018 :: EOF encountered on read.
Wed Nov 28 09:50:15 2018 :: Sock.sinaddr:  5.188.210.12
Wed Nov 28 09:50:27 2018 :: Sock.sinaddr:  5.188.210.12
Wed Nov 28 09:50:40 2018 :: Sock.sinaddr:  5.188.210.12
Wed Nov 28 09:50:40 2018 :: EOF encountered on read.
Wed Nov 28 09:50:52 2018 :: EOF encountered on read.
Wed Nov 28 09:50:52 2018 :: EOF encountered on read.
Wed Nov 28 09:56:11 2018 :: Sock.sinaddr:  99.234.29.96
Wed Nov 28 09:56:12 2018 :: EOF encountered on read.
Wed Nov 28 11:38:18 2018 :: Sock.sinaddr:  185.92.73.133
Wed Nov 28 11:38:23 2018 :: EOF encountered on read.
Wed Nov 28 14:59:08 2018 :: EOF encountered on read.
Wed Nov 28 14:59:08 2018 :: Closing link to Killuminati.
Wed Nov 28 14:59:08 2018 :: EOF encountered on read.
Wed Nov 28 14:59:30 2018 :: Sock.sinaddr:  192.168.1.1
Wed Nov 28 14:59:30 2018 :: Loading Killuminati's playerfile
Wed Nov 28 14:59:30 2018 :: Killuminati@192.168.1.1 reconnected. [Room: 4208]
Wed Nov 28 15:00:59 2018 :: EOF encountered on read.
Wed Nov 28 15:00:59 2018 :: Closing link to Killuminati.
Wed Nov 28 15:01:09 2018 :: Sock.sinaddr:  192.168.1.1
Wed Nov 28 15:01:09 2018 :: Loading Killuminati's playerfile
Wed Nov 28 15:01:09 2018 :: Killuminati@192.168.1.1 reconnected. [Room: 4208]
Wed Nov 28 15:05:14 2018 :: EOF encountered on read.
Wed Nov 28 15:05:14 2018 :: Closing link to Killuminati.
Wed Nov 28 15:05:25 2018 :: Sock.sinaddr:  192.168.1.1
Wed Nov 28 15:05:25 2018 :: Loading Killuminati's playerfile
Wed Nov 28 15:05:26 2018 :: Killuminati@192.168.1.1 reconnected. [Room: 4208]
Wed Nov 28 15:46:26 2018 :: Sock.sinaddr:  107.170.206.181
Wed Nov 28 15:46:36 2018 :: EOF encountered on read.
Wed Nov 28 16:09:14 2018 :: Sock.sinaddr:  192.168.1.1
Wed Nov 28 16:13:28 2018 :: EOF encountered on read.
Wed Nov 28 16:13:28 2018 :: EOF encountered on read.
Wed Nov 28 16:13:28 2018 :: Closing link to Killuminati.
