Sun Dec  2 20:57:11 2018 :: LOADING COMM TABLE
Sun Dec  2 20:57:11 2018 ::  INIT OK 
Sun Dec  2 20:57:11 2018 :: Ended LOADING COMM TABLE
Sun Dec  2 20:57:11 2018 :: Ended Fixing Exits
Sun Dec  2 20:57:11 2018 :: Called for vnum: 3715 to modify as: 1 as gameload.
Sun Dec  2 20:57:11 2018 :: Vnum 3715|Signval: 1|Gameload|Total: 1
Sun Dec  2 20:57:11 2018 :: Called for vnum: 717 to modify as: 1 as gameload.
Sun Dec  2 20:57:11 2018 :: Vnum 717|Signval: 1|Gameload|Total: 1
Sun Dec  2 20:57:11 2018 :: Called for vnum: 717 to modify as: 1 as gameload.
Sun Dec  2 20:57:11 2018 :: Vnum 717|Signval: 1|Gameload|Total: 2
Sun Dec  2 20:57:11 2018 :: Called for vnum: 911 to modify as: 1 as gameload.
Sun Dec  2 20:57:11 2018 :: Vnum 911|Signval: 1|Gameload|Total: 1
Sun Dec  2 20:57:11 2018 :: Called for vnum: 911 to modify as: 1 as gameload.
Sun Dec  2 20:57:11 2018 :: Vnum 911|Signval: 1|Gameload|Total: 2
Sun Dec  2 20:57:11 2018 :: Called for vnum: 1388 to modify as: 1 as gameload.
Sun Dec  2 20:57:11 2018 :: Vnum 1388|Signval: 1|Gameload|Total: 1
Sun Dec  2 20:57:11 2018 :: Called for vnum: 7664 to modify as: 1 as gameload.
Sun Dec  2 20:57:11 2018 :: Vnum 7664|Signval: 1|Gameload|Total: 1
Sun Dec  2 20:57:11 2018 :: Called for vnum: 7665 to modify as: 1 as gameload.
Sun Dec  2 20:57:11 2018 :: Vnum 7665|Signval: 1|Gameload|Total: 1
Sun Dec  2 20:57:11 2018 :: Called for vnum: 17713 to modify as: 1 as gameload.
Sun Dec  2 20:57:11 2018 :: Vnum 17713|Signval: 1|Gameload|Total: 1
Sun Dec  2 20:57:11 2018 :: [*****] BUG: Equip_char: already equipped (-1).
Sun Dec  2 20:57:11 2018 :: Called for vnum: 10051 to modify as: 1 as gameload.
Sun Dec  2 20:57:11 2018 :: Vnum 10051|Signval: 1|Gameload|Total: 1
Sun Dec  2 20:57:11 2018 :: Called for vnum: 10051 to modify as: 1 as gameload.
Sun Dec  2 20:57:11 2018 :: Vnum 10051|Signval: 1|Gameload|Total: 2
Sun Dec  2 20:57:11 2018 :: [*****] BUG: Equip_char: already equipped (5).
Sun Dec  2 20:57:11 2018 :: [*****] BUG: Equip_char: already equipped (-1).
Sun Dec  2 20:57:11 2018 :: [*****] BUG: Equip_char: already equipped (-1).
Sun Dec  2 20:57:11 2018 :: [*****] BUG: Equip_char: already equipped (-1).
Sun Dec  2 20:57:11 2018 :: [*****] BUG: Equip_char: already equipped (-1).
Sun Dec  2 20:57:11 2018 :: [*****] BUG: Equip_char: already equipped (-1).
Sun Dec  2 20:57:11 2018 :: [*****] BUG: Equip_char: already equipped (-1).
Sun Dec  2 20:57:11 2018 :: [*****] BUG: Equip_char: already equipped (-1).
Sun Dec  2 20:57:11 2018 :: Called for vnum: 29215 to modify as: 1 as gameload.
Sun Dec  2 20:57:11 2018 :: Vnum 29215|Signval: 1|Gameload|Total: 1
Sun Dec  2 20:57:11 2018 :: Called for vnum: 29215 to modify as: 1 as gameload.
Sun Dec  2 20:57:11 2018 :: Vnum 29215|Signval: 1|Gameload|Total: 2
Sun Dec  2 20:57:11 2018 :: Called for vnum: 29240 to modify as: 1 as gameload.
Sun Dec  2 20:57:11 2018 :: Vnum 29240|Signval: 1|Gameload|Total: 1
Sun Dec  2 20:57:11 2018 :: Called for vnum: 29240 to modify as: 1 as gameload.
Sun Dec  2 20:57:11 2018 :: Vnum 29240|Signval: 1|Gameload|Total: 2
Sun Dec  2 20:57:11 2018 :: Called for vnum: 29240 to modify as: 1 as gameload.
Sun Dec  2 20:57:11 2018 :: Vnum 29240|Signval: 1|Gameload|Total: 3
Sun Dec  2 20:57:11 2018 :: Called for vnum: 28114 to modify as: 1 as gameload.
Sun Dec  2 20:57:11 2018 :: Vnum 28114|Signval: 1|Gameload|Total: 1
Sun Dec  2 20:57:11 2018 :: Ended Area Update
Sun Dec  2 20:57:11 2018 :: Ended Loading Notes
Sun Dec  2 20:57:11 2018 :: Ended Loading Ban
Sun Dec  2 20:57:11 2018 :: Ended Loading Pkills
Sun Dec  2 20:57:11 2018 :: TOC is ready to rock on port 9000.
Sun Dec  2 20:57:11 2018 :: Setting up signals.
Sun Dec  2 20:57:12 2018 :: Automated backup complete.
tar: Removing leading `../' from member names
Sun Dec  2 21:00:38 2018 :: Sock.sinaddr:  127.0.0.1
Sun Dec  2 21:00:39 2018 :: Loading Killuminati's playerfile
Sun Dec  2 21:00:39 2018 :: Killuminati@localhost has connected. [Room: 4208]
Sun Dec  2 21:01:43 2018 :: Sock.sinaddr:  127.0.0.1
Sun Dec  2 21:01:43 2018 :: Loading Killuminati's playerfile
Sun Dec  2 21:02:01 2018 :: EOF encountered on read.
Sun Dec  2 21:02:01 2018 :: Closing link to Killuminati.
Sun Dec  2 21:23:18 2018 :: Sock.sinaddr:  127.0.0.1
Sun Dec  2 21:23:18 2018 :: Loading Testies's playerfile
Sun Dec  2 21:23:19 2018 :: Testies@localhost has connected. [Room: 4208]
Sun Dec  2 21:23:35 2018 :: Log Killuminati: adv test 56
Sun Dec  2 21:24:39 2018 :: Log Killuminati: restore self
Sun Dec  2 21:24:39 2018 :: Log Killuminati: restore Testies 
Sun Dec  2 21:24:46 2018 :: Log Killuminati: restore self
Sun Dec  2 21:24:49 2018 :: Log Killuminati: trans test clown
Sun Dec  2 21:25:16 2018 :: Testies has been spared by the gods divine protection from certain death at the hands of killer clown guy!
Sun Dec  2 21:25:28 2018 :: Log Killuminati: restor
Sun Dec  2 21:25:45 2018 :: Log Killuminati: restore self
Sun Dec  2 21:25:45 2018 :: Log Killuminati: restore test 
Sun Dec  2 21:25:51 2018 :: Log Killuminati: restore self
Sun Dec  2 21:26:27 2018 :: Log Killuminati: load obj 29303
Sun Dec  2 21:26:41 2018 :: Log Killuminati: set obj swo level 59
Sun Dec  2 21:27:05 2018 :: Log Killuminati: set char test hp 10000
Sun Dec  2 21:27:08 2018 :: Log Killuminati: set char test mana 10000
Sun Dec  2 21:27:10 2018 :: Log Killuminati: set char test end 10000
Sun Dec  2 21:27:13 2018 :: Log Killuminati: restore all
Sun Dec  2 21:27:38 2018 :: Log Killuminati: set obj new level 56
Sun Dec  2 21:28:56 2018 :: Log Killuminati: set obj newbie sw level 56
Sun Dec  2 21:29:05 2018 :: Log Killuminati: set obj 'newbie sw' level 56
Sun Dec  2 21:29:22 2018 :: Log Testies: drop swo
Sun Dec  2 21:30:07 2018 :: Log Killuminati: load obj 29303 56
Sun Dec  2 21:30:43 2018 :: Log Killuminati: set obj 'newbie sw' level 54
Sun Dec  2 21:31:10 2018 :: Log Killuminati: load obj 29303 56
Sun Dec  2 21:31:24 2018 :: Log Killuminati: set obj swo leve 55
Sun Dec  2 21:32:05 2018 :: Log Killuminati: set skill killum swo 100
Sun Dec  2 21:42:43 2018 :: Testies has quit. [Room: 2]
Sun Dec  2 21:42:53 2018 :: Sock.sinaddr:  127.0.0.1
Sun Dec  2 21:42:54 2018 :: Loading Testies's playerfile
Sun Dec  2 21:42:54 2018 :: Testies@localhost has connected. [Room: 29208]
Sun Dec  2 21:52:37 2018 :: Testies has quit. [Room: 2]
Sun Dec  2 21:52:48 2018 :: Sock.sinaddr:  127.0.0.1
Sun Dec  2 21:52:49 2018 :: Loading Testies's playerfile
Sun Dec  2 21:52:49 2018 :: Testies@localhost has connected. [Room: 29208]
Sun Dec  2 21:59:47 2018 :: Log Testies: or
Sun Dec  2 22:01:09 2018 :: Testies has quit. [Room: 29207]
Sun Dec  2 22:01:19 2018 :: Sock.sinaddr:  127.0.0.1
Sun Dec  2 22:01:19 2018 :: Loading Testies's playerfile
Sun Dec  2 22:01:20 2018 :: Testies@localhost has connected. [Room: 29207]
Sun Dec  2 22:01:34 2018 :: Testies has quit. [Room: 29207]
Sun Dec  2 22:01:44 2018 :: Sock.sinaddr:  127.0.0.1
Sun Dec  2 22:01:44 2018 :: Loading Testies's playerfile
Sun Dec  2 22:01:45 2018 :: Testies@localhost has connected. [Room: 29207]
Sun Dec  2 22:01:52 2018 :: Testies has quit. [Room: 29207]
Sun Dec  2 22:02:02 2018 :: Sock.sinaddr:  127.0.0.1
Sun Dec  2 22:02:02 2018 :: Loading Testies's playerfile
Sun Dec  2 22:02:03 2018 :: Testies@localhost has connected. [Room: 29207]
Sun Dec  2 22:10:46 2018 :: Testies has quit. [Room: 2]
Sun Dec  2 22:10:56 2018 :: Sock.sinaddr:  127.0.0.1
Sun Dec  2 22:10:57 2018 :: Loading Testies's playerfile
Sun Dec  2 22:10:57 2018 :: Testies@localhost has connected. [Room: 29207]
Sun Dec  2 22:12:40 2018 :: Log Killuminati: shutdown
Sun Dec  2 22:12:40 2018 :: Closing link to Testies.
Sun Dec  2 22:12:40 2018 :: Closing link to Killuminati.
Sun Dec  2 22:12:40 2018 :: Normal termination of game.
