Mon Dec  3 18:20:26 2018 :: LOADING COMM TABLE
Mon Dec  3 18:20:26 2018 ::  INIT OK 
Mon Dec  3 18:20:26 2018 :: Ended LOADING COMM TABLE
Mon Dec  3 18:20:26 2018 :: Ended Fixing Exits
Mon Dec  3 18:20:26 2018 :: Called for vnum: 3715 to modify as: 1 as gameload.
Mon Dec  3 18:20:26 2018 :: Vnum 3715|Signval: 1|Gameload|Total: 1
Mon Dec  3 18:20:26 2018 :: Called for vnum: 717 to modify as: 1 as gameload.
Mon Dec  3 18:20:26 2018 :: Vnum 717|Signval: 1|Gameload|Total: 1
Mon Dec  3 18:20:26 2018 :: Called for vnum: 717 to modify as: 1 as gameload.
Mon Dec  3 18:20:26 2018 :: Vnum 717|Signval: 1|Gameload|Total: 2
Mon Dec  3 18:20:26 2018 :: Called for vnum: 911 to modify as: 1 as gameload.
Mon Dec  3 18:20:26 2018 :: Vnum 911|Signval: 1|Gameload|Total: 1
Mon Dec  3 18:20:26 2018 :: Called for vnum: 911 to modify as: 1 as gameload.
Mon Dec  3 18:20:26 2018 :: Vnum 911|Signval: 1|Gameload|Total: 2
Mon Dec  3 18:20:26 2018 :: Called for vnum: 1388 to modify as: 1 as gameload.
Mon Dec  3 18:20:26 2018 :: Vnum 1388|Signval: 1|Gameload|Total: 1
Mon Dec  3 18:20:26 2018 :: Called for vnum: 7664 to modify as: 1 as gameload.
Mon Dec  3 18:20:26 2018 :: Vnum 7664|Signval: 1|Gameload|Total: 1
Mon Dec  3 18:20:26 2018 :: Called for vnum: 7665 to modify as: 1 as gameload.
Mon Dec  3 18:20:26 2018 :: Vnum 7665|Signval: 1|Gameload|Total: 1
Mon Dec  3 18:20:26 2018 :: Called for vnum: 17713 to modify as: 1 as gameload.
Mon Dec  3 18:20:26 2018 :: Vnum 17713|Signval: 1|Gameload|Total: 1
Mon Dec  3 18:20:26 2018 :: [*****] BUG: Equip_char: already equipped (-1).
Mon Dec  3 18:20:26 2018 :: Called for vnum: 10051 to modify as: 1 as gameload.
Mon Dec  3 18:20:26 2018 :: Vnum 10051|Signval: 1|Gameload|Total: 1
Mon Dec  3 18:20:26 2018 :: Called for vnum: 10051 to modify as: 1 as gameload.
Mon Dec  3 18:20:26 2018 :: Vnum 10051|Signval: 1|Gameload|Total: 2
Mon Dec  3 18:20:26 2018 :: [*****] BUG: Equip_char: already equipped (5).
Mon Dec  3 18:20:26 2018 :: [*****] BUG: Equip_char: already equipped (-1).
Mon Dec  3 18:20:26 2018 :: [*****] BUG: Equip_char: already equipped (-1).
Mon Dec  3 18:20:26 2018 :: [*****] BUG: Equip_char: already equipped (-1).
Mon Dec  3 18:20:26 2018 :: [*****] BUG: Equip_char: already equipped (-1).
Mon Dec  3 18:20:26 2018 :: [*****] BUG: Equip_char: already equipped (-1).
Mon Dec  3 18:20:26 2018 :: [*****] BUG: Equip_char: already equipped (-1).
Mon Dec  3 18:20:26 2018 :: [*****] BUG: Equip_char: already equipped (-1).
Mon Dec  3 18:20:26 2018 :: Called for vnum: 29215 to modify as: 1 as gameload.
Mon Dec  3 18:20:26 2018 :: Vnum 29215|Signval: 1|Gameload|Total: 1
Mon Dec  3 18:20:26 2018 :: Called for vnum: 29215 to modify as: 1 as gameload.
Mon Dec  3 18:20:26 2018 :: Vnum 29215|Signval: 1|Gameload|Total: 2
Mon Dec  3 18:20:26 2018 :: Called for vnum: 29240 to modify as: 1 as gameload.
Mon Dec  3 18:20:26 2018 :: Vnum 29240|Signval: 1|Gameload|Total: 1
Mon Dec  3 18:20:26 2018 :: Called for vnum: 29240 to modify as: 1 as gameload.
Mon Dec  3 18:20:26 2018 :: Vnum 29240|Signval: 1|Gameload|Total: 2
Mon Dec  3 18:20:26 2018 :: Called for vnum: 29240 to modify as: 1 as gameload.
Mon Dec  3 18:20:26 2018 :: Vnum 29240|Signval: 1|Gameload|Total: 3
Mon Dec  3 18:20:26 2018 :: Called for vnum: 28114 to modify as: 1 as gameload.
Mon Dec  3 18:20:26 2018 :: Vnum 28114|Signval: 1|Gameload|Total: 1
Mon Dec  3 18:20:26 2018 :: Ended Area Update
Mon Dec  3 18:20:26 2018 :: Ended Loading Notes
Mon Dec  3 18:20:26 2018 :: Ended Loading Ban
Mon Dec  3 18:20:26 2018 :: Ended Loading Pkills
Mon Dec  3 18:20:26 2018 :: TOC is ready to rock on port 9000.
Mon Dec  3 18:20:26 2018 :: Setting up signals.
Mon Dec  3 18:20:26 2018 :: Automated backup complete.
tar: Removing leading `../' from member names
Mon Dec  3 18:20:33 2018 :: Sock.sinaddr:  127.0.0.1
Mon Dec  3 18:20:33 2018 :: Sock.sinaddr:  127.0.0.1
Mon Dec  3 18:20:34 2018 :: Loading Killuminati's playerfile
Mon Dec  3 18:20:34 2018 :: Loading Astarti's playerfile
Mon Dec  3 18:20:34 2018 :: Killuminati@localhost has connected. [Room: 4208]
Mon Dec  3 18:20:34 2018 :: Astarti@localhost has connected. [Room: 29205]
Mon Dec  3 18:22:30 2018 :: Log Killuminati: advance ast 56
Mon Dec  3 18:22:30 2018 :: Log Killuminati: restore ast
Mon Dec  3 18:23:07 2018 :: Log Killuminati: advance ast 57
Mon Dec  3 18:23:07 2018 :: Log Killuminati: restore ast
Mon Dec  3 18:23:22 2018 :: Log Killuminati: advance ast 58
Mon Dec  3 18:23:22 2018 :: Log Killuminati: restore ast
Mon Dec  3 18:23:46 2018 :: Log Killuminati: advance ast 59
Mon Dec  3 18:23:46 2018 :: Log Killuminati: restore ast
Mon Dec  3 18:23:58 2018 :: Astarti has quit. [Room: 29206]
Mon Dec  3 18:24:08 2018 :: Sock.sinaddr:  127.0.0.1
Mon Dec  3 18:24:08 2018 :: Loading Astarti's playerfile
Mon Dec  3 18:24:09 2018 :: Astarti@localhost has connected. [Room: 29206]
Mon Dec  3 18:32:33 2018 :: Astarti has quit. [Room: 2]
Mon Dec  3 18:32:43 2018 :: Sock.sinaddr:  127.0.0.1
Mon Dec  3 18:32:44 2018 :: Loading Astarti's playerfile
Mon Dec  3 18:32:44 2018 :: Astarti@localhost has connected. [Room: 29206]
Mon Dec  3 18:39:06 2018 :: Astarti has quit. [Room: 29206]
Mon Dec  3 18:39:09 2018 :: Sock.sinaddr:  127.0.0.1
Mon Dec  3 18:39:10 2018 :: Loading Astarti's playerfile
Mon Dec  3 18:39:10 2018 :: Astarti@localhost has connected. [Room: 29206]
Mon Dec  3 18:48:33 2018 :: Astarti has quit. [Room: 2]
Mon Dec  3 18:48:44 2018 :: Sock.sinaddr:  127.0.0.1
Mon Dec  3 18:48:44 2018 :: Loading Astarti's playerfile
Mon Dec  3 18:48:44 2018 :: Astarti@localhost has connected. [Room: 29206]
Mon Dec  3 18:56:39 2018 :: Astarti has quit. [Room: 2]
Mon Dec  3 18:56:50 2018 :: Sock.sinaddr:  127.0.0.1
Mon Dec  3 18:56:50 2018 :: Loading Astarti's playerfile
Mon Dec  3 18:56:50 2018 :: Astarti@localhost has connected. [Room: 29206]
Mon Dec  3 19:05:38 2018 :: Sock.sinaddr:  92.63.107.177
Mon Dec  3 19:05:38 2018 :: Sock.sinaddr:  92.63.107.177
Mon Dec  3 19:05:38 2018 :: EOF encountered on read.
Mon Dec  3 19:05:44 2018 :: Astarti has quit. [Room: 2]
Mon Dec  3 19:05:46 2018 :: EOF encountered on read.
Mon Dec  3 19:05:47 2018 :: Sock.sinaddr:  92.63.107.177
Mon Dec  3 19:05:55 2018 :: EOF encountered on read.
Mon Dec  3 19:05:55 2018 :: Sock.sinaddr:  92.63.107.177
Mon Dec  3 19:05:56 2018 :: Sock.sinaddr:  127.0.0.1
Mon Dec  3 19:05:56 2018 :: Loading Astarti's playerfile
Mon Dec  3 19:05:56 2018 :: Astarti@localhost has connected. [Room: 29206]
Mon Dec  3 19:06:03 2018 :: EOF encountered on read.
Mon Dec  3 19:15:01 2018 :: Astarti has quit. [Room: 2]
Mon Dec  3 19:15:12 2018 :: Sock.sinaddr:  127.0.0.1
Mon Dec  3 19:15:13 2018 :: Loading Astarti's playerfile
Mon Dec  3 19:15:13 2018 :: Astarti@localhost has connected. [Room: 29206]
Mon Dec  3 19:23:16 2018 :: Sock.sinaddr:  173.22.228.146
Mon Dec  3 19:23:17 2018 :: Loading Kyrus's playerfile
Mon Dec  3 19:23:18 2018 :: Kyrus@173-22-228-146.client.mchsi.com has connected. [Room: 29208]
Mon Dec  3 19:23:56 2018 :: Log Killuminati: restore Kyrus
Mon Dec  3 19:24:49 2018 :: Astarti has quit. [Room: 2]
Mon Dec  3 19:24:59 2018 :: Sock.sinaddr:  127.0.0.1
Mon Dec  3 19:25:00 2018 :: Loading Astarti's playerfile
Mon Dec  3 19:25:00 2018 :: Astarti@localhost has connected. [Room: 29206]
Mon Dec  3 19:33:45 2018 :: Astarti has quit. [Room: 2]
Mon Dec  3 19:33:56 2018 :: Sock.sinaddr:  127.0.0.1
Mon Dec  3 19:33:56 2018 :: Loading Astarti's playerfile
Mon Dec  3 19:33:56 2018 :: Astarti@localhost has connected. [Room: 29206]
Mon Dec  3 19:43:40 2018 :: Astarti has quit. [Room: 2]
Mon Dec  3 19:43:50 2018 :: Sock.sinaddr:  127.0.0.1
Mon Dec  3 19:43:51 2018 :: Loading Astarti's playerfile
Mon Dec  3 19:43:51 2018 :: Astarti@localhost has connected. [Room: 29206]
Mon Dec  3 19:51:19 2018 :: Log Killuminati: restore Kyrus
Mon Dec  3 19:52:39 2018 :: Astarti has quit. [Room: 2]
Mon Dec  3 19:52:49 2018 :: Sock.sinaddr:  127.0.0.1
Mon Dec  3 19:52:50 2018 :: Loading Astarti's playerfile
Mon Dec  3 19:52:50 2018 :: Astarti@localhost has connected. [Room: 29206]
