Tue Dec  4 00:38:15 2018 :: LOADING COMM TABLE
Tue Dec  4 00:38:15 2018 ::  INIT OK 
Tue Dec  4 00:38:15 2018 :: Ended LOADING COMM TABLE
Tue Dec  4 00:38:15 2018 :: Ended Fixing Exits
Tue Dec  4 00:38:15 2018 :: Called for vnum: 3715 to modify as: 1 as gameload.
Tue Dec  4 00:38:15 2018 :: Vnum 3715|Signval: 1|Gameload|Total: 1
Tue Dec  4 00:38:15 2018 :: Called for vnum: 717 to modify as: 1 as gameload.
Tue Dec  4 00:38:15 2018 :: Vnum 717|Signval: 1|Gameload|Total: 1
Tue Dec  4 00:38:15 2018 :: Called for vnum: 717 to modify as: 1 as gameload.
Tue Dec  4 00:38:15 2018 :: Vnum 717|Signval: 1|Gameload|Total: 2
Tue Dec  4 00:38:15 2018 :: Called for vnum: 911 to modify as: 1 as gameload.
Tue Dec  4 00:38:15 2018 :: Vnum 911|Signval: 1|Gameload|Total: 1
Tue Dec  4 00:38:15 2018 :: Called for vnum: 911 to modify as: 1 as gameload.
Tue Dec  4 00:38:15 2018 :: Vnum 911|Signval: 1|Gameload|Total: 2
Tue Dec  4 00:38:15 2018 :: Called for vnum: 1388 to modify as: 1 as gameload.
Tue Dec  4 00:38:15 2018 :: Vnum 1388|Signval: 1|Gameload|Total: 1
Tue Dec  4 00:38:15 2018 :: Called for vnum: 7664 to modify as: 1 as gameload.
Tue Dec  4 00:38:15 2018 :: Vnum 7664|Signval: 1|Gameload|Total: 1
Tue Dec  4 00:38:15 2018 :: Called for vnum: 7665 to modify as: 1 as gameload.
Tue Dec  4 00:38:15 2018 :: Vnum 7665|Signval: 1|Gameload|Total: 1
Tue Dec  4 00:38:15 2018 :: Called for vnum: 17713 to modify as: 1 as gameload.
Tue Dec  4 00:38:15 2018 :: Vnum 17713|Signval: 1|Gameload|Total: 1
Tue Dec  4 00:38:15 2018 :: [*****] BUG: Equip_char: already equipped (-1).
Tue Dec  4 00:38:15 2018 :: Called for vnum: 10051 to modify as: 1 as gameload.
Tue Dec  4 00:38:15 2018 :: Vnum 10051|Signval: 1|Gameload|Total: 1
Tue Dec  4 00:38:15 2018 :: Called for vnum: 10051 to modify as: 1 as gameload.
Tue Dec  4 00:38:15 2018 :: Vnum 10051|Signval: 1|Gameload|Total: 2
Tue Dec  4 00:38:15 2018 :: [*****] BUG: Equip_char: already equipped (5).
Tue Dec  4 00:38:15 2018 :: [*****] BUG: Equip_char: already equipped (-1).
Tue Dec  4 00:38:15 2018 :: [*****] BUG: Equip_char: already equipped (-1).
Tue Dec  4 00:38:15 2018 :: [*****] BUG: Equip_char: already equipped (-1).
Tue Dec  4 00:38:15 2018 :: [*****] BUG: Equip_char: already equipped (-1).
Tue Dec  4 00:38:15 2018 :: [*****] BUG: Equip_char: already equipped (-1).
Tue Dec  4 00:38:15 2018 :: [*****] BUG: Equip_char: already equipped (-1).
Tue Dec  4 00:38:15 2018 :: [*****] BUG: Equip_char: already equipped (-1).
Tue Dec  4 00:38:15 2018 :: Called for vnum: 29215 to modify as: 1 as gameload.
Tue Dec  4 00:38:15 2018 :: Vnum 29215|Signval: 1|Gameload|Total: 1
Tue Dec  4 00:38:15 2018 :: Called for vnum: 29215 to modify as: 1 as gameload.
Tue Dec  4 00:38:15 2018 :: Vnum 29215|Signval: 1|Gameload|Total: 2
Tue Dec  4 00:38:15 2018 :: [*****] BUG: Equip_char: already equipped (-1).
Tue Dec  4 00:38:15 2018 :: Called for vnum: 29240 to modify as: 1 as gameload.
Tue Dec  4 00:38:15 2018 :: Vnum 29240|Signval: 1|Gameload|Total: 1
Tue Dec  4 00:38:15 2018 :: Called for vnum: 29240 to modify as: 1 as gameload.
Tue Dec  4 00:38:15 2018 :: Vnum 29240|Signval: 1|Gameload|Total: 2
Tue Dec  4 00:38:15 2018 :: Called for vnum: 29240 to modify as: 1 as gameload.
Tue Dec  4 00:38:15 2018 :: Vnum 29240|Signval: 1|Gameload|Total: 3
Tue Dec  4 00:38:15 2018 :: Called for vnum: 28114 to modify as: 1 as gameload.
Tue Dec  4 00:38:15 2018 :: Vnum 28114|Signval: 1|Gameload|Total: 1
Tue Dec  4 00:38:15 2018 :: Ended Area Update
Tue Dec  4 00:38:15 2018 :: Ended Loading Notes
Tue Dec  4 00:38:15 2018 :: Ended Loading Ban
Tue Dec  4 00:38:15 2018 :: Ended Loading Pkills
Tue Dec  4 00:38:15 2018 :: TOC is ready to rock on port 9000.
Tue Dec  4 00:38:15 2018 :: Setting up signals.
Tue Dec  4 00:38:15 2018 :: Automated backup complete.
tar: Removing leading `../' from member names
Tue Dec  4 00:38:18 2018 :: Sock.sinaddr:  127.0.0.1
Tue Dec  4 00:38:19 2018 :: Loading Killuminati's playerfile
Tue Dec  4 00:38:19 2018 :: Killuminati@localhost has connected. [Room: 4208]
Tue Dec  4 00:38:25 2018 :: Sock.sinaddr:  173.22.228.146
Tue Dec  4 00:46:53 2018 :: EOF encountered on read.
Tue Dec  4 00:46:58 2018 :: Sock.sinaddr:  127.0.0.1
Tue Dec  4 00:46:58 2018 :: Loading Astarti's playerfile
Tue Dec  4 00:46:59 2018 :: Astarti@localhost has connected. [Room: 29206]
Tue Dec  4 00:47:19 2018 :: Log Killuminati: trust ast 69
Tue Dec  4 00:47:24 2018 :: Log Killuminati: trust ast 69
Tue Dec  4 00:47:31 2018 :: Log Astarti: adv self 54
Tue Dec  4 00:47:34 2018 :: Log Astarti: adv self 50
Tue Dec  4 00:47:59 2018 :: Log Astarti: adv self 51
Tue Dec  4 00:48:11 2018 :: Log Astarti: adv self 54
Tue Dec  4 00:48:56 2018 :: Log Astarti: restore sefl
Tue Dec  4 00:49:00 2018 :: Log Astarti: restore self
Tue Dec  4 00:52:22 2018 :: Astarti has quit. [Room: 1]
Tue Dec  4 00:52:32 2018 :: Sock.sinaddr:  127.0.0.1
Tue Dec  4 00:52:33 2018 :: Loading Astarti's playerfile
Tue Dec  4 00:52:33 2018 :: Astarti@localhost has connected. [Room: 1]
Tue Dec  4 00:52:43 2018 :: Astarti has quit. [Room: 1]
Tue Dec  4 00:52:53 2018 :: Sock.sinaddr:  127.0.0.1
Tue Dec  4 00:52:54 2018 :: Loading Astarti's playerfile
Tue Dec  4 00:52:54 2018 :: Astarti@localhost has connected. [Room: 1]
Tue Dec  4 00:53:06 2018 :: Astarti has quit. [Room: 1]
Tue Dec  4 00:53:14 2018 :: Sock.sinaddr:  127.0.0.1
Tue Dec  4 00:53:14 2018 :: Loading Astarti's playerfile
Tue Dec  4 00:53:15 2018 :: Astarti@localhost has connected. [Room: 1]
Tue Dec  4 00:54:21 2018 :: Log Astarti: or
Tue Dec  4 01:02:47 2018 :: Astarti has quit. [Room: 2]
Tue Dec  4 01:02:57 2018 :: Sock.sinaddr:  127.0.0.1
Tue Dec  4 01:02:57 2018 :: Loading Astarti's playerfile
Tue Dec  4 01:02:58 2018 :: Astarti@localhost has connected. [Room: 29206]
Tue Dec  4 01:12:20 2018 :: Astarti has quit. [Room: 2]
Tue Dec  4 01:12:30 2018 :: Sock.sinaddr:  127.0.0.1
Tue Dec  4 01:12:30 2018 :: Loading Astarti's playerfile
Tue Dec  4 01:12:31 2018 :: Astarti@localhost has connected. [Room: 29206]
Tue Dec  4 01:21:45 2018 :: Astarti has quit. [Room: 2]
Tue Dec  4 01:21:56 2018 :: Sock.sinaddr:  127.0.0.1
Tue Dec  4 01:21:56 2018 :: Loading Astarti's playerfile
Tue Dec  4 01:21:57 2018 :: Astarti@localhost has connected. [Room: 29206]
Tue Dec  4 01:31:13 2018 :: Astarti has quit. [Room: 2]
Tue Dec  4 01:31:24 2018 :: Sock.sinaddr:  127.0.0.1
Tue Dec  4 01:31:24 2018 :: Loading Astarti's playerfile
Tue Dec  4 01:31:24 2018 :: Astarti@localhost has connected. [Room: 29206]
Tue Dec  4 01:39:54 2018 :: Astarti has quit. [Room: 2]
Tue Dec  4 01:40:04 2018 :: Sock.sinaddr:  127.0.0.1
Tue Dec  4 01:40:05 2018 :: Loading Astarti's playerfile
Tue Dec  4 01:40:05 2018 :: Astarti@localhost has connected. [Room: 29206]
Tue Dec  4 01:49:06 2018 :: Astarti has quit. [Room: 2]
Tue Dec  4 01:49:17 2018 :: Sock.sinaddr:  127.0.0.1
Tue Dec  4 01:49:17 2018 :: Loading Astarti's playerfile
Tue Dec  4 01:49:18 2018 :: Astarti@localhost has connected. [Room: 29206]
Tue Dec  4 01:57:47 2018 :: Astarti has quit. [Room: 2]
Tue Dec  4 01:57:58 2018 :: Sock.sinaddr:  127.0.0.1
Tue Dec  4 01:57:58 2018 :: Loading Astarti's playerfile
Tue Dec  4 01:57:58 2018 :: Astarti@localhost has connected. [Room: 29206]
Tue Dec  4 02:07:16 2018 :: Astarti has quit. [Room: 2]
Tue Dec  4 02:07:26 2018 :: Sock.sinaddr:  127.0.0.1
Tue Dec  4 02:07:27 2018 :: Loading Astarti's playerfile
Tue Dec  4 02:07:27 2018 :: Astarti@localhost has connected. [Room: 29206]
Tue Dec  4 02:15:41 2018 :: Astarti has quit. [Room: 2]
Tue Dec  4 02:15:52 2018 :: Sock.sinaddr:  127.0.0.1
Tue Dec  4 02:15:52 2018 :: Loading Astarti's playerfile
Tue Dec  4 02:15:52 2018 :: Astarti@localhost has connected. [Room: 29206]
Tue Dec  4 02:25:05 2018 :: Astarti has quit. [Room: 2]
Tue Dec  4 02:25:15 2018 :: Sock.sinaddr:  127.0.0.1
Tue Dec  4 02:25:16 2018 :: Loading Astarti's playerfile
Tue Dec  4 02:25:16 2018 :: Astarti@localhost has connected. [Room: 29206]
Tue Dec  4 02:35:03 2018 :: Astarti has quit. [Room: 2]
Tue Dec  4 02:35:14 2018 :: Sock.sinaddr:  127.0.0.1
Tue Dec  4 02:35:14 2018 :: Loading Astarti's playerfile
Tue Dec  4 02:35:14 2018 :: Astarti@localhost has connected. [Room: 29206]
Tue Dec  4 02:44:43 2018 :: Astarti has quit. [Room: 2]
Tue Dec  4 02:44:54 2018 :: Sock.sinaddr:  127.0.0.1
Tue Dec  4 02:44:54 2018 :: Loading Astarti's playerfile
Tue Dec  4 02:44:55 2018 :: Astarti@localhost has connected. [Room: 29206]
Tue Dec  4 02:54:08 2018 :: Astarti has quit. [Room: 2]
Tue Dec  4 02:54:18 2018 :: Sock.sinaddr:  127.0.0.1
Tue Dec  4 02:54:19 2018 :: Loading Astarti's playerfile
Tue Dec  4 02:54:19 2018 :: Astarti@localhost has connected. [Room: 29206]
Tue Dec  4 03:03:11 2018 :: Astarti has quit. [Room: 2]
Tue Dec  4 03:03:22 2018 :: Sock.sinaddr:  127.0.0.1
Tue Dec  4 03:03:22 2018 :: Loading Astarti's playerfile
Tue Dec  4 03:03:23 2018 :: Astarti@localhost has connected. [Room: 29206]
Tue Dec  4 03:12:27 2018 :: Astarti has quit. [Room: 2]
Tue Dec  4 03:12:38 2018 :: Sock.sinaddr:  127.0.0.1
Tue Dec  4 03:12:38 2018 :: Loading Astarti's playerfile
Tue Dec  4 03:12:38 2018 :: Astarti@localhost has connected. [Room: 29206]
Tue Dec  4 03:16:30 2018 :: Astarti has quit. [Room: 29206]
Tue Dec  4 08:03:53 2018 :: Sock.sinaddr:  75.138.87.23
Tue Dec  4 08:03:54 2018 :: EOF encountered on read.
Tue Dec  4 11:55:02 2018 :: Sock.sinaddr:  71.6.167.142
Tue Dec  4 11:55:03 2018 :: Sock.sinaddr:  71.6.167.142
Tue Dec  4 11:55:04 2018 :: EOF encountered on read.
Tue Dec  4 11:55:09 2018 :: EOF encountered on read.
