Tue Dec  4 18:08:00 2018 :: LOADING COMM TABLE
Tue Dec  4 18:08:00 2018 ::  INIT OK 
Tue Dec  4 18:08:00 2018 :: Ended LOADING COMM TABLE
Tue Dec  4 18:08:00 2018 :: Ended Fixing Exits
Tue Dec  4 18:08:00 2018 :: Called for vnum: 3715 to modify as: 1 as gameload.
Tue Dec  4 18:08:00 2018 :: Vnum 3715|Signval: 1|Gameload|Total: 1
Tue Dec  4 18:08:00 2018 :: Called for vnum: 717 to modify as: 1 as gameload.
Tue Dec  4 18:08:00 2018 :: Vnum 717|Signval: 1|Gameload|Total: 1
Tue Dec  4 18:08:00 2018 :: Called for vnum: 717 to modify as: 1 as gameload.
Tue Dec  4 18:08:00 2018 :: Vnum 717|Signval: 1|Gameload|Total: 2
Tue Dec  4 18:08:00 2018 :: Called for vnum: 911 to modify as: 1 as gameload.
Tue Dec  4 18:08:00 2018 :: Vnum 911|Signval: 1|Gameload|Total: 1
Tue Dec  4 18:08:00 2018 :: Called for vnum: 911 to modify as: 1 as gameload.
Tue Dec  4 18:08:00 2018 :: Vnum 911|Signval: 1|Gameload|Total: 2
Tue Dec  4 18:08:00 2018 :: Called for vnum: 1388 to modify as: 1 as gameload.
Tue Dec  4 18:08:00 2018 :: Vnum 1388|Signval: 1|Gameload|Total: 1
Tue Dec  4 18:08:00 2018 :: Called for vnum: 7664 to modify as: 1 as gameload.
Tue Dec  4 18:08:00 2018 :: Vnum 7664|Signval: 1|Gameload|Total: 1
Tue Dec  4 18:08:00 2018 :: Called for vnum: 7665 to modify as: 1 as gameload.
Tue Dec  4 18:08:00 2018 :: Vnum 7665|Signval: 1|Gameload|Total: 1
Tue Dec  4 18:08:00 2018 :: Called for vnum: 17713 to modify as: 1 as gameload.
Tue Dec  4 18:08:00 2018 :: Vnum 17713|Signval: 1|Gameload|Total: 1
Tue Dec  4 18:08:00 2018 :: [*****] BUG: Equip_char: already equipped (-1).
Tue Dec  4 18:08:00 2018 :: Called for vnum: 10051 to modify as: 1 as gameload.
Tue Dec  4 18:08:00 2018 :: Vnum 10051|Signval: 1|Gameload|Total: 1
Tue Dec  4 18:08:00 2018 :: Called for vnum: 10051 to modify as: 1 as gameload.
Tue Dec  4 18:08:00 2018 :: Vnum 10051|Signval: 1|Gameload|Total: 2
Tue Dec  4 18:08:00 2018 :: [*****] BUG: Equip_char: already equipped (5).
Tue Dec  4 18:08:00 2018 :: [*****] BUG: Equip_char: already equipped (-1).
Tue Dec  4 18:08:00 2018 :: [*****] BUG: Equip_char: already equipped (-1).
Tue Dec  4 18:08:00 2018 :: [*****] BUG: Equip_char: already equipped (-1).
Tue Dec  4 18:08:00 2018 :: [*****] BUG: Equip_char: already equipped (-1).
Tue Dec  4 18:08:00 2018 :: [*****] BUG: Equip_char: already equipped (-1).
Tue Dec  4 18:08:00 2018 :: [*****] BUG: Equip_char: already equipped (-1).
Tue Dec  4 18:08:00 2018 :: [*****] BUG: Equip_char: already equipped (-1).
Tue Dec  4 18:08:00 2018 :: Called for vnum: 29215 to modify as: 1 as gameload.
Tue Dec  4 18:08:00 2018 :: Vnum 29215|Signval: 1|Gameload|Total: 1
Tue Dec  4 18:08:00 2018 :: Called for vnum: 29215 to modify as: 1 as gameload.
Tue Dec  4 18:08:00 2018 :: Vnum 29215|Signval: 1|Gameload|Total: 2
Tue Dec  4 18:08:00 2018 :: Called for vnum: 29240 to modify as: 1 as gameload.
Tue Dec  4 18:08:00 2018 :: Vnum 29240|Signval: 1|Gameload|Total: 1
Tue Dec  4 18:08:00 2018 :: Called for vnum: 29240 to modify as: 1 as gameload.
Tue Dec  4 18:08:00 2018 :: Vnum 29240|Signval: 1|Gameload|Total: 2
Tue Dec  4 18:08:00 2018 :: Called for vnum: 29240 to modify as: 1 as gameload.
Tue Dec  4 18:08:00 2018 :: Vnum 29240|Signval: 1|Gameload|Total: 3
Tue Dec  4 18:08:00 2018 :: Called for vnum: 28114 to modify as: 1 as gameload.
Tue Dec  4 18:08:00 2018 :: Vnum 28114|Signval: 1|Gameload|Total: 1
Tue Dec  4 18:08:00 2018 :: Ended Area Update
Tue Dec  4 18:08:00 2018 :: Ended Loading Notes
Tue Dec  4 18:08:00 2018 :: Ended Loading Ban
Tue Dec  4 18:08:00 2018 :: Ended Loading Pkills
Tue Dec  4 18:08:00 2018 :: TOC is ready to rock on port 9000.
Tue Dec  4 18:08:00 2018 :: Setting up signals.
Tue Dec  4 18:08:01 2018 :: Automated backup complete.
tar: Removing leading `../' from member names
Tue Dec  4 18:08:17 2018 :: Sock.sinaddr:  127.0.0.1
Tue Dec  4 18:08:18 2018 :: Loading Killuminati's playerfile
Tue Dec  4 18:08:18 2018 :: Killuminati@localhost has connected. [Room: 4208]
Tue Dec  4 18:31:27 2018 :: Sock.sinaddr:  37.187.105.83
Tue Dec  4 18:31:27 2018 :: EOF encountered on read.
Tue Dec  4 18:54:00 2018 :: Sock.sinaddr:  85.121.125.61
Tue Dec  4 18:54:01 2018 :: EOF encountered on read.
Tue Dec  4 19:49:14 2018 :: Log Killuminati: slay
Tue Dec  4 19:49:14 2018 :: Log Killuminati: slay
