Tue Dec  4 20:00:24 2018 :: LOADING COMM TABLE
Tue Dec  4 20:00:24 2018 ::  INIT OK 
Tue Dec  4 20:00:24 2018 :: Ended LOADING COMM TABLE
Tue Dec  4 20:00:24 2018 :: Ended Fixing Exits
Tue Dec  4 20:00:24 2018 :: Called for vnum: 3715 to modify as: 1 as gameload.
Tue Dec  4 20:00:24 2018 :: Vnum 3715|Signval: 1|Gameload|Total: 1
Tue Dec  4 20:00:24 2018 :: Called for vnum: 717 to modify as: 1 as gameload.
Tue Dec  4 20:00:24 2018 :: Vnum 717|Signval: 1|Gameload|Total: 1
Tue Dec  4 20:00:24 2018 :: Called for vnum: 717 to modify as: 1 as gameload.
Tue Dec  4 20:00:24 2018 :: Vnum 717|Signval: 1|Gameload|Total: 2
Tue Dec  4 20:00:24 2018 :: Called for vnum: 911 to modify as: 1 as gameload.
Tue Dec  4 20:00:24 2018 :: Vnum 911|Signval: 1|Gameload|Total: 1
Tue Dec  4 20:00:24 2018 :: Called for vnum: 911 to modify as: 1 as gameload.
Tue Dec  4 20:00:24 2018 :: Vnum 911|Signval: 1|Gameload|Total: 2
Tue Dec  4 20:00:24 2018 :: Called for vnum: 1388 to modify as: 1 as gameload.
Tue Dec  4 20:00:24 2018 :: Vnum 1388|Signval: 1|Gameload|Total: 1
Tue Dec  4 20:00:24 2018 :: Called for vnum: 7664 to modify as: 1 as gameload.
Tue Dec  4 20:00:24 2018 :: Vnum 7664|Signval: 1|Gameload|Total: 1
Tue Dec  4 20:00:24 2018 :: Called for vnum: 7665 to modify as: 1 as gameload.
Tue Dec  4 20:00:24 2018 :: Vnum 7665|Signval: 1|Gameload|Total: 1
Tue Dec  4 20:00:24 2018 :: Called for vnum: 17713 to modify as: 1 as gameload.
Tue Dec  4 20:00:24 2018 :: Vnum 17713|Signval: 1|Gameload|Total: 1
Tue Dec  4 20:00:24 2018 :: [*****] BUG: Equip_char: already equipped (-1).
Tue Dec  4 20:00:24 2018 :: Called for vnum: 10051 to modify as: 1 as gameload.
Tue Dec  4 20:00:24 2018 :: Vnum 10051|Signval: 1|Gameload|Total: 1
Tue Dec  4 20:00:24 2018 :: Called for vnum: 10051 to modify as: 1 as gameload.
Tue Dec  4 20:00:24 2018 :: Vnum 10051|Signval: 1|Gameload|Total: 2
Tue Dec  4 20:00:24 2018 :: [*****] BUG: Equip_char: already equipped (5).
Tue Dec  4 20:00:24 2018 :: [*****] BUG: Equip_char: already equipped (-1).
Tue Dec  4 20:00:24 2018 :: [*****] BUG: Equip_char: already equipped (-1).
Tue Dec  4 20:00:24 2018 :: [*****] BUG: Equip_char: already equipped (-1).
Tue Dec  4 20:00:24 2018 :: [*****] BUG: Equip_char: already equipped (-1).
Tue Dec  4 20:00:24 2018 :: [*****] BUG: Equip_char: already equipped (-1).
Tue Dec  4 20:00:24 2018 :: [*****] BUG: Equip_char: already equipped (-1).
Tue Dec  4 20:00:24 2018 :: [*****] BUG: Equip_char: already equipped (-1).
Tue Dec  4 20:00:24 2018 :: Called for vnum: 29215 to modify as: 1 as gameload.
Tue Dec  4 20:00:24 2018 :: Vnum 29215|Signval: 1|Gameload|Total: 1
Tue Dec  4 20:00:24 2018 :: Called for vnum: 29215 to modify as: 1 as gameload.
Tue Dec  4 20:00:24 2018 :: Vnum 29215|Signval: 1|Gameload|Total: 2
Tue Dec  4 20:00:24 2018 :: [*****] BUG: Equip_char: already equipped (-1).
Tue Dec  4 20:00:24 2018 :: Called for vnum: 29240 to modify as: 1 as gameload.
Tue Dec  4 20:00:24 2018 :: Vnum 29240|Signval: 1|Gameload|Total: 1
Tue Dec  4 20:00:24 2018 :: Called for vnum: 29240 to modify as: 1 as gameload.
Tue Dec  4 20:00:24 2018 :: Vnum 29240|Signval: 1|Gameload|Total: 2
Tue Dec  4 20:00:24 2018 :: Called for vnum: 29240 to modify as: 1 as gameload.
Tue Dec  4 20:00:24 2018 :: Vnum 29240|Signval: 1|Gameload|Total: 3
Tue Dec  4 20:00:24 2018 :: Called for vnum: 28114 to modify as: 1 as gameload.
Tue Dec  4 20:00:24 2018 :: Vnum 28114|Signval: 1|Gameload|Total: 1
Tue Dec  4 20:00:24 2018 :: Ended Area Update
Tue Dec  4 20:00:24 2018 :: Ended Loading Notes
Tue Dec  4 20:00:24 2018 :: Ended Loading Ban
Tue Dec  4 20:00:24 2018 :: Ended Loading Pkills
Tue Dec  4 20:00:24 2018 :: TOC is ready to rock on port 9000.
Tue Dec  4 20:00:24 2018 :: Setting up signals.
Tue Dec  4 20:00:25 2018 :: Automated backup complete.
tar: Removing leading `../' from member names
Tue Dec  4 20:00:31 2018 :: Sock.sinaddr:  127.0.0.1
Tue Dec  4 20:00:32 2018 :: Loading Killuminati's playerfile
Tue Dec  4 20:00:32 2018 :: Killuminati@localhost has connected. [Room: 4208]
Tue Dec  4 20:03:34 2018 :: Sock.sinaddr:  173.22.228.146
Tue Dec  4 20:03:35 2018 :: Loading Kyrus's playerfile
Tue Dec  4 20:03:36 2018 :: Kyrus@173-22-228-146.client.mchsi.com has connected. [Room: 29203]
Tue Dec  4 20:03:56 2018 :: [XP TRACK]: Kyrus gained 208 XP.
Tue Dec  4 20:06:08 2018 :: [XP TRACK]: Kyrus gained 294 XP.
Tue Dec  4 20:06:26 2018 :: [XP TRACK]: Kyrus gained 318 XP.
Tue Dec  4 20:06:56 2018 :: [XP TRACK]: Kyrus gained 217 XP.
Tue Dec  4 20:07:32 2018 :: [XP TRACK]: Kyrus gained 247 XP.
Tue Dec  4 20:35:28 2018 :: Kyrus has quit. [Room: 29206]
Tue Dec  4 20:35:28 2018 :: Called for vnum: 3715 to modify as: -1 as playerload.
Tue Dec  4 20:35:28 2018 :: Vnum 3715|Signval: -1|!Gameload|Total: 2
Tue Dec  4 20:35:28 2018 :: Called for vnum: 3715 to modify as: 1 as playerload.
Tue Dec  4 20:35:28 2018 :: Vnum 3715|Signval: 1|!Gameload|Total: 1
Tue Dec  4 20:35:28 2018 :: Called for vnum: 29215 to modify as: -1 as playerload.
Tue Dec  4 20:35:28 2018 :: Vnum 29215|Signval: -1|!Gameload|Total: 3
Tue Dec  4 20:35:28 2018 :: Called for vnum: 29215 to modify as: 1 as playerload.
Tue Dec  4 20:35:28 2018 :: Vnum 29215|Signval: 1|!Gameload|Total: 2
Tue Dec  4 20:35:28 2018 :: Called for vnum: 717 to modify as: -1 as playerload.
Tue Dec  4 20:35:28 2018 :: Vnum 717|Signval: -1|!Gameload|Total: 3
Tue Dec  4 20:35:28 2018 :: Called for vnum: 717 to modify as: 1 as playerload.
Tue Dec  4 20:35:28 2018 :: Vnum 717|Signval: 1|!Gameload|Total: 2
Tue Dec  4 20:35:28 2018 :: Called for vnum: 717 to modify as: -1 as playerload.
Tue Dec  4 20:35:28 2018 :: Vnum 717|Signval: -1|!Gameload|Total: 3
Tue Dec  4 20:35:28 2018 :: Called for vnum: 717 to modify as: 1 as playerload.
Tue Dec  4 20:35:28 2018 :: Vnum 717|Signval: 1|!Gameload|Total: 2
Tue Dec  4 20:36:24 2018 :: Sock.sinaddr:  173.22.228.146
Tue Dec  4 20:36:26 2018 :: Loading Kyrus's playerfile
Tue Dec  4 20:36:27 2018 :: Kyrus@173-22-228-146.client.mchsi.com has connected. [Room: 29206]
Tue Dec  4 20:39:51 2018 :: [XP TRACK]: Kyrus gained 225 XP.
Tue Dec  4 20:40:40 2018 :: Log Kyrus: depos 924
Tue Dec  4 20:41:19 2018 :: Sock.sinaddr:  97.88.72.5
Tue Dec  4 20:41:23 2018 :: Loading Wentworth's playerfile
Tue Dec  4 20:41:25 2018 :: Wentworth@97-88-72-5.dhcp.stls.mo.charter.com has connected. [Room: 4210]
Tue Dec  4 20:41:39 2018 :: Log Kyrus: drop key
Tue Dec  4 20:42:26 2018 :: [XP TRACK]: Wentworth gained 350 XP.
Tue Dec  4 20:42:46 2018 :: [XP TRACK]: Wentworth gained 567 XP.
Tue Dec  4 20:42:59 2018 :: [XP TRACK]: Wentworth gained 488 XP.
Tue Dec  4 20:43:05 2018 :: [XP TRACK]: Wentworth gained 599 XP.
Tue Dec  4 20:44:05 2018 :: Log Wentworth: drop for
Tue Dec  4 20:44:29 2018 :: Log Wentworth: drop key
Tue Dec  4 20:45:11 2018 :: [XP TRACK]: Wentworth gained 419 XP.
Tue Dec  4 20:45:20 2018 :: Log Killuminati: restore Wentworth
Tue Dec  4 20:45:40 2018 :: [XP TRACK]: Wentworth gained 367 XP.
Tue Dec  4 20:45:54 2018 :: [XP TRACK]: Wentworth gained 363 XP.
Tue Dec  4 20:46:45 2018 :: [XP TRACK]: Wentworth gained 512 XP.
Tue Dec  4 20:47:06 2018 :: [XP TRACK]: Wentworth gained 573 XP.
Tue Dec  4 20:47:21 2018 :: Log Wentworth: exc
Tue Dec  4 20:51:50 2018 :: Log Killuminati: restore Wentworth
Tue Dec  4 20:52:11 2018 :: [XP TRACK]: Wentworth gained 384 XP.
Tue Dec  4 20:52:28 2018 :: [XP TRACK]: Wentworth gained 401 XP.
Tue Dec  4 20:52:43 2018 :: [XP TRACK]: Wentworth gained 288 XP.
Tue Dec  4 20:52:55 2018 :: [XP TRACK]: Wentworth gained 448 XP.
Tue Dec  4 20:53:13 2018 :: [XP TRACK]: Wentworth gained 486 XP.
Tue Dec  4 20:53:30 2018 :: [XP TRACK]: Wentworth gained 485 XP.
Tue Dec  4 20:53:53 2018 :: [XP TRACK]: Wentworth gained 499 XP.
Tue Dec  4 20:54:11 2018 :: [XP TRACK]: Wentworth gained 456 XP.
Tue Dec  4 20:54:29 2018 :: [XP TRACK]: Wentworth gained 390 XP.
Tue Dec  4 20:54:56 2018 :: [XP TRACK]: Wentworth gained 569 XP.
Tue Dec  4 20:54:59 2018 :: Log Killuminati: restore Wentworth
Tue Dec  4 20:55:05 2018 :: [XP TRACK]: Wentworth gained 595 XP.
Tue Dec  4 20:55:36 2018 :: Log Wentworth: exc
Tue Dec  4 20:57:13 2018 :: Wentworth has quit. [Room: 4210]
Tue Dec  4 20:57:13 2018 :: Called for vnum: 3715 to modify as: -1 as playerload.
Tue Dec  4 20:57:13 2018 :: Vnum 3715|Signval: -1|!Gameload|Total: 2
Tue Dec  4 20:57:13 2018 :: Called for vnum: 3715 to modify as: 1 as playerload.
Tue Dec  4 20:57:13 2018 :: Vnum 3715|Signval: 1|!Gameload|Total: 1
Tue Dec  4 20:57:13 2018 :: Called for vnum: 29215 to modify as: -1 as playerload.
Tue Dec  4 20:57:13 2018 :: Vnum 29215|Signval: -1|!Gameload|Total: 3
Tue Dec  4 20:57:13 2018 :: Called for vnum: 29215 to modify as: 1 as playerload.
Tue Dec  4 20:57:13 2018 :: Vnum 29215|Signval: 1|!Gameload|Total: 2
Tue Dec  4 20:57:13 2018 :: Called for vnum: 717 to modify as: -1 as playerload.
Tue Dec  4 20:57:13 2018 :: Vnum 717|Signval: -1|!Gameload|Total: 3
Tue Dec  4 20:57:13 2018 :: Called for vnum: 717 to modify as: 1 as playerload.
Tue Dec  4 20:57:13 2018 :: Vnum 717|Signval: 1|!Gameload|Total: 2
Tue Dec  4 20:57:13 2018 :: Called for vnum: 717 to modify as: -1 as playerload.
Tue Dec  4 20:57:13 2018 :: Vnum 717|Signval: -1|!Gameload|Total: 3
Tue Dec  4 20:57:13 2018 :: Called for vnum: 717 to modify as: 1 as playerload.
Tue Dec  4 20:57:13 2018 :: Vnum 717|Signval: 1|!Gameload|Total: 2
Tue Dec  4 21:01:37 2018 :: Kyrus has quit. [Room: 29003]
Tue Dec  4 21:01:37 2018 :: Called for vnum: 3715 to modify as: -1 as playerload.
Tue Dec  4 21:01:37 2018 :: Vnum 3715|Signval: -1|!Gameload|Total: 2
Tue Dec  4 21:01:37 2018 :: Called for vnum: 3715 to modify as: 1 as playerload.
Tue Dec  4 21:01:37 2018 :: Vnum 3715|Signval: 1|!Gameload|Total: 1
Tue Dec  4 21:01:37 2018 :: Called for vnum: 29215 to modify as: -1 as playerload.
Tue Dec  4 21:01:37 2018 :: Vnum 29215|Signval: -1|!Gameload|Total: 3
Tue Dec  4 21:01:37 2018 :: Called for vnum: 29215 to modify as: 1 as playerload.
Tue Dec  4 21:01:37 2018 :: Vnum 29215|Signval: 1|!Gameload|Total: 2
Tue Dec  4 21:01:37 2018 :: Called for vnum: 717 to modify as: -1 as playerload.
Tue Dec  4 21:01:37 2018 :: Vnum 717|Signval: -1|!Gameload|Total: 3
Tue Dec  4 21:01:37 2018 :: Called for vnum: 717 to modify as: 1 as playerload.
Tue Dec  4 21:01:37 2018 :: Vnum 717|Signval: 1|!Gameload|Total: 2
Tue Dec  4 21:01:37 2018 :: Called for vnum: 717 to modify as: -1 as playerload.
Tue Dec  4 21:01:37 2018 :: Vnum 717|Signval: -1|!Gameload|Total: 3
Tue Dec  4 21:01:37 2018 :: Called for vnum: 717 to modify as: 1 as playerload.
Tue Dec  4 21:01:37 2018 :: Vnum 717|Signval: 1|!Gameload|Total: 2
Tue Dec  4 21:12:30 2018 :: Sock.sinaddr:  173.22.228.146
Tue Dec  4 21:12:32 2018 :: Loading Kyrus's playerfile
Tue Dec  4 21:12:33 2018 :: Kyrus@173-22-228-146.client.mchsi.com has connected. [Room: 29003]
Tue Dec  4 22:04:41 2018 :: Kyrus has quit. [Room: 29003]
Tue Dec  4 22:04:41 2018 :: Called for vnum: 3715 to modify as: -1 as playerload.
Tue Dec  4 22:04:41 2018 :: Vnum 3715|Signval: -1|!Gameload|Total: 2
Tue Dec  4 22:04:41 2018 :: Called for vnum: 3715 to modify as: 1 as playerload.
Tue Dec  4 22:04:41 2018 :: Vnum 3715|Signval: 1|!Gameload|Total: 1
Tue Dec  4 22:04:41 2018 :: Called for vnum: 29215 to modify as: -1 as playerload.
Tue Dec  4 22:04:41 2018 :: Vnum 29215|Signval: -1|!Gameload|Total: 3
Tue Dec  4 22:04:41 2018 :: Called for vnum: 29215 to modify as: 1 as playerload.
Tue Dec  4 22:04:41 2018 :: Vnum 29215|Signval: 1|!Gameload|Total: 2
Tue Dec  4 22:04:41 2018 :: Called for vnum: 717 to modify as: -1 as playerload.
Tue Dec  4 22:04:41 2018 :: Vnum 717|Signval: -1|!Gameload|Total: 3
Tue Dec  4 22:04:41 2018 :: Called for vnum: 717 to modify as: 1 as playerload.
Tue Dec  4 22:04:41 2018 :: Vnum 717|Signval: 1|!Gameload|Total: 2
Tue Dec  4 22:04:41 2018 :: Called for vnum: 717 to modify as: -1 as playerload.
Tue Dec  4 22:04:41 2018 :: Vnum 717|Signval: -1|!Gameload|Total: 3
Tue Dec  4 22:04:41 2018 :: Called for vnum: 717 to modify as: 1 as playerload.
Tue Dec  4 22:04:41 2018 :: Vnum 717|Signval: 1|!Gameload|Total: 2
Tue Dec  4 22:53:32 2018 :: Sock.sinaddr:  69.118.183.45
Tue Dec  4 22:53:32 2018 :: EOF encountered on read.
Tue Dec  4 23:04:46 2018 :: Sock.sinaddr:  97.88.72.5
Tue Dec  4 23:04:49 2018 :: Loading Wentworth's playerfile
Tue Dec  4 23:04:50 2018 :: Wentworth@97-88-72-5.dhcp.stls.mo.charter.com has connected. [Room: 4210]
Tue Dec  4 23:05:21 2018 :: Log Wentworth: drop key
Tue Dec  4 23:07:04 2018 :: Log Killuminati: restore Wentworth
Tue Dec  4 23:07:40 2018 :: Log Killuminati: restore Wentworth
Tue Dec  4 23:07:51 2018 :: [XP TRACK]: Wentworth gained 187 XP.
Tue Dec  4 23:08:16 2018 :: Log Killuminati: restore Wentworth
Tue Dec  4 23:08:18 2018 :: [XP TRACK]: Wentworth gained 220 XP.
Tue Dec  4 23:08:45 2018 :: [XP TRACK]: Wentworth gained 227 XP.
Tue Dec  4 23:11:18 2018 :: Log Killuminati: restore Wentworth
Tue Dec  4 23:11:45 2018 :: [XP TRACK]: Wentworth gained 161 XP.
Tue Dec  4 23:12:06 2018 :: [XP TRACK]: Wentworth gained 53 XP.
Tue Dec  4 23:13:43 2018 :: Log Killuminati: restore Wentworth
Tue Dec  4 23:14:14 2018 :: [XP TRACK]: Wentworth gained 169 XP.
Tue Dec  4 23:14:49 2018 :: Log Wentworth: drop key
Tue Dec  4 23:16:42 2018 :: Log Wentworth: drop plate
Tue Dec  4 23:16:55 2018 :: Log Wentworth: drop bracer
Tue Dec  4 23:17:00 2018 :: Log Wentworth: drop leg
Tue Dec  4 23:17:02 2018 :: Log Wentworth: drop boots
Tue Dec  4 23:17:28 2018 :: Log Wentworth: drop sle
Tue Dec  4 23:17:34 2018 :: Log Wentworth: drop cloak
Tue Dec  4 23:18:30 2018 :: Log Killuminati: restore Wentworth
Tue Dec  4 23:18:43 2018 :: Log Wentworth: drop key
Tue Dec  4 23:18:57 2018 :: [XP TRACK]: Wentworth gained 376 XP.
Tue Dec  4 23:19:23 2018 :: [XP TRACK]: Wentworth gained 436 XP.
Tue Dec  4 23:19:43 2018 :: [XP TRACK]: Wentworth gained 497 XP.
Tue Dec  4 23:19:49 2018 :: [XP TRACK]: Wentworth gained 463 XP.
Tue Dec  4 23:20:01 2018 :: [XP TRACK]: Wentworth gained 381 XP.
Tue Dec  4 23:20:25 2018 :: [XP TRACK]: Wentworth gained 324 XP.
Tue Dec  4 23:20:46 2018 :: [XP TRACK]: Wentworth gained 488 XP.
Tue Dec  4 23:20:56 2018 :: Log Wentworth: drop amu
Tue Dec  4 23:20:56 2018 :: Log Wentworth: drop amu
Tue Dec  4 23:20:57 2018 :: Log Wentworth: drop amu
Tue Dec  4 23:21:14 2018 :: Log Killuminati: restore Wentworth
Tue Dec  4 23:21:20 2018 :: [XP TRACK]: Wentworth gained 432 XP.
Tue Dec  4 23:21:34 2018 :: [XP TRACK]: Wentworth gained 454 XP.
Tue Dec  4 23:21:40 2018 :: [XP TRACK]: Wentworth gained 447 XP.
Tue Dec  4 23:22:04 2018 :: [XP TRACK]: Wentworth gained 375 XP.
Tue Dec  4 23:22:25 2018 :: [XP TRACK]: Wentworth gained 340 XP.
Tue Dec  4 23:22:39 2018 :: [XP TRACK]: Wentworth gained 290 XP.
Tue Dec  4 23:22:39 2018 :: Log Killuminati: restore Wentworth
Tue Dec  4 23:22:52 2018 :: [XP TRACK]: Wentworth gained 330 XP.
Tue Dec  4 23:23:11 2018 :: [XP TRACK]: Wentworth gained 531 XP.
Tue Dec  4 23:23:28 2018 :: [XP TRACK]: Wentworth gained 500 XP.
Tue Dec  4 23:23:31 2018 :: [XP TRACK]: Wentworth gained 489 XP.
Tue Dec  4 23:23:46 2018 :: [XP TRACK]: Wentworth gained 375 XP.
Tue Dec  4 23:24:06 2018 :: [XP TRACK]: Wentworth gained 473 XP.
Tue Dec  4 23:24:20 2018 :: [XP TRACK]: Wentworth gained 525 XP.
Tue Dec  4 23:24:34 2018 :: [XP TRACK]: Wentworth gained 370 XP.
Tue Dec  4 23:25:13 2018 :: [XP TRACK]: Wentworth gained 424 XP.
Tue Dec  4 23:25:37 2018 :: Log Killuminati: restore Wentworth
Tue Dec  4 23:25:52 2018 :: [XP TRACK]: Wentworth gained 451 XP.
Tue Dec  4 23:26:22 2018 :: [XP TRACK]: Wentworth gained 410 XP.
Tue Dec  4 23:26:33 2018 :: Log Killuminati: restore Wentworth
Tue Dec  4 23:26:49 2018 :: [XP TRACK]: Wentworth gained 419 XP.
Tue Dec  4 23:26:54 2018 :: [XP TRACK]: Wentworth gained 410 XP.
Tue Dec  4 23:27:11 2018 :: Log Wentworth: drop gold
Tue Dec  4 23:27:12 2018 :: Log Wentworth: drop gold
Tue Dec  4 23:27:13 2018 :: Log Wentworth: drop gold
Tue Dec  4 23:27:26 2018 :: Log Wentworth: exc
Tue Dec  4 23:27:26 2018 :: Log Wentworth: exc
Tue Dec  4 23:27:26 2018 :: Log Wentworth: exc
Tue Dec  4 23:31:38 2018 :: Wentworth has quit. [Room: 4210]
Tue Dec  4 23:31:38 2018 :: Called for vnum: 3715 to modify as: -1 as playerload.
Tue Dec  4 23:31:38 2018 :: Vnum 3715|Signval: -1|!Gameload|Total: 2
Tue Dec  4 23:31:38 2018 :: Called for vnum: 3715 to modify as: 1 as playerload.
Tue Dec  4 23:31:38 2018 :: Vnum 3715|Signval: 1|!Gameload|Total: 1
Tue Dec  4 23:31:38 2018 :: Called for vnum: 29215 to modify as: -1 as playerload.
Tue Dec  4 23:31:38 2018 :: Vnum 29215|Signval: -1|!Gameload|Total: 3
Tue Dec  4 23:31:38 2018 :: Called for vnum: 29215 to modify as: 1 as playerload.
Tue Dec  4 23:31:38 2018 :: Vnum 29215|Signval: 1|!Gameload|Total: 2
Tue Dec  4 23:31:38 2018 :: Called for vnum: 717 to modify as: -1 as playerload.
Tue Dec  4 23:31:38 2018 :: Vnum 717|Signval: -1|!Gameload|Total: 3
Tue Dec  4 23:31:38 2018 :: Called for vnum: 717 to modify as: 1 as playerload.
Tue Dec  4 23:31:38 2018 :: Vnum 717|Signval: 1|!Gameload|Total: 2
Tue Dec  4 23:31:38 2018 :: Called for vnum: 717 to modify as: -1 as playerload.
Tue Dec  4 23:31:38 2018 :: Vnum 717|Signval: -1|!Gameload|Total: 3
Tue Dec  4 23:31:38 2018 :: Called for vnum: 717 to modify as: 1 as playerload.
Tue Dec  4 23:31:38 2018 :: Vnum 717|Signval: 1|!Gameload|Total: 2
Tue Dec  4 23:31:40 2018 :: Sock.sinaddr:  97.88.72.5
Tue Dec  4 23:31:42 2018 :: Loading Egrimm's playerfile
Tue Dec  4 23:31:43 2018 :: Egrimm@97-88-72-5.dhcp.stls.mo.charter.com has connected. [Room: 4208]
Tue Dec  4 23:31:45 2018 :: Log Egrimm: eq
Tue Dec  4 23:32:07 2018 :: Log Egrimm: sc
Tue Dec  4 23:37:11 2018 :: Log Egrimm: who
Tue Dec  4 23:37:13 2018 :: Log Egrimm: quit
Tue Dec  4 23:37:13 2018 :: Egrimm has quit. [Room: 4208]
Tue Dec  4 23:37:13 2018 :: Called for vnum: 29215 to modify as: -1 as playerload.
Tue Dec  4 23:37:13 2018 :: Vnum 29215|Signval: -1|!Gameload|Total: 3
Tue Dec  4 23:37:13 2018 :: Called for vnum: 29215 to modify as: 1 as playerload.
Tue Dec  4 23:37:13 2018 :: Vnum 29215|Signval: 1|!Gameload|Total: 2
Tue Dec  4 23:37:15 2018 :: Sock.sinaddr:  97.88.72.5
Tue Dec  4 23:37:16 2018 :: Loading Nero's playerfile
Tue Dec  4 23:37:18 2018 :: Nero@97-88-72-5.dhcp.stls.mo.charter.com has connected. [Room: 4208]
Tue Dec  4 23:38:01 2018 :: Nero has quit. [Room: 4208]
Tue Dec  4 23:38:01 2018 :: Called for vnum: 7664 to modify as: -1 as playerload.
Tue Dec  4 23:38:01 2018 :: Vnum 7664|Signval: -1|!Gameload|Total: 2
Tue Dec  4 23:38:01 2018 :: Called for vnum: 7664 to modify as: 1 as playerload.
Tue Dec  4 23:38:01 2018 :: Vnum 7664|Signval: 1|!Gameload|Total: 1
Tue Dec  4 23:38:01 2018 :: Called for vnum: 7665 to modify as: -1 as playerload.
Tue Dec  4 23:38:01 2018 :: Vnum 7665|Signval: -1|!Gameload|Total: 2
Tue Dec  4 23:38:01 2018 :: Called for vnum: 7665 to modify as: 1 as playerload.
Tue Dec  4 23:38:01 2018 :: Vnum 7665|Signval: 1|!Gameload|Total: 1
Tue Dec  4 23:38:01 2018 :: Called for vnum: 28114 to modify as: -1 as playerload.
Tue Dec  4 23:38:01 2018 :: Vnum 28114|Signval: -1|!Gameload|Total: 2
Tue Dec  4 23:38:01 2018 :: Called for vnum: 28114 to modify as: 1 as playerload.
Tue Dec  4 23:38:01 2018 :: Vnum 28114|Signval: 1|!Gameload|Total: 1
Wed Dec  5 00:58:22 2018 :: Sock.sinaddr:  93.97.177.23
Wed Dec  5 00:58:23 2018 :: EOF encountered on read.
Wed Dec  5 08:09:30 2018 :: Sock.sinaddr:  97.88.72.5
Wed Dec  5 08:09:33 2018 :: Loading Wentworth's playerfile
Wed Dec  5 08:09:35 2018 :: Wentworth@97-88-72-5.dhcp.stls.mo.charter.com has connected. [Room: 4210]
Wed Dec  5 08:09:47 2018 :: Log Killuminati: restore Wentworth
Wed Dec  5 08:10:07 2018 :: Log Killuminati: restore self
Wed Dec  5 08:10:07 2018 :: Log Killuminati: restore Wentworth 
Wed Dec  5 08:10:13 2018 :: Log Killuminati: restore self
Wed Dec  5 08:10:56 2018 :: [XP TRACK]: Wentworth gained 212 XP.
Wed Dec  5 08:11:31 2018 :: [XP TRACK]: Wentworth gained 147 XP.
Wed Dec  5 08:11:37 2018 :: Log Killuminati: restore Wentworth
Wed Dec  5 08:12:24 2018 :: Wentworth has quit. [Room: 4210]
Wed Dec  5 08:12:24 2018 :: Called for vnum: 3715 to modify as: -1 as playerload.
Wed Dec  5 08:12:24 2018 :: Vnum 3715|Signval: -1|!Gameload|Total: 2
Wed Dec  5 08:12:24 2018 :: Called for vnum: 3715 to modify as: 1 as playerload.
Wed Dec  5 08:12:24 2018 :: Vnum 3715|Signval: 1|!Gameload|Total: 1
Wed Dec  5 08:12:24 2018 :: Called for vnum: 29215 to modify as: -1 as playerload.
Wed Dec  5 08:12:24 2018 :: Vnum 29215|Signval: -1|!Gameload|Total: 3
Wed Dec  5 08:12:24 2018 :: Called for vnum: 29215 to modify as: 1 as playerload.
Wed Dec  5 08:12:24 2018 :: Vnum 29215|Signval: 1|!Gameload|Total: 2
Wed Dec  5 08:12:24 2018 :: Called for vnum: 717 to modify as: -1 as playerload.
Wed Dec  5 08:12:24 2018 :: Vnum 717|Signval: -1|!Gameload|Total: 3
Wed Dec  5 08:12:24 2018 :: Called for vnum: 717 to modify as: 1 as playerload.
Wed Dec  5 08:12:24 2018 :: Vnum 717|Signval: 1|!Gameload|Total: 2
Wed Dec  5 08:12:24 2018 :: Called for vnum: 717 to modify as: -1 as playerload.
Wed Dec  5 08:12:24 2018 :: Vnum 717|Signval: -1|!Gameload|Total: 3
Wed Dec  5 08:12:24 2018 :: Called for vnum: 717 to modify as: 1 as playerload.
Wed Dec  5 08:12:24 2018 :: Vnum 717|Signval: 1|!Gameload|Total: 2
Wed Dec  5 11:21:55 2018 :: Sock.sinaddr:  185.92.73.138
Wed Dec  5 11:22:09 2018 :: EOF encountered on read.
Wed Dec  5 11:52:25 2018 :: Sock.sinaddr:  194.28.112.53
Wed Dec  5 11:52:25 2018 :: Sock.sinaddr:  194.28.112.53
Wed Dec  5 11:52:25 2018 :: EOF encountered on read.
Wed Dec  5 11:52:26 2018 :: EOF encountered on read.
Wed Dec  5 13:55:13 2018 :: Sock.sinaddr:  185.153.198.250
Wed Dec  5 13:55:13 2018 :: Sock.sinaddr:  185.153.198.250
Wed Dec  5 13:55:13 2018 :: EOF encountered on read.
Wed Dec  5 13:55:14 2018 :: EOF encountered on read.
Wed Dec  5 13:55:14 2018 :: Sock.sinaddr:  185.153.198.250
Wed Dec  5 13:55:15 2018 :: EOF encountered on read.
Wed Dec  5 15:21:10 2018 :: Sock.sinaddr:  127.0.0.1
Wed Dec  5 15:21:11 2018 :: Loading Killuminati's playerfile
Wed Dec  5 15:21:14 2018 :: Loading Kyrus's playerfile
Wed Dec  5 15:21:16 2018 :: Kyrus@localhost has connected. [Room: 29003]
Wed Dec  5 15:22:36 2018 :: Kyrus has quit. [Room: 29003]
Wed Dec  5 15:22:36 2018 :: Called for vnum: 3715 to modify as: -1 as playerload.
Wed Dec  5 15:22:36 2018 :: Vnum 3715|Signval: -1|!Gameload|Total: 2
Wed Dec  5 15:22:36 2018 :: Called for vnum: 3715 to modify as: 1 as playerload.
Wed Dec  5 15:22:36 2018 :: Vnum 3715|Signval: 1|!Gameload|Total: 1
Wed Dec  5 15:22:36 2018 :: Called for vnum: 29215 to modify as: -1 as playerload.
Wed Dec  5 15:22:36 2018 :: Vnum 29215|Signval: -1|!Gameload|Total: 3
Wed Dec  5 15:22:36 2018 :: Called for vnum: 29215 to modify as: 1 as playerload.
Wed Dec  5 15:22:36 2018 :: Vnum 29215|Signval: 1|!Gameload|Total: 2
Wed Dec  5 15:22:36 2018 :: Called for vnum: 717 to modify as: -1 as playerload.
Wed Dec  5 15:22:36 2018 :: Vnum 717|Signval: -1|!Gameload|Total: 3
Wed Dec  5 15:22:36 2018 :: Called for vnum: 717 to modify as: 1 as playerload.
Wed Dec  5 15:22:36 2018 :: Vnum 717|Signval: 1|!Gameload|Total: 2
Wed Dec  5 15:22:36 2018 :: Called for vnum: 717 to modify as: -1 as playerload.
Wed Dec  5 15:22:36 2018 :: Vnum 717|Signval: -1|!Gameload|Total: 3
Wed Dec  5 15:22:36 2018 :: Called for vnum: 717 to modify as: 1 as playerload.
Wed Dec  5 15:22:36 2018 :: Vnum 717|Signval: 1|!Gameload|Total: 2
Wed Dec  5 15:22:42 2018 :: Sock.sinaddr:  127.0.0.1
Wed Dec  5 15:22:43 2018 :: Loading Killuminati's playerfile
Wed Dec  5 15:22:48 2018 :: Loading Kyrus's playerfile
Wed Dec  5 15:22:49 2018 :: Kyrus@localhost has connected. [Room: 29003]
Wed Dec  5 15:23:18 2018 :: Kyrus has quit. [Room: 29003]
Wed Dec  5 15:23:18 2018 :: Called for vnum: 3715 to modify as: -1 as playerload.
Wed Dec  5 15:23:18 2018 :: Vnum 3715|Signval: -1|!Gameload|Total: 2
Wed Dec  5 15:23:18 2018 :: Called for vnum: 3715 to modify as: 1 as playerload.
Wed Dec  5 15:23:18 2018 :: Vnum 3715|Signval: 1|!Gameload|Total: 1
Wed Dec  5 15:23:18 2018 :: Called for vnum: 29215 to modify as: -1 as playerload.
Wed Dec  5 15:23:18 2018 :: Vnum 29215|Signval: -1|!Gameload|Total: 3
Wed Dec  5 15:23:18 2018 :: Called for vnum: 29215 to modify as: 1 as playerload.
Wed Dec  5 15:23:18 2018 :: Vnum 29215|Signval: 1|!Gameload|Total: 2
Wed Dec  5 15:23:18 2018 :: Called for vnum: 717 to modify as: -1 as playerload.
Wed Dec  5 15:23:18 2018 :: Vnum 717|Signval: -1|!Gameload|Total: 3
Wed Dec  5 15:23:18 2018 :: Called for vnum: 717 to modify as: 1 as playerload.
Wed Dec  5 15:23:18 2018 :: Vnum 717|Signval: 1|!Gameload|Total: 2
Wed Dec  5 15:23:18 2018 :: Called for vnum: 717 to modify as: -1 as playerload.
Wed Dec  5 15:23:18 2018 :: Vnum 717|Signval: -1|!Gameload|Total: 3
Wed Dec  5 15:23:18 2018 :: Called for vnum: 717 to modify as: 1 as playerload.
Wed Dec  5 15:23:18 2018 :: Vnum 717|Signval: 1|!Gameload|Total: 2
Wed Dec  5 15:23:31 2018 :: Sock.sinaddr:  127.0.0.1
Wed Dec  5 15:23:36 2018 :: Loading Kyrus's playerfile
Wed Dec  5 15:23:36 2018 :: Kyrus@localhost has connected. [Room: 29003]
Wed Dec  5 15:24:15 2018 :: Log Killuminati: trans ky 29003
Wed Dec  5 15:24:23 2018 :: Log Killuminati: trans ky clo
Wed Dec  5 15:24:38 2018 :: Log Killuminati: restore self
Wed Dec  5 15:24:38 2018 :: Log Killuminati: restore kyrus 
Wed Dec  5 15:24:44 2018 :: Log Killuminati: restore self
Wed Dec  5 15:24:58 2018 :: Log Killuminati: slay clo
Wed Dec  5 15:24:58 2018 :: Log Killuminati: slay clo
Wed Dec  5 15:24:59 2018 :: Log Killuminati: slay clo
Wed Dec  5 15:24:59 2018 :: Log Killuminati: slay clo
Wed Dec  5 15:25:22 2018 :: [XP TRACK]: Kyrus gained 286 XP.
Wed Dec  5 15:26:15 2018 :: Log Killuminati: fsave
Wed Dec  5 15:26:18 2018 :: Log Killuminati: shutdown
Wed Dec  5 15:26:18 2018 :: Closing link to Kyrus.
Wed Dec  5 15:26:18 2018 :: Closing link to Killuminati.
Wed Dec  5 15:26:18 2018 :: Normal termination of game.
