Wed Dec  5 16:40:10 2018 :: LOADING COMM TABLE
Wed Dec  5 16:40:10 2018 ::  INIT OK 
Wed Dec  5 16:40:10 2018 :: Ended LOADING COMM TABLE
Wed Dec  5 16:40:10 2018 :: Ended Fixing Exits
Wed Dec  5 16:40:10 2018 :: Called for vnum: 3715 to modify as: 1 as gameload.
Wed Dec  5 16:40:10 2018 :: Vnum 3715|Signval: 1|Gameload|Total: 1
Wed Dec  5 16:40:10 2018 :: Called for vnum: 717 to modify as: 1 as gameload.
Wed Dec  5 16:40:10 2018 :: Vnum 717|Signval: 1|Gameload|Total: 1
Wed Dec  5 16:40:10 2018 :: Called for vnum: 717 to modify as: 1 as gameload.
Wed Dec  5 16:40:10 2018 :: Vnum 717|Signval: 1|Gameload|Total: 2
Wed Dec  5 16:40:10 2018 :: Called for vnum: 911 to modify as: 1 as gameload.
Wed Dec  5 16:40:10 2018 :: Vnum 911|Signval: 1|Gameload|Total: 1
Wed Dec  5 16:40:10 2018 :: Called for vnum: 911 to modify as: 1 as gameload.
Wed Dec  5 16:40:10 2018 :: Vnum 911|Signval: 1|Gameload|Total: 2
Wed Dec  5 16:40:10 2018 :: Called for vnum: 1388 to modify as: 1 as gameload.
Wed Dec  5 16:40:10 2018 :: Vnum 1388|Signval: 1|Gameload|Total: 1
Wed Dec  5 16:40:10 2018 :: Called for vnum: 7664 to modify as: 1 as gameload.
Wed Dec  5 16:40:10 2018 :: Vnum 7664|Signval: 1|Gameload|Total: 1
Wed Dec  5 16:40:10 2018 :: Called for vnum: 7665 to modify as: 1 as gameload.
Wed Dec  5 16:40:10 2018 :: Vnum 7665|Signval: 1|Gameload|Total: 1
Wed Dec  5 16:40:10 2018 :: Called for vnum: 17713 to modify as: 1 as gameload.
Wed Dec  5 16:40:10 2018 :: Vnum 17713|Signval: 1|Gameload|Total: 1
Wed Dec  5 16:40:10 2018 :: [*****] BUG: Equip_char: already equipped (-1).
Wed Dec  5 16:40:10 2018 :: Called for vnum: 10051 to modify as: 1 as gameload.
Wed Dec  5 16:40:10 2018 :: Vnum 10051|Signval: 1|Gameload|Total: 1
Wed Dec  5 16:40:10 2018 :: Called for vnum: 10051 to modify as: 1 as gameload.
Wed Dec  5 16:40:10 2018 :: Vnum 10051|Signval: 1|Gameload|Total: 2
Wed Dec  5 16:40:10 2018 :: [*****] BUG: Equip_char: already equipped (5).
Wed Dec  5 16:40:10 2018 :: [*****] BUG: Equip_char: already equipped (-1).
Wed Dec  5 16:40:10 2018 :: [*****] BUG: Equip_char: already equipped (-1).
Wed Dec  5 16:40:10 2018 :: [*****] BUG: Equip_char: already equipped (-1).
Wed Dec  5 16:40:10 2018 :: [*****] BUG: Equip_char: already equipped (-1).
Wed Dec  5 16:40:10 2018 :: [*****] BUG: Equip_char: already equipped (-1).
Wed Dec  5 16:40:10 2018 :: [*****] BUG: Equip_char: already equipped (-1).
Wed Dec  5 16:40:10 2018 :: [*****] BUG: Equip_char: already equipped (-1).
Wed Dec  5 16:40:10 2018 :: Called for vnum: 29215 to modify as: 1 as gameload.
Wed Dec  5 16:40:10 2018 :: Vnum 29215|Signval: 1|Gameload|Total: 1
Wed Dec  5 16:40:10 2018 :: Called for vnum: 29215 to modify as: 1 as gameload.
Wed Dec  5 16:40:10 2018 :: Vnum 29215|Signval: 1|Gameload|Total: 2
Wed Dec  5 16:40:10 2018 :: Called for vnum: 29240 to modify as: 1 as gameload.
Wed Dec  5 16:40:10 2018 :: Vnum 29240|Signval: 1|Gameload|Total: 1
Wed Dec  5 16:40:10 2018 :: Called for vnum: 29240 to modify as: 1 as gameload.
Wed Dec  5 16:40:10 2018 :: Vnum 29240|Signval: 1|Gameload|Total: 2
Wed Dec  5 16:40:10 2018 :: Called for vnum: 29240 to modify as: 1 as gameload.
Wed Dec  5 16:40:10 2018 :: Vnum 29240|Signval: 1|Gameload|Total: 3
Wed Dec  5 16:40:10 2018 :: Called for vnum: 28114 to modify as: 1 as gameload.
Wed Dec  5 16:40:10 2018 :: Vnum 28114|Signval: 1|Gameload|Total: 1
Wed Dec  5 16:40:10 2018 :: Ended Area Update
Wed Dec  5 16:40:10 2018 :: Ended Loading Notes
Wed Dec  5 16:40:10 2018 :: Ended Loading Ban
Wed Dec  5 16:40:10 2018 :: Ended Loading Pkills
Wed Dec  5 16:40:10 2018 :: TOC is ready to rock on port 9000.
Wed Dec  5 16:40:10 2018 :: Setting up signals.
Wed Dec  5 16:40:11 2018 :: Automated backup complete.
tar: Removing leading `../' from member names
Wed Dec  5 16:40:17 2018 :: Sock.sinaddr:  127.0.0.1
Wed Dec  5 16:40:17 2018 :: Sock.sinaddr:  127.0.0.1
Wed Dec  5 16:40:17 2018 :: Sock.sinaddr:  127.0.0.1
Wed Dec  5 16:40:17 2018 :: Loading Killuminati's playerfile
Wed Dec  5 16:40:17 2018 :: Killuminati@localhost has connected. [Room: 29206]
Wed Dec  5 16:40:18 2018 :: Loading Testies's playerfile
Wed Dec  5 16:40:18 2018 :: Testies@localhost has connected. [Room: 29208]
Wed Dec  5 16:40:31 2018 :: Loading Kyrus's playerfile
Wed Dec  5 16:40:31 2018 :: Kyrus@localhost has connected. [Room: 29206]
Wed Dec  5 16:40:39 2018 :: Log Killuminati: slay 2.clo
Wed Dec  5 16:40:40 2018 :: Log Killuminati: slay 2.clo
Wed Dec  5 16:40:56 2018 :: [XP TRACK]: Kyrus gained 227 XP.
Wed Dec  5 16:41:13 2018 :: Log Killuminati: trans clown
Wed Dec  5 16:41:23 2018 :: Log Killuminati: set mob clown level 57
Wed Dec  5 16:41:35 2018 :: [XP TRACK]: Testies gained 202 XP.
Wed Dec  5 16:41:53 2018 :: Log Killuminati: set mob clown level 57
Wed Dec  5 16:42:12 2018 :: Log Killuminati: trust test 69
Wed Dec  5 16:42:19 2018 :: Log Testies: adv self 54
Wed Dec  5 16:42:32 2018 :: [XP TRACK]: Testies gained 288 XP.
Wed Dec  5 16:42:59 2018 :: Log Testies: adv self 59
Wed Dec  5 16:43:05 2018 :: [XP TRACK]: Testies gained 1553 XP.
Wed Dec  5 16:43:45 2018 :: Log Killuminati: trans testies madman
Wed Dec  5 16:44:19 2018 :: Log Killuminati: adv self 58
Wed Dec  5 16:44:21 2018 :: [XP TRACK]: Killuminati gained 235 XP.
Wed Dec  5 16:44:25 2018 :: Log Killuminati: adv self 59
Wed Dec  5 16:44:27 2018 :: [XP TRACK]: Killuminati gained 877 XP.
Wed Dec  5 16:44:44 2018 :: [XP TRACK]: Killuminati gained 843 XP.
Wed Dec  5 16:45:21 2018 :: Log Killuminati: trans animated skele
Wed Dec  5 16:45:33 2018 :: [XP TRACK]: Killuminati gained 613 XP.
Wed Dec  5 16:46:40 2018 :: [XP TRACK]: Testies gained 798 XP.
Wed Dec  5 16:46:58 2018 :: Log Testies: qflag
Wed Dec  5 16:47:02 2018 :: Log Testies: qflag self
Wed Dec  5 16:47:10 2018 :: Log Testies: restore self
Wed Dec  5 16:47:39 2018 :: Log Testies: qflag self
Wed Dec  5 16:48:29 2018 :: Testies has quit. [Room: 4208]
Wed Dec  5 16:48:49 2018 :: Kyrus has quit. [Room: 2]
Wed Dec  5 16:48:49 2018 :: Called for vnum: 3715 to modify as: -1 as playerload.
Wed Dec  5 16:48:49 2018 :: Vnum 3715|Signval: -1|!Gameload|Total: 2
Wed Dec  5 16:48:49 2018 :: Called for vnum: 3715 to modify as: 1 as playerload.
Wed Dec  5 16:48:49 2018 :: Vnum 3715|Signval: 1|!Gameload|Total: 1
Wed Dec  5 16:48:49 2018 :: Called for vnum: 29215 to modify as: -1 as playerload.
Wed Dec  5 16:48:49 2018 :: Vnum 29215|Signval: -1|!Gameload|Total: 3
Wed Dec  5 16:48:49 2018 :: Called for vnum: 29215 to modify as: 1 as playerload.
Wed Dec  5 16:48:49 2018 :: Vnum 29215|Signval: 1|!Gameload|Total: 2
Wed Dec  5 16:48:49 2018 :: Called for vnum: 717 to modify as: -1 as playerload.
Wed Dec  5 16:48:49 2018 :: Vnum 717|Signval: -1|!Gameload|Total: 3
Wed Dec  5 16:48:49 2018 :: Called for vnum: 717 to modify as: 1 as playerload.
Wed Dec  5 16:48:49 2018 :: Vnum 717|Signval: 1|!Gameload|Total: 2
Wed Dec  5 16:48:49 2018 :: Called for vnum: 717 to modify as: -1 as playerload.
Wed Dec  5 16:48:49 2018 :: Vnum 717|Signval: -1|!Gameload|Total: 3
Wed Dec  5 16:48:49 2018 :: Called for vnum: 717 to modify as: 1 as playerload.
Wed Dec  5 16:48:49 2018 :: Vnum 717|Signval: 1|!Gameload|Total: 2
Wed Dec  5 16:49:00 2018 :: Sock.sinaddr:  127.0.0.1
Wed Dec  5 16:56:14 2018 :: Killuminati has quit. [Room: 2]
Wed Dec  5 16:56:24 2018 :: Sock.sinaddr:  127.0.0.1
Wed Dec  5 16:56:24 2018 :: Loading Killuminati's playerfile
Wed Dec  5 16:56:25 2018 :: Killuminati@localhost has connected. [Room: 29211]
