Wed Dec  5 17:21:08 2018 :: LOADING COMM TABLE
Wed Dec  5 17:21:08 2018 ::  INIT OK 
Wed Dec  5 17:21:08 2018 :: Ended LOADING COMM TABLE
Wed Dec  5 17:21:08 2018 :: Ended Fixing Exits
Wed Dec  5 17:21:08 2018 :: Called for vnum: 3715 to modify as: 1 as gameload.
Wed Dec  5 17:21:08 2018 :: Vnum 3715|Signval: 1|Gameload|Total: 1
Wed Dec  5 17:21:08 2018 :: Called for vnum: 717 to modify as: 1 as gameload.
Wed Dec  5 17:21:08 2018 :: Vnum 717|Signval: 1|Gameload|Total: 1
Wed Dec  5 17:21:08 2018 :: Called for vnum: 717 to modify as: 1 as gameload.
Wed Dec  5 17:21:08 2018 :: Vnum 717|Signval: 1|Gameload|Total: 2
Wed Dec  5 17:21:08 2018 :: Called for vnum: 911 to modify as: 1 as gameload.
Wed Dec  5 17:21:08 2018 :: Vnum 911|Signval: 1|Gameload|Total: 1
Wed Dec  5 17:21:08 2018 :: Called for vnum: 911 to modify as: 1 as gameload.
Wed Dec  5 17:21:08 2018 :: Vnum 911|Signval: 1|Gameload|Total: 2
Wed Dec  5 17:21:08 2018 :: Called for vnum: 1388 to modify as: 1 as gameload.
Wed Dec  5 17:21:08 2018 :: Vnum 1388|Signval: 1|Gameload|Total: 1
Wed Dec  5 17:21:08 2018 :: Called for vnum: 7664 to modify as: 1 as gameload.
Wed Dec  5 17:21:08 2018 :: Vnum 7664|Signval: 1|Gameload|Total: 1
Wed Dec  5 17:21:08 2018 :: Called for vnum: 7665 to modify as: 1 as gameload.
Wed Dec  5 17:21:08 2018 :: Vnum 7665|Signval: 1|Gameload|Total: 1
Wed Dec  5 17:21:08 2018 :: Called for vnum: 17713 to modify as: 1 as gameload.
Wed Dec  5 17:21:08 2018 :: Vnum 17713|Signval: 1|Gameload|Total: 1
Wed Dec  5 17:21:08 2018 :: [*****] BUG: Equip_char: already equipped (-1).
Wed Dec  5 17:21:08 2018 :: Called for vnum: 10051 to modify as: 1 as gameload.
Wed Dec  5 17:21:08 2018 :: Vnum 10051|Signval: 1|Gameload|Total: 1
Wed Dec  5 17:21:08 2018 :: Called for vnum: 10051 to modify as: 1 as gameload.
Wed Dec  5 17:21:08 2018 :: Vnum 10051|Signval: 1|Gameload|Total: 2
Wed Dec  5 17:21:08 2018 :: [*****] BUG: Equip_char: already equipped (5).
Wed Dec  5 17:21:08 2018 :: [*****] BUG: Equip_char: already equipped (-1).
Wed Dec  5 17:21:08 2018 :: [*****] BUG: Equip_char: already equipped (-1).
Wed Dec  5 17:21:08 2018 :: [*****] BUG: Equip_char: already equipped (-1).
Wed Dec  5 17:21:08 2018 :: [*****] BUG: Equip_char: already equipped (-1).
Wed Dec  5 17:21:08 2018 :: [*****] BUG: Equip_char: already equipped (-1).
Wed Dec  5 17:21:08 2018 :: [*****] BUG: Equip_char: already equipped (-1).
Wed Dec  5 17:21:08 2018 :: [*****] BUG: Equip_char: already equipped (-1).
Wed Dec  5 17:21:08 2018 :: Called for vnum: 29215 to modify as: 1 as gameload.
Wed Dec  5 17:21:08 2018 :: Vnum 29215|Signval: 1|Gameload|Total: 1
Wed Dec  5 17:21:08 2018 :: Called for vnum: 29215 to modify as: 1 as gameload.
Wed Dec  5 17:21:08 2018 :: Vnum 29215|Signval: 1|Gameload|Total: 2
Wed Dec  5 17:21:08 2018 :: Called for vnum: 29240 to modify as: 1 as gameload.
Wed Dec  5 17:21:08 2018 :: Vnum 29240|Signval: 1|Gameload|Total: 1
Wed Dec  5 17:21:08 2018 :: Called for vnum: 29240 to modify as: 1 as gameload.
Wed Dec  5 17:21:08 2018 :: Vnum 29240|Signval: 1|Gameload|Total: 2
Wed Dec  5 17:21:08 2018 :: Called for vnum: 29240 to modify as: 1 as gameload.
Wed Dec  5 17:21:08 2018 :: Vnum 29240|Signval: 1|Gameload|Total: 3
Wed Dec  5 17:21:08 2018 :: Called for vnum: 28114 to modify as: 1 as gameload.
Wed Dec  5 17:21:08 2018 :: Vnum 28114|Signval: 1|Gameload|Total: 1
Wed Dec  5 17:21:08 2018 :: Ended Area Update
Wed Dec  5 17:21:08 2018 :: Ended Loading Notes
Wed Dec  5 17:21:08 2018 :: Ended Loading Ban
Wed Dec  5 17:21:08 2018 :: Ended Loading Pkills
Wed Dec  5 17:21:08 2018 :: TOC is ready to rock on port 9000.
Wed Dec  5 17:21:08 2018 :: Setting up signals.
Wed Dec  5 17:21:09 2018 :: Automated backup complete.
tar: Removing leading `../' from member names
Wed Dec  5 17:21:15 2018 :: Sock.sinaddr:  127.0.0.1
Wed Dec  5 17:21:15 2018 :: Sock.sinaddr:  127.0.0.1
Wed Dec  5 17:21:15 2018 :: Sock.sinaddr:  127.0.0.1
Wed Dec  5 17:21:16 2018 :: Loading Killuminati's playerfile
Wed Dec  5 17:21:16 2018 :: Loading Testies's playerfile
Wed Dec  5 17:21:16 2018 :: Killuminati@localhost has connected. [Room: 29206]
Wed Dec  5 17:21:16 2018 :: Testies@localhost has connected. [Room: 29204]
Wed Dec  5 17:21:22 2018 :: EOF encountered on read.
Wed Dec  5 17:21:22 2018 :: Closing link to Testies.
Wed Dec  5 17:21:27 2018 :: Loading Kyrus's playerfile
Wed Dec  5 17:21:27 2018 :: Kyrus@localhost has connected. [Room: 29206]
Wed Dec  5 17:21:45 2018 :: Log Killuminati: force clo s
Wed Dec  5 17:21:45 2018 :: Log Killuminati: force clo s
Wed Dec  5 17:21:55 2018 :: Log Killuminati: restore ky
Wed Dec  5 17:21:59 2018 :: Log Killuminati: restore self
Wed Dec  5 17:21:59 2018 :: Log Killuminati: restore ky 
Wed Dec  5 17:22:24 2018 :: [XP TRACK]: Kyrus gained 159 XP.
Wed Dec  5 17:23:01 2018 :: Log Killuminati: restore self
