Wed Dec  5 17:24:33 2018 :: LOADING COMM TABLE
Wed Dec  5 17:24:33 2018 ::  INIT OK 
Wed Dec  5 17:24:33 2018 :: Ended LOADING COMM TABLE
Wed Dec  5 17:24:33 2018 :: Ended Fixing Exits
Wed Dec  5 17:24:33 2018 :: Called for vnum: 3715 to modify as: 1 as gameload.
Wed Dec  5 17:24:33 2018 :: Vnum 3715|Signval: 1|Gameload|Total: 1
Wed Dec  5 17:24:33 2018 :: Called for vnum: 717 to modify as: 1 as gameload.
Wed Dec  5 17:24:33 2018 :: Vnum 717|Signval: 1|Gameload|Total: 1
Wed Dec  5 17:24:33 2018 :: Called for vnum: 717 to modify as: 1 as gameload.
Wed Dec  5 17:24:33 2018 :: Vnum 717|Signval: 1|Gameload|Total: 2
Wed Dec  5 17:24:33 2018 :: Called for vnum: 911 to modify as: 1 as gameload.
Wed Dec  5 17:24:33 2018 :: Vnum 911|Signval: 1|Gameload|Total: 1
Wed Dec  5 17:24:33 2018 :: Called for vnum: 911 to modify as: 1 as gameload.
Wed Dec  5 17:24:33 2018 :: Vnum 911|Signval: 1|Gameload|Total: 2
Wed Dec  5 17:24:33 2018 :: Called for vnum: 1388 to modify as: 1 as gameload.
Wed Dec  5 17:24:33 2018 :: Vnum 1388|Signval: 1|Gameload|Total: 1
Wed Dec  5 17:24:33 2018 :: Called for vnum: 7664 to modify as: 1 as gameload.
Wed Dec  5 17:24:33 2018 :: Vnum 7664|Signval: 1|Gameload|Total: 1
Wed Dec  5 17:24:33 2018 :: Called for vnum: 7665 to modify as: 1 as gameload.
Wed Dec  5 17:24:33 2018 :: Vnum 7665|Signval: 1|Gameload|Total: 1
Wed Dec  5 17:24:33 2018 :: Called for vnum: 17713 to modify as: 1 as gameload.
Wed Dec  5 17:24:33 2018 :: Vnum 17713|Signval: 1|Gameload|Total: 1
Wed Dec  5 17:24:33 2018 :: [*****] BUG: Equip_char: already equipped (-1).
Wed Dec  5 17:24:33 2018 :: Called for vnum: 10051 to modify as: 1 as gameload.
Wed Dec  5 17:24:33 2018 :: Vnum 10051|Signval: 1|Gameload|Total: 1
Wed Dec  5 17:24:33 2018 :: Called for vnum: 10051 to modify as: 1 as gameload.
Wed Dec  5 17:24:33 2018 :: Vnum 10051|Signval: 1|Gameload|Total: 2
Wed Dec  5 17:24:33 2018 :: [*****] BUG: Equip_char: already equipped (5).
Wed Dec  5 17:24:33 2018 :: [*****] BUG: Equip_char: already equipped (-1).
Wed Dec  5 17:24:33 2018 :: [*****] BUG: Equip_char: already equipped (-1).
Wed Dec  5 17:24:33 2018 :: [*****] BUG: Equip_char: already equipped (-1).
Wed Dec  5 17:24:33 2018 :: [*****] BUG: Equip_char: already equipped (-1).
Wed Dec  5 17:24:33 2018 :: [*****] BUG: Equip_char: already equipped (-1).
Wed Dec  5 17:24:33 2018 :: [*****] BUG: Equip_char: already equipped (-1).
Wed Dec  5 17:24:33 2018 :: [*****] BUG: Equip_char: already equipped (-1).
Wed Dec  5 17:24:33 2018 :: Called for vnum: 29215 to modify as: 1 as gameload.
Wed Dec  5 17:24:33 2018 :: Vnum 29215|Signval: 1|Gameload|Total: 1
Wed Dec  5 17:24:33 2018 :: Called for vnum: 29215 to modify as: 1 as gameload.
Wed Dec  5 17:24:33 2018 :: Vnum 29215|Signval: 1|Gameload|Total: 2
Wed Dec  5 17:24:33 2018 :: Called for vnum: 29240 to modify as: 1 as gameload.
Wed Dec  5 17:24:33 2018 :: Vnum 29240|Signval: 1|Gameload|Total: 1
Wed Dec  5 17:24:33 2018 :: Called for vnum: 29240 to modify as: 1 as gameload.
Wed Dec  5 17:24:33 2018 :: Vnum 29240|Signval: 1|Gameload|Total: 2
Wed Dec  5 17:24:33 2018 :: Called for vnum: 29240 to modify as: 1 as gameload.
Wed Dec  5 17:24:33 2018 :: Vnum 29240|Signval: 1|Gameload|Total: 3
Wed Dec  5 17:24:33 2018 :: Called for vnum: 28114 to modify as: 1 as gameload.
Wed Dec  5 17:24:33 2018 :: Vnum 28114|Signval: 1|Gameload|Total: 1
Wed Dec  5 17:24:33 2018 :: Ended Area Update
Wed Dec  5 17:24:33 2018 :: Ended Loading Notes
Wed Dec  5 17:24:33 2018 :: Ended Loading Ban
Wed Dec  5 17:24:33 2018 :: Ended Loading Pkills
Wed Dec  5 17:24:33 2018 :: TOC is ready to rock on port 9000.
Wed Dec  5 17:24:33 2018 :: Setting up signals.
Wed Dec  5 17:24:34 2018 :: Automated backup complete.
tar: Removing leading `../' from member names
Wed Dec  5 17:24:35 2018 :: Sock.sinaddr:  127.0.0.1
Wed Dec  5 17:24:36 2018 :: Loading Killuminati's playerfile
Wed Dec  5 17:24:36 2018 :: Killuminati@localhost has connected. [Room: 29206]
Wed Dec  5 17:24:39 2018 :: Log Killuminati: force clo s
Wed Dec  5 17:24:40 2018 :: Log Killuminati: force clo s
Wed Dec  5 17:24:42 2018 :: Sock.sinaddr:  127.0.0.1
Wed Dec  5 17:24:46 2018 :: Loading Kyrus's playerfile
Wed Dec  5 17:24:47 2018 :: Kyrus@localhost has connected. [Room: 29206]
Wed Dec  5 17:25:10 2018 :: [XP TRACK]: Kyrus gained 290 XP.
Wed Dec  5 17:25:22 2018 :: Log Killuminati: force clo n
Wed Dec  5 17:25:37 2018 :: Log Killuminati: set mob clo level 58
Wed Dec  5 17:26:07 2018 :: [XP TRACK]: Kyrus gained 243 XP.
Wed Dec  5 17:26:31 2018 :: Log Killuminati: trans ky thepit
Wed Dec  5 17:26:36 2018 :: Kyrus has quit. [Room: 4208]
Wed Dec  5 17:26:36 2018 :: Called for vnum: 3715 to modify as: -1 as playerload.
Wed Dec  5 17:26:36 2018 :: Vnum 3715|Signval: -1|!Gameload|Total: 2
Wed Dec  5 17:26:36 2018 :: Called for vnum: 3715 to modify as: 1 as playerload.
Wed Dec  5 17:26:36 2018 :: Vnum 3715|Signval: 1|!Gameload|Total: 1
Wed Dec  5 17:26:36 2018 :: Called for vnum: 29215 to modify as: -1 as playerload.
Wed Dec  5 17:26:36 2018 :: Vnum 29215|Signval: -1|!Gameload|Total: 3
Wed Dec  5 17:26:36 2018 :: Called for vnum: 29215 to modify as: 1 as playerload.
Wed Dec  5 17:26:36 2018 :: Vnum 29215|Signval: 1|!Gameload|Total: 2
Wed Dec  5 17:26:36 2018 :: Called for vnum: 717 to modify as: -1 as playerload.
Wed Dec  5 17:26:36 2018 :: Vnum 717|Signval: -1|!Gameload|Total: 3
Wed Dec  5 17:26:36 2018 :: Called for vnum: 717 to modify as: 1 as playerload.
Wed Dec  5 17:26:36 2018 :: Vnum 717|Signval: 1|!Gameload|Total: 2
Wed Dec  5 17:26:36 2018 :: Called for vnum: 717 to modify as: -1 as playerload.
Wed Dec  5 17:26:36 2018 :: Vnum 717|Signval: -1|!Gameload|Total: 3
Wed Dec  5 17:26:36 2018 :: Called for vnum: 717 to modify as: 1 as playerload.
Wed Dec  5 17:26:36 2018 :: Vnum 717|Signval: 1|!Gameload|Total: 2
Wed Dec  5 17:26:50 2018 :: Sock.sinaddr:  127.0.0.1
Wed Dec  5 17:26:50 2018 :: Loading Testies's playerfile
Wed Dec  5 17:26:51 2018 :: Testies@localhost has connected. [Room: 29204]
Wed Dec  5 17:28:02 2018 :: [XP TRACK]: Testies gained 59 XP.
Wed Dec  5 17:28:24 2018 :: Log Killuminati: load obj 29303
Wed Dec  5 17:28:33 2018 :: Log Killuminati: restore self
Wed Dec  5 17:28:33 2018 :: Log Killuminati: restore self 
Wed Dec  5 17:28:40 2018 :: Log Killuminati: restore self
Wed Dec  5 17:29:06 2018 :: Log Testies: adv self 58
Wed Dec  5 17:29:08 2018 :: Log Testies: adv self 59
Wed Dec  5 17:29:14 2018 :: Log Testies: adv self 58
Wed Dec  5 17:29:30 2018 :: Log Testies: fsave
Wed Dec  5 17:30:22 2018 :: Testies has quit. [Room: 29204]
Wed Dec  5 17:30:23 2018 :: Sock.sinaddr:  127.0.0.1
Wed Dec  5 17:30:24 2018 :: Loading Testies's playerfile
Wed Dec  5 17:30:24 2018 :: Testies@localhost has connected. [Room: 29204]
Wed Dec  5 17:30:38 2018 :: [XP TRACK]: Testies gained 158 XP.
Wed Dec  5 17:30:44 2018 :: Testies has quit. [Room: 29205]
Wed Dec  5 17:30:54 2018 :: Sock.sinaddr:  127.0.0.1
Wed Dec  5 17:30:54 2018 :: Loading Quit's playerfile
Wed Dec  5 17:31:02 2018 :: EOF encountered on read.
Wed Dec  5 17:31:02 2018 :: Sock.sinaddr:  127.0.0.1
Wed Dec  5 17:31:02 2018 :: Loading Testies's playerfile
Wed Dec  5 17:31:03 2018 :: Testies@localhost has connected. [Room: 29204]
Wed Dec  5 17:31:13 2018 :: [XP TRACK]: Testies gained 140 XP.
Wed Dec  5 17:31:22 2018 :: Testies killed by a Black Cloud at 29324
Wed Dec  5 17:31:25 2018 :: Log Testies: restore self
Wed Dec  5 17:31:48 2018 :: [XP TRACK]: Testies gained 191 XP.
Wed Dec  5 17:31:56 2018 :: [XP TRACK]: Testies gained 199 XP.
Wed Dec  5 17:32:14 2018 :: Testies has quit. [Room: 29206]
Wed Dec  5 17:32:20 2018 :: Sock.sinaddr:  127.0.0.1
Wed Dec  5 17:32:21 2018 :: Loading Testies's playerfile
Wed Dec  5 17:32:21 2018 :: Testies@localhost has connected. [Room: 29204]
Wed Dec  5 17:32:26 2018 :: [XP TRACK]: Testies gained 209 XP.
Wed Dec  5 17:32:26 2018 :: Testies has reached the pinnacle of mortal power!!!
Wed Dec  5 17:32:26 2018 :: Log Testies: restore self
Wed Dec  5 17:32:42 2018 :: Log Testies: adv self 22
Wed Dec  5 17:32:55 2018 :: Log Testies: restore self
Wed Dec  5 17:33:11 2018 :: Log Testies: adv self 19
