Wed Dec  5 17:37:54 2018 :: LOADING COMM TABLE
Wed Dec  5 17:37:54 2018 ::  INIT OK 
Wed Dec  5 17:37:54 2018 :: Ended LOADING COMM TABLE
Wed Dec  5 17:37:54 2018 :: Ended Fixing Exits
Wed Dec  5 17:37:54 2018 :: Called for vnum: 3715 to modify as: 1 as gameload.
Wed Dec  5 17:37:54 2018 :: Vnum 3715|Signval: 1|Gameload|Total: 1
Wed Dec  5 17:37:54 2018 :: Called for vnum: 717 to modify as: 1 as gameload.
Wed Dec  5 17:37:54 2018 :: Vnum 717|Signval: 1|Gameload|Total: 1
Wed Dec  5 17:37:54 2018 :: Called for vnum: 717 to modify as: 1 as gameload.
Wed Dec  5 17:37:54 2018 :: Vnum 717|Signval: 1|Gameload|Total: 2
Wed Dec  5 17:37:54 2018 :: Called for vnum: 911 to modify as: 1 as gameload.
Wed Dec  5 17:37:54 2018 :: Vnum 911|Signval: 1|Gameload|Total: 1
Wed Dec  5 17:37:54 2018 :: Called for vnum: 911 to modify as: 1 as gameload.
Wed Dec  5 17:37:54 2018 :: Vnum 911|Signval: 1|Gameload|Total: 2
Wed Dec  5 17:37:54 2018 :: Called for vnum: 1388 to modify as: 1 as gameload.
Wed Dec  5 17:37:54 2018 :: Vnum 1388|Signval: 1|Gameload|Total: 1
Wed Dec  5 17:37:54 2018 :: Called for vnum: 7664 to modify as: 1 as gameload.
Wed Dec  5 17:37:54 2018 :: Vnum 7664|Signval: 1|Gameload|Total: 1
Wed Dec  5 17:37:54 2018 :: Called for vnum: 7665 to modify as: 1 as gameload.
Wed Dec  5 17:37:54 2018 :: Vnum 7665|Signval: 1|Gameload|Total: 1
Wed Dec  5 17:37:54 2018 :: Called for vnum: 17713 to modify as: 1 as gameload.
Wed Dec  5 17:37:54 2018 :: Vnum 17713|Signval: 1|Gameload|Total: 1
Wed Dec  5 17:37:54 2018 :: [*****] BUG: Equip_char: already equipped (-1).
Wed Dec  5 17:37:54 2018 :: Called for vnum: 10051 to modify as: 1 as gameload.
Wed Dec  5 17:37:54 2018 :: Vnum 10051|Signval: 1|Gameload|Total: 1
Wed Dec  5 17:37:54 2018 :: Called for vnum: 10051 to modify as: 1 as gameload.
Wed Dec  5 17:37:54 2018 :: Vnum 10051|Signval: 1|Gameload|Total: 2
Wed Dec  5 17:37:54 2018 :: [*****] BUG: Equip_char: already equipped (5).
Wed Dec  5 17:37:54 2018 :: [*****] BUG: Equip_char: already equipped (-1).
Wed Dec  5 17:37:54 2018 :: [*****] BUG: Equip_char: already equipped (-1).
Wed Dec  5 17:37:54 2018 :: [*****] BUG: Equip_char: already equipped (-1).
Wed Dec  5 17:37:54 2018 :: [*****] BUG: Equip_char: already equipped (-1).
Wed Dec  5 17:37:54 2018 :: [*****] BUG: Equip_char: already equipped (-1).
Wed Dec  5 17:37:54 2018 :: [*****] BUG: Equip_char: already equipped (-1).
Wed Dec  5 17:37:54 2018 :: [*****] BUG: Equip_char: already equipped (-1).
Wed Dec  5 17:37:54 2018 :: Called for vnum: 29215 to modify as: 1 as gameload.
Wed Dec  5 17:37:54 2018 :: Vnum 29215|Signval: 1|Gameload|Total: 1
Wed Dec  5 17:37:54 2018 :: Called for vnum: 29215 to modify as: 1 as gameload.
Wed Dec  5 17:37:54 2018 :: Vnum 29215|Signval: 1|Gameload|Total: 2
Wed Dec  5 17:37:54 2018 :: [*****] BUG: Equip_char: already equipped (-1).
Wed Dec  5 17:37:54 2018 :: Called for vnum: 29240 to modify as: 1 as gameload.
Wed Dec  5 17:37:54 2018 :: Vnum 29240|Signval: 1|Gameload|Total: 1
Wed Dec  5 17:37:54 2018 :: Called for vnum: 29240 to modify as: 1 as gameload.
Wed Dec  5 17:37:54 2018 :: Vnum 29240|Signval: 1|Gameload|Total: 2
Wed Dec  5 17:37:54 2018 :: Called for vnum: 29240 to modify as: 1 as gameload.
Wed Dec  5 17:37:54 2018 :: Vnum 29240|Signval: 1|Gameload|Total: 3
Wed Dec  5 17:37:54 2018 :: Called for vnum: 28114 to modify as: 1 as gameload.
Wed Dec  5 17:37:54 2018 :: Vnum 28114|Signval: 1|Gameload|Total: 1
Wed Dec  5 17:37:54 2018 :: Ended Area Update
Wed Dec  5 17:37:54 2018 :: Ended Loading Notes
Wed Dec  5 17:37:54 2018 :: Ended Loading Ban
Wed Dec  5 17:37:54 2018 :: Ended Loading Pkills
Wed Dec  5 17:37:54 2018 :: TOC is ready to rock on port 9000.
Wed Dec  5 17:37:54 2018 :: Setting up signals.
Wed Dec  5 17:37:55 2018 :: Automated backup complete.
tar: Removing leading `../' from member names
Wed Dec  5 17:38:01 2018 :: Sock.sinaddr:  127.0.0.1
Wed Dec  5 17:38:01 2018 :: Sock.sinaddr:  127.0.0.1
Wed Dec  5 17:38:02 2018 :: Loading Killuminati's playerfile
Wed Dec  5 17:38:02 2018 :: Loading Testies's playerfile
Wed Dec  5 17:38:02 2018 :: Killuminati@localhost has connected. [Room: 4911]
Wed Dec  5 17:38:02 2018 :: Testies@localhost has connected. [Room: 25265]
Wed Dec  5 17:38:29 2018 :: Testies has quit. [Room: 25265]
Wed Dec  5 19:09:55 2018 :: Sock.sinaddr:  173.22.228.146
Wed Dec  5 19:10:00 2018 :: Loading Kyrus's playerfile
Wed Dec  5 19:10:01 2018 :: Kyrus@173-22-228-146.client.mchsi.com has connected. [Room: 4208]
Wed Dec  5 19:11:20 2018 :: Log Kyrus: drop key
Wed Dec  5 19:11:51 2018 :: [XP TRACK]: Kyrus gained 217 XP.
Wed Dec  5 19:12:24 2018 :: [XP TRACK]: Kyrus gained 251 XP.
Wed Dec  5 19:12:48 2018 :: [XP TRACK]: Kyrus gained 221 XP.
Wed Dec  5 19:13:04 2018 :: Log Killuminati: restore Kyrus
Wed Dec  5 19:13:19 2018 :: [XP TRACK]: Kyrus gained 265 XP.
Wed Dec  5 19:13:34 2018 :: [XP TRACK]: Kyrus gained 308 XP.
Wed Dec  5 19:14:01 2018 :: [XP TRACK]: Kyrus gained 325 XP.
Wed Dec  5 19:14:43 2018 :: [XP TRACK]: Kyrus gained 303 XP.
Wed Dec  5 19:14:51 2018 :: Kyrus has quit. [Room: 29202]
Wed Dec  5 19:14:51 2018 :: Called for vnum: 3715 to modify as: -1 as playerload.
Wed Dec  5 19:14:51 2018 :: Vnum 3715|Signval: -1|!Gameload|Total: 2
Wed Dec  5 19:14:51 2018 :: Called for vnum: 3715 to modify as: 1 as playerload.
Wed Dec  5 19:14:51 2018 :: Vnum 3715|Signval: 1|!Gameload|Total: 1
Wed Dec  5 19:14:51 2018 :: Called for vnum: 29215 to modify as: -1 as playerload.
Wed Dec  5 19:14:51 2018 :: Vnum 29215|Signval: -1|!Gameload|Total: 3
Wed Dec  5 19:14:51 2018 :: Called for vnum: 29215 to modify as: 1 as playerload.
Wed Dec  5 19:14:51 2018 :: Vnum 29215|Signval: 1|!Gameload|Total: 2
Wed Dec  5 19:14:51 2018 :: Called for vnum: 717 to modify as: -1 as playerload.
Wed Dec  5 19:14:51 2018 :: Vnum 717|Signval: -1|!Gameload|Total: 3
Wed Dec  5 19:14:51 2018 :: Called for vnum: 717 to modify as: 1 as playerload.
Wed Dec  5 19:14:51 2018 :: Vnum 717|Signval: 1|!Gameload|Total: 2
Wed Dec  5 19:14:51 2018 :: Called for vnum: 717 to modify as: -1 as playerload.
Wed Dec  5 19:14:51 2018 :: Vnum 717|Signval: -1|!Gameload|Total: 3
Wed Dec  5 19:14:51 2018 :: Called for vnum: 717 to modify as: 1 as playerload.
Wed Dec  5 19:14:51 2018 :: Vnum 717|Signval: 1|!Gameload|Total: 2
Wed Dec  5 20:03:46 2018 :: Sock.sinaddr:  173.22.228.146
Wed Dec  5 20:03:48 2018 :: Loading Kyrus's playerfile
Wed Dec  5 20:03:50 2018 :: Kyrus@173-22-228-146.client.mchsi.com has connected. [Room: 29202]
Wed Dec  5 20:04:14 2018 :: [XP TRACK]: Kyrus gained 206 XP.
Wed Dec  5 20:04:35 2018 :: [XP TRACK]: Kyrus gained 246 XP.
Wed Dec  5 20:04:56 2018 :: [XP TRACK]: Kyrus gained 315 XP.
Wed Dec  5 20:05:17 2018 :: [XP TRACK]: Kyrus gained 219 XP.
Wed Dec  5 20:05:50 2018 :: [XP TRACK]: Kyrus gained 246 XP.
Wed Dec  5 20:06:06 2018 :: Log Killuminati: restore Kyrus
Wed Dec  5 20:06:11 2018 :: [XP TRACK]: Kyrus gained 320 XP.
Wed Dec  5 20:06:32 2018 :: [XP TRACK]: Kyrus gained 229 XP.
Wed Dec  5 20:07:30 2018 :: [XP TRACK]: Kyrus gained 293 XP.
Wed Dec  5 20:07:30 2018 :: Log Kyrus: drop amulet
Wed Dec  5 20:08:48 2018 :: [XP TRACK]: Kyrus gained 326 XP.
Wed Dec  5 20:09:15 2018 :: [XP TRACK]: Kyrus gained 239 XP.
Wed Dec  5 20:09:32 2018 :: Log Killuminati: restore Kyrus
Wed Dec  5 20:09:42 2018 :: [XP TRACK]: Kyrus gained 315 XP.
Wed Dec  5 20:10:06 2018 :: [XP TRACK]: Kyrus gained 214 XP.
Wed Dec  5 20:10:21 2018 :: [XP TRACK]: Kyrus gained 324 XP.
Wed Dec  5 20:13:43 2018 :: Log Killuminati: restore self
Wed Dec  5 20:13:43 2018 :: Log Killuminati: restore Kyrus 
Wed Dec  5 20:13:49 2018 :: Log Killuminati: restore self
Wed Dec  5 20:16:21 2018 :: Sock.sinaddr:  173.22.228.146
Wed Dec  5 20:16:22 2018 :: Loading Kazuu's playerfile
Wed Dec  5 20:16:24 2018 :: Kazuu@173-22-228-146.client.mchsi.com has connected. [Room: 9982]
Wed Dec  5 20:18:37 2018 :: Kazuu has quit. [Room: 770]
Wed Dec  5 20:18:37 2018 :: Called for vnum: 3715 to modify as: -1 as playerload.
Wed Dec  5 20:18:37 2018 :: Vnum 3715|Signval: -1|!Gameload|Total: 2
Wed Dec  5 20:18:37 2018 :: Called for vnum: 3715 to modify as: 1 as playerload.
Wed Dec  5 20:18:37 2018 :: Vnum 3715|Signval: 1|!Gameload|Total: 1
Wed Dec  5 20:18:37 2018 :: Called for vnum: 3715 to modify as: -1 as playerload.
Wed Dec  5 20:18:37 2018 :: Vnum 3715|Signval: -1|!Gameload|Total: 2
Wed Dec  5 20:18:37 2018 :: Called for vnum: 3715 to modify as: 1 as playerload.
Wed Dec  5 20:18:37 2018 :: Vnum 3715|Signval: 1|!Gameload|Total: 1
Wed Dec  5 20:26:57 2018 :: [*****] BUG: Dam_message: bad dt -1.
Wed Dec  5 20:27:23 2018 :: [*****] BUG: Dam_message: bad dt -1.
Wed Dec  5 20:27:29 2018 :: [*****] BUG: Dam_message: bad dt -1.
Wed Dec  5 20:27:43 2018 :: [*****] BUG: Dam_message: bad dt -1.
Wed Dec  5 20:27:45 2018 :: Log Killuminati: restore Kyrus
Wed Dec  5 20:28:41 2018 :: [*****] BUG: Dam_message: bad dt -1.
Wed Dec  5 20:29:37 2018 :: [*****] BUG: Dam_message: bad dt -1.
Wed Dec  5 20:29:41 2018 :: [XP TRACK]: Kyrus gained 214 XP.
Wed Dec  5 20:29:59 2018 :: Log Kyrus: drop helm
Wed Dec  5 20:29:59 2018 :: Called for vnum: 29215 to modify as: -1 as playerload.
Wed Dec  5 20:29:59 2018 :: Vnum 29215|Signval: -1|!Gameload|Total: 3
Wed Dec  5 20:30:32 2018 :: [*****] BUG: Dam_message: bad dt -1.
Wed Dec  5 20:31:10 2018 :: Log Kyrus: drop ring
Wed Dec  5 20:31:17 2018 :: Log Kyrus: drop sc
Wed Dec  5 20:31:22 2018 :: Log Kyrus: drop golden
Wed Dec  5 20:31:31 2018 :: Log Kyrus: drop master
Wed Dec  5 20:39:54 2018 :: Log Killuminati: restore Kyrus
Wed Dec  5 20:40:18 2018 :: [*****] BUG: Dam_message: bad dt -1.
Wed Dec  5 20:41:08 2018 :: [*****] BUG: Dam_message: bad dt -1.
Wed Dec  5 20:41:57 2018 :: [*****] BUG: Dam_message: bad dt -1.
Wed Dec  5 20:42:06 2018 :: Log Killuminati: restore Kyrus
Wed Dec  5 20:42:18 2018 :: Called for vnum: 29215 to modify as: 1 as playerload.
Wed Dec  5 20:42:18 2018 :: Vnum 29215|Signval: 1|!Gameload|Total: 2
Wed Dec  5 20:42:51 2018 :: [XP TRACK]: Kyrus gained 219 XP.
Wed Dec  5 20:42:59 2018 :: [*****] BUG: Dam_message: bad dt -1.
Wed Dec  5 20:43:24 2018 :: Log Kyrus: drop cor
Wed Dec  5 20:43:32 2018 :: Log Killuminati: restore self
Wed Dec  5 20:43:32 2018 :: Log Killuminati: restore Kyrus 
Wed Dec  5 20:43:38 2018 :: Log Killuminati: restore self
Wed Dec  5 20:43:53 2018 :: [*****] BUG: Dam_message: bad dt -1.
Wed Dec  5 21:06:53 2018 :: Kyrus has quit. [Room: 2401]
Wed Dec  5 21:06:53 2018 :: Called for vnum: 29215 to modify as: -1 as playerload.
Wed Dec  5 21:06:53 2018 :: Vnum 29215|Signval: -1|!Gameload|Total: 3
Wed Dec  5 21:06:53 2018 :: Called for vnum: 29215 to modify as: 1 as playerload.
Wed Dec  5 21:06:53 2018 :: Vnum 29215|Signval: 1|!Gameload|Total: 2
Wed Dec  5 21:06:53 2018 :: Called for vnum: 3715 to modify as: -1 as playerload.
Wed Dec  5 21:06:53 2018 :: Vnum 3715|Signval: -1|!Gameload|Total: 2
Wed Dec  5 21:06:53 2018 :: Called for vnum: 3715 to modify as: 1 as playerload.
Wed Dec  5 21:06:53 2018 :: Vnum 3715|Signval: 1|!Gameload|Total: 1
Wed Dec  5 21:06:53 2018 :: Called for vnum: 717 to modify as: -1 as playerload.
Wed Dec  5 21:06:53 2018 :: Vnum 717|Signval: -1|!Gameload|Total: 3
Wed Dec  5 21:06:53 2018 :: Called for vnum: 717 to modify as: 1 as playerload.
Wed Dec  5 21:06:53 2018 :: Vnum 717|Signval: 1|!Gameload|Total: 2
Wed Dec  5 21:06:53 2018 :: Called for vnum: 717 to modify as: -1 as playerload.
Wed Dec  5 21:06:53 2018 :: Vnum 717|Signval: -1|!Gameload|Total: 3
Wed Dec  5 21:06:53 2018 :: Called for vnum: 717 to modify as: 1 as playerload.
Wed Dec  5 21:06:53 2018 :: Vnum 717|Signval: 1|!Gameload|Total: 2
Wed Dec  5 22:46:26 2018 :: Log Killuminati: whi
