Mon Dec 10 02:48:31 2018 :: LOADING COMM TABLE
Mon Dec 10 02:48:31 2018 ::  INIT OK 
Mon Dec 10 02:48:31 2018 :: Ended LOADING COMM TABLE
Mon Dec 10 02:48:31 2018 :: Ended Fixing Exits
Mon Dec 10 02:48:31 2018 :: Called for vnum: 3715 to modify as: 1 as gameload.
Mon Dec 10 02:48:31 2018 :: Vnum 3715|Signval: 1|Gameload|Total: 1
Mon Dec 10 02:48:31 2018 :: Called for vnum: 717 to modify as: 1 as gameload.
Mon Dec 10 02:48:31 2018 :: Vnum 717|Signval: 1|Gameload|Total: 1
Mon Dec 10 02:48:31 2018 :: Called for vnum: 717 to modify as: 1 as gameload.
Mon Dec 10 02:48:31 2018 :: Vnum 717|Signval: 1|Gameload|Total: 2
Mon Dec 10 02:48:31 2018 :: Called for vnum: 911 to modify as: 1 as gameload.
Mon Dec 10 02:48:31 2018 :: Vnum 911|Signval: 1|Gameload|Total: 1
Mon Dec 10 02:48:31 2018 :: Called for vnum: 911 to modify as: 1 as gameload.
Mon Dec 10 02:48:31 2018 :: Vnum 911|Signval: 1|Gameload|Total: 2
Mon Dec 10 02:48:31 2018 :: Called for vnum: 1388 to modify as: 1 as gameload.
Mon Dec 10 02:48:31 2018 :: Vnum 1388|Signval: 1|Gameload|Total: 1
Mon Dec 10 02:48:31 2018 :: Called for vnum: 7664 to modify as: 1 as gameload.
Mon Dec 10 02:48:31 2018 :: Vnum 7664|Signval: 1|Gameload|Total: 1
Mon Dec 10 02:48:31 2018 :: Called for vnum: 7665 to modify as: 1 as gameload.
Mon Dec 10 02:48:31 2018 :: Vnum 7665|Signval: 1|Gameload|Total: 1
Mon Dec 10 02:48:31 2018 :: Called for vnum: 17713 to modify as: 1 as gameload.
Mon Dec 10 02:48:31 2018 :: Vnum 17713|Signval: 1|Gameload|Total: 1
Mon Dec 10 02:48:31 2018 :: [*****] BUG: Equip_char: already equipped (-1).
Mon Dec 10 02:48:31 2018 :: Called for vnum: 10051 to modify as: 1 as gameload.
Mon Dec 10 02:48:31 2018 :: Vnum 10051|Signval: 1|Gameload|Total: 1
Mon Dec 10 02:48:31 2018 :: Called for vnum: 10051 to modify as: 1 as gameload.
Mon Dec 10 02:48:31 2018 :: Vnum 10051|Signval: 1|Gameload|Total: 2
Mon Dec 10 02:48:31 2018 :: [*****] BUG: Equip_char: already equipped (5).
Mon Dec 10 02:48:31 2018 :: [*****] BUG: Equip_char: already equipped (-1).
Mon Dec 10 02:48:31 2018 :: [*****] BUG: Equip_char: already equipped (-1).
Mon Dec 10 02:48:31 2018 :: [*****] BUG: Equip_char: already equipped (-1).
Mon Dec 10 02:48:31 2018 :: [*****] BUG: Equip_char: already equipped (-1).
Mon Dec 10 02:48:31 2018 :: [*****] BUG: Equip_char: already equipped (-1).
Mon Dec 10 02:48:31 2018 :: [*****] BUG: Equip_char: already equipped (-1).
Mon Dec 10 02:48:31 2018 :: [*****] BUG: Equip_char: already equipped (-1).
Mon Dec 10 02:48:31 2018 :: Called for vnum: 29215 to modify as: 1 as gameload.
Mon Dec 10 02:48:31 2018 :: Vnum 29215|Signval: 1|Gameload|Total: 1
Mon Dec 10 02:48:31 2018 :: Called for vnum: 29215 to modify as: 1 as gameload.
Mon Dec 10 02:48:31 2018 :: Vnum 29215|Signval: 1|Gameload|Total: 2
Mon Dec 10 02:48:31 2018 :: Called for vnum: 29240 to modify as: 1 as gameload.
Mon Dec 10 02:48:31 2018 :: Vnum 29240|Signval: 1|Gameload|Total: 1
Mon Dec 10 02:48:31 2018 :: Called for vnum: 29240 to modify as: 1 as gameload.
Mon Dec 10 02:48:31 2018 :: Vnum 29240|Signval: 1|Gameload|Total: 2
Mon Dec 10 02:48:31 2018 :: Called for vnum: 29240 to modify as: 1 as gameload.
Mon Dec 10 02:48:31 2018 :: Vnum 29240|Signval: 1|Gameload|Total: 3
Mon Dec 10 02:48:31 2018 :: Called for vnum: 28114 to modify as: 1 as gameload.
Mon Dec 10 02:48:31 2018 :: Vnum 28114|Signval: 1|Gameload|Total: 1
Mon Dec 10 02:48:31 2018 :: Ended Area Update
Mon Dec 10 02:48:31 2018 :: Ended Loading Notes
Mon Dec 10 02:48:31 2018 :: Ended Loading Ban
Mon Dec 10 02:48:31 2018 :: Ended Loading Pkills
Mon Dec 10 02:48:31 2018 :: TOC is ready to rock on port 9000.
Mon Dec 10 02:48:31 2018 :: Setting up signals.
Mon Dec 10 02:48:31 2018 :: Automated backup complete.
tar: Removing leading `../' from member names
Mon Dec 10 02:54:18 2018 :: Sock.sinaddr:  127.0.0.1
Mon Dec 10 02:54:19 2018 :: Loading Testies's playerfile
Mon Dec 10 02:54:19 2018 :: Testies@localhost has connected. [Room: 4368]
Mon Dec 10 02:54:23 2018 :: EOF encountered on read.
Mon Dec 10 02:54:23 2018 :: Closing link to Testies.
Mon Dec 10 02:54:26 2018 :: Sock.sinaddr:  127.0.0.1
Mon Dec 10 02:54:27 2018 :: Loading Killuminati's playerfile
Mon Dec 10 02:54:27 2018 :: Killuminati@localhost has connected. [Room: 2]
Mon Dec 10 03:03:27 2018 :: Testies has quit. [Room: 2]
Mon Dec 10 06:04:05 2018 :: Sock.sinaddr:  197.248.17.130
Mon Dec 10 06:04:06 2018 :: EOF encountered on read.
Mon Dec 10 06:55:14 2018 :: Sock.sinaddr:  185.153.197.12
Mon Dec 10 06:55:14 2018 :: EOF encountered on read.
Mon Dec 10 06:55:54 2018 :: Sock.sinaddr:  185.153.197.10
Mon Dec 10 06:55:55 2018 :: EOF encountered on read.
Mon Dec 10 08:32:33 2018 :: Sock.sinaddr:  69.116.176.87
Mon Dec 10 08:32:33 2018 :: EOF encountered on read.
Mon Dec 10 14:59:46 2018 :: Sock.sinaddr:  24.45.88.13
Mon Dec 10 14:59:46 2018 :: EOF encountered on read.
Mon Dec 10 19:32:43 2018 :: Sock.sinaddr:  173.22.228.146
Mon Dec 10 19:32:44 2018 :: Loading Kyrus's playerfile
Mon Dec 10 19:32:45 2018 :: Kyrus@173-22-228-146.client.mchsi.com has connected. [Room: 29003]
Mon Dec 10 19:33:25 2018 :: Log Killuminati: restore Kyrus
Mon Dec 10 19:33:48 2018 :: Log Kyrus: drop key
Mon Dec 10 19:34:12 2018 :: [XP TRACK]: ;Kyrus; gained ;266; XP.
Mon Dec 10 19:34:28 2018 :: [XP TRACK]: ;Kyrus; gained ;348; XP.
Mon Dec 10 19:34:32 2018 :: [XP TRACK]: ;Kyrus; gained ;272; XP.
Mon Dec 10 19:36:45 2018 :: [XP TRACK]: ;Kyrus; gained ;341; XP.
Mon Dec 10 19:36:57 2018 :: [XP TRACK]: ;Kyrus; gained ;303; XP.
Mon Dec 10 19:37:12 2018 :: [XP TRACK]: ;Kyrus; gained ;304; XP.
Mon Dec 10 19:39:57 2018 :: [XP TRACK]: ;Kyrus; gained ;351; XP.
Mon Dec 10 19:39:59 2018 :: [XP TRACK]: ;Kyrus; gained ;275; XP.
Mon Dec 10 19:39:59 2018 :: Log Killuminati: restore Kyrus
Mon Dec 10 19:40:00 2018 :: [XP TRACK]: ;Kyrus; gained ;241; XP.
Mon Dec 10 19:40:25 2018 :: [XP TRACK]: ;Kyrus; gained ;360; XP.
Mon Dec 10 19:40:28 2018 :: [XP TRACK]: ;Kyrus; gained ;300; XP.
Mon Dec 10 19:40:40 2018 :: [XP TRACK]: ;Kyrus; gained ;252; XP.
Mon Dec 10 19:40:53 2018 :: [XP TRACK]: ;Kyrus; gained ;301; XP.
Mon Dec 10 19:40:56 2018 :: Log Kyrus: drop amulet
Mon Dec 10 19:40:57 2018 :: Log Killuminati: restore Kyrus
Mon Dec 10 19:41:17 2018 :: [XP TRACK]: ;Kyrus; gained ;195; XP.
Mon Dec 10 19:41:40 2018 :: [XP TRACK]: ;Kyrus; gained ;251; XP.
Mon Dec 10 19:41:55 2018 :: [XP TRACK]: ;Kyrus; gained ;192; XP.
Mon Dec 10 19:42:20 2018 :: [XP TRACK]: ;Kyrus; gained ;332; XP.
Mon Dec 10 19:42:23 2018 :: Log Kyrus: drop amulet
Mon Dec 10 19:42:44 2018 :: [XP TRACK]: ;Kyrus; gained ;174; XP.
Mon Dec 10 19:42:58 2018 :: [XP TRACK]: ;Kyrus; gained ;353; XP.
Mon Dec 10 19:43:11 2018 :: Log Killuminati: restore Kyrus
Mon Dec 10 19:43:15 2018 :: [XP TRACK]: ;Kyrus; gained ;259; XP.
Mon Dec 10 19:43:19 2018 :: Log Kyrus: drop amulet
Mon Dec 10 19:43:24 2018 :: [XP TRACK]: ;Kyrus; gained ;278; XP.
Mon Dec 10 19:43:43 2018 :: [XP TRACK]: ;Kyrus; gained ;217; XP.
Mon Dec 10 19:44:37 2018 :: [XP TRACK]: ;Kyrus; gained ;300; XP.
Mon Dec 10 19:45:05 2018 :: Log Killuminati: restore Kyrus
Mon Dec 10 19:45:16 2018 :: [XP TRACK]: ;Kyrus; gained ;261; XP.
Mon Dec 10 19:45:25 2018 :: [XP TRACK]: ;Kyrus; gained ;305; XP.
Mon Dec 10 19:45:32 2018 :: [XP TRACK]: ;Kyrus; gained ;234; XP.
Mon Dec 10 19:45:36 2018 :: Log Kyrus: drop amulet
Mon Dec 10 19:47:11 2018 :: [XP TRACK]: ;Kyrus; gained ;323; XP.
Mon Dec 10 19:47:26 2018 :: Log Killuminati: restore Kyrus
Mon Dec 10 19:47:59 2018 :: [XP TRACK]: ;Kyrus; gained ;319; XP.
Mon Dec 10 19:48:07 2018 :: [XP TRACK]: ;Kyrus; gained ;294; XP.
Mon Dec 10 19:48:21 2018 :: Log Killuminati: restore Kyrus
Mon Dec 10 19:48:23 2018 :: [XP TRACK]: ;Kyrus; gained ;246; XP.
Mon Dec 10 19:48:51 2018 :: [XP TRACK]: ;Kyrus; gained ;300; XP.
Mon Dec 10 19:49:26 2018 :: [XP TRACK]: ;Kyrus; gained ;360; XP.
Mon Dec 10 19:49:41 2018 :: [XP TRACK]: ;Kyrus; gained ;289; XP.
Mon Dec 10 19:59:56 2018 :: Log Kyrus: drop key
Mon Dec 10 20:00:19 2018 :: [XP TRACK]: ;Kyrus; gained ;224; XP.
Mon Dec 10 20:00:30 2018 :: [XP TRACK]: ;Kyrus; gained ;301; XP.
Mon Dec 10 20:00:55 2018 :: [XP TRACK]: ;Kyrus; gained ;275; XP.
Mon Dec 10 20:01:19 2018 :: [XP TRACK]: ;Kyrus; gained ;293; XP.
Mon Dec 10 20:01:24 2018 :: [XP TRACK]: ;Kyrus; gained ;361; XP.
Mon Dec 10 20:05:03 2018 :: [XP TRACK]: ;Kyrus; gained ;275; XP.
Mon Dec 10 20:05:06 2018 :: [XP TRACK]: ;Kyrus; gained ;223; XP.
Mon Dec 10 20:05:11 2018 :: Log Killuminati: restore Kyrus
Mon Dec 10 20:05:12 2018 :: [XP TRACK]: ;Kyrus; gained ;269; XP.
Mon Dec 10 20:05:17 2018 :: [XP TRACK]: ;Kyrus; gained ;233; XP.
Mon Dec 10 20:05:32 2018 :: [XP TRACK]: ;Kyrus; gained ;281; XP.
Mon Dec 10 20:05:32 2018 :: Log Kyrus: drop amulet
Mon Dec 10 20:05:52 2018 :: [XP TRACK]: ;Kyrus; gained ;251; XP.
Mon Dec 10 20:05:59 2018 :: [XP TRACK]: ;Kyrus; gained ;225; XP.
Mon Dec 10 20:06:22 2018 :: [XP TRACK]: ;Kyrus; gained ;223; XP.
Mon Dec 10 20:06:38 2018 :: [XP TRACK]: ;Kyrus; gained ;124; XP.
Mon Dec 10 20:06:56 2018 :: [XP TRACK]: ;Kyrus; gained ;353; XP.
Mon Dec 10 20:07:06 2018 :: Log Killuminati: restore Kyrus
Mon Dec 10 20:07:11 2018 :: [XP TRACK]: ;Kyrus; gained ;139; XP.
Mon Dec 10 20:07:29 2018 :: [XP TRACK]: ;Kyrus; gained ;278; XP.
Mon Dec 10 20:07:39 2018 :: [XP TRACK]: ;Kyrus; gained ;134; XP.
Mon Dec 10 20:08:14 2018 :: [XP TRACK]: ;Kyrus; gained ;261; XP.
Mon Dec 10 20:08:30 2018 :: [XP TRACK]: ;Kyrus; gained ;217; XP.
Mon Dec 10 20:08:37 2018 :: [XP TRACK]: ;Kyrus; gained ;276; XP.
Mon Dec 10 20:08:54 2018 :: [XP TRACK]: ;Kyrus; gained ;217; XP.
Mon Dec 10 20:08:57 2018 :: Log Kyrus: drop amulet
Mon Dec 10 20:09:18 2018 :: [XP TRACK]: ;Kyrus; gained ;247; XP.
Mon Dec 10 20:09:25 2018 :: [XP TRACK]: ;Kyrus; gained ;339; XP.
Mon Dec 10 20:09:28 2018 :: [XP TRACK]: ;Kyrus; gained ;224; XP.
Mon Dec 10 20:09:32 2018 :: Log Kyrus: drop amulet
Mon Dec 10 20:09:34 2018 :: Log Killuminati: restore Kyrus
Mon Dec 10 20:09:47 2018 :: [XP TRACK]: ;Kyrus; gained ;267; XP.
Mon Dec 10 20:09:49 2018 :: Log Kyrus: drop amulet
Mon Dec 10 20:10:05 2018 :: [XP TRACK]: ;Kyrus; gained ;300; XP.
Mon Dec 10 20:10:20 2018 :: [XP TRACK]: ;Kyrus; gained ;312; XP.
Mon Dec 10 20:11:03 2018 :: [XP TRACK]: ;Kyrus; gained ;304; XP.
Mon Dec 10 20:11:33 2018 :: [XP TRACK]: ;Kyrus; gained ;287; XP.
Mon Dec 10 20:11:37 2018 :: Log Killuminati: restore Kyrus
Mon Dec 10 20:12:04 2018 :: [XP TRACK]: ;Kyrus; gained ;282; XP.
Mon Dec 10 20:12:39 2018 :: [XP TRACK]: ;Kyrus; gained ;317; XP.
Mon Dec 10 20:17:44 2018 :: Log Killuminati: restore self
Mon Dec 10 20:17:44 2018 :: Log Killuminati: restore Kyrus 
Mon Dec 10 20:17:49 2018 :: Log Kyrus: drop key
Mon Dec 10 20:17:51 2018 :: Log Killuminati: restore self
Mon Dec 10 20:18:02 2018 :: [XP TRACK]: ;Kyrus; gained ;292; XP.
Mon Dec 10 20:18:19 2018 :: [XP TRACK]: ;Kyrus; gained ;253; XP.
Mon Dec 10 20:18:31 2018 :: [XP TRACK]: ;Kyrus; gained ;265; XP.
Mon Dec 10 20:18:49 2018 :: [XP TRACK]: ;Kyrus; gained ;264; XP.
Mon Dec 10 20:18:55 2018 :: [XP TRACK]: ;Kyrus; gained ;362; XP.
Mon Dec 10 20:18:58 2018 :: [XP TRACK]: ;Kyrus; gained ;238; XP.
Mon Dec 10 20:19:17 2018 :: [XP TRACK]: ;Kyrus; gained ;255; XP.
Mon Dec 10 20:19:29 2018 :: [XP TRACK]: ;Kyrus; gained ;324; XP.
Mon Dec 10 20:19:44 2018 :: Log Killuminati: restore Kyrus
Mon Dec 10 20:19:45 2018 :: [XP TRACK]: ;Kyrus; gained ;257; XP.
Mon Dec 10 20:19:49 2018 :: [XP TRACK]: ;Kyrus; gained ;250; XP.
Mon Dec 10 20:19:55 2018 :: [XP TRACK]: ;Kyrus; gained ;356; XP.
Mon Dec 10 20:19:58 2018 :: Log Kyrus: drop amulet
Mon Dec 10 20:21:22 2018 :: [XP TRACK]: ;Kyrus; gained ;183; XP.
Mon Dec 10 20:24:40 2018 :: [XP TRACK]: ;Kyrus; gained ;355; XP.
Mon Dec 10 20:25:19 2018 :: [XP TRACK]: ;Kyrus; gained ;156; XP.
Mon Dec 10 20:25:43 2018 :: Log Killuminati: restore Kyrus
Mon Dec 10 20:25:44 2018 :: [XP TRACK]: ;Kyrus; gained ;299; XP.
Mon Dec 10 20:25:59 2018 :: [XP TRACK]: ;Kyrus; gained ;189; XP.
Mon Dec 10 20:26:32 2018 :: [XP TRACK]: ;Kyrus; gained ;318; XP.
Mon Dec 10 20:26:35 2018 :: [XP TRACK]: ;Kyrus; gained ;231; XP.
Mon Dec 10 20:26:36 2018 :: Log Kyrus: drop amulet
Mon Dec 10 20:27:14 2018 :: [XP TRACK]: ;Kyrus; gained ;314; XP.
Mon Dec 10 20:27:15 2018 :: Log Killuminati: restore Kyrus
Mon Dec 10 20:27:17 2018 :: [XP TRACK]: ;Kyrus; gained ;347; XP.
Mon Dec 10 20:27:19 2018 :: [XP TRACK]: ;Kyrus; gained ;358; XP.
Mon Dec 10 20:28:06 2018 :: [XP TRACK]: ;Kyrus; gained ;319; XP.
Mon Dec 10 20:28:09 2018 :: Log Kyrus: drop amulet
Mon Dec 10 20:28:50 2018 :: [XP TRACK]: ;Kyrus; gained ;243; XP.
Mon Dec 10 20:28:54 2018 :: [XP TRACK]: ;Kyrus; gained ;337; XP.
Mon Dec 10 20:28:59 2018 :: [XP TRACK]: ;Kyrus; gained ;336; XP.
Mon Dec 10 20:29:00 2018 :: Log Kyrus: drop amulet
Mon Dec 10 20:29:23 2018 :: Log Killuminati: restore Kyrus
Mon Dec 10 20:29:59 2018 :: [XP TRACK]: ;Kyrus; gained ;290; XP.
Mon Dec 10 20:30:25 2018 :: Log Killuminati: restore Kyrus
Mon Dec 10 20:31:07 2018 :: Log Kyrus: drop key
Mon Dec 10 20:31:26 2018 :: [XP TRACK]: ;Kyrus; gained ;258; XP.
Mon Dec 10 20:31:41 2018 :: [XP TRACK]: ;Kyrus; gained ;357; XP.
Mon Dec 10 20:31:49 2018 :: [XP TRACK]: ;Kyrus; gained ;253; XP.
Mon Dec 10 20:32:03 2018 :: [XP TRACK]: ;Kyrus; gained ;293; XP.
Mon Dec 10 20:32:33 2018 :: [XP TRACK]: ;Kyrus; gained ;250; XP.
Mon Dec 10 20:32:37 2018 :: [XP TRACK]: ;Kyrus; gained ;217; XP.
Mon Dec 10 20:32:51 2018 :: [XP TRACK]: ;Kyrus; gained ;276; XP.
Mon Dec 10 20:32:58 2018 :: [XP TRACK]: ;Kyrus; gained ;294; XP.
Mon Dec 10 20:33:07 2018 :: Log Killuminati: restore Kyrus
Mon Dec 10 20:33:15 2018 :: [XP TRACK]: ;Kyrus; gained ;322; XP.
Mon Dec 10 20:33:24 2018 :: [XP TRACK]: ;Kyrus; gained ;252; XP.
Mon Dec 10 20:33:27 2018 :: [XP TRACK]: ;Kyrus; gained ;218; XP.
Mon Dec 10 20:33:27 2018 :: Log Kyrus: drop amulet
Mon Dec 10 20:34:06 2018 :: [XP TRACK]: ;Kyrus; gained ;142; XP.
Mon Dec 10 20:34:33 2018 :: [XP TRACK]: ;Kyrus; gained ;301; XP.
Mon Dec 10 20:35:22 2018 :: Log Killuminati: restore Kyrus
Mon Dec 10 20:35:34 2018 :: [XP TRACK]: ;Kyrus; gained ;356; XP.
Mon Dec 10 20:35:37 2018 :: Log Kyrus: drop amulet
Mon Dec 10 20:35:42 2018 :: [XP TRACK]: ;Kyrus; gained ;401; XP.
Mon Dec 10 20:35:49 2018 :: [XP TRACK]: ;Kyrus; gained ;180; XP.
Mon Dec 10 20:36:15 2018 :: [XP TRACK]: ;Kyrus; gained ;235; XP.
Mon Dec 10 20:36:21 2018 :: [XP TRACK]: ;Kyrus; gained ;246; XP.
Mon Dec 10 20:36:23 2018 :: Log Kyrus: drop amulet
Mon Dec 10 20:36:24 2018 :: [XP TRACK]: ;Kyrus; gained ;245; XP.
Mon Dec 10 20:36:24 2018 :: Log Kyrus: drop amulet
Mon Dec 10 20:36:31 2018 :: Log Killuminati: restore Kyrus
Mon Dec 10 20:36:40 2018 :: [XP TRACK]: ;Kyrus; gained ;265; XP.
Mon Dec 10 20:36:47 2018 :: [XP TRACK]: ;Kyrus; gained ;315; XP.
Mon Dec 10 20:37:20 2018 :: [XP TRACK]: ;Kyrus; gained ;313; XP.
Mon Dec 10 20:37:30 2018 :: Called for vnum: 3715 to modify as: -1 as gameload.
Mon Dec 10 20:37:30 2018 :: Vnum 3715|Signval: -1|Gameload|Total: 0
Mon Dec 10 20:37:30 2018 :: Called for vnum: 3715 to modify as: -1 as playerload.
Mon Dec 10 20:37:30 2018 :: Vnum 3715|Signval: -1|!Gameload|Total: 1
Mon Dec 10 20:37:50 2018 :: [XP TRACK]: ;Kyrus; gained ;280; XP.
Mon Dec 10 20:38:10 2018 :: [XP TRACK]: ;Kyrus; gained ;284; XP.
Mon Dec 10 20:38:14 2018 :: Log Killuminati: restore Kyrus
Mon Dec 10 20:38:55 2018 :: Kyrus has quit. [Room: 29003]
Mon Dec 10 20:38:55 2018 :: Called for vnum: 29240 to modify as: -1 as playerload.
Mon Dec 10 20:38:55 2018 :: Vnum 29240|Signval: -1|!Gameload|Total: 4
Mon Dec 10 20:38:55 2018 :: Called for vnum: 29240 to modify as: 1 as playerload.
Mon Dec 10 20:38:55 2018 :: Vnum 29240|Signval: 1|!Gameload|Total: 3
Mon Dec 10 20:38:55 2018 :: Called for vnum: 10051 to modify as: -1 as playerload.
Mon Dec 10 20:38:55 2018 :: Vnum 10051|Signval: -1|!Gameload|Total: 3
Mon Dec 10 20:38:55 2018 :: Called for vnum: 10051 to modify as: 1 as playerload.
Mon Dec 10 20:38:55 2018 :: Vnum 10051|Signval: 1|!Gameload|Total: 2
Mon Dec 10 20:38:55 2018 :: Called for vnum: 717 to modify as: -1 as playerload.
Mon Dec 10 20:38:55 2018 :: Vnum 717|Signval: -1|!Gameload|Total: 3
Mon Dec 10 20:38:55 2018 :: Called for vnum: 717 to modify as: 1 as playerload.
Mon Dec 10 20:38:55 2018 :: Vnum 717|Signval: 1|!Gameload|Total: 2
Mon Dec 10 20:38:55 2018 :: Called for vnum: 717 to modify as: -1 as playerload.
Mon Dec 10 20:38:55 2018 :: Vnum 717|Signval: -1|!Gameload|Total: 3
Mon Dec 10 20:38:55 2018 :: Called for vnum: 717 to modify as: 1 as playerload.
Mon Dec 10 20:38:55 2018 :: Vnum 717|Signval: 1|!Gameload|Total: 2
Mon Dec 10 21:10:37 2018 :: Sock.sinaddr:  173.22.228.146
Mon Dec 10 21:10:38 2018 :: Loading Kyrus's playerfile
Mon Dec 10 21:10:39 2018 :: Kyrus@173-22-228-146.client.mchsi.com has connected. [Room: 29003]
Mon Dec 10 21:10:54 2018 :: Log Kyrus: drop key
Mon Dec 10 21:11:03 2018 :: [XP TRACK]: ;Kyrus; gained ;287; XP.
Mon Dec 10 21:11:38 2018 :: [XP TRACK]: ;Kyrus; gained ;237; XP.
Mon Dec 10 21:11:45 2018 :: [XP TRACK]: ;Kyrus; gained ;228; XP.
Mon Dec 10 21:12:56 2018 :: [XP TRACK]: ;Kyrus; gained ;343; XP.
Mon Dec 10 21:12:59 2018 :: [XP TRACK]: ;Kyrus; gained ;352; XP.
Mon Dec 10 21:13:06 2018 :: [XP TRACK]: ;Kyrus; gained ;287; XP.
Mon Dec 10 21:14:40 2018 :: [XP TRACK]: ;Kyrus; gained ;243; XP.
Mon Dec 10 21:14:58 2018 :: [XP TRACK]: ;Kyrus; gained ;336; XP.
Mon Dec 10 21:15:55 2018 :: [XP TRACK]: ;Kyrus; gained ;352; XP.
Mon Dec 10 21:15:55 2018 :: Log Killuminati: restore Kyrus
Mon Dec 10 21:16:02 2018 :: [XP TRACK]: ;Kyrus; gained ;300; XP.
Mon Dec 10 21:16:07 2018 :: [XP TRACK]: ;Kyrus; gained ;321; XP.
Mon Dec 10 21:16:12 2018 :: [XP TRACK]: ;Kyrus; gained ;250; XP.
Mon Dec 10 21:16:16 2018 :: [XP TRACK]: ;Kyrus; gained ;318; XP.
Mon Dec 10 21:16:18 2018 :: Log Kyrus: drop amulet
Mon Dec 10 21:17:40 2018 :: [XP TRACK]: ;Kyrus; gained ;157; XP.
Mon Dec 10 21:18:01 2018 :: [XP TRACK]: ;Kyrus; gained ;351; XP.
Mon Dec 10 21:18:18 2018 :: [XP TRACK]: ;Kyrus; gained ;201; XP.
Mon Dec 10 21:18:38 2018 :: [XP TRACK]: ;Kyrus; gained ;131; XP.
Mon Dec 10 21:18:52 2018 :: [XP TRACK]: ;Kyrus; gained ;314; XP.
Mon Dec 10 21:18:52 2018 :: Log Killuminati: restore Kyrus
Mon Dec 10 21:19:16 2018 :: [XP TRACK]: ;Kyrus; gained ;234; XP.
Mon Dec 10 21:19:22 2018 :: [XP TRACK]: ;Kyrus; gained ;302; XP.
Mon Dec 10 21:19:23 2018 :: Log Kyrus: drop amulet
Mon Dec 10 21:19:37 2018 :: [XP TRACK]: ;Kyrus; gained ;355; XP.
Mon Dec 10 21:20:13 2018 :: [XP TRACK]: ;Kyrus; gained ;344; XP.
Mon Dec 10 21:20:16 2018 :: Log Kyrus: drop amulet
Mon Dec 10 21:20:30 2018 :: [XP TRACK]: ;Kyrus; gained ;239; XP.
Mon Dec 10 21:20:38 2018 :: [XP TRACK]: ;Kyrus; gained ;295; XP.
Mon Dec 10 21:20:44 2018 :: [XP TRACK]: ;Kyrus; gained ;312; XP.
Mon Dec 10 21:20:47 2018 :: Log Kyrus: drop amulet
Mon Dec 10 21:23:23 2018 :: Log Killuminati: restore Kyrus
Mon Dec 10 21:31:44 2018 :: Kyrus has quit. [Room: 2]
Mon Dec 10 21:31:44 2018 :: Called for vnum: 29240 to modify as: -1 as playerload.
Mon Dec 10 21:31:44 2018 :: Vnum 29240|Signval: -1|!Gameload|Total: 4
Mon Dec 10 21:31:44 2018 :: Called for vnum: 29240 to modify as: 1 as playerload.
Mon Dec 10 21:31:44 2018 :: Vnum 29240|Signval: 1|!Gameload|Total: 3
Mon Dec 10 21:31:44 2018 :: Called for vnum: 10051 to modify as: -1 as playerload.
Mon Dec 10 21:31:44 2018 :: Vnum 10051|Signval: -1|!Gameload|Total: 3
Mon Dec 10 21:31:44 2018 :: Called for vnum: 10051 to modify as: 1 as playerload.
Mon Dec 10 21:31:44 2018 :: Vnum 10051|Signval: 1|!Gameload|Total: 2
Mon Dec 10 21:31:44 2018 :: Called for vnum: 717 to modify as: -1 as playerload.
Mon Dec 10 21:31:44 2018 :: Vnum 717|Signval: -1|!Gameload|Total: 3
Mon Dec 10 21:31:44 2018 :: Called for vnum: 717 to modify as: 1 as playerload.
Mon Dec 10 21:31:44 2018 :: Vnum 717|Signval: 1|!Gameload|Total: 2
Mon Dec 10 21:31:44 2018 :: Called for vnum: 717 to modify as: -1 as playerload.
Mon Dec 10 21:31:44 2018 :: Vnum 717|Signval: -1|!Gameload|Total: 3
Mon Dec 10 21:31:44 2018 :: Called for vnum: 717 to modify as: 1 as playerload.
Mon Dec 10 21:31:44 2018 :: Vnum 717|Signval: 1|!Gameload|Total: 2
Mon Dec 10 21:31:54 2018 :: Sock.sinaddr:  173.22.228.146
Mon Dec 10 21:42:30 2018 :: Loading Kyrus's playerfile
Mon Dec 10 21:42:32 2018 :: Kyrus@173-22-228-146.client.mchsi.com has connected. [Room: 29003]
Mon Dec 10 21:42:52 2018 :: Sock.sinaddr:  173.22.228.146
Mon Dec 10 21:42:53 2018 :: Loading Kazuu's playerfile
Mon Dec 10 21:42:54 2018 :: Kazuu@173-22-228-146.client.mchsi.com has connected. [Room: 770]
Mon Dec 10 21:43:08 2018 :: Log Kazuu: load obj 3715 1
Mon Dec 10 21:43:08 2018 :: Called for vnum: 3715 to modify as: 1 as playerload.
Mon Dec 10 21:43:08 2018 :: Vnum 3715|Signval: 1|!Gameload|Total: 0
Mon Dec 10 21:43:10 2018 :: Log Kazuu: clone dip
Mon Dec 10 21:43:10 2018 :: Called for vnum: 3715 to modify as: 1 as playerload.
Mon Dec 10 21:43:10 2018 :: Vnum 3715|Signval: 1|!Gameload|Total: 0
Mon Dec 10 21:43:11 2018 :: Log Kazuu: clone dip
Mon Dec 10 21:43:11 2018 :: Called for vnum: 3715 to modify as: 1 as playerload.
Mon Dec 10 21:43:11 2018 :: Vnum 3715|Signval: 1|!Gameload|Total: 0
Mon Dec 10 21:43:11 2018 :: Log Kazuu: clone dip
Mon Dec 10 21:43:11 2018 :: Called for vnum: 3715 to modify as: 1 as playerload.
Mon Dec 10 21:43:11 2018 :: Vnum 3715|Signval: 1|!Gameload|Total: 0
Mon Dec 10 21:43:12 2018 :: Log Kazuu: clone dip
Mon Dec 10 21:43:12 2018 :: Called for vnum: 3715 to modify as: 1 as playerload.
Mon Dec 10 21:43:12 2018 :: Vnum 3715|Signval: 1|!Gameload|Total: 0
Mon Dec 10 21:43:15 2018 :: Called for vnum: 3715 to modify as: -1 as playerload.
Mon Dec 10 21:43:15 2018 :: Vnum 3715|Signval: -1|!Gameload|Total: 1
Mon Dec 10 21:43:15 2018 :: Called for vnum: 3715 to modify as: 1 as playerload.
Mon Dec 10 21:43:15 2018 :: Vnum 3715|Signval: 1|!Gameload|Total: 0
Mon Dec 10 21:43:16 2018 :: Kazuu has quit. [Room: 770]
Mon Dec 10 21:43:16 2018 :: Called for vnum: 3715 to modify as: -1 as playerload.
Mon Dec 10 21:43:16 2018 :: Vnum 3715|Signval: -1|!Gameload|Total: 1
Mon Dec 10 21:43:16 2018 :: Called for vnum: 3715 to modify as: 1 as playerload.
Mon Dec 10 21:43:16 2018 :: Vnum 3715|Signval: 1|!Gameload|Total: 0
Mon Dec 10 21:43:16 2018 :: Called for vnum: 3715 to modify as: -1 as playerload.
Mon Dec 10 21:43:16 2018 :: Vnum 3715|Signval: -1|!Gameload|Total: 1
Mon Dec 10 21:43:16 2018 :: Called for vnum: 3715 to modify as: 1 as playerload.
Mon Dec 10 21:43:16 2018 :: Vnum 3715|Signval: 1|!Gameload|Total: 0
Mon Dec 10 21:43:16 2018 :: Called for vnum: 3715 to modify as: -1 as playerload.
Mon Dec 10 21:43:16 2018 :: Vnum 3715|Signval: -1|!Gameload|Total: 1
Mon Dec 10 21:43:16 2018 :: Called for vnum: 3715 to modify as: 1 as playerload.
Mon Dec 10 21:43:16 2018 :: Vnum 3715|Signval: 1|!Gameload|Total: 0
Mon Dec 10 21:43:16 2018 :: Called for vnum: 3715 to modify as: -1 as playerload.
Mon Dec 10 21:43:16 2018 :: Vnum 3715|Signval: -1|!Gameload|Total: 1
Mon Dec 10 21:43:16 2018 :: Called for vnum: 3715 to modify as: 1 as playerload.
Mon Dec 10 21:43:16 2018 :: Vnum 3715|Signval: 1|!Gameload|Total: 0
Mon Dec 10 21:43:16 2018 :: Called for vnum: 3715 to modify as: -1 as playerload.
Mon Dec 10 21:43:16 2018 :: Vnum 3715|Signval: -1|!Gameload|Total: 1
Mon Dec 10 21:43:16 2018 :: Called for vnum: 3715 to modify as: 1 as playerload.
Mon Dec 10 21:43:16 2018 :: Vnum 3715|Signval: 1|!Gameload|Total: 0
Mon Dec 10 21:43:16 2018 :: Called for vnum: 3715 to modify as: -1 as playerload.
Mon Dec 10 21:43:16 2018 :: Vnum 3715|Signval: -1|!Gameload|Total: 1
Mon Dec 10 21:43:16 2018 :: Called for vnum: 3715 to modify as: 1 as playerload.
Mon Dec 10 21:43:16 2018 :: Vnum 3715|Signval: 1|!Gameload|Total: 0
Mon Dec 10 21:43:43 2018 :: [XP TRACK]: ;Kyrus; gained ;273; XP.
Mon Dec 10 21:43:58 2018 :: [XP TRACK]: ;Kyrus; gained ;330; XP.
Mon Dec 10 21:44:04 2018 :: [XP TRACK]: ;Kyrus; gained ;226; XP.
Mon Dec 10 21:44:50 2018 :: [XP TRACK]: ;Kyrus; gained ;289; XP.
Mon Dec 10 21:44:56 2018 :: [XP TRACK]: ;Kyrus; gained ;226; XP.
Mon Dec 10 21:45:02 2018 :: [XP TRACK]: ;Kyrus; gained ;264; XP.
Mon Dec 10 21:45:26 2018 :: [XP TRACK]: ;Kyrus; gained ;319; XP.
Mon Dec 10 21:45:32 2018 :: [XP TRACK]: ;Kyrus; gained ;299; XP.
Mon Dec 10 21:45:32 2018 :: Kyrus is now a hero!
Mon Dec 10 21:45:59 2018 :: [XP TRACK]: ;Kyrus; gained ;299; XP.
Mon Dec 10 21:46:08 2018 :: [XP TRACK]: ;Kyrus; gained ;281; XP.
Mon Dec 10 21:46:11 2018 :: Log Killuminati: restore Kyrus
Mon Dec 10 21:46:13 2018 :: [XP TRACK]: ;Kyrus; gained ;279; XP.
Mon Dec 10 21:46:16 2018 :: Log Kyrus: drop amulet
Mon Dec 10 21:46:47 2018 :: [XP TRACK]: ;Kyrus; gained ;138; XP.
Mon Dec 10 21:47:02 2018 :: [XP TRACK]: ;Kyrus; gained ;254; XP.
Mon Dec 10 21:47:41 2018 :: [XP TRACK]: ;Kyrus; gained ;136; XP.
Mon Dec 10 21:47:47 2018 :: Log Killuminati: restore Kyrus
Mon Dec 10 21:55:49 2018 :: Kyrus has quit. [Room: 29003]
Mon Dec 10 21:55:49 2018 :: Called for vnum: 3715 to modify as: -1 as playerload.
Mon Dec 10 21:55:49 2018 :: Vnum 3715|Signval: -1|!Gameload|Total: 1
Mon Dec 10 21:55:49 2018 :: Called for vnum: 3715 to modify as: 1 as playerload.
Mon Dec 10 21:55:49 2018 :: Vnum 3715|Signval: 1|!Gameload|Total: 0
Mon Dec 10 21:55:49 2018 :: Called for vnum: 29240 to modify as: -1 as playerload.
Mon Dec 10 21:55:49 2018 :: Vnum 29240|Signval: -1|!Gameload|Total: 4
Mon Dec 10 21:55:49 2018 :: Called for vnum: 29240 to modify as: 1 as playerload.
Mon Dec 10 21:55:49 2018 :: Vnum 29240|Signval: 1|!Gameload|Total: 3
Mon Dec 10 21:55:49 2018 :: Called for vnum: 10051 to modify as: -1 as playerload.
Mon Dec 10 21:55:49 2018 :: Vnum 10051|Signval: -1|!Gameload|Total: 3
Mon Dec 10 21:55:49 2018 :: Called for vnum: 10051 to modify as: 1 as playerload.
Mon Dec 10 21:55:49 2018 :: Vnum 10051|Signval: 1|!Gameload|Total: 2
Mon Dec 10 21:55:49 2018 :: Called for vnum: 717 to modify as: -1 as playerload.
Mon Dec 10 21:55:49 2018 :: Vnum 717|Signval: -1|!Gameload|Total: 3
Mon Dec 10 21:55:49 2018 :: Called for vnum: 717 to modify as: 1 as playerload.
Mon Dec 10 21:55:49 2018 :: Vnum 717|Signval: 1|!Gameload|Total: 2
Mon Dec 10 21:55:49 2018 :: Called for vnum: 717 to modify as: -1 as playerload.
Mon Dec 10 21:55:49 2018 :: Vnum 717|Signval: -1|!Gameload|Total: 3
Mon Dec 10 21:55:49 2018 :: Called for vnum: 717 to modify as: 1 as playerload.
Mon Dec 10 21:55:49 2018 :: Vnum 717|Signval: 1|!Gameload|Total: 2
Mon Dec 10 22:44:54 2018 :: Sock.sinaddr:  173.22.228.146
Mon Dec 10 22:44:54 2018 :: Loading Kyrus's playerfile
Mon Dec 10 22:44:55 2018 :: Kyrus@173-22-228-146.client.mchsi.com has connected. [Room: 29003]
Mon Dec 10 22:47:54 2018 :: Log Killuminati: restore self
Mon Dec 10 22:47:55 2018 :: Log Killuminati: restore Kyrus 
Mon Dec 10 22:48:01 2018 :: Log Killuminati: restore self
Mon Dec 10 22:48:56 2018 :: Log Killuminati: restore Kyrus
Mon Dec 10 22:49:26 2018 :: Log Killuminati: restore Kyrus
Mon Dec 10 22:49:30 2018 :: [XP TRACK]: ;Kyrus; gained ;230; XP.
Mon Dec 10 22:49:39 2018 :: Log Killuminati: restore Kyrus
Mon Dec 10 22:50:13 2018 :: Log Killuminati: restore Kyrus
Mon Dec 10 22:51:00 2018 :: Log Killuminati: restore Kyrus
Mon Dec 10 22:52:09 2018 :: [XP TRACK]: ;Kyrus; gained ;600; XP.
Mon Dec 10 22:52:09 2018 :: Called for vnum: 10051 to modify as: -1 as playerload.
Mon Dec 10 22:52:09 2018 :: Vnum 10051|Signval: -1|!Gameload|Total: 3
Mon Dec 10 22:52:14 2018 :: Called for vnum: 10051 to modify as: 1 as playerload.
Mon Dec 10 22:52:14 2018 :: Vnum 10051|Signval: 1|!Gameload|Total: 2
Mon Dec 10 22:53:19 2018 :: Sock.sinaddr:  173.22.228.146
Mon Dec 10 22:53:20 2018 :: Loading Kazuu's playerfile
Mon Dec 10 22:53:21 2018 :: Kazuu@173-22-228-146.client.mchsi.com has connected. [Room: 770]
Mon Dec 10 22:54:53 2018 :: Called for vnum: 10051 to modify as: -1 as gameload.
Mon Dec 10 22:54:53 2018 :: Vnum 10051|Signval: -1|Gameload|Total: 1
Mon Dec 10 22:56:31 2018 :: Kazuu has quit. [Room: 10177]
Mon Dec 10 22:56:31 2018 :: Called for vnum: 3715 to modify as: -1 as playerload.
Mon Dec 10 22:56:31 2018 :: Vnum 3715|Signval: -1|!Gameload|Total: 1
Mon Dec 10 22:56:31 2018 :: Called for vnum: 3715 to modify as: 1 as playerload.
Mon Dec 10 22:56:31 2018 :: Vnum 3715|Signval: 1|!Gameload|Total: 0
Mon Dec 10 22:56:31 2018 :: Called for vnum: 3715 to modify as: -1 as playerload.
Mon Dec 10 22:56:31 2018 :: Vnum 3715|Signval: -1|!Gameload|Total: 1
Mon Dec 10 22:56:31 2018 :: Called for vnum: 3715 to modify as: 1 as playerload.
Mon Dec 10 22:56:31 2018 :: Vnum 3715|Signval: 1|!Gameload|Total: 0
Mon Dec 10 22:56:31 2018 :: Called for vnum: 3715 to modify as: -1 as playerload.
Mon Dec 10 22:56:31 2018 :: Vnum 3715|Signval: -1|!Gameload|Total: 1
Mon Dec 10 22:56:31 2018 :: Called for vnum: 3715 to modify as: 1 as playerload.
Mon Dec 10 22:56:31 2018 :: Vnum 3715|Signval: 1|!Gameload|Total: 0
Mon Dec 10 22:56:31 2018 :: Called for vnum: 3715 to modify as: -1 as playerload.
Mon Dec 10 22:56:31 2018 :: Vnum 3715|Signval: -1|!Gameload|Total: 1
Mon Dec 10 22:56:31 2018 :: Called for vnum: 3715 to modify as: 1 as playerload.
Mon Dec 10 22:56:31 2018 :: Vnum 3715|Signval: 1|!Gameload|Total: 0
Mon Dec 10 22:56:31 2018 :: Called for vnum: 3715 to modify as: -1 as playerload.
Mon Dec 10 22:56:31 2018 :: Vnum 3715|Signval: -1|!Gameload|Total: 1
Mon Dec 10 22:56:31 2018 :: Called for vnum: 3715 to modify as: 1 as playerload.
Mon Dec 10 22:56:31 2018 :: Vnum 3715|Signval: 1|!Gameload|Total: 0
Mon Dec 10 22:56:31 2018 :: Called for vnum: 3715 to modify as: -1 as playerload.
Mon Dec 10 22:56:31 2018 :: Vnum 3715|Signval: -1|!Gameload|Total: 1
Mon Dec 10 22:56:31 2018 :: Called for vnum: 3715 to modify as: 1 as playerload.
Mon Dec 10 22:56:31 2018 :: Vnum 3715|Signval: 1|!Gameload|Total: 0
Mon Dec 10 22:57:18 2018 :: Log Killuminati: restore self
Mon Dec 10 22:57:18 2018 :: Log Killuminati: restore Kyrus 
Mon Dec 10 22:57:20 2018 :: Log Killuminati: restore self
Mon Dec 10 22:57:25 2018 :: Called for vnum: 10051 to modify as: 1 as gameload.
Mon Dec 10 22:57:25 2018 :: Vnum 10051|Signval: 1|Gameload|Total: 2
Mon Dec 10 22:58:03 2018 :: Log Kyrus: drop key
Mon Dec 10 22:58:19 2018 :: [XP TRACK]: ;Kyrus; gained ;152; XP.
Mon Dec 10 22:58:43 2018 :: [XP TRACK]: ;Kyrus; gained ;57; XP.
Mon Dec 10 22:59:32 2018 :: [XP TRACK]: ;Kyrus; gained ;82; XP.
Mon Dec 10 22:59:41 2018 :: Log Killuminati: restore Kyrus
Mon Dec 10 23:02:41 2018 :: Log Killuminati: restore Kyrus
Mon Dec 10 23:03:56 2018 :: [XP TRACK]: ;Kyrus; gained ;352; XP.
Mon Dec 10 23:04:27 2018 :: Log Kyrus: drop key
Mon Dec 10 23:04:44 2018 :: [XP TRACK]: ;Kyrus; gained ;277; XP.
Mon Dec 10 23:04:51 2018 :: [XP TRACK]: ;Kyrus; gained ;291; XP.
Mon Dec 10 23:05:05 2018 :: [XP TRACK]: ;Kyrus; gained ;316; XP.
Mon Dec 10 23:05:11 2018 :: [XP TRACK]: ;Kyrus; gained ;295; XP.
Mon Dec 10 23:05:17 2018 :: [XP TRACK]: ;Kyrus; gained ;318; XP.
Mon Dec 10 23:05:24 2018 :: Log Killuminati: restore Kyrus
Mon Dec 10 23:05:30 2018 :: Log Kyrus: drop star
Mon Dec 10 23:05:30 2018 :: Called for vnum: 10051 to modify as: -1 as playerload.
Mon Dec 10 23:05:30 2018 :: Vnum 10051|Signval: -1|!Gameload|Total: 3
Mon Dec 10 23:05:36 2018 :: Called for vnum: 10051 to modify as: -1 as gameload.
Mon Dec 10 23:05:36 2018 :: Vnum 10051|Signval: -1|Gameload|Total: 2
Mon Dec 10 23:05:46 2018 :: [XP TRACK]: ;Kyrus; gained ;266; XP.
Mon Dec 10 23:05:54 2018 :: [XP TRACK]: ;Kyrus; gained ;315; XP.
Mon Dec 10 23:06:12 2018 :: [XP TRACK]: ;Kyrus; gained ;222; XP.
Mon Dec 10 23:06:12 2018 :: [XP TRACK]: ;Kyrus; gained ;283; XP.
Mon Dec 10 23:06:15 2018 :: [XP TRACK]: ;Kyrus; gained ;282; XP.
Mon Dec 10 23:06:18 2018 :: [XP TRACK]: ;Kyrus; gained ;265; XP.
Mon Dec 10 23:06:33 2018 :: [XP TRACK]: ;Kyrus; gained ;136; XP.
Mon Dec 10 23:06:40 2018 :: [XP TRACK]: ;Kyrus; gained ;283; XP.
Mon Dec 10 23:06:42 2018 :: [XP TRACK]: ;Kyrus; gained ;190; XP.
Mon Dec 10 23:07:06 2018 :: Log Killuminati: restore Kyrus
Mon Dec 10 23:10:38 2018 :: Log Killuminati: restore Kyrus
Mon Dec 10 23:11:06 2018 :: [XP TRACK]: ;Kyrus; gained ;549; XP.
Mon Dec 10 23:11:20 2018 :: Called for vnum: 10051 to modify as: -1 as gameload.
Mon Dec 10 23:11:20 2018 :: Vnum 10051|Signval: -1|Gameload|Total: 1
Mon Dec 10 23:11:53 2018 :: Log Kyrus: drop star
Mon Dec 10 23:12:14 2018 :: Log Killuminati: restore Kyrus
Mon Dec 10 23:14:13 2018 :: [XP TRACK]: ;Kyrus; gained ;449; XP.
Mon Dec 10 23:14:13 2018 :: Log Killuminati: restore Kyrus
Mon Dec 10 23:14:18 2018 :: Log Killuminati: restore self
Mon Dec 10 23:14:18 2018 :: Log Killuminati: restore Kyrus 
Mon Dec 10 23:14:24 2018 :: Log Killuminati: restore self
Mon Dec 10 23:15:27 2018 :: Log Kyrus: depos 3609
Mon Dec 10 23:15:46 2018 :: Called for vnum: 10051 to modify as: 1 as gameload.
Mon Dec 10 23:15:46 2018 :: Vnum 10051|Signval: 1|Gameload|Total: 2
Mon Dec 10 23:17:29 2018 :: Log Killuminati: restore Kyrus
Mon Dec 10 23:18:53 2018 :: [XP TRACK]: ;Kyrus; gained ;504; XP.
Mon Dec 10 23:19:18 2018 :: Log Kyrus: drop key
Mon Dec 10 23:19:40 2018 :: [XP TRACK]: ;Kyrus; gained ;246; XP.
Mon Dec 10 23:20:18 2018 :: [XP TRACK]: ;Kyrus; gained ;308; XP.
Mon Dec 10 23:20:23 2018 :: [XP TRACK]: ;Kyrus; gained ;233; XP.
Mon Dec 10 23:20:35 2018 :: [XP TRACK]: ;Kyrus; gained ;203; XP.
Mon Dec 10 23:20:44 2018 :: [XP TRACK]: ;Kyrus; gained ;328; XP.
Mon Dec 10 23:20:44 2018 :: [XP TRACK]: ;Kyrus; gained ;203; XP.
Mon Dec 10 23:20:56 2018 :: [XP TRACK]: ;Kyrus; gained ;204; XP.
Mon Dec 10 23:21:02 2018 :: [XP TRACK]: ;Kyrus; gained ;288; XP.
Mon Dec 10 23:21:02 2018 :: Log Killuminati: restore Kyrus
Mon Dec 10 23:21:13 2018 :: [XP TRACK]: ;Kyrus; gained ;234; XP.
Mon Dec 10 23:21:20 2018 :: [XP TRACK]: ;Kyrus; gained ;235; XP.
Mon Dec 10 23:21:31 2018 :: Log Kyrus: remort
Mon Dec 10 23:21:44 2018 :: Log Kyrus: remort hello warrior warrior dwarf
Mon Dec 10 23:22:08 2018 :: [XP TRACK]: ;Kyrus; gained ;134; XP.
Mon Dec 10 23:22:35 2018 :: [XP TRACK]: ;Kyrus; gained ;167; XP.
Mon Dec 10 23:22:50 2018 :: [XP TRACK]: ;Kyrus; gained ;247; XP.
Mon Dec 10 23:22:54 2018 :: [XP TRACK]: ;Kyrus; gained ;157; XP.
Mon Dec 10 23:23:34 2018 :: Log Killuminati: restore Kyrus
Mon Dec 10 23:24:48 2018 :: Log Kyrus: drop key
Mon Dec 10 23:24:52 2018 :: Kyrus has quit. [Room: 29203]
Mon Dec 10 23:24:52 2018 :: Called for vnum: 3715 to modify as: -1 as playerload.
Mon Dec 10 23:24:52 2018 :: Vnum 3715|Signval: -1|!Gameload|Total: 1
Mon Dec 10 23:24:52 2018 :: Called for vnum: 3715 to modify as: 1 as playerload.
Mon Dec 10 23:24:52 2018 :: Vnum 3715|Signval: 1|!Gameload|Total: 0
Mon Dec 10 23:24:52 2018 :: Called for vnum: 29240 to modify as: -1 as playerload.
Mon Dec 10 23:24:52 2018 :: Vnum 29240|Signval: -1|!Gameload|Total: 4
Mon Dec 10 23:24:52 2018 :: Called for vnum: 29240 to modify as: 1 as playerload.
Mon Dec 10 23:24:52 2018 :: Vnum 29240|Signval: 1|!Gameload|Total: 3
Mon Dec 10 23:24:52 2018 :: Called for vnum: 717 to modify as: -1 as playerload.
Mon Dec 10 23:24:52 2018 :: Vnum 717|Signval: -1|!Gameload|Total: 3
Mon Dec 10 23:24:52 2018 :: Called for vnum: 717 to modify as: 1 as playerload.
Mon Dec 10 23:24:52 2018 :: Vnum 717|Signval: 1|!Gameload|Total: 2
Mon Dec 10 23:24:52 2018 :: Called for vnum: 717 to modify as: -1 as playerload.
Mon Dec 10 23:24:52 2018 :: Vnum 717|Signval: -1|!Gameload|Total: 3
Mon Dec 10 23:24:52 2018 :: Called for vnum: 717 to modify as: 1 as playerload.
Mon Dec 10 23:24:52 2018 :: Vnum 717|Signval: 1|!Gameload|Total: 2
Tue Dec 11 02:02:32 2018 :: Sock.sinaddr:  172.104.84.223
Tue Dec 11 02:02:32 2018 :: EOF encountered on read.
Tue Dec 11 02:48:49 2018 :: Automated backup complete.
tar: Removing leading `../' from member names
Tue Dec 11 03:09:34 2018 :: Sock.sinaddr:  193.238.46.41
Tue Dec 11 03:09:34 2018 :: EOF encountered on read.
Tue Dec 11 03:26:51 2018 :: Sock.sinaddr:  80.82.77.139
Tue Dec 11 03:26:55 2018 :: EOF encountered on read.
Tue Dec 11 07:08:00 2018 :: Sock.sinaddr:  71.6.167.142
Tue Dec 11 07:08:07 2018 :: EOF encountered on read.
Tue Dec 11 11:24:13 2018 :: Sock.sinaddr:  122.228.19.79
Tue Dec 11 11:24:14 2018 :: EOF encountered on read.
Tue Dec 11 12:45:12 2018 :: Sock.sinaddr:  173.22.228.146
Tue Dec 11 12:45:13 2018 :: Loading Kyrus's playerfile
Tue Dec 11 12:45:14 2018 :: Kyrus@173-22-228-146.client.mchsi.com has connected. [Room: 29203]
Tue Dec 11 12:45:28 2018 :: [XP TRACK]: ;Kyrus; gained ;234; XP.
Tue Dec 11 12:45:40 2018 :: [XP TRACK]: ;Kyrus; gained ;245; XP.
Tue Dec 11 12:45:46 2018 :: [XP TRACK]: ;Kyrus; gained ;203; XP.
Tue Dec 11 12:46:01 2018 :: [XP TRACK]: ;Kyrus; gained ;248; XP.
Tue Dec 11 12:46:03 2018 :: [XP TRACK]: ;Kyrus; gained ;225; XP.
Tue Dec 11 12:46:06 2018 :: [XP TRACK]: ;Kyrus; gained ;263; XP.
Tue Dec 11 12:46:22 2018 :: [XP TRACK]: ;Kyrus; gained ;269; XP.
Tue Dec 11 12:46:28 2018 :: [XP TRACK]: ;Kyrus; gained ;320; XP.
Tue Dec 11 12:46:39 2018 :: [XP TRACK]: ;Kyrus; gained ;268; XP.
Tue Dec 11 12:46:46 2018 :: [XP TRACK]: ;Kyrus; gained ;264; XP.
Tue Dec 11 12:46:49 2018 :: [XP TRACK]: ;Kyrus; gained ;301; XP.
Tue Dec 11 12:46:52 2018 :: [XP TRACK]: ;Kyrus; gained ;239; XP.
Tue Dec 11 12:47:07 2018 :: Kyrus has quit. [Room: 29203]
Tue Dec 11 12:47:07 2018 :: Called for vnum: 3715 to modify as: -1 as playerload.
Tue Dec 11 12:47:07 2018 :: Vnum 3715|Signval: -1|!Gameload|Total: 1
Tue Dec 11 12:47:07 2018 :: Called for vnum: 3715 to modify as: 1 as playerload.
Tue Dec 11 12:47:07 2018 :: Vnum 3715|Signval: 1|!Gameload|Total: 0
Tue Dec 11 12:47:07 2018 :: Called for vnum: 29240 to modify as: -1 as playerload.
Tue Dec 11 12:47:07 2018 :: Vnum 29240|Signval: -1|!Gameload|Total: 4
Tue Dec 11 12:47:07 2018 :: Called for vnum: 29240 to modify as: 1 as playerload.
Tue Dec 11 12:47:07 2018 :: Vnum 29240|Signval: 1|!Gameload|Total: 3
Tue Dec 11 12:47:07 2018 :: Called for vnum: 717 to modify as: -1 as playerload.
Tue Dec 11 12:47:07 2018 :: Vnum 717|Signval: -1|!Gameload|Total: 3
Tue Dec 11 12:47:07 2018 :: Called for vnum: 717 to modify as: 1 as playerload.
Tue Dec 11 12:47:07 2018 :: Vnum 717|Signval: 1|!Gameload|Total: 2
Tue Dec 11 12:47:07 2018 :: Called for vnum: 717 to modify as: -1 as playerload.
Tue Dec 11 12:47:07 2018 :: Vnum 717|Signval: -1|!Gameload|Total: 3
Tue Dec 11 12:47:07 2018 :: Called for vnum: 717 to modify as: 1 as playerload.
Tue Dec 11 12:47:07 2018 :: Vnum 717|Signval: 1|!Gameload|Total: 2
Tue Dec 11 15:01:34 2018 :: Sock.sinaddr:  73.189.243.159
Tue Dec 11 15:01:35 2018 :: EOF encountered on read.
Tue Dec 11 15:04:22 2018 :: Sock.sinaddr:  189.235.27.227
Tue Dec 11 15:04:23 2018 :: EOF encountered on read.
Tue Dec 11 18:02:59 2018 :: Sock.sinaddr:  104.131.133.167
Tue Dec 11 18:03:09 2018 :: EOF encountered on read.
Tue Dec 11 20:25:14 2018 :: Sock.sinaddr:  173.22.228.146
Tue Dec 11 20:25:14 2018 :: Loading Kyrus's playerfile
Tue Dec 11 20:25:15 2018 :: Kyrus@173-22-228-146.client.mchsi.com has connected. [Room: 29203]
Tue Dec 11 20:25:26 2018 :: Log Killuminati: restore Kyrus
Tue Dec 11 20:25:30 2018 :: [XP TRACK]: ;Kyrus; gained ;330; XP.
Tue Dec 11 20:25:48 2018 :: [XP TRACK]: ;Kyrus; gained ;326; XP.
Tue Dec 11 20:25:55 2018 :: [XP TRACK]: ;Kyrus; gained ;280; XP.
Tue Dec 11 20:26:15 2018 :: [XP TRACK]: ;Kyrus; gained ;279; XP.
Tue Dec 11 20:26:19 2018 :: [XP TRACK]: ;Kyrus; gained ;224; XP.
Tue Dec 11 20:26:27 2018 :: [XP TRACK]: ;Kyrus; gained ;305; XP.
Tue Dec 11 20:27:00 2018 :: [XP TRACK]: ;Kyrus; gained ;243; XP.
Tue Dec 11 20:27:05 2018 :: [XP TRACK]: ;Kyrus; gained ;276; XP.
Tue Dec 11 20:27:16 2018 :: [XP TRACK]: ;Kyrus; gained ;257; XP.
Tue Dec 11 20:27:23 2018 :: [XP TRACK]: ;Kyrus; gained ;238; XP.
Tue Dec 11 20:27:26 2018 :: [XP TRACK]: ;Kyrus; gained ;268; XP.
Tue Dec 11 20:27:33 2018 :: [XP TRACK]: ;Kyrus; gained ;290; XP.
Tue Dec 11 20:45:03 2018 :: Log Killuminati: restore Kyrus
Tue Dec 11 20:45:08 2018 :: [XP TRACK]: ;Kyrus; gained ;258; XP.
Tue Dec 11 20:45:20 2018 :: [XP TRACK]: ;Kyrus; gained ;282; XP.
Tue Dec 11 20:45:35 2018 :: [XP TRACK]: ;Kyrus; gained ;230; XP.
Tue Dec 11 20:45:44 2018 :: [XP TRACK]: ;Kyrus; gained ;300; XP.
Tue Dec 11 20:45:50 2018 :: [XP TRACK]: ;Kyrus; gained ;301; XP.
Tue Dec 11 20:46:05 2018 :: [XP TRACK]: ;Kyrus; gained ;303; XP.
Tue Dec 11 20:46:11 2018 :: [XP TRACK]: ;Kyrus; gained ;309; XP.
Tue Dec 11 20:46:14 2018 :: [XP TRACK]: ;Kyrus; gained ;232; XP.
Tue Dec 11 20:46:29 2018 :: [XP TRACK]: ;Kyrus; gained ;247; XP.
Tue Dec 11 20:46:43 2018 :: [XP TRACK]: ;Kyrus; gained ;234; XP.
Tue Dec 11 20:46:46 2018 :: Log Killuminati: restore Kyrus
Tue Dec 11 20:51:45 2018 :: [XP TRACK]: ;Kyrus; gained ;219; XP.
Tue Dec 11 20:51:51 2018 :: [XP TRACK]: ;Kyrus; gained ;254; XP.
Tue Dec 11 20:52:00 2018 :: [XP TRACK]: ;Kyrus; gained ;238; XP.
Tue Dec 11 21:00:29 2018 :: Log Killuminati: restore Kyrus
Tue Dec 11 21:03:59 2018 :: Kyrus has been spared by the gods divine protection from certain death at the hands of gholem!
Tue Dec 11 21:04:00 2018 :: [XP TRACK]: ;Kyrus; gained ;484; XP.
Tue Dec 11 21:04:03 2018 :: Log Killuminati: restore Kyrus
Tue Dec 11 21:04:07 2018 :: Log Killuminati: restore self
Tue Dec 11 21:04:07 2018 :: Log Killuminati: restore Kyrus 
Tue Dec 11 21:04:13 2018 :: Log Killuminati: restore self
Tue Dec 11 21:05:42 2018 :: Log Killuminati: restore Kyrus
Tue Dec 11 21:05:57 2018 :: Log Killuminati: restore Kyrus
Tue Dec 11 21:06:12 2018 :: Log Killuminati: restore Kyrus
Tue Dec 11 21:06:34 2018 :: Log Killuminati: restore Kyrus
Tue Dec 11 21:06:35 2018 :: [XP TRACK]: ;Kyrus; gained ;404; XP.
Tue Dec 11 21:06:55 2018 :: Log Killuminati: restore Kyrus
Tue Dec 11 21:07:11 2018 :: Log Killuminati: restore Kyrus
Tue Dec 11 21:07:16 2018 :: Log Killuminati: restore self
Tue Dec 11 21:07:17 2018 :: Log Killuminati: restore Kyrus 
Tue Dec 11 21:07:23 2018 :: Log Killuminati: restore self
Tue Dec 11 21:07:36 2018 :: [XP TRACK]: ;Kyrus; gained ;422; XP.
Tue Dec 11 21:08:51 2018 :: Log Killuminati: restore Kyrus
Tue Dec 11 21:09:05 2018 :: [XP TRACK]: ;Kyrus; gained ;287; XP.
Tue Dec 11 21:09:57 2018 :: Log Kyrus: drop key
Tue Dec 11 21:10:16 2018 :: [XP TRACK]: ;Kyrus; gained ;272; XP.
Tue Dec 11 21:10:19 2018 :: [XP TRACK]: ;Kyrus; gained ;273; XP.
Tue Dec 11 21:10:24 2018 :: [XP TRACK]: ;Kyrus; gained ;320; XP.
Tue Dec 11 21:10:27 2018 :: [XP TRACK]: ;Kyrus; gained ;310; XP.
Tue Dec 11 21:10:34 2018 :: Log Killuminati: restore Kyrus
Tue Dec 11 21:10:48 2018 :: [XP TRACK]: ;Kyrus; gained ;298; XP.
Tue Dec 11 21:10:50 2018 :: [XP TRACK]: ;Kyrus; gained ;332; XP.
Tue Dec 11 21:10:54 2018 :: [XP TRACK]: ;Kyrus; gained ;269; XP.
Tue Dec 11 21:10:56 2018 :: [XP TRACK]: ;Kyrus; gained ;293; XP.
Tue Dec 11 21:11:08 2018 :: [XP TRACK]: ;Kyrus; gained ;310; XP.
Tue Dec 11 21:11:15 2018 :: [XP TRACK]: ;Kyrus; gained ;259; XP.
Tue Dec 11 21:11:19 2018 :: [XP TRACK]: ;Kyrus; gained ;211; XP.
Tue Dec 11 21:11:21 2018 :: [XP TRACK]: ;Kyrus; gained ;331; XP.
Tue Dec 11 21:11:30 2018 :: Log Killuminati: restore Kyrus
Tue Dec 11 21:19:29 2018 :: Log Kyrus: drop key
Tue Dec 11 21:19:49 2018 :: [XP TRACK]: ;Kyrus; gained ;258; XP.
Tue Dec 11 21:26:59 2018 :: [XP TRACK]: ;Kyrus; gained ;270; XP.
Tue Dec 11 21:27:02 2018 :: [XP TRACK]: ;Kyrus; gained ;317; XP.
Tue Dec 11 21:27:05 2018 :: [XP TRACK]: ;Kyrus; gained ;321; XP.
Tue Dec 11 21:27:08 2018 :: [XP TRACK]: ;Kyrus; gained ;319; XP.
Tue Dec 11 21:27:28 2018 :: [XP TRACK]: ;Kyrus; gained ;256; XP.
Tue Dec 11 21:27:34 2018 :: [XP TRACK]: ;Kyrus; gained ;283; XP.
Tue Dec 11 21:27:35 2018 :: [XP TRACK]: ;Kyrus; gained ;225; XP.
Tue Dec 11 21:38:06 2018 :: Log Kyrus: drop key
Tue Dec 11 21:38:24 2018 :: [XP TRACK]: ;Kyrus; gained ;199; XP.
Tue Dec 11 21:38:38 2018 :: Log Killuminati: restore Kyrus
Tue Dec 11 21:38:40 2018 :: [XP TRACK]: ;Kyrus; gained ;255; XP.
Tue Dec 11 21:38:51 2018 :: [XP TRACK]: ;Kyrus; gained ;217; XP.
Tue Dec 11 21:39:08 2018 :: [XP TRACK]: ;Kyrus; gained ;268; XP.
Tue Dec 11 21:39:11 2018 :: [XP TRACK]: ;Kyrus; gained ;249; XP.
Tue Dec 11 21:39:15 2018 :: [XP TRACK]: ;Kyrus; gained ;279; XP.
Tue Dec 11 21:39:29 2018 :: [XP TRACK]: ;Kyrus; gained ;331; XP.
Tue Dec 11 21:39:32 2018 :: [XP TRACK]: ;Kyrus; gained ;254; XP.
Tue Dec 11 21:48:13 2018 :: Log Kyrus: drop key
Tue Dec 11 21:48:26 2018 :: [XP TRACK]: ;Kyrus; gained ;317; XP.
Tue Dec 11 21:49:26 2018 :: [XP TRACK]: ;Kyrus; gained ;277; XP.
Tue Dec 11 21:49:29 2018 :: [XP TRACK]: ;Kyrus; gained ;274; XP.
Tue Dec 11 21:49:31 2018 :: [XP TRACK]: ;Kyrus; gained ;233; XP.
Tue Dec 11 21:49:50 2018 :: [XP TRACK]: ;Kyrus; gained ;330; XP.
Tue Dec 11 21:49:53 2018 :: [XP TRACK]: ;Kyrus; gained ;255; XP.
Tue Dec 11 21:49:58 2018 :: Log Killuminati: restore Kyrus
Tue Dec 11 21:50:02 2018 :: [XP TRACK]: ;Kyrus; gained ;248; XP.
Tue Dec 11 21:50:08 2018 :: [XP TRACK]: ;Kyrus; gained ;275; XP.
Tue Dec 11 21:50:12 2018 :: [XP TRACK]: ;Kyrus; gained ;236; XP.
Tue Dec 11 21:50:15 2018 :: [XP TRACK]: ;Kyrus; gained ;325; XP.
Tue Dec 11 21:50:25 2018 :: [XP TRACK]: ;Kyrus; gained ;324; XP.
Tue Dec 11 22:11:19 2018 :: Log Killuminati: restore self
Tue Dec 11 22:11:19 2018 :: Log Killuminati: restore Kyrus 
Tue Dec 11 22:11:25 2018 :: Log Killuminati: restore self
Tue Dec 11 22:11:33 2018 :: Log Kyrus: drop key
Tue Dec 11 22:11:44 2018 :: [XP TRACK]: ;Kyrus; gained ;298; XP.
Tue Dec 11 22:11:58 2018 :: [XP TRACK]: ;Kyrus; gained ;280; XP.
Tue Dec 11 22:12:08 2018 :: [XP TRACK]: ;Kyrus; gained ;267; XP.
Tue Dec 11 22:12:20 2018 :: [XP TRACK]: ;Kyrus; gained ;263; XP.
Tue Dec 11 22:12:26 2018 :: [XP TRACK]: ;Kyrus; gained ;240; XP.
Tue Dec 11 22:12:27 2018 :: [XP TRACK]: ;Kyrus; gained ;272; XP.
Tue Dec 11 22:12:47 2018 :: [XP TRACK]: ;Kyrus; gained ;282; XP.
Tue Dec 11 22:13:05 2018 :: [XP TRACK]: ;Kyrus; gained ;234; XP.
Tue Dec 11 22:13:15 2018 :: Kyrus has quit. [Room: 29203]
Tue Dec 11 22:13:15 2018 :: Called for vnum: 3715 to modify as: -1 as playerload.
Tue Dec 11 22:13:15 2018 :: Vnum 3715|Signval: -1|!Gameload|Total: 1
Tue Dec 11 22:13:15 2018 :: Called for vnum: 3715 to modify as: 1 as playerload.
Tue Dec 11 22:13:15 2018 :: Vnum 3715|Signval: 1|!Gameload|Total: 0
Tue Dec 11 22:13:15 2018 :: Called for vnum: 29240 to modify as: -1 as playerload.
Tue Dec 11 22:13:15 2018 :: Vnum 29240|Signval: -1|!Gameload|Total: 4
Tue Dec 11 22:13:15 2018 :: Called for vnum: 29240 to modify as: 1 as playerload.
Tue Dec 11 22:13:15 2018 :: Vnum 29240|Signval: 1|!Gameload|Total: 3
Tue Dec 11 22:13:15 2018 :: Called for vnum: 717 to modify as: -1 as playerload.
Tue Dec 11 22:13:15 2018 :: Vnum 717|Signval: -1|!Gameload|Total: 3
Tue Dec 11 22:13:15 2018 :: Called for vnum: 717 to modify as: 1 as playerload.
Tue Dec 11 22:13:15 2018 :: Vnum 717|Signval: 1|!Gameload|Total: 2
Tue Dec 11 22:13:15 2018 :: Called for vnum: 717 to modify as: -1 as playerload.
Tue Dec 11 22:13:15 2018 :: Vnum 717|Signval: -1|!Gameload|Total: 3
Tue Dec 11 22:13:15 2018 :: Called for vnum: 717 to modify as: 1 as playerload.
Tue Dec 11 22:13:15 2018 :: Vnum 717|Signval: 1|!Gameload|Total: 2
Tue Dec 11 22:47:29 2018 :: Sock.sinaddr:  173.22.228.146
Tue Dec 11 22:47:30 2018 :: Loading Kyrus's playerfile
Tue Dec 11 22:47:32 2018 :: Kyrus@173-22-228-146.client.mchsi.com has connected. [Room: 29203]
Tue Dec 11 22:47:42 2018 :: Log Killuminati: restore Kyrus
Tue Dec 11 22:47:51 2018 :: [XP TRACK]: ;Kyrus; gained ;327; XP.
Tue Dec 11 22:48:11 2018 :: [XP TRACK]: ;Kyrus; gained ;221; XP.
Tue Dec 11 22:49:25 2018 :: Sock.sinaddr:  173.22.228.146
Tue Dec 11 22:49:27 2018 :: Loading Kazuu's playerfile
Tue Dec 11 22:49:27 2018 :: Kazuu@173-22-228-146.client.mchsi.com has connected. [Room: 10177]
Tue Dec 11 22:51:32 2018 :: [XP TRACK]: ;Kyrus; gained ;277; XP.
Tue Dec 11 22:51:56 2018 :: [XP TRACK]: ;Kyrus; gained ;247; XP.
Tue Dec 11 22:52:08 2018 :: [XP TRACK]: ;Kyrus; gained ;231; XP.
Tue Dec 11 23:10:50 2018 :: [XP TRACK]: ;Kyrus; gained ;294; XP.
Tue Dec 11 23:11:07 2018 :: Log Killuminati: restore Kyrus
Tue Dec 11 23:11:10 2018 :: [XP TRACK]: ;Kyrus; gained ;232; XP.
Tue Dec 11 23:11:11 2018 :: [XP TRACK]: ;Kyrus; gained ;270; XP.
Tue Dec 11 23:11:14 2018 :: [XP TRACK]: ;Kyrus; gained ;209; XP.
Tue Dec 11 23:11:17 2018 :: [XP TRACK]: ;Kyrus; gained ;303; XP.
Tue Dec 11 23:11:20 2018 :: [XP TRACK]: ;Kyrus; gained ;306; XP.
Tue Dec 11 23:21:55 2018 :: Log Kyrus: drop key
Tue Dec 11 23:22:15 2018 :: [XP TRACK]: ;Kyrus; gained ;319; XP.
Tue Dec 11 23:22:18 2018 :: [XP TRACK]: ;Kyrus; gained ;258; XP.
Tue Dec 11 23:22:33 2018 :: [XP TRACK]: ;Kyrus; gained ;292; XP.
Tue Dec 11 23:22:36 2018 :: [XP TRACK]: ;Kyrus; gained ;221; XP.
Tue Dec 11 23:22:54 2018 :: [XP TRACK]: ;Kyrus; gained ;260; XP.
Tue Dec 11 23:23:00 2018 :: [XP TRACK]: ;Kyrus; gained ;230; XP.
Tue Dec 11 23:23:03 2018 :: [XP TRACK]: ;Kyrus; gained ;261; XP.
Tue Dec 11 23:23:06 2018 :: [XP TRACK]: ;Kyrus; gained ;255; XP.
Tue Dec 11 23:40:56 2018 :: Kyrus has quit. [Room: 29003]
Tue Dec 11 23:40:56 2018 :: Called for vnum: 3715 to modify as: -1 as playerload.
Tue Dec 11 23:40:56 2018 :: Vnum 3715|Signval: -1|!Gameload|Total: 1
Tue Dec 11 23:40:56 2018 :: Called for vnum: 3715 to modify as: 1 as playerload.
Tue Dec 11 23:40:56 2018 :: Vnum 3715|Signval: 1|!Gameload|Total: 0
Tue Dec 11 23:40:56 2018 :: Called for vnum: 29240 to modify as: -1 as playerload.
Tue Dec 11 23:40:56 2018 :: Vnum 29240|Signval: -1|!Gameload|Total: 4
Tue Dec 11 23:40:56 2018 :: Called for vnum: 29240 to modify as: 1 as playerload.
Tue Dec 11 23:40:56 2018 :: Vnum 29240|Signval: 1|!Gameload|Total: 3
Tue Dec 11 23:40:56 2018 :: Called for vnum: 717 to modify as: -1 as playerload.
Tue Dec 11 23:40:56 2018 :: Vnum 717|Signval: -1|!Gameload|Total: 3
Tue Dec 11 23:40:56 2018 :: Called for vnum: 717 to modify as: 1 as playerload.
Tue Dec 11 23:40:56 2018 :: Vnum 717|Signval: 1|!Gameload|Total: 2
Tue Dec 11 23:40:56 2018 :: Called for vnum: 717 to modify as: -1 as playerload.
Tue Dec 11 23:40:56 2018 :: Vnum 717|Signval: -1|!Gameload|Total: 3
Tue Dec 11 23:40:56 2018 :: Called for vnum: 717 to modify as: 1 as playerload.
Tue Dec 11 23:40:56 2018 :: Vnum 717|Signval: 1|!Gameload|Total: 2
Tue Dec 11 23:40:57 2018 :: EOF encountered on read.
Tue Dec 11 23:40:57 2018 :: Closing link to Kazuu.
Wed Dec 12 00:15:05 2018 :: Sock.sinaddr:  173.22.228.146
Wed Dec 12 00:15:06 2018 :: Loading Kyrus's playerfile
Wed Dec 12 00:15:07 2018 :: Kyrus@173-22-228-146.client.mchsi.com has connected. [Room: 29003]
Wed Dec 12 00:15:14 2018 :: Log Kyrus: drop key
Wed Dec 12 00:15:30 2018 :: [XP TRACK]: ;Kyrus; gained ;291; XP.
Wed Dec 12 00:15:44 2018 :: [XP TRACK]: ;Kyrus; gained ;217; XP.
Wed Dec 12 00:15:49 2018 :: [XP TRACK]: ;Kyrus; gained ;229; XP.
Wed Dec 12 00:15:53 2018 :: [XP TRACK]: ;Kyrus; gained ;306; XP.
Wed Dec 12 00:16:14 2018 :: [XP TRACK]: ;Kyrus; gained ;226; XP.
Wed Dec 12 00:16:19 2018 :: Log Killuminati: restore Kyrus
Wed Dec 12 00:16:21 2018 :: [XP TRACK]: ;Kyrus; gained ;292; XP.
Wed Dec 12 00:16:38 2018 :: [XP TRACK]: ;Kyrus; gained ;260; XP.
Wed Dec 12 00:16:41 2018 :: [XP TRACK]: ;Kyrus; gained ;219; XP.
Wed Dec 12 00:17:00 2018 :: [XP TRACK]: ;Kyrus; gained ;258; XP.
Wed Dec 12 00:17:06 2018 :: [XP TRACK]: ;Kyrus; gained ;292; XP.
Wed Dec 12 00:17:10 2018 :: [XP TRACK]: ;Kyrus; gained ;331; XP.
Wed Dec 12 00:17:17 2018 :: [XP TRACK]: ;Kyrus; gained ;161; XP.
Wed Dec 12 00:17:22 2018 :: Log Killuminati: restore Kyrus
Wed Dec 12 00:17:32 2018 :: [XP TRACK]: ;Kyrus; gained ;236; XP.
Wed Dec 12 00:17:44 2018 :: [XP TRACK]: ;Kyrus; gained ;292; XP.
Wed Dec 12 00:17:51 2018 :: [XP TRACK]: ;Kyrus; gained ;201; XP.
Wed Dec 12 00:18:10 2018 :: [XP TRACK]: ;Kyrus; gained ;227; XP.
Wed Dec 12 00:18:11 2018 :: [XP TRACK]: ;Kyrus; gained ;380; XP.
Wed Dec 12 00:18:32 2018 :: [XP TRACK]: ;Kyrus; gained ;314; XP.
Wed Dec 12 00:18:43 2018 :: Log Killuminati: restore Kyrus
Wed Dec 12 00:18:44 2018 :: [XP TRACK]: ;Kyrus; gained ;234; XP.
Wed Dec 12 00:18:47 2018 :: Log Kyrus: drop amulet
Wed Dec 12 00:19:08 2018 :: [XP TRACK]: ;Kyrus; gained ;308; XP.
Wed Dec 12 00:19:44 2018 :: [XP TRACK]: ;Kyrus; gained ;263; XP.
Wed Dec 12 00:20:41 2018 :: [XP TRACK]: ;Kyrus; gained ;303; XP.
Wed Dec 12 00:21:17 2018 :: [XP TRACK]: ;Kyrus; gained ;257; XP.
Wed Dec 12 00:21:29 2018 :: [XP TRACK]: ;Kyrus; gained ;208; XP.
Wed Dec 12 00:21:31 2018 :: Log Kyrus: drop amulet
Wed Dec 12 00:21:34 2018 :: [XP TRACK]: ;Kyrus; gained ;233; XP.
Wed Dec 12 00:21:38 2018 :: [XP TRACK]: ;Kyrus; gained ;235; XP.
Wed Dec 12 00:21:39 2018 :: Log Kyrus: drop amulet
Wed Dec 12 00:21:43 2018 :: Log Killuminati: restore Kyrus
Wed Dec 12 00:22:50 2018 :: Log Kyrus: drop key
Wed Dec 12 00:26:17 2018 :: Log Kyrus: drop key
Wed Dec 12 00:26:42 2018 :: [XP TRACK]: ;Kyrus; gained ;262; XP.
Wed Dec 12 00:26:51 2018 :: [XP TRACK]: ;Kyrus; gained ;240; XP.
Wed Dec 12 00:26:54 2018 :: [XP TRACK]: ;Kyrus; gained ;315; XP.
Wed Dec 12 00:27:37 2018 :: [XP TRACK]: ;Kyrus; gained ;220; XP.
Wed Dec 12 00:27:47 2018 :: [XP TRACK]: ;Kyrus; gained ;326; XP.
Wed Dec 12 00:27:50 2018 :: [XP TRACK]: ;Kyrus; gained ;260; XP.
Wed Dec 12 00:28:06 2018 :: [XP TRACK]: ;Kyrus; gained ;264; XP.
Wed Dec 12 00:28:11 2018 :: [XP TRACK]: ;Kyrus; gained ;280; XP.
Wed Dec 12 00:28:30 2018 :: [XP TRACK]: ;Kyrus; gained ;318; XP.
Wed Dec 12 00:28:35 2018 :: [XP TRACK]: ;Kyrus; gained ;220; XP.
Wed Dec 12 00:28:43 2018 :: [XP TRACK]: ;Kyrus; gained ;213; XP.
Wed Dec 12 00:28:45 2018 :: Log Kyrus: drop amulet
Wed Dec 12 00:28:46 2018 :: Log Killuminati: restore Kyrus
Wed Dec 12 00:29:10 2018 :: [XP TRACK]: ;Kyrus; gained ;272; XP.
Wed Dec 12 00:29:12 2018 :: [XP TRACK]: ;Kyrus; gained ;310; XP.
Wed Dec 12 00:29:30 2018 :: [XP TRACK]: ;Kyrus; gained ;317; XP.
Wed Dec 12 00:29:46 2018 :: [XP TRACK]: ;Kyrus; gained ;300; XP.
Wed Dec 12 00:29:52 2018 :: [XP TRACK]: ;Kyrus; gained ;303; XP.
Wed Dec 12 00:29:52 2018 :: [XP TRACK]: ;Kyrus; gained ;239; XP.
Wed Dec 12 00:29:55 2018 :: Log Kyrus: drop amulet
Wed Dec 12 00:29:55 2018 :: Log Kyrus: drop amulet
Wed Dec 12 00:30:11 2018 :: Log Killuminati: restore self
Wed Dec 12 00:30:12 2018 :: Log Killuminati: restore Kyrus 
Wed Dec 12 00:30:18 2018 :: Log Killuminati: restore self
Wed Dec 12 00:32:12 2018 :: Kyrus did a remove all.
Wed Dec 12 00:33:36 2018 :: Log Kyrus: depos 1179
Wed Dec 12 00:33:49 2018 :: Log Kyrus: drop key
Wed Dec 12 00:34:16 2018 :: [XP TRACK]: ;Kyrus; gained ;303; XP.
Wed Dec 12 00:34:28 2018 :: [XP TRACK]: ;Kyrus; gained ;281; XP.
Wed Dec 12 00:34:34 2018 :: [XP TRACK]: ;Kyrus; gained ;273; XP.
Wed Dec 12 00:34:49 2018 :: [XP TRACK]: ;Kyrus; gained ;267; XP.
Wed Dec 12 00:34:53 2018 :: [XP TRACK]: ;Kyrus; gained ;268; XP.
Wed Dec 12 00:34:59 2018 :: [XP TRACK]: ;Kyrus; gained ;323; XP.
Wed Dec 12 00:35:35 2018 :: [XP TRACK]: ;Kyrus; gained ;256; XP.
Wed Dec 12 00:35:39 2018 :: [XP TRACK]: ;Kyrus; gained ;252; XP.
Wed Dec 12 00:35:57 2018 :: [XP TRACK]: ;Kyrus; gained ;291; XP.
Wed Dec 12 00:36:02 2018 :: [XP TRACK]: ;Kyrus; gained ;236; XP.
Wed Dec 12 00:36:02 2018 :: Kyrus is now a hero!
Wed Dec 12 00:36:11 2018 :: [XP TRACK]: ;Kyrus; gained ;166; XP.
Wed Dec 12 00:36:46 2018 :: Log Killuminati: restore Kyrus
Wed Dec 12 00:36:47 2018 :: [XP TRACK]: ;Kyrus; gained ;182; XP.
Wed Dec 12 00:36:54 2018 :: [XP TRACK]: ;Kyrus; gained ;155; XP.
Wed Dec 12 00:36:56 2018 :: [XP TRACK]: ;Kyrus; gained ;245; XP.
Wed Dec 12 00:37:19 2018 :: [XP TRACK]: ;Kyrus; gained ;223; XP.
Wed Dec 12 00:37:26 2018 :: [XP TRACK]: ;Kyrus; gained ;237; XP.
Wed Dec 12 00:37:43 2018 :: Kyrus has quit. [Room: 29003]
Wed Dec 12 00:37:43 2018 :: Called for vnum: 3715 to modify as: -1 as playerload.
Wed Dec 12 00:37:43 2018 :: Vnum 3715|Signval: -1|!Gameload|Total: 1
Wed Dec 12 00:37:43 2018 :: Called for vnum: 3715 to modify as: 1 as playerload.
Wed Dec 12 00:37:43 2018 :: Vnum 3715|Signval: 1|!Gameload|Total: 0
Wed Dec 12 00:37:43 2018 :: Called for vnum: 29240 to modify as: -1 as playerload.
Wed Dec 12 00:37:43 2018 :: Vnum 29240|Signval: -1|!Gameload|Total: 4
Wed Dec 12 00:37:43 2018 :: Called for vnum: 29240 to modify as: 1 as playerload.
Wed Dec 12 00:37:43 2018 :: Vnum 29240|Signval: 1|!Gameload|Total: 3
Wed Dec 12 00:37:43 2018 :: Called for vnum: 717 to modify as: -1 as playerload.
Wed Dec 12 00:37:43 2018 :: Vnum 717|Signval: -1|!Gameload|Total: 3
Wed Dec 12 00:37:43 2018 :: Called for vnum: 717 to modify as: 1 as playerload.
Wed Dec 12 00:37:43 2018 :: Vnum 717|Signval: 1|!Gameload|Total: 2
Wed Dec 12 00:37:43 2018 :: Called for vnum: 717 to modify as: -1 as playerload.
Wed Dec 12 00:37:43 2018 :: Vnum 717|Signval: -1|!Gameload|Total: 3
Wed Dec 12 00:37:43 2018 :: Called for vnum: 717 to modify as: 1 as playerload.
Wed Dec 12 00:37:43 2018 :: Vnum 717|Signval: 1|!Gameload|Total: 2
Wed Dec 12 00:41:53 2018 :: Sock.sinaddr:  173.22.228.146
Wed Dec 12 00:41:54 2018 :: Loading Kyrus's playerfile
Wed Dec 12 00:41:56 2018 :: Kyrus@173-22-228-146.client.mchsi.com has connected. [Room: 29003]
Wed Dec 12 00:42:05 2018 :: Log Kyrus: drop key
Wed Dec 12 00:42:17 2018 :: [XP TRACK]: ;Kyrus; gained ;247; XP.
Wed Dec 12 00:42:34 2018 :: [XP TRACK]: ;Kyrus; gained ;236; XP.
Wed Dec 12 00:42:45 2018 :: [XP TRACK]: ;Kyrus; gained ;242; XP.
Wed Dec 12 00:42:45 2018 :: Log Killuminati: restore Kyrus
Wed Dec 12 00:43:00 2018 :: [XP TRACK]: ;Kyrus; gained ;192; XP.
Wed Dec 12 00:43:01 2018 :: [XP TRACK]: ;Kyrus; gained ;262; XP.
Wed Dec 12 00:43:06 2018 :: [XP TRACK]: ;Kyrus; gained ;231; XP.
Wed Dec 12 00:43:16 2018 :: [XP TRACK]: ;Kyrus; gained ;183; XP.
Wed Dec 12 00:43:23 2018 :: [XP TRACK]: ;Kyrus; gained ;195; XP.
Wed Dec 12 00:43:33 2018 :: [XP TRACK]: ;Kyrus; gained ;243; XP.
Wed Dec 12 00:43:41 2018 :: [XP TRACK]: ;Kyrus; gained ;226; XP.
Wed Dec 12 00:43:50 2018 :: [XP TRACK]: ;Kyrus; gained ;230; XP.
Wed Dec 12 00:44:06 2018 :: [XP TRACK]: ;Kyrus; gained ;142; XP.
Wed Dec 12 00:44:12 2018 :: [XP TRACK]: ;Kyrus; gained ;145; XP.
Wed Dec 12 00:44:31 2018 :: [XP TRACK]: ;Kyrus; gained ;230; XP.
Wed Dec 12 00:44:35 2018 :: Log Kyrus: drop amulet
Wed Dec 12 00:44:35 2018 :: [XP TRACK]: ;Kyrus; gained ;164; XP.
Wed Dec 12 00:44:42 2018 :: Log Killuminati: restore Kyrus
Wed Dec 12 00:45:01 2018 :: [XP TRACK]: ;Kyrus; gained ;214; XP.
Wed Dec 12 00:45:19 2018 :: [XP TRACK]: ;Kyrus; gained ;208; XP.
Wed Dec 12 00:45:25 2018 :: [XP TRACK]: ;Kyrus; gained ;205; XP.
Wed Dec 12 00:45:29 2018 :: Log Kyrus: drop amulet
