Wed Dec 12 12:53:11 2018 :: LOADING COMM TABLE
Wed Dec 12 12:53:11 2018 ::  INIT OK 
Wed Dec 12 12:53:11 2018 :: Ended LOADING COMM TABLE
Wed Dec 12 12:53:11 2018 :: Ended Fixing Exits
Wed Dec 12 12:53:11 2018 :: Called for vnum: 3715 to modify as: 1 as gameload.
Wed Dec 12 12:53:11 2018 :: Vnum 3715|Signval: 1|Gameload|Total: 1
Wed Dec 12 12:53:11 2018 :: Called for vnum: 717 to modify as: 1 as gameload.
Wed Dec 12 12:53:11 2018 :: Vnum 717|Signval: 1|Gameload|Total: 1
Wed Dec 12 12:53:11 2018 :: Called for vnum: 717 to modify as: 1 as gameload.
Wed Dec 12 12:53:11 2018 :: Vnum 717|Signval: 1|Gameload|Total: 2
Wed Dec 12 12:53:11 2018 :: Called for vnum: 911 to modify as: 1 as gameload.
Wed Dec 12 12:53:11 2018 :: Vnum 911|Signval: 1|Gameload|Total: 1
Wed Dec 12 12:53:11 2018 :: Called for vnum: 911 to modify as: 1 as gameload.
Wed Dec 12 12:53:11 2018 :: Vnum 911|Signval: 1|Gameload|Total: 2
Wed Dec 12 12:53:11 2018 :: Called for vnum: 1388 to modify as: 1 as gameload.
Wed Dec 12 12:53:11 2018 :: Vnum 1388|Signval: 1|Gameload|Total: 1
Wed Dec 12 12:53:11 2018 :: Called for vnum: 7664 to modify as: 1 as gameload.
Wed Dec 12 12:53:11 2018 :: Vnum 7664|Signval: 1|Gameload|Total: 1
Wed Dec 12 12:53:11 2018 :: Called for vnum: 7665 to modify as: 1 as gameload.
Wed Dec 12 12:53:11 2018 :: Vnum 7665|Signval: 1|Gameload|Total: 1
Wed Dec 12 12:53:11 2018 :: Called for vnum: 17713 to modify as: 1 as gameload.
Wed Dec 12 12:53:11 2018 :: Vnum 17713|Signval: 1|Gameload|Total: 1
Wed Dec 12 12:53:11 2018 :: [*****] BUG: Equip_char: already equipped (-1).
Wed Dec 12 12:53:11 2018 :: Called for vnum: 10051 to modify as: 1 as gameload.
Wed Dec 12 12:53:11 2018 :: Vnum 10051|Signval: 1|Gameload|Total: 1
Wed Dec 12 12:53:11 2018 :: Called for vnum: 10051 to modify as: 1 as gameload.
Wed Dec 12 12:53:11 2018 :: Vnum 10051|Signval: 1|Gameload|Total: 2
Wed Dec 12 12:53:11 2018 :: [*****] BUG: Equip_char: already equipped (5).
Wed Dec 12 12:53:11 2018 :: [*****] BUG: Equip_char: already equipped (-1).
Wed Dec 12 12:53:11 2018 :: [*****] BUG: Equip_char: already equipped (-1).
Wed Dec 12 12:53:11 2018 :: [*****] BUG: Equip_char: already equipped (-1).
Wed Dec 12 12:53:11 2018 :: [*****] BUG: Equip_char: already equipped (-1).
Wed Dec 12 12:53:11 2018 :: [*****] BUG: Equip_char: already equipped (-1).
Wed Dec 12 12:53:11 2018 :: [*****] BUG: Equip_char: already equipped (-1).
Wed Dec 12 12:53:11 2018 :: [*****] BUG: Equip_char: already equipped (-1).
Wed Dec 12 12:53:11 2018 :: Called for vnum: 29215 to modify as: 1 as gameload.
Wed Dec 12 12:53:11 2018 :: Vnum 29215|Signval: 1|Gameload|Total: 1
Wed Dec 12 12:53:11 2018 :: Called for vnum: 29215 to modify as: 1 as gameload.
Wed Dec 12 12:53:11 2018 :: Vnum 29215|Signval: 1|Gameload|Total: 2
Wed Dec 12 12:53:11 2018 :: Called for vnum: 29240 to modify as: 1 as gameload.
Wed Dec 12 12:53:11 2018 :: Vnum 29240|Signval: 1|Gameload|Total: 1
Wed Dec 12 12:53:11 2018 :: Called for vnum: 29240 to modify as: 1 as gameload.
Wed Dec 12 12:53:11 2018 :: Vnum 29240|Signval: 1|Gameload|Total: 2
Wed Dec 12 12:53:11 2018 :: Called for vnum: 29240 to modify as: 1 as gameload.
Wed Dec 12 12:53:11 2018 :: Vnum 29240|Signval: 1|Gameload|Total: 3
Wed Dec 12 12:53:11 2018 :: Called for vnum: 28114 to modify as: 1 as gameload.
Wed Dec 12 12:53:11 2018 :: Vnum 28114|Signval: 1|Gameload|Total: 1
Wed Dec 12 12:53:11 2018 :: Ended Area Update
Wed Dec 12 12:53:11 2018 :: Ended Loading Notes
Wed Dec 12 12:53:11 2018 :: Ended Loading Ban
Wed Dec 12 12:53:11 2018 :: Ended Loading Pkills
Wed Dec 12 12:53:11 2018 :: TOC is ready to rock on port 9000.
Wed Dec 12 12:53:11 2018 :: Setting up signals.
Wed Dec 12 12:53:11 2018 :: Automated backup complete.
tar: Removing leading `../' from member names
Wed Dec 12 12:53:17 2018 :: Sock.sinaddr:  127.0.0.1
Wed Dec 12 12:53:17 2018 :: Sock.sinaddr:  127.0.0.1
Wed Dec 12 12:53:17 2018 :: Loading Killuminati's playerfile
Wed Dec 12 12:53:18 2018 :: Loading Testies's playerfile
Wed Dec 12 12:53:18 2018 :: Killuminati@localhost has connected. [Room: 2]
Wed Dec 12 12:53:38 2018 :: Sock.sinaddr:  127.0.0.1
Wed Dec 12 12:53:38 2018 :: EOF encountered on read.
Wed Dec 12 12:53:38 2018 :: Closing link to Testies.
Wed Dec 12 12:53:38 2018 :: Loading Testies's playerfile
Wed Dec 12 12:53:38 2018 :: Testies@localhost has connected. [Room: 4368]
Wed Dec 12 12:53:39 2018 :: Log Testies: who
Wed Dec 12 12:53:42 2018 :: Log Testies: 
Wed Dec 12 12:53:42 2018 :: Automated backup complete.
tar: Removing leading `../' from member names
Wed Dec 12 12:53:42 2018 :: Testies has deleted.
Wed Dec 12 12:53:42 2018 :: Testies has quit. [Room: 4368]
Wed Dec 12 12:53:53 2018 :: Sock.sinaddr:  127.0.0.1
Wed Dec 12 12:53:53 2018 :: Loading Testies's playerfile
Wed Dec 12 12:54:52 2018 :: Log Killuminati: restorechar
Wed Dec 12 12:55:00 2018 :: Log Killuminati: restorechar Testies Nov.12
mv: cannot stat 'Testies': No such file or directory
tar: ../player/Testies: Not found in archive
tar: Exiting with failure status due to previous errors
Wed Dec 12 12:55:07 2018 :: Log Killuminati: restorechar Testies Nov.11
mv: cannot stat 'Testies': No such file or directory
tar: ../player/Testies: Not found in archive
tar: Exiting with failure status due to previous errors
Wed Dec 12 12:55:49 2018 :: Log Killuminati: restorechar Testies Nov.23
mv: cannot stat 'Testies': No such file or directory
tar: ../player/Testies: Not found in archive
tar: Exiting with failure status due to previous errors
Wed Dec 12 12:59:57 2018 :: Log Killuminati: restorechar Testies Nov.23
mv: cannot stat 'Testies': No such file or directory

gzip: ../backups/Nov.23.tar.gz: not in gzip format
tar: This does not look like a tar archive
tar: ../player/Testies: Not found in archive
tar: Exiting with failure status due to previous errors
Wed Dec 12 13:13:55 2018 :: Log Killuminati: restorechar Testies Dec.12
mv: cannot stat 'Testies': No such file or directory

gzip: ../backups/Dec.12.tar.gz: not in gzip format
tar: This does not look like a tar archive
tar: ../player/Testies: Not found in archive
tar: Exiting with failure status due to previous errors
Wed Dec 12 13:14:32 2018 :: Log Killuminati: restorechar Testies Dec.12

gzip: ../backups/Dec.12.tar.gz: not in gzip format
tar: This does not look like a tar archive
tar: ../player/Testies: Not found in archive
tar: Exiting with failure status due to previous errors
Wed Dec 12 13:16:03 2018 :: Log Killuminati: restorechar Testies Dec.12

gzip: ../backups/Dec.12.tar.gz: not in gzip format
tar: This does not look like a tar archive
tar: ../player/Testies: Not found in archive
tar: Exiting with failure status due to previous errors
Wed Dec 12 13:16:45 2018 :: Log Killuminati: restorechar Kazuu Dec.12

gzip: ../backups/Dec.12.tar.gz: not in gzip format
tar: This does not look like a tar archive
tar: ../player/Kazuu: Not found in archive
tar: Exiting with failure status due to previous errors
Wed Dec 12 13:21:37 2018 :: Sock.sinaddr:  198.108.67.48
Wed Dec 12 13:28:06 2018 :: Sock.sinaddr:  198.108.67.48
