Thu Dec 13 06:40:57 2018 :: LOADING COMM TABLE
Thu Dec 13 06:40:57 2018 ::  INIT OK 
Thu Dec 13 06:40:57 2018 :: Ended LOADING COMM TABLE
Thu Dec 13 06:40:57 2018 :: Ended Fixing Exits
Thu Dec 13 06:40:57 2018 :: Called for vnum: 3715 to modify as: 1 as gameload.
Thu Dec 13 06:40:57 2018 :: Vnum 3715|Signval: 1|Gameload|Total: 1
Thu Dec 13 06:40:57 2018 :: Called for vnum: 717 to modify as: 1 as gameload.
Thu Dec 13 06:40:57 2018 :: Vnum 717|Signval: 1|Gameload|Total: 1
Thu Dec 13 06:40:57 2018 :: Called for vnum: 717 to modify as: 1 as gameload.
Thu Dec 13 06:40:57 2018 :: Vnum 717|Signval: 1|Gameload|Total: 2
Thu Dec 13 06:40:57 2018 :: Called for vnum: 911 to modify as: 1 as gameload.
Thu Dec 13 06:40:57 2018 :: Vnum 911|Signval: 1|Gameload|Total: 1
Thu Dec 13 06:40:57 2018 :: Called for vnum: 911 to modify as: 1 as gameload.
Thu Dec 13 06:40:57 2018 :: Vnum 911|Signval: 1|Gameload|Total: 2
Thu Dec 13 06:40:57 2018 :: Called for vnum: 1388 to modify as: 1 as gameload.
Thu Dec 13 06:40:57 2018 :: Vnum 1388|Signval: 1|Gameload|Total: 1
Thu Dec 13 06:40:57 2018 :: Called for vnum: 7664 to modify as: 1 as gameload.
Thu Dec 13 06:40:57 2018 :: Vnum 7664|Signval: 1|Gameload|Total: 1
Thu Dec 13 06:40:57 2018 :: Called for vnum: 7665 to modify as: 1 as gameload.
Thu Dec 13 06:40:57 2018 :: Vnum 7665|Signval: 1|Gameload|Total: 1
Thu Dec 13 06:40:57 2018 :: Called for vnum: 17713 to modify as: 1 as gameload.
Thu Dec 13 06:40:57 2018 :: Vnum 17713|Signval: 1|Gameload|Total: 1
Thu Dec 13 06:40:57 2018 :: [*****] BUG: Equip_char: already equipped (-1).
Thu Dec 13 06:40:57 2018 :: Called for vnum: 10051 to modify as: 1 as gameload.
Thu Dec 13 06:40:57 2018 :: Vnum 10051|Signval: 1|Gameload|Total: 1
Thu Dec 13 06:40:57 2018 :: Called for vnum: 10051 to modify as: 1 as gameload.
Thu Dec 13 06:40:57 2018 :: Vnum 10051|Signval: 1|Gameload|Total: 2
Thu Dec 13 06:40:57 2018 :: [*****] BUG: Equip_char: already equipped (5).
Thu Dec 13 06:40:57 2018 :: [*****] BUG: Equip_char: already equipped (-1).
Thu Dec 13 06:40:57 2018 :: [*****] BUG: Equip_char: already equipped (-1).
Thu Dec 13 06:40:57 2018 :: [*****] BUG: Equip_char: already equipped (-1).
Thu Dec 13 06:40:57 2018 :: [*****] BUG: Equip_char: already equipped (-1).
Thu Dec 13 06:40:57 2018 :: [*****] BUG: Equip_char: already equipped (-1).
Thu Dec 13 06:40:57 2018 :: [*****] BUG: Equip_char: already equipped (-1).
Thu Dec 13 06:40:57 2018 :: [*****] BUG: Equip_char: already equipped (-1).
Thu Dec 13 06:40:57 2018 :: Called for vnum: 29215 to modify as: 1 as gameload.
Thu Dec 13 06:40:57 2018 :: Vnum 29215|Signval: 1|Gameload|Total: 1
Thu Dec 13 06:40:57 2018 :: Called for vnum: 29215 to modify as: 1 as gameload.
Thu Dec 13 06:40:57 2018 :: Vnum 29215|Signval: 1|Gameload|Total: 2
Thu Dec 13 06:40:57 2018 :: [*****] BUG: Equip_char: already equipped (-1).
Thu Dec 13 06:40:57 2018 :: Called for vnum: 29240 to modify as: 1 as gameload.
Thu Dec 13 06:40:57 2018 :: Vnum 29240|Signval: 1|Gameload|Total: 1
Thu Dec 13 06:40:57 2018 :: Called for vnum: 29240 to modify as: 1 as gameload.
Thu Dec 13 06:40:57 2018 :: Vnum 29240|Signval: 1|Gameload|Total: 2
Thu Dec 13 06:40:57 2018 :: Called for vnum: 29240 to modify as: 1 as gameload.
Thu Dec 13 06:40:57 2018 :: Vnum 29240|Signval: 1|Gameload|Total: 3
Thu Dec 13 06:40:57 2018 :: Called for vnum: 28114 to modify as: 1 as gameload.
Thu Dec 13 06:40:57 2018 :: Vnum 28114|Signval: 1|Gameload|Total: 1
Thu Dec 13 06:40:57 2018 :: Ended Area Update
Thu Dec 13 06:40:57 2018 :: Ended Loading Notes
Thu Dec 13 06:40:57 2018 :: Ended Loading Ban
Thu Dec 13 06:40:57 2018 :: Ended Loading Pkills
Thu Dec 13 06:40:57 2018 :: TOC is ready to rock on port 9000.
Thu Dec 13 06:40:57 2018 :: Setting up signals.
Thu Dec 13 06:41:07 2018 :: Sock.sinaddr:  127.0.0.1
Thu Dec 13 06:41:07 2018 :: Automated backup complete.
tar: Removing leading `../' from member names
Thu Dec 13 06:42:09 2018 :: Sock.sinaddr:  127.0.0.1
Thu Dec 13 06:42:10 2018 :: Loading Killuminati's playerfile
Thu Dec 13 06:42:10 2018 :: Killuminati@localhost has connected. [Room: 2]
Thu Dec 13 06:42:16 2018 :: Log Killuminati: set char self class mage
Thu Dec 13 06:42:21 2018 :: Log Killuminati: set char self guild mage
Thu Dec 13 06:42:27 2018 :: Log Killuminati: set skill self all 100
Thu Dec 13 06:43:20 2018 :: Log Killuminati: load mob 25208
Thu Dec 13 06:43:20 2018 :: Log Killuminati: load mob 25208
Thu Dec 13 06:43:21 2018 :: Log Killuminati: load mob 25208
Thu Dec 13 06:43:21 2018 :: Log Killuminati: load mob 25208
Thu Dec 13 06:43:21 2018 :: Log Killuminati: load mob 25208
Thu Dec 13 06:43:21 2018 :: Log Killuminati: load mob 25208
Thu Dec 13 06:43:22 2018 :: Log Killuminati: load mob 25208
Thu Dec 13 06:43:22 2018 :: Log Killuminati: load mob 25208
Thu Dec 13 06:43:22 2018 :: Log Killuminati: load mob 25208
Thu Dec 13 06:43:22 2018 :: Log Killuminati: load mob 25208
Thu Dec 13 06:43:23 2018 :: Log Killuminati: load mob 25208
Thu Dec 13 06:43:23 2018 :: Log Killuminati: load mob 25208
Thu Dec 13 06:43:23 2018 :: Log Killuminati: load mob 25208
Thu Dec 13 06:43:24 2018 :: Log Killuminati: load mob 25208
Thu Dec 13 06:43:24 2018 :: Log Killuminati: load mob 25208
Thu Dec 13 06:43:24 2018 :: Log Killuminati: load mob 25208
Thu Dec 13 06:43:24 2018 :: Log Killuminati: load mob 25208
Thu Dec 13 06:43:25 2018 :: Log Killuminati: load mob 25208
Thu Dec 13 06:43:25 2018 :: Log Killuminati: load mob 25208
Thu Dec 13 06:43:25 2018 :: Log Killuminati: load mob 25208
Thu Dec 13 06:43:25 2018 :: Log Killuminati: load mob 25208
Thu Dec 13 06:43:26 2018 :: Log Killuminati: load mob 25208
Thu Dec 13 06:43:26 2018 :: Log Killuminati: load mob 25208
Thu Dec 13 06:43:26 2018 :: Log Killuminati: load mob 25208
Thu Dec 13 06:43:26 2018 :: Log Killuminati: load mob 25208
Thu Dec 13 06:43:27 2018 :: Log Killuminati: load mob 25208
Thu Dec 13 06:43:27 2018 :: Log Killuminati: load mob 25208
Thu Dec 13 06:43:27 2018 :: Log Killuminati: load mob 25208
Thu Dec 13 06:43:27 2018 :: Log Killuminati: load mob 25208
Thu Dec 13 06:43:28 2018 :: Log Killuminati: load mob 25208
Thu Dec 13 06:43:28 2018 :: Log Killuminati: load mob 25208
Thu Dec 13 06:43:28 2018 :: Log Killuminati: load mob 25208
Thu Dec 13 06:43:28 2018 :: Log Killuminati: load mob 25208
Thu Dec 13 06:43:29 2018 :: Log Killuminati: load mob 25208
Thu Dec 13 06:43:29 2018 :: Log Killuminati: load mob 25208
Thu Dec 13 06:43:29 2018 :: Log Killuminati: load mob 25208
Thu Dec 13 06:47:05 2018 :: Log Killuminati: set char drow hp 7000
Thu Dec 13 06:47:13 2018 :: Log Killuminati: restore self
Thu Dec 13 06:47:17 2018 :: Log Killuminati: set char self hp 30000
Thu Dec 13 06:47:21 2018 :: Log Killuminati: set char self mana 15000
Thu Dec 13 06:47:25 2018 :: Log Killuminati: set char self end 15000
Thu Dec 13 06:47:27 2018 :: Log Killuminati: restore self
Thu Dec 13 06:50:55 2018 :: Log Killuminati: set skill self mage all
Thu Dec 13 07:07:35 2018 :: Log Killuminati: backup
Thu Dec 13 07:24:27 2018 :: Sock.sinaddr:  127.0.0.1
Thu Dec 13 07:24:28 2018 :: Loading Testies's playerfile
Thu Dec 13 07:24:28 2018 :: Testies@localhost has connected. [Room: 4368]
Thu Dec 13 07:24:28 2018 :: Log Testies: who
Thu Dec 13 07:24:30 2018 :: Log Testies: color default
Thu Dec 13 07:33:18 2018 :: Testies has quit. [Room: 2]
Thu Dec 13 07:33:29 2018 :: Sock.sinaddr:  127.0.0.1
Thu Dec 13 07:33:29 2018 :: Loading Testies's playerfile
Thu Dec 13 07:33:30 2018 :: Testies@localhost has connected. [Room: 4368]
Thu Dec 13 07:33:30 2018 :: Log Testies: who
