Thu Dec 13 07:34:21 2018 :: LOADING COMM TABLE
Thu Dec 13 07:34:21 2018 ::  INIT OK 
Thu Dec 13 07:34:21 2018 :: Ended LOADING COMM TABLE
Thu Dec 13 07:34:21 2018 :: Ended Fixing Exits
Thu Dec 13 07:34:21 2018 :: Called for vnum: 3715 to modify as: 1 as gameload.
Thu Dec 13 07:34:21 2018 :: Vnum 3715|Signval: 1|Gameload|Total: 1
Thu Dec 13 07:34:21 2018 :: Called for vnum: 717 to modify as: 1 as gameload.
Thu Dec 13 07:34:21 2018 :: Vnum 717|Signval: 1|Gameload|Total: 1
Thu Dec 13 07:34:21 2018 :: Called for vnum: 717 to modify as: 1 as gameload.
Thu Dec 13 07:34:21 2018 :: Vnum 717|Signval: 1|Gameload|Total: 2
Thu Dec 13 07:34:21 2018 :: Called for vnum: 911 to modify as: 1 as gameload.
Thu Dec 13 07:34:21 2018 :: Vnum 911|Signval: 1|Gameload|Total: 1
Thu Dec 13 07:34:21 2018 :: Called for vnum: 911 to modify as: 1 as gameload.
Thu Dec 13 07:34:21 2018 :: Vnum 911|Signval: 1|Gameload|Total: 2
Thu Dec 13 07:34:21 2018 :: Called for vnum: 1388 to modify as: 1 as gameload.
Thu Dec 13 07:34:21 2018 :: Vnum 1388|Signval: 1|Gameload|Total: 1
Thu Dec 13 07:34:21 2018 :: Called for vnum: 7664 to modify as: 1 as gameload.
Thu Dec 13 07:34:21 2018 :: Vnum 7664|Signval: 1|Gameload|Total: 1
Thu Dec 13 07:34:21 2018 :: Called for vnum: 7665 to modify as: 1 as gameload.
Thu Dec 13 07:34:21 2018 :: Vnum 7665|Signval: 1|Gameload|Total: 1
Thu Dec 13 07:34:21 2018 :: Called for vnum: 17713 to modify as: 1 as gameload.
Thu Dec 13 07:34:21 2018 :: Vnum 17713|Signval: 1|Gameload|Total: 1
Thu Dec 13 07:34:21 2018 :: [*****] BUG: Equip_char: already equipped (-1).
Thu Dec 13 07:34:21 2018 :: Called for vnum: 10051 to modify as: 1 as gameload.
Thu Dec 13 07:34:21 2018 :: Vnum 10051|Signval: 1|Gameload|Total: 1
Thu Dec 13 07:34:21 2018 :: Called for vnum: 10051 to modify as: 1 as gameload.
Thu Dec 13 07:34:21 2018 :: Vnum 10051|Signval: 1|Gameload|Total: 2
Thu Dec 13 07:34:21 2018 :: [*****] BUG: Equip_char: already equipped (5).
Thu Dec 13 07:34:21 2018 :: [*****] BUG: Equip_char: already equipped (-1).
Thu Dec 13 07:34:21 2018 :: [*****] BUG: Equip_char: already equipped (-1).
Thu Dec 13 07:34:21 2018 :: [*****] BUG: Equip_char: already equipped (-1).
Thu Dec 13 07:34:21 2018 :: [*****] BUG: Equip_char: already equipped (-1).
Thu Dec 13 07:34:21 2018 :: [*****] BUG: Equip_char: already equipped (-1).
Thu Dec 13 07:34:21 2018 :: [*****] BUG: Equip_char: already equipped (-1).
Thu Dec 13 07:34:21 2018 :: [*****] BUG: Equip_char: already equipped (-1).
Thu Dec 13 07:34:21 2018 :: Called for vnum: 29215 to modify as: 1 as gameload.
Thu Dec 13 07:34:21 2018 :: Vnum 29215|Signval: 1|Gameload|Total: 1
Thu Dec 13 07:34:21 2018 :: Called for vnum: 29215 to modify as: 1 as gameload.
Thu Dec 13 07:34:21 2018 :: Vnum 29215|Signval: 1|Gameload|Total: 2
Thu Dec 13 07:34:21 2018 :: Called for vnum: 29240 to modify as: 1 as gameload.
Thu Dec 13 07:34:21 2018 :: Vnum 29240|Signval: 1|Gameload|Total: 1
Thu Dec 13 07:34:21 2018 :: Called for vnum: 29240 to modify as: 1 as gameload.
Thu Dec 13 07:34:21 2018 :: Vnum 29240|Signval: 1|Gameload|Total: 2
Thu Dec 13 07:34:21 2018 :: Called for vnum: 29240 to modify as: 1 as gameload.
Thu Dec 13 07:34:21 2018 :: Vnum 29240|Signval: 1|Gameload|Total: 3
Thu Dec 13 07:34:21 2018 :: Called for vnum: 28114 to modify as: 1 as gameload.
Thu Dec 13 07:34:21 2018 :: Vnum 28114|Signval: 1|Gameload|Total: 1
Thu Dec 13 07:34:21 2018 :: Ended Area Update
Thu Dec 13 07:34:21 2018 :: Ended Loading Notes
Thu Dec 13 07:34:21 2018 :: Ended Loading Ban
Thu Dec 13 07:34:21 2018 :: Ended Loading Pkills
Thu Dec 13 07:34:21 2018 :: TOC is ready to rock on port 9000.
Thu Dec 13 07:34:21 2018 :: Setting up signals.
Thu Dec 13 07:34:24 2018 :: Daily backup complete.
tar: Removing leading `../' from member names
Thu Dec 13 07:34:33 2018 :: Sock.sinaddr:  127.0.0.1
Thu Dec 13 07:34:33 2018 :: Sock.sinaddr:  127.0.0.1
Thu Dec 13 07:34:34 2018 :: Loading Killuminati's playerfile
Thu Dec 13 07:34:34 2018 :: Loading Testies's playerfile
Thu Dec 13 07:34:34 2018 :: Killuminati@localhost has connected. [Room: 29206]
Thu Dec 13 07:34:34 2018 :: Testies@localhost has connected. [Room: 4368]
Thu Dec 13 07:34:35 2018 :: Log Testies: who
Thu Dec 13 07:35:31 2018 :: Daily backup complete.
tar: Removing leading `../' from member names
Thu Dec 13 07:36:33 2018 :: Daily backup complete.
tar: Removing leading `../' from member names
Thu Dec 13 07:37:53 2018 :: Daily backup complete.
tar: Removing leading `../' from member names
Thu Dec 13 07:39:02 2018 :: Daily backup complete.
tar: Removing leading `../' from member names
Thu Dec 13 07:39:51 2018 :: Daily backup complete.
tar: Removing leading `../' from member names
Thu Dec 13 07:41:00 2018 :: Daily backup complete.
tar: Removing leading `../' from member names
Thu Dec 13 07:42:19 2018 :: Daily backup complete.
tar: Removing leading `../' from member names
Thu Dec 13 07:43:15 2018 :: Daily backup complete.
tar: Removing leading `../' from member names
Thu Dec 13 07:44:18 2018 :: Daily backup complete.
tar: Removing leading `../' from member names
Thu Dec 13 07:45:16 2018 :: Testies has quit. [Room: 2]
Thu Dec 13 07:45:27 2018 :: Sock.sinaddr:  127.0.0.1
Thu Dec 13 07:45:27 2018 :: Daily backup complete.
tar: Removing leading `../' from member names
Thu Dec 13 07:45:28 2018 :: Loading Testies's playerfile
Thu Dec 13 07:45:28 2018 :: Testies@localhost has connected. [Room: 4368]
Thu Dec 13 07:45:28 2018 :: Log Testies: who
Thu Dec 13 07:46:37 2018 :: Daily backup complete.
tar: Removing leading `../' from member names
Thu Dec 13 07:47:53 2018 :: Daily backup complete.
tar: Removing leading `../' from member names
Thu Dec 13 07:48:41 2018 :: Daily backup complete.
tar: Removing leading `../' from member names
Thu Dec 13 07:49:47 2018 :: Daily backup complete.
tar: Removing leading `../' from member names
Thu Dec 13 07:50:53 2018 :: Daily backup complete.
tar: Removing leading `../' from member names
Thu Dec 13 07:51:43 2018 :: Daily backup complete.
tar: Removing leading `../' from member names
Thu Dec 13 07:52:47 2018 :: Daily backup complete.
tar: Removing leading `../' from member names
Thu Dec 13 07:53:36 2018 :: Daily backup complete.
tar: Removing leading `../' from member names
Thu Dec 13 07:54:42 2018 :: Daily backup complete.
tar: Removing leading `../' from member names
Thu Dec 13 07:55:00 2018 :: Testies has quit. [Room: 2]
Thu Dec 13 07:55:10 2018 :: Sock.sinaddr:  127.0.0.1
Thu Dec 13 07:55:11 2018 :: Loading Testies's playerfile
Thu Dec 13 07:55:11 2018 :: Testies@localhost has connected. [Room: 4368]
Thu Dec 13 07:55:11 2018 :: Log Testies: who
Thu Dec 13 07:55:33 2018 :: Daily backup complete.
tar: Removing leading `../' from member names
Thu Dec 13 07:56:19 2018 :: Daily backup complete.
tar: Removing leading `../' from member names
Thu Dec 13 07:57:08 2018 :: Daily backup complete.
tar: Removing leading `../' from member names
Thu Dec 13 07:57:52 2018 :: Daily backup complete.
tar: Removing leading `../' from member names
Thu Dec 13 07:59:02 2018 :: Daily backup complete.
tar: Removing leading `../' from member names
Thu Dec 13 07:59:47 2018 :: Daily backup complete.
tar: Removing leading `../' from member names
Thu Dec 13 08:00:55 2018 :: Daily backup complete.
tar: Removing leading `../' from member names
Thu Dec 13 08:02:14 2018 :: Daily backup complete.
tar: Removing leading `../' from member names
Thu Dec 13 08:02:49 2018 :: Sock.sinaddr:  98.194.149.38
Thu Dec 13 08:02:50 2018 :: EOF encountered on read.
Thu Dec 13 08:03:34 2018 :: Daily backup complete.
tar: Removing leading `../' from member names
Thu Dec 13 08:04:37 2018 :: Daily backup complete.
tar: Removing leading `../' from member names
Thu Dec 13 08:04:54 2018 :: Testies has quit. [Room: 2]
Thu Dec 13 08:05:04 2018 :: Sock.sinaddr:  127.0.0.1
Thu Dec 13 08:05:05 2018 :: Loading Testies's playerfile
Thu Dec 13 08:05:05 2018 :: Testies@localhost has connected. [Room: 4368]
Thu Dec 13 08:05:06 2018 :: Log Testies: who
Thu Dec 13 08:05:52 2018 :: Daily backup complete.
tar: Removing leading `../' from member names
Thu Dec 13 08:06:55 2018 :: Daily backup complete.
tar: Removing leading `../' from member names
Thu Dec 13 08:07:50 2018 :: Daily backup complete.
tar: Removing leading `../' from member names
Thu Dec 13 08:08:38 2018 :: Daily backup complete.
tar: Removing leading `../' from member names
Thu Dec 13 08:09:33 2018 :: Daily backup complete.
tar: Removing leading `../' from member names
Thu Dec 13 08:10:24 2018 :: Daily backup complete.
tar: Removing leading `../' from member names
Thu Dec 13 08:11:22 2018 :: Daily backup complete.
tar: Removing leading `../' from member names
Thu Dec 13 08:12:17 2018 :: Daily backup complete.
tar: Removing leading `../' from member names
Thu Dec 13 08:13:29 2018 :: Daily backup complete.
tar: Removing leading `../' from member names
Thu Dec 13 08:13:43 2018 :: Testies has quit. [Room: 2]
Thu Dec 13 08:13:54 2018 :: Sock.sinaddr:  127.0.0.1
Thu Dec 13 08:13:55 2018 :: Loading Testies's playerfile
Thu Dec 13 08:13:55 2018 :: Testies@localhost has connected. [Room: 4368]
Thu Dec 13 08:13:55 2018 :: Log Testies: who
Thu Dec 13 08:14:09 2018 :: Daily backup complete.
tar: Removing leading `../' from member names
Thu Dec 13 08:15:09 2018 :: Daily backup complete.
tar: Removing leading `../' from member names
Thu Dec 13 08:16:06 2018 :: Daily backup complete.
tar: Removing leading `../' from member names
Thu Dec 13 08:17:16 2018 :: Daily backup complete.
tar: Removing leading `../' from member names
Thu Dec 13 08:18:37 2018 :: Daily backup complete.
tar: Removing leading `../' from member names
Thu Dec 13 08:19:48 2018 :: Daily backup complete.
tar: Removing leading `../' from member names
Thu Dec 13 08:20:38 2018 :: Daily backup complete.
tar: Removing leading `../' from member names
Thu Dec 13 08:21:19 2018 :: Daily backup complete.
tar: Removing leading `../' from member names
Thu Dec 13 08:22:16 2018 :: Daily backup complete.
tar: Removing leading `../' from member names
Thu Dec 13 08:22:48 2018 :: Testies has quit. [Room: 2]
Thu Dec 13 08:22:56 2018 :: Daily backup complete.
tar: Removing leading `../' from member names
Thu Dec 13 08:22:59 2018 :: Sock.sinaddr:  127.0.0.1
Thu Dec 13 08:22:59 2018 :: Loading Testies's playerfile
Thu Dec 13 08:23:00 2018 :: Testies@localhost has connected. [Room: 4368]
Thu Dec 13 08:23:00 2018 :: Log Testies: who
Thu Dec 13 08:24:05 2018 :: Daily backup complete.
tar: Removing leading `../' from member names
Thu Dec 13 08:25:02 2018 :: Daily backup complete.
tar: Removing leading `../' from member names
Thu Dec 13 08:25:44 2018 :: Daily backup complete.
tar: Removing leading `../' from member names
Thu Dec 13 08:26:38 2018 :: Daily backup complete.
tar: Removing leading `../' from member names
Thu Dec 13 08:27:54 2018 :: Daily backup complete.
tar: Removing leading `../' from member names
Thu Dec 13 08:28:48 2018 :: Daily backup complete.
tar: Removing leading `../' from member names
Thu Dec 13 08:29:37 2018 :: Daily backup complete.
tar: Removing leading `../' from member names
Thu Dec 13 08:30:37 2018 :: Daily backup complete.
tar: Removing leading `../' from member names
Thu Dec 13 08:31:33 2018 :: Daily backup complete.
tar: Removing leading `../' from member names
Thu Dec 13 08:32:09 2018 :: Testies has quit. [Room: 2]
Thu Dec 13 08:32:20 2018 :: Sock.sinaddr:  127.0.0.1
Thu Dec 13 08:32:20 2018 :: Loading Testies's playerfile
Thu Dec 13 08:32:21 2018 :: Testies@localhost has connected. [Room: 4368]
Thu Dec 13 08:32:21 2018 :: Log Testies: who
Thu Dec 13 08:32:21 2018 :: Daily backup complete.
tar: Removing leading `../' from member names
Thu Dec 13 08:33:38 2018 :: Daily backup complete.
tar: Removing leading `../' from member names
Thu Dec 13 08:34:47 2018 :: Daily backup complete.
tar: Removing leading `../' from member names
Thu Dec 13 08:35:42 2018 :: Daily backup complete.
tar: Removing leading `../' from member names
Thu Dec 13 08:36:47 2018 :: Daily backup complete.
tar: Removing leading `../' from member names
Thu Dec 13 08:37:36 2018 :: Daily backup complete.
tar: Removing leading `../' from member names
Thu Dec 13 08:38:48 2018 :: Daily backup complete.
tar: Removing leading `../' from member names
Thu Dec 13 08:39:49 2018 :: Daily backup complete.
tar: Removing leading `../' from member names
Thu Dec 13 08:40:40 2018 :: Daily backup complete.
tar: Removing leading `../' from member names
Thu Dec 13 08:41:00 2018 :: Testies has quit. [Room: 2]
Thu Dec 13 08:41:10 2018 :: Sock.sinaddr:  127.0.0.1
Thu Dec 13 08:41:10 2018 :: Loading Testies's playerfile
Thu Dec 13 08:41:11 2018 :: Testies@localhost has connected. [Room: 4368]
Thu Dec 13 08:41:11 2018 :: Log Testies: who
Thu Dec 13 08:41:35 2018 :: Daily backup complete.
tar: Removing leading `../' from member names
Thu Dec 13 08:42:19 2018 :: Daily backup complete.
tar: Removing leading `../' from member names
Thu Dec 13 08:43:30 2018 :: Daily backup complete.
tar: Removing leading `../' from member names
Thu Dec 13 08:44:15 2018 :: Daily backup complete.
tar: Removing leading `../' from member names
Thu Dec 13 08:45:03 2018 :: Sock.sinaddr:  173.22.228.146
Thu Dec 13 08:45:05 2018 :: Loading Kyrus's playerfile
Thu Dec 13 08:45:06 2018 :: Kyrus@173-22-228-146.client.mchsi.com has connected. [Room: 2401]
Thu Dec 13 08:45:06 2018 :: Kyrus turned into a PKILLER.
Thu Dec 13 08:45:07 2018 :: Log Kyrus: who
Thu Dec 13 08:45:12 2018 :: Daily backup complete.
tar: Removing leading `../' from member names
Thu Dec 13 08:45:14 2018 :: Log Kyrus: i
Thu Dec 13 08:45:16 2018 :: Log Kyrus: wake
Thu Dec 13 08:45:16 2018 :: Log Kyrus: l
Thu Dec 13 08:45:17 2018 :: Log Kyrus: skil
Thu Dec 13 08:45:19 2018 :: Log Kyrus: kill ci
Thu Dec 13 08:45:24 2018 :: Log Kyrus: r e 8
Thu Dec 13 08:45:25 2018 :: Log Kyrus: open east
Thu Dec 13 08:45:25 2018 :: Log Kyrus: r e 25
Thu Dec 13 08:45:25 2018 :: Log Kyrus: open east
Thu Dec 13 08:45:26 2018 :: Log Kyrus: r e 6
Thu Dec 13 08:45:26 2018 :: Log Kyrus: 
Thu Dec 13 08:45:27 2018 :: Log Kyrus: 
Thu Dec 13 08:45:27 2018 :: Log Kyrus: 
Thu Dec 13 08:45:28 2018 :: Log Kyrus: kill sa
Thu Dec 13 08:45:28 2018 :: [XP TRACK]: Kyrus (Level 44) gained 10 XP from 'sailor' (Level 35).
Thu Dec 13 08:45:28 2018 :: [XP_EXCEL]: Kyrus;44;10;sailor;35
Thu Dec 13 08:45:31 2018 :: Log Kyrus: 
Thu Dec 13 08:45:32 2018 :: Log Kyrus: 
Thu Dec 13 08:45:32 2018 :: Log Kyrus: kill sa
Thu Dec 13 08:45:39 2018 :: Log Kyrus: 
Thu Dec 13 08:45:40 2018 :: Log Kyrus: kill dr
Thu Dec 13 08:45:49 2018 :: [XP TRACK]: Kyrus (Level 44) gained 22 XP from 'drunk pirate' (Level 37).
Thu Dec 13 08:45:49 2018 :: [XP_EXCEL]: Kyrus;44;22;drunk pirate;37
Thu Dec 13 08:45:51 2018 :: Log Kyrus: 
Thu Dec 13 08:45:54 2018 :: Log Kyrus: kill buc
Thu Dec 13 08:45:55 2018 :: Daily backup complete.
tar: Removing leading `../' from member names
Thu Dec 13 08:46:25 2018 :: [XP TRACK]: Kyrus (Level 44) gained 366 XP from 'bucaneer' (Level 46).
Thu Dec 13 08:46:25 2018 :: [XP_EXCEL]: Kyrus;44;366;bucaneer;46
Thu Dec 13 08:46:30 2018 :: Log Kyrus: look
Thu Dec 13 08:46:32 2018 :: Log Kyrus: 
Thu Dec 13 08:46:34 2018 :: Log Kyrus: kill sw
Thu Dec 13 08:46:43 2018 :: Log Kyrus: worth
Thu Dec 13 08:46:46 2018 :: Log Kyrus: gr
Thu Dec 13 08:46:51 2018 :: Log Kyrus: k
Thu Dec 13 08:47:00 2018 :: Log Kyrus: k
Thu Dec 13 08:47:04 2018 :: Log Kyrus: k
Thu Dec 13 08:47:04 2018 :: [XP TRACK]: Kyrus (Level 44) gained 317 XP from 'swash swashbuckler' (Level 48).
Thu Dec 13 08:47:04 2018 :: [XP_EXCEL]: Kyrus;44;317;swash swashbuckler;48
Thu Dec 13 08:47:07 2018 :: Log Kyrus: quit
Thu Dec 13 08:47:07 2018 :: Kyrus has quit. [Room: 16021]
Thu Dec 13 08:47:07 2018 :: Called for vnum: 3715 to modify as: -1 as playerload.
Thu Dec 13 08:47:07 2018 :: Vnum 3715|Signval: -1|!Gameload|Total: 2
Thu Dec 13 08:47:07 2018 :: Called for vnum: 3715 to modify as: 1 as playerload.
Thu Dec 13 08:47:07 2018 :: Vnum 3715|Signval: 1|!Gameload|Total: 1
Thu Dec 13 08:47:13 2018 :: Daily backup complete.
tar: Removing leading `../' from member names
Thu Dec 13 08:48:22 2018 :: Daily backup complete.
tar: Removing leading `../' from member names
Thu Dec 13 08:49:34 2018 :: Daily backup complete.
tar: Removing leading `../' from member names
Thu Dec 13 08:50:27 2018 :: Testies has quit. [Room: 2]
Thu Dec 13 08:50:29 2018 :: Daily backup complete.
tar: Removing leading `../' from member names
Thu Dec 13 08:50:38 2018 :: Sock.sinaddr:  127.0.0.1
Thu Dec 13 08:50:39 2018 :: Loading Testies's playerfile
Thu Dec 13 08:50:39 2018 :: Testies@localhost has connected. [Room: 4368]
Thu Dec 13 08:50:39 2018 :: Log Testies: who
Thu Dec 13 08:51:14 2018 :: Daily backup complete.
tar: Removing leading `../' from member names
Thu Dec 13 08:52:10 2018 :: Daily backup complete.
tar: Removing leading `../' from member names
Thu Dec 13 08:53:21 2018 :: Daily backup complete.
tar: Removing leading `../' from member names
Thu Dec 13 08:54:17 2018 :: Daily backup complete.
tar: Removing leading `../' from member names
Thu Dec 13 08:55:02 2018 :: Daily backup complete.
tar: Removing leading `../' from member names
Thu Dec 13 08:56:05 2018 :: Daily backup complete.
tar: Removing leading `../' from member names
Thu Dec 13 08:57:09 2018 :: Daily backup complete.
tar: Removing leading `../' from member names
Thu Dec 13 08:58:11 2018 :: Daily backup complete.
tar: Removing leading `../' from member names
Thu Dec 13 08:59:30 2018 :: Daily backup complete.
tar: Removing leading `../' from member names
Thu Dec 13 09:00:43 2018 :: Daily backup complete.
tar: Removing leading `../' from member names
Thu Dec 13 09:00:47 2018 :: Testies has quit. [Room: 2]
Thu Dec 13 09:00:57 2018 :: Sock.sinaddr:  127.0.0.1
Thu Dec 13 09:00:58 2018 :: Loading Testies's playerfile
Thu Dec 13 09:00:58 2018 :: Testies@localhost has connected. [Room: 4368]
Thu Dec 13 09:00:58 2018 :: Log Testies: who
Thu Dec 13 09:01:29 2018 :: Daily backup complete.
tar: Removing leading `../' from member names
Thu Dec 13 09:02:13 2018 :: Daily backup complete.
tar: Removing leading `../' from member names
Thu Dec 13 09:03:01 2018 :: Daily backup complete.
tar: Removing leading `../' from member names
Thu Dec 13 09:04:06 2018 :: Daily backup complete.
tar: Removing leading `../' from member names
Thu Dec 13 09:05:26 2018 :: Daily backup complete.
tar: Removing leading `../' from member names
Thu Dec 13 09:06:40 2018 :: Daily backup complete.
tar: Removing leading `../' from member names
Thu Dec 13 09:07:34 2018 :: Daily backup complete.
tar: Removing leading `../' from member names
Thu Dec 13 09:08:52 2018 :: Daily backup complete.
tar: Removing leading `../' from member names
Thu Dec 13 09:09:38 2018 :: Daily backup complete.
tar: Removing leading `../' from member names
Thu Dec 13 09:10:16 2018 :: Testies has quit. [Room: 2]
Thu Dec 13 09:10:27 2018 :: Sock.sinaddr:  127.0.0.1
Thu Dec 13 09:10:28 2018 :: Loading Testies's playerfile
Thu Dec 13 09:10:28 2018 :: Testies@localhost has connected. [Room: 4368]
Thu Dec 13 09:10:28 2018 :: Log Testies: who
Thu Dec 13 09:10:48 2018 :: Daily backup complete.
tar: Removing leading `../' from member names
Thu Dec 13 09:12:08 2018 :: Daily backup complete.
tar: Removing leading `../' from member names
Thu Dec 13 09:13:24 2018 :: Daily backup complete.
tar: Removing leading `../' from member names
Thu Dec 13 09:14:09 2018 :: Daily backup complete.
tar: Removing leading `../' from member names
Thu Dec 13 09:15:08 2018 :: Daily backup complete.
tar: Removing leading `../' from member names
Thu Dec 13 09:15:54 2018 :: Daily backup complete.
tar: Removing leading `../' from member names
Thu Dec 13 09:16:36 2018 :: Daily backup complete.
tar: Removing leading `../' from member names
Thu Dec 13 09:17:41 2018 :: Daily backup complete.
tar: Removing leading `../' from member names
Thu Dec 13 09:18:35 2018 :: Daily backup complete.
tar: Removing leading `../' from member names
Thu Dec 13 09:19:55 2018 :: Daily backup complete.
tar: Removing leading `../' from member names
Thu Dec 13 09:19:58 2018 :: Testies has quit. [Room: 2]
Thu Dec 13 09:20:09 2018 :: Sock.sinaddr:  127.0.0.1
Thu Dec 13 09:20:10 2018 :: Loading Testies's playerfile
Thu Dec 13 09:20:10 2018 :: Testies@localhost has connected. [Room: 4368]
Thu Dec 13 09:20:10 2018 :: Log Testies: who
Thu Dec 13 09:21:02 2018 :: Daily backup complete.
tar: Removing leading `../' from member names
Thu Dec 13 09:22:13 2018 :: Daily backup complete.
tar: Removing leading `../' from member names
Thu Dec 13 09:23:06 2018 :: Daily backup complete.
tar: Removing leading `../' from member names
Thu Dec 13 09:24:02 2018 :: Daily backup complete.
tar: Removing leading `../' from member names
Thu Dec 13 09:24:53 2018 :: Daily backup complete.
tar: Removing leading `../' from member names
Thu Dec 13 09:25:38 2018 :: Daily backup complete.
tar: Removing leading `../' from member names
Thu Dec 13 09:26:56 2018 :: Daily backup complete.
tar: Removing leading `../' from member names
Thu Dec 13 09:27:36 2018 :: Daily backup complete.
tar: Removing leading `../' from member names
Thu Dec 13 09:28:40 2018 :: Daily backup complete.
tar: Removing leading `../' from member names
Thu Dec 13 09:29:22 2018 :: Daily backup complete.
tar: Removing leading `../' from member names
Thu Dec 13 09:29:39 2018 :: Testies has quit. [Room: 2]
Thu Dec 13 09:29:49 2018 :: Sock.sinaddr:  127.0.0.1
Thu Dec 13 09:29:50 2018 :: Loading Testies's playerfile
Thu Dec 13 09:29:50 2018 :: Testies@localhost has connected. [Room: 4368]
Thu Dec 13 09:29:50 2018 :: Log Testies: who
Thu Dec 13 09:30:22 2018 :: Daily backup complete.
tar: Removing leading `../' from member names
Thu Dec 13 09:31:02 2018 :: Daily backup complete.
tar: Removing leading `../' from member names
Thu Dec 13 09:32:17 2018 :: Daily backup complete.
tar: Removing leading `../' from member names
Thu Dec 13 09:33:20 2018 :: Daily backup complete.
tar: Removing leading `../' from member names
Thu Dec 13 09:34:30 2018 :: Daily backup complete.
tar: Removing leading `../' from member names
Thu Dec 13 09:35:22 2018 :: Daily backup complete.
tar: Removing leading `../' from member names
Thu Dec 13 09:36:04 2018 :: Daily backup complete.
tar: Removing leading `../' from member names
Thu Dec 13 09:37:24 2018 :: Daily backup complete.
tar: Removing leading `../' from member names
Thu Dec 13 09:38:20 2018 :: Daily backup complete.
tar: Removing leading `../' from member names
Thu Dec 13 09:38:37 2018 :: Testies has quit. [Room: 2]
Thu Dec 13 09:38:48 2018 :: Sock.sinaddr:  127.0.0.1
Thu Dec 13 09:38:48 2018 :: Loading Testies's playerfile
Thu Dec 13 09:38:49 2018 :: Testies@localhost has connected. [Room: 4368]
Thu Dec 13 09:38:49 2018 :: Log Testies: who
Thu Dec 13 09:39:22 2018 :: Daily backup complete.
tar: Removing leading `../' from member names
Thu Dec 13 09:40:08 2018 :: Daily backup complete.
tar: Removing leading `../' from member names
Thu Dec 13 09:40:54 2018 :: Daily backup complete.
tar: Removing leading `../' from member names
Thu Dec 13 09:41:58 2018 :: Daily backup complete.
tar: Removing leading `../' from member names
Thu Dec 13 09:43:07 2018 :: Daily backup complete.
tar: Removing leading `../' from member names
Thu Dec 13 09:44:06 2018 :: Daily backup complete.
tar: Removing leading `../' from member names
Thu Dec 13 09:45:23 2018 :: Daily backup complete.
tar: Removing leading `../' from member names
Thu Dec 13 09:46:21 2018 :: Daily backup complete.
tar: Removing leading `../' from member names
Thu Dec 13 09:47:07 2018 :: Daily backup complete.
tar: Removing leading `../' from member names
Thu Dec 13 09:47:20 2018 :: Testies has quit. [Room: 2]
Thu Dec 13 09:47:31 2018 :: Sock.sinaddr:  127.0.0.1
Thu Dec 13 09:47:31 2018 :: Loading Testies's playerfile
Thu Dec 13 09:47:31 2018 :: Testies@localhost has connected. [Room: 4368]
Thu Dec 13 09:47:32 2018 :: Log Testies: who
Thu Dec 13 09:48:10 2018 :: Daily backup complete.
tar: Removing leading `../' from member names
Thu Dec 13 09:48:57 2018 :: Daily backup complete.
tar: Removing leading `../' from member names
Thu Dec 13 09:49:37 2018 :: Daily backup complete.
tar: Removing leading `../' from member names
Thu Dec 13 09:50:20 2018 :: Daily backup complete.
tar: Removing leading `../' from member names
Thu Dec 13 09:51:31 2018 :: Daily backup complete.
tar: Removing leading `../' from member names
Thu Dec 13 09:52:23 2018 :: Daily backup complete.
tar: Removing leading `../' from member names
Thu Dec 13 09:53:08 2018 :: Daily backup complete.
tar: Removing leading `../' from member names
Thu Dec 13 09:54:18 2018 :: Daily backup complete.
tar: Removing leading `../' from member names
Thu Dec 13 09:55:32 2018 :: Daily backup complete.
tar: Removing leading `../' from member names
Thu Dec 13 09:56:03 2018 :: Testies has quit. [Room: 2]
Thu Dec 13 09:56:13 2018 :: Sock.sinaddr:  127.0.0.1
Thu Dec 13 09:56:14 2018 :: Loading Testies's playerfile
Thu Dec 13 09:56:14 2018 :: Testies@localhost has connected. [Room: 4368]
Thu Dec 13 09:56:15 2018 :: Log Testies: who
Thu Dec 13 09:56:50 2018 :: Daily backup complete.
tar: Removing leading `../' from member names
Thu Dec 13 09:57:32 2018 :: Daily backup complete.
tar: Removing leading `../' from member names
Thu Dec 13 09:58:51 2018 :: Daily backup complete.
tar: Removing leading `../' from member names
Thu Dec 13 09:59:53 2018 :: Daily backup complete.
tar: Removing leading `../' from member names
Thu Dec 13 10:01:04 2018 :: Daily backup complete.
tar: Removing leading `../' from member names
Thu Dec 13 10:02:24 2018 :: Daily backup complete.
tar: Removing leading `../' from member names
Thu Dec 13 10:03:32 2018 :: Daily backup complete.
tar: Removing leading `../' from member names
Thu Dec 13 10:04:26 2018 :: Daily backup complete.
tar: Removing leading `../' from member names
Thu Dec 13 10:05:30 2018 :: Daily backup complete.
tar: Removing leading `../' from member names
Thu Dec 13 10:06:16 2018 :: Testies has quit. [Room: 2]
Thu Dec 13 10:06:27 2018 :: Sock.sinaddr:  127.0.0.1
Thu Dec 13 10:06:27 2018 :: Loading Testies's playerfile
Thu Dec 13 10:06:27 2018 :: Testies@localhost has connected. [Room: 4368]
Thu Dec 13 10:06:28 2018 :: Log Testies: who
Thu Dec 13 10:06:47 2018 :: Daily backup complete.
tar: Removing leading `../' from member names
Thu Dec 13 10:07:55 2018 :: Daily backup complete.
tar: Removing leading `../' from member names
Thu Dec 13 10:08:57 2018 :: Daily backup complete.
tar: Removing leading `../' from member names
Thu Dec 13 10:09:51 2018 :: Daily backup complete.
tar: Removing leading `../' from member names
Thu Dec 13 10:11:08 2018 :: Daily backup complete.
tar: Removing leading `../' from member names
Thu Dec 13 10:12:11 2018 :: Daily backup complete.
tar: Removing leading `../' from member names
Thu Dec 13 10:13:02 2018 :: Daily backup complete.
tar: Removing leading `../' from member names
Thu Dec 13 10:13:57 2018 :: Daily backup complete.
tar: Removing leading `../' from member names
Thu Dec 13 10:15:15 2018 :: Daily backup complete.
tar: Removing leading `../' from member names
Thu Dec 13 10:15:20 2018 :: Testies has quit. [Room: 2]
Thu Dec 13 10:15:31 2018 :: Sock.sinaddr:  127.0.0.1
Thu Dec 13 10:15:31 2018 :: Loading Testies's playerfile
Thu Dec 13 10:15:31 2018 :: Testies@localhost has connected. [Room: 4368]
Thu Dec 13 10:15:32 2018 :: Log Testies: who
Thu Dec 13 10:16:25 2018 :: Daily backup complete.
tar: Removing leading `../' from member names
Thu Dec 13 10:17:15 2018 :: Daily backup complete.
tar: Removing leading `../' from member names
Thu Dec 13 10:18:30 2018 :: Daily backup complete.
tar: Removing leading `../' from member names
Thu Dec 13 10:19:10 2018 :: Daily backup complete.
tar: Removing leading `../' from member names
Thu Dec 13 10:20:01 2018 :: Daily backup complete.
tar: Removing leading `../' from member names
Thu Dec 13 10:20:47 2018 :: Daily backup complete.
tar: Removing leading `../' from member names
Thu Dec 13 10:21:33 2018 :: Daily backup complete.
tar: Removing leading `../' from member names
Thu Dec 13 10:22:49 2018 :: Daily backup complete.
tar: Removing leading `../' from member names
Thu Dec 13 10:23:59 2018 :: Daily backup complete.
tar: Removing leading `../' from member names
Thu Dec 13 10:25:00 2018 :: Testies has quit. [Room: 2]
Thu Dec 13 10:25:09 2018 :: Daily backup complete.
tar: Removing leading `../' from member names
Thu Dec 13 10:25:10 2018 :: Sock.sinaddr:  127.0.0.1
Thu Dec 13 10:25:11 2018 :: Loading Testies's playerfile
Thu Dec 13 10:25:11 2018 :: Testies@localhost has connected. [Room: 4368]
Thu Dec 13 10:25:12 2018 :: Log Testies: who
Thu Dec 13 10:25:58 2018 :: Daily backup complete.
tar: Removing leading `../' from member names
Thu Dec 13 10:27:09 2018 :: Daily backup complete.
tar: Removing leading `../' from member names
Thu Dec 13 10:28:09 2018 :: Daily backup complete.
tar: Removing leading `../' from member names
Thu Dec 13 10:29:10 2018 :: Daily backup complete.
tar: Removing leading `../' from member names
Thu Dec 13 10:30:19 2018 :: Daily backup complete.
tar: Removing leading `../' from member names
Thu Dec 13 10:31:27 2018 :: Daily backup complete.
tar: Removing leading `../' from member names
Thu Dec 13 10:32:29 2018 :: Daily backup complete.
tar: Removing leading `../' from member names
Thu Dec 13 10:33:13 2018 :: Daily backup complete.
tar: Removing leading `../' from member names
Thu Dec 13 10:33:59 2018 :: Daily backup complete.
tar: Removing leading `../' from member names
Thu Dec 13 10:34:48 2018 :: Daily backup complete.
tar: Removing leading `../' from member names
Thu Dec 13 10:35:02 2018 :: Testies has quit. [Room: 2]
Thu Dec 13 10:35:13 2018 :: Sock.sinaddr:  127.0.0.1
Thu Dec 13 10:35:14 2018 :: Loading Testies's playerfile
Thu Dec 13 10:35:14 2018 :: Testies@localhost has connected. [Room: 4368]
Thu Dec 13 10:35:15 2018 :: Log Testies: who
Thu Dec 13 10:35:57 2018 :: Daily backup complete.
tar: Removing leading `../' from member names
Thu Dec 13 10:36:39 2018 :: Daily backup complete.
tar: Removing leading `../' from member names
Thu Dec 13 10:37:22 2018 :: Daily backup complete.
tar: Removing leading `../' from member names
Thu Dec 13 10:38:23 2018 :: Daily backup complete.
tar: Removing leading `../' from member names
Thu Dec 13 10:39:20 2018 :: Daily backup complete.
tar: Removing leading `../' from member names
Thu Dec 13 10:40:16 2018 :: Daily backup complete.
tar: Removing leading `../' from member names
Thu Dec 13 10:40:58 2018 :: Daily backup complete.
tar: Removing leading `../' from member names
Thu Dec 13 10:42:12 2018 :: Daily backup complete.
tar: Removing leading `../' from member names
Thu Dec 13 10:43:26 2018 :: Daily backup complete.
tar: Removing leading `../' from member names
Thu Dec 13 10:44:00 2018 :: Testies has quit. [Room: 2]
Thu Dec 13 10:44:10 2018 :: Sock.sinaddr:  127.0.0.1
Thu Dec 13 10:44:11 2018 :: Loading Testies's playerfile
Thu Dec 13 10:44:11 2018 :: Testies@localhost has connected. [Room: 4368]
Thu Dec 13 10:44:11 2018 :: Log Testies: who
Thu Dec 13 10:44:19 2018 :: Daily backup complete.
tar: Removing leading `../' from member names
Thu Dec 13 10:45:18 2018 :: Daily backup complete.
tar: Removing leading `../' from member names
Thu Dec 13 10:46:01 2018 :: Daily backup complete.
tar: Removing leading `../' from member names
Thu Dec 13 10:47:18 2018 :: Daily backup complete.
tar: Removing leading `../' from member names
Thu Dec 13 10:48:03 2018 :: Daily backup complete.
tar: Removing leading `../' from member names
Thu Dec 13 10:48:43 2018 :: Daily backup complete.
tar: Removing leading `../' from member names
Thu Dec 13 10:49:39 2018 :: Daily backup complete.
tar: Removing leading `../' from member names
Thu Dec 13 10:50:27 2018 :: Daily backup complete.
tar: Removing leading `../' from member names
Thu Dec 13 10:51:10 2018 :: Daily backup complete.
tar: Removing leading `../' from member names
Thu Dec 13 10:51:28 2018 :: Testies has quit. [Room: 2]
Thu Dec 13 10:51:38 2018 :: Sock.sinaddr:  127.0.0.1
Thu Dec 13 10:51:38 2018 :: Loading Testies's playerfile
Thu Dec 13 10:51:39 2018 :: Testies@localhost has connected. [Room: 4368]
Thu Dec 13 10:51:39 2018 :: Log Testies: who
Thu Dec 13 10:52:07 2018 :: Daily backup complete.
tar: Removing leading `../' from member names
Thu Dec 13 10:53:24 2018 :: Daily backup complete.
tar: Removing leading `../' from member names
Thu Dec 13 10:54:44 2018 :: Daily backup complete.
tar: Removing leading `../' from member names
Thu Dec 13 10:55:30 2018 :: Daily backup complete.
tar: Removing leading `../' from member names
Thu Dec 13 10:56:39 2018 :: Daily backup complete.
tar: Removing leading `../' from member names
Thu Dec 13 10:57:33 2018 :: Daily backup complete.
tar: Removing leading `../' from member names
Thu Dec 13 10:58:16 2018 :: Daily backup complete.
tar: Removing leading `../' from member names
Thu Dec 13 10:59:27 2018 :: Daily backup complete.
tar: Removing leading `../' from member names
Thu Dec 13 11:00:24 2018 :: Daily backup complete.
tar: Removing leading `../' from member names
Thu Dec 13 11:00:53 2018 :: Testies has quit. [Room: 2]
Thu Dec 13 11:01:04 2018 :: Sock.sinaddr:  127.0.0.1
Thu Dec 13 11:01:04 2018 :: Loading Testies's playerfile
Thu Dec 13 11:01:05 2018 :: Testies@localhost has connected. [Room: 4368]
Thu Dec 13 11:01:05 2018 :: Log Testies: who
Thu Dec 13 11:01:07 2018 :: Daily backup complete.
tar: Removing leading `../' from member names
Thu Dec 13 11:01:56 2018 :: Daily backup complete.
tar: Removing leading `../' from member names
Thu Dec 13 11:02:59 2018 :: Daily backup complete.
tar: Removing leading `../' from member names
Thu Dec 13 11:04:08 2018 :: Daily backup complete.
tar: Removing leading `../' from member names
Thu Dec 13 11:05:04 2018 :: Daily backup complete.
tar: Removing leading `../' from member names
Thu Dec 13 11:05:46 2018 :: Daily backup complete.
tar: Removing leading `../' from member names
Thu Dec 13 11:06:27 2018 :: Daily backup complete.
tar: Removing leading `../' from member names
Thu Dec 13 11:07:33 2018 :: Daily backup complete.
tar: Removing leading `../' from member names
Thu Dec 13 11:08:43 2018 :: Daily backup complete.
tar: Removing leading `../' from member names
Thu Dec 13 11:08:46 2018 :: Testies has quit. [Room: 2]
Thu Dec 13 11:08:56 2018 :: Sock.sinaddr:  127.0.0.1
Thu Dec 13 11:08:57 2018 :: Loading Testies's playerfile
Thu Dec 13 11:08:57 2018 :: Testies@localhost has connected. [Room: 4368]
Thu Dec 13 11:08:58 2018 :: Log Testies: who
Thu Dec 13 11:09:44 2018 :: Daily backup complete.
tar: Removing leading `../' from member names
Thu Dec 13 11:10:30 2018 :: Daily backup complete.
tar: Removing leading `../' from member names
Thu Dec 13 11:11:36 2018 :: Daily backup complete.
tar: Removing leading `../' from member names
Thu Dec 13 11:12:26 2018 :: Daily backup complete.
tar: Removing leading `../' from member names
Thu Dec 13 11:13:33 2018 :: Daily backup complete.
tar: Removing leading `../' from member names
Thu Dec 13 11:14:20 2018 :: Daily backup complete.
tar: Removing leading `../' from member names
Thu Dec 13 11:15:17 2018 :: Daily backup complete.
tar: Removing leading `../' from member names
Thu Dec 13 11:15:59 2018 :: Daily backup complete.
tar: Removing leading `../' from member names
Thu Dec 13 11:17:02 2018 :: Daily backup complete.
tar: Removing leading `../' from member names
Thu Dec 13 11:17:15 2018 :: Testies has quit. [Room: 2]
Thu Dec 13 11:17:25 2018 :: Sock.sinaddr:  127.0.0.1
Thu Dec 13 11:17:26 2018 :: Loading Testies's playerfile
Thu Dec 13 11:17:26 2018 :: Testies@localhost has connected. [Room: 4368]
Thu Dec 13 11:17:26 2018 :: Log Testies: who
Thu Dec 13 11:17:47 2018 :: Daily backup complete.
tar: Removing leading `../' from member names
Thu Dec 13 11:18:30 2018 :: Daily backup complete.
tar: Removing leading `../' from member names
Thu Dec 13 11:19:50 2018 :: Daily backup complete.
tar: Removing leading `../' from member names
Thu Dec 13 11:21:01 2018 :: Daily backup complete.
tar: Removing leading `../' from member names
Thu Dec 13 11:21:59 2018 :: Daily backup complete.
tar: Removing leading `../' from member names
Thu Dec 13 11:23:01 2018 :: Daily backup complete.
tar: Removing leading `../' from member names
Thu Dec 13 11:24:03 2018 :: Daily backup complete.
tar: Removing leading `../' from member names
Thu Dec 13 11:25:12 2018 :: Daily backup complete.
tar: Removing leading `../' from member names
Thu Dec 13 11:26:24 2018 :: Daily backup complete.
tar: Removing leading `../' from member names
Thu Dec 13 11:26:34 2018 :: Testies has quit. [Room: 2]
Thu Dec 13 11:26:45 2018 :: Sock.sinaddr:  127.0.0.1
Thu Dec 13 11:26:46 2018 :: Loading Testies's playerfile
Thu Dec 13 11:26:46 2018 :: Testies@localhost has connected. [Room: 4368]
Thu Dec 13 11:26:46 2018 :: Log Testies: who
Thu Dec 13 11:27:25 2018 :: Daily backup complete.
tar: Removing leading `../' from member names
Thu Dec 13 11:28:15 2018 :: Daily backup complete.
tar: Removing leading `../' from member names
Thu Dec 13 11:29:14 2018 :: Daily backup complete.
tar: Removing leading `../' from member names
Thu Dec 13 11:29:57 2018 :: Daily backup complete.
tar: Removing leading `../' from member names
Thu Dec 13 11:30:57 2018 :: Daily backup complete.
tar: Removing leading `../' from member names
Thu Dec 13 11:32:00 2018 :: Daily backup complete.
tar: Removing leading `../' from member names
Thu Dec 13 11:32:46 2018 :: Daily backup complete.
tar: Removing leading `../' from member names
Thu Dec 13 11:34:01 2018 :: Daily backup complete.
tar: Removing leading `../' from member names
Thu Dec 13 11:35:12 2018 :: Daily backup complete.
tar: Removing leading `../' from member names
Thu Dec 13 11:35:22 2018 :: Testies has quit. [Room: 2]
Thu Dec 13 11:35:33 2018 :: Sock.sinaddr:  127.0.0.1
Thu Dec 13 11:35:33 2018 :: Loading Testies's playerfile
Thu Dec 13 11:35:33 2018 :: Testies@localhost has connected. [Room: 4368]
Thu Dec 13 11:35:34 2018 :: Log Testies: who
Thu Dec 13 11:36:01 2018 :: Daily backup complete.
tar: Removing leading `../' from member names
Thu Dec 13 11:37:14 2018 :: Daily backup complete.
tar: Removing leading `../' from member names
Thu Dec 13 11:38:09 2018 :: Daily backup complete.
tar: Removing leading `../' from member names
Thu Dec 13 11:39:15 2018 :: Daily backup complete.
tar: Removing leading `../' from member names
Thu Dec 13 11:40:16 2018 :: Daily backup complete.
tar: Removing leading `../' from member names
Thu Dec 13 11:41:21 2018 :: Daily backup complete.
tar: Removing leading `../' from member names
Thu Dec 13 11:42:02 2018 :: Daily backup complete.
tar: Removing leading `../' from member names
Thu Dec 13 11:42:50 2018 :: Daily backup complete.
tar: Removing leading `../' from member names
Thu Dec 13 11:43:43 2018 :: Daily backup complete.
tar: Removing leading `../' from member names
Thu Dec 13 11:44:26 2018 :: Daily backup complete.
tar: Removing leading `../' from member names
Thu Dec 13 11:44:31 2018 :: Testies has quit. [Room: 2]
Thu Dec 13 11:44:41 2018 :: Sock.sinaddr:  127.0.0.1
Thu Dec 13 11:44:42 2018 :: Loading Testies's playerfile
Thu Dec 13 11:44:42 2018 :: Testies@localhost has connected. [Room: 4368]
Thu Dec 13 11:44:43 2018 :: Log Testies: who
Thu Dec 13 11:45:21 2018 :: Daily backup complete.
tar: Removing leading `../' from member names
Thu Dec 13 11:46:31 2018 :: Daily backup complete.
tar: Removing leading `../' from member names
Thu Dec 13 11:47:33 2018 :: Daily backup complete.
tar: Removing leading `../' from member names
Thu Dec 13 11:48:47 2018 :: Daily backup complete.
tar: Removing leading `../' from member names
Thu Dec 13 11:49:29 2018 :: Daily backup complete.
tar: Removing leading `../' from member names
Thu Dec 13 11:50:12 2018 :: Daily backup complete.
tar: Removing leading `../' from member names
Thu Dec 13 11:51:18 2018 :: Daily backup complete.
tar: Removing leading `../' from member names
Thu Dec 13 11:52:20 2018 :: Daily backup complete.
tar: Removing leading `../' from member names
Thu Dec 13 11:53:26 2018 :: Daily backup complete.
tar: Removing leading `../' from member names
Thu Dec 13 11:53:29 2018 :: Testies has quit. [Room: 2]
Thu Dec 13 11:53:39 2018 :: Sock.sinaddr:  127.0.0.1
Thu Dec 13 11:53:40 2018 :: Loading Testies's playerfile
Thu Dec 13 11:53:40 2018 :: Testies@localhost has connected. [Room: 4368]
Thu Dec 13 11:53:41 2018 :: Log Testies: who
Thu Dec 13 11:54:26 2018 :: Daily backup complete.
tar: Removing leading `../' from member names
Thu Dec 13 11:55:35 2018 :: Daily backup complete.
tar: Removing leading `../' from member names
Thu Dec 13 11:56:47 2018 :: Daily backup complete.
tar: Removing leading `../' from member names
Thu Dec 13 11:57:33 2018 :: Daily backup complete.
tar: Removing leading `../' from member names
Thu Dec 13 11:58:18 2018 :: Daily backup complete.
tar: Removing leading `../' from member names
Thu Dec 13 11:59:26 2018 :: Daily backup complete.
tar: Removing leading `../' from member names
Thu Dec 13 12:00:45 2018 :: Daily backup complete.
tar: Removing leading `../' from member names
Thu Dec 13 12:02:02 2018 :: Daily backup complete.
tar: Removing leading `../' from member names
Thu Dec 13 12:02:44 2018 :: Daily backup complete.
tar: Removing leading `../' from member names
Thu Dec 13 12:03:09 2018 :: Testies has quit. [Room: 2]
Thu Dec 13 12:03:19 2018 :: Sock.sinaddr:  127.0.0.1
Thu Dec 13 12:03:20 2018 :: Loading Testies's playerfile
Thu Dec 13 12:03:20 2018 :: Testies@localhost has connected. [Room: 4368]
Thu Dec 13 12:03:20 2018 :: Log Testies: who
Thu Dec 13 12:03:58 2018 :: Daily backup complete.
tar: Removing leading `../' from member names
Thu Dec 13 12:04:43 2018 :: Daily backup complete.
tar: Removing leading `../' from member names
Thu Dec 13 12:05:47 2018 :: Daily backup complete.
tar: Removing leading `../' from member names
Thu Dec 13 12:07:01 2018 :: Daily backup complete.
tar: Removing leading `../' from member names
Thu Dec 13 12:08:00 2018 :: Daily backup complete.
tar: Removing leading `../' from member names
Thu Dec 13 12:09:16 2018 :: Daily backup complete.
tar: Removing leading `../' from member names
Thu Dec 13 12:10:07 2018 :: Daily backup complete.
tar: Removing leading `../' from member names
Thu Dec 13 12:11:21 2018 :: Daily backup complete.
tar: Removing leading `../' from member names
Thu Dec 13 12:12:18 2018 :: Daily backup complete.
tar: Removing leading `../' from member names
Thu Dec 13 12:13:09 2018 :: Daily backup complete.
tar: Removing leading `../' from member names
Thu Dec 13 12:13:14 2018 :: Testies has quit. [Room: 2]
Thu Dec 13 12:13:24 2018 :: Sock.sinaddr:  127.0.0.1
Thu Dec 13 12:13:25 2018 :: Loading Testies's playerfile
Thu Dec 13 12:13:25 2018 :: Testies@localhost has connected. [Room: 4368]
Thu Dec 13 12:13:25 2018 :: Log Testies: who
Thu Dec 13 12:14:02 2018 :: Daily backup complete.
tar: Removing leading `../' from member names
Thu Dec 13 12:14:56 2018 :: Daily backup complete.
tar: Removing leading `../' from member names
Thu Dec 13 12:16:02 2018 :: Daily backup complete.
tar: Removing leading `../' from member names
Thu Dec 13 12:16:44 2018 :: Daily backup complete.
tar: Removing leading `../' from member names
Thu Dec 13 12:18:00 2018 :: Daily backup complete.
tar: Removing leading `../' from member names
Thu Dec 13 12:18:48 2018 :: Daily backup complete.
tar: Removing leading `../' from member names
Thu Dec 13 12:20:00 2018 :: Daily backup complete.
tar: Removing leading `../' from member names
Thu Dec 13 12:20:40 2018 :: Daily backup complete.
tar: Removing leading `../' from member names
Thu Dec 13 12:22:00 2018 :: Daily backup complete.
tar: Removing leading `../' from member names
Thu Dec 13 12:22:55 2018 :: Testies has quit. [Room: 2]
Thu Dec 13 12:23:05 2018 :: Sock.sinaddr:  127.0.0.1
Thu Dec 13 12:23:05 2018 :: Loading Testies's playerfile
Thu Dec 13 12:23:06 2018 :: Testies@localhost has connected. [Room: 4368]
Thu Dec 13 12:23:06 2018 :: Log Testies: who
Thu Dec 13 12:23:14 2018 :: Daily backup complete.
tar: Removing leading `../' from member names
Thu Dec 13 12:24:11 2018 :: Daily backup complete.
tar: Removing leading `../' from member names
Thu Dec 13 12:25:24 2018 :: Daily backup complete.
tar: Removing leading `../' from member names
Thu Dec 13 12:26:06 2018 :: Daily backup complete.
tar: Removing leading `../' from member names
Thu Dec 13 12:26:59 2018 :: Daily backup complete.
tar: Removing leading `../' from member names
Thu Dec 13 12:27:49 2018 :: Daily backup complete.
tar: Removing leading `../' from member names
Thu Dec 13 12:28:56 2018 :: Daily backup complete.
tar: Removing leading `../' from member names
Thu Dec 13 12:29:57 2018 :: Daily backup complete.
tar: Removing leading `../' from member names
Thu Dec 13 12:31:08 2018 :: Daily backup complete.
tar: Removing leading `../' from member names
Thu Dec 13 12:31:42 2018 :: Testies has quit. [Room: 2]
Thu Dec 13 12:31:49 2018 :: Daily backup complete.
tar: Removing leading `../' from member names
Thu Dec 13 12:31:53 2018 :: Sock.sinaddr:  127.0.0.1
Thu Dec 13 12:31:54 2018 :: Loading Testies's playerfile
Thu Dec 13 12:31:54 2018 :: Testies@localhost has connected. [Room: 4368]
Thu Dec 13 12:31:54 2018 :: Log Testies: who
Thu Dec 13 12:32:33 2018 :: Daily backup complete.
tar: Removing leading `../' from member names
Thu Dec 13 12:33:48 2018 :: Daily backup complete.
tar: Removing leading `../' from member names
Thu Dec 13 12:35:01 2018 :: Daily backup complete.
tar: Removing leading `../' from member names
Thu Dec 13 12:35:44 2018 :: Daily backup complete.
tar: Removing leading `../' from member names
Thu Dec 13 12:36:46 2018 :: Daily backup complete.
tar: Removing leading `../' from member names
Thu Dec 13 12:38:05 2018 :: Daily backup complete.
tar: Removing leading `../' from member names
Thu Dec 13 12:38:55 2018 :: Daily backup complete.
tar: Removing leading `../' from member names
Thu Dec 13 12:40:14 2018 :: Daily backup complete.
tar: Removing leading `../' from member names
Thu Dec 13 12:41:08 2018 :: Daily backup complete.
tar: Removing leading `../' from member names
Thu Dec 13 12:41:16 2018 :: Testies has quit. [Room: 2]
Thu Dec 13 12:41:26 2018 :: Sock.sinaddr:  127.0.0.1
Thu Dec 13 12:41:26 2018 :: Loading Testies's playerfile
Thu Dec 13 12:41:27 2018 :: Testies@localhost has connected. [Room: 4368]
Thu Dec 13 12:41:27 2018 :: Log Testies: who
Thu Dec 13 12:41:59 2018 :: Daily backup complete.
tar: Removing leading `../' from member names
Thu Dec 13 12:43:09 2018 :: Daily backup complete.
tar: Removing leading `../' from member names
Thu Dec 13 12:44:18 2018 :: Daily backup complete.
tar: Removing leading `../' from member names
Thu Dec 13 12:45:36 2018 :: Daily backup complete.
tar: Removing leading `../' from member names
Thu Dec 13 12:46:39 2018 :: Daily backup complete.
tar: Removing leading `../' from member names
Thu Dec 13 12:47:44 2018 :: Daily backup complete.
tar: Removing leading `../' from member names
Thu Dec 13 12:48:27 2018 :: Daily backup complete.
tar: Removing leading `../' from member names
Thu Dec 13 12:49:19 2018 :: Daily backup complete.
tar: Removing leading `../' from member names
Thu Dec 13 12:50:35 2018 :: Daily backup complete.
tar: Removing leading `../' from member names
Thu Dec 13 12:51:30 2018 :: Testies has quit. [Room: 2]
Thu Dec 13 12:51:35 2018 :: Daily backup complete.
tar: Removing leading `../' from member names
Thu Dec 13 12:51:40 2018 :: Sock.sinaddr:  127.0.0.1
Thu Dec 13 12:51:40 2018 :: Loading Testies's playerfile
Thu Dec 13 12:51:41 2018 :: Testies@localhost has connected. [Room: 4368]
Thu Dec 13 12:51:41 2018 :: Log Testies: who
Thu Dec 13 12:52:15 2018 :: Daily backup complete.
tar: Removing leading `../' from member names
Thu Dec 13 12:53:01 2018 :: Daily backup complete.
tar: Removing leading `../' from member names
Thu Dec 13 12:54:13 2018 :: Daily backup complete.
tar: Removing leading `../' from member names
Thu Dec 13 12:54:54 2018 :: Daily backup complete.
tar: Removing leading `../' from member names
Thu Dec 13 12:55:37 2018 :: Daily backup complete.
tar: Removing leading `../' from member names
Thu Dec 13 12:56:52 2018 :: Daily backup complete.
tar: Removing leading `../' from member names
Thu Dec 13 12:58:09 2018 :: Daily backup complete.
tar: Removing leading `../' from member names
Thu Dec 13 12:59:20 2018 :: Daily backup complete.
tar: Removing leading `../' from member names
Thu Dec 13 13:00:03 2018 :: Daily backup complete.
tar: Removing leading `../' from member names
Thu Dec 13 13:00:32 2018 :: Testies has quit. [Room: 2]
Thu Dec 13 13:00:43 2018 :: Sock.sinaddr:  127.0.0.1
Thu Dec 13 13:00:43 2018 :: Loading Testies's playerfile
Thu Dec 13 13:00:43 2018 :: Testies@localhost has connected. [Room: 4368]
Thu Dec 13 13:00:44 2018 :: Log Testies: who
Thu Dec 13 13:00:44 2018 :: Daily backup complete.
tar: Removing leading `../' from member names
Thu Dec 13 13:01:41 2018 :: Daily backup complete.
tar: Removing leading `../' from member names
Thu Dec 13 13:02:29 2018 :: Daily backup complete.
tar: Removing leading `../' from member names
Thu Dec 13 13:03:15 2018 :: Daily backup complete.
tar: Removing leading `../' from member names
Thu Dec 13 13:04:14 2018 :: Daily backup complete.
tar: Removing leading `../' from member names
Thu Dec 13 13:04:55 2018 :: Daily backup complete.
tar: Removing leading `../' from member names
Thu Dec 13 13:05:50 2018 :: Daily backup complete.
tar: Removing leading `../' from member names
Thu Dec 13 13:07:08 2018 :: Daily backup complete.
tar: Removing leading `../' from member names
Thu Dec 13 13:08:24 2018 :: Daily backup complete.
tar: Removing leading `../' from member names
Thu Dec 13 13:09:33 2018 :: Daily backup complete.
tar: Removing leading `../' from member names
Thu Dec 13 13:09:48 2018 :: Testies has quit. [Room: 2]
Thu Dec 13 13:09:58 2018 :: Sock.sinaddr:  127.0.0.1
Thu Dec 13 13:09:58 2018 :: Loading Testies's playerfile
Thu Dec 13 13:09:59 2018 :: Testies@localhost has connected. [Room: 4368]
Thu Dec 13 13:09:59 2018 :: Log Testies: who
Thu Dec 13 13:10:37 2018 :: Daily backup complete.
tar: Removing leading `../' from member names
Thu Dec 13 13:11:26 2018 :: Daily backup complete.
tar: Removing leading `../' from member names
Thu Dec 13 13:12:31 2018 :: Daily backup complete.
tar: Removing leading `../' from member names
Thu Dec 13 13:13:49 2018 :: Daily backup complete.
tar: Removing leading `../' from member names
Thu Dec 13 13:14:37 2018 :: Daily backup complete.
tar: Removing leading `../' from member names
Thu Dec 13 13:15:32 2018 :: Daily backup complete.
tar: Removing leading `../' from member names
Thu Dec 13 13:16:41 2018 :: Daily backup complete.
tar: Removing leading `../' from member names
Thu Dec 13 13:17:59 2018 :: Daily backup complete.
tar: Removing leading `../' from member names
Thu Dec 13 13:19:06 2018 :: Daily backup complete.
tar: Removing leading `../' from member names
Thu Dec 13 13:19:50 2018 :: Testies has quit. [Room: 2]
Thu Dec 13 13:19:52 2018 :: Daily backup complete.
tar: Removing leading `../' from member names
Thu Dec 13 13:20:01 2018 :: Sock.sinaddr:  127.0.0.1
Thu Dec 13 13:20:01 2018 :: Loading Testies's playerfile
Thu Dec 13 13:20:01 2018 :: Testies@localhost has connected. [Room: 4368]
Thu Dec 13 13:20:02 2018 :: Log Testies: who
Thu Dec 13 13:20:55 2018 :: Daily backup complete.
tar: Removing leading `../' from member names
Thu Dec 13 13:21:41 2018 :: Daily backup complete.
tar: Removing leading `../' from member names
Thu Dec 13 13:22:24 2018 :: Daily backup complete.
tar: Removing leading `../' from member names
Thu Dec 13 13:23:08 2018 :: Daily backup complete.
tar: Removing leading `../' from member names
Thu Dec 13 13:23:53 2018 :: Daily backup complete.
tar: Removing leading `../' from member names
Thu Dec 13 13:24:35 2018 :: Daily backup complete.
tar: Removing leading `../' from member names
Thu Dec 13 13:25:54 2018 :: Daily backup complete.
tar: Removing leading `../' from member names
Thu Dec 13 13:27:03 2018 :: Daily backup complete.
tar: Removing leading `../' from member names
Thu Dec 13 13:28:15 2018 :: Daily backup complete.
tar: Removing leading `../' from member names
Thu Dec 13 13:28:40 2018 :: Testies has quit. [Room: 2]
Thu Dec 13 13:28:50 2018 :: Sock.sinaddr:  127.0.0.1
Thu Dec 13 13:28:51 2018 :: Loading Testies's playerfile
Thu Dec 13 13:28:51 2018 :: Testies@localhost has connected. [Room: 4368]
Thu Dec 13 13:28:52 2018 :: Log Testies: who
Thu Dec 13 13:29:12 2018 :: Daily backup complete.
tar: Removing leading `../' from member names
Thu Dec 13 13:30:19 2018 :: Daily backup complete.
tar: Removing leading `../' from member names
Thu Dec 13 13:31:25 2018 :: Daily backup complete.
tar: Removing leading `../' from member names
Thu Dec 13 13:32:15 2018 :: Daily backup complete.
tar: Removing leading `../' from member names
Thu Dec 13 13:33:15 2018 :: Daily backup complete.
tar: Removing leading `../' from member names
Thu Dec 13 13:34:17 2018 :: Daily backup complete.
tar: Removing leading `../' from member names
Thu Dec 13 13:34:59 2018 :: Daily backup complete.
tar: Removing leading `../' from member names
Thu Dec 13 13:36:16 2018 :: Daily backup complete.
tar: Removing leading `../' from member names
Thu Dec 13 13:37:31 2018 :: Daily backup complete.
tar: Removing leading `../' from member names
Thu Dec 13 13:38:07 2018 :: Testies has quit. [Room: 2]
Thu Dec 13 13:38:16 2018 :: Daily backup complete.
tar: Removing leading `../' from member names
Thu Dec 13 13:38:17 2018 :: Sock.sinaddr:  127.0.0.1
Thu Dec 13 13:38:18 2018 :: Loading Testies's playerfile
Thu Dec 13 13:38:18 2018 :: Testies@localhost has connected. [Room: 4368]
Thu Dec 13 13:38:19 2018 :: Log Testies: who
Thu Dec 13 13:39:05 2018 :: Daily backup complete.
tar: Removing leading `../' from member names
Thu Dec 13 13:39:51 2018 :: Daily backup complete.
tar: Removing leading `../' from member names
Thu Dec 13 13:40:33 2018 :: Daily backup complete.
tar: Removing leading `../' from member names
Thu Dec 13 13:41:48 2018 :: Daily backup complete.
tar: Removing leading `../' from member names
Thu Dec 13 13:42:53 2018 :: Daily backup complete.
tar: Removing leading `../' from member names
Thu Dec 13 13:44:11 2018 :: Daily backup complete.
tar: Removing leading `../' from member names
Thu Dec 13 13:44:59 2018 :: Daily backup complete.
tar: Removing leading `../' from member names
