Fri Dec 14 01:33:19 2018 :: LOADING COMM TABLE
Fri Dec 14 01:33:19 2018 ::  INIT OK 
Fri Dec 14 01:33:19 2018 :: Ended LOADING COMM TABLE
Fri Dec 14 01:33:19 2018 :: Ended Fixing Exits
Fri Dec 14 01:33:19 2018 :: Called for vnum: 3715 to modify as: 1 as gameload.
Fri Dec 14 01:33:19 2018 :: Vnum 3715|Signval: 1|Gameload|Total: 1
Fri Dec 14 01:33:19 2018 :: Called for vnum: 717 to modify as: 1 as gameload.
Fri Dec 14 01:33:19 2018 :: Vnum 717|Signval: 1|Gameload|Total: 1
Fri Dec 14 01:33:19 2018 :: Called for vnum: 717 to modify as: 1 as gameload.
Fri Dec 14 01:33:19 2018 :: Vnum 717|Signval: 1|Gameload|Total: 2
Fri Dec 14 01:33:19 2018 :: Called for vnum: 911 to modify as: 1 as gameload.
Fri Dec 14 01:33:19 2018 :: Vnum 911|Signval: 1|Gameload|Total: 1
Fri Dec 14 01:33:19 2018 :: Called for vnum: 911 to modify as: 1 as gameload.
Fri Dec 14 01:33:19 2018 :: Vnum 911|Signval: 1|Gameload|Total: 2
Fri Dec 14 01:33:19 2018 :: Called for vnum: 1388 to modify as: 1 as gameload.
Fri Dec 14 01:33:19 2018 :: Vnum 1388|Signval: 1|Gameload|Total: 1
Fri Dec 14 01:33:19 2018 :: Called for vnum: 7664 to modify as: 1 as gameload.
Fri Dec 14 01:33:19 2018 :: Vnum 7664|Signval: 1|Gameload|Total: 1
Fri Dec 14 01:33:19 2018 :: Called for vnum: 7665 to modify as: 1 as gameload.
Fri Dec 14 01:33:19 2018 :: Vnum 7665|Signval: 1|Gameload|Total: 1
Fri Dec 14 01:33:19 2018 :: Called for vnum: 17713 to modify as: 1 as gameload.
Fri Dec 14 01:33:19 2018 :: Vnum 17713|Signval: 1|Gameload|Total: 1
Fri Dec 14 01:33:19 2018 :: [*****] BUG: Equip_char: already equipped (-1).
Fri Dec 14 01:33:19 2018 :: Called for vnum: 10051 to modify as: 1 as gameload.
Fri Dec 14 01:33:19 2018 :: Vnum 10051|Signval: 1|Gameload|Total: 1
Fri Dec 14 01:33:19 2018 :: Called for vnum: 10051 to modify as: 1 as gameload.
Fri Dec 14 01:33:19 2018 :: Vnum 10051|Signval: 1|Gameload|Total: 2
Fri Dec 14 01:33:19 2018 :: [*****] BUG: Equip_char: already equipped (5).
Fri Dec 14 01:33:19 2018 :: [*****] BUG: Equip_char: already equipped (-1).
Fri Dec 14 01:33:19 2018 :: [*****] BUG: Equip_char: already equipped (-1).
Fri Dec 14 01:33:19 2018 :: [*****] BUG: Equip_char: already equipped (-1).
Fri Dec 14 01:33:19 2018 :: [*****] BUG: Equip_char: already equipped (-1).
Fri Dec 14 01:33:19 2018 :: [*****] BUG: Equip_char: already equipped (-1).
Fri Dec 14 01:33:19 2018 :: [*****] BUG: Equip_char: already equipped (-1).
Fri Dec 14 01:33:19 2018 :: [*****] BUG: Equip_char: already equipped (-1).
Fri Dec 14 01:33:19 2018 :: Called for vnum: 29215 to modify as: 1 as gameload.
Fri Dec 14 01:33:19 2018 :: Vnum 29215|Signval: 1|Gameload|Total: 1
Fri Dec 14 01:33:19 2018 :: Called for vnum: 29215 to modify as: 1 as gameload.
Fri Dec 14 01:33:19 2018 :: Vnum 29215|Signval: 1|Gameload|Total: 2
Fri Dec 14 01:33:19 2018 :: Called for vnum: 29240 to modify as: 1 as gameload.
Fri Dec 14 01:33:19 2018 :: Vnum 29240|Signval: 1|Gameload|Total: 1
Fri Dec 14 01:33:19 2018 :: Called for vnum: 29240 to modify as: 1 as gameload.
Fri Dec 14 01:33:19 2018 :: Vnum 29240|Signval: 1|Gameload|Total: 2
Fri Dec 14 01:33:19 2018 :: Called for vnum: 29240 to modify as: 1 as gameload.
Fri Dec 14 01:33:19 2018 :: Vnum 29240|Signval: 1|Gameload|Total: 3
Fri Dec 14 01:33:19 2018 :: Called for vnum: 28114 to modify as: 1 as gameload.
Fri Dec 14 01:33:19 2018 :: Vnum 28114|Signval: 1|Gameload|Total: 1
Fri Dec 14 01:33:19 2018 :: Ended Area Update
Fri Dec 14 01:33:19 2018 :: Ended Loading Notes
Fri Dec 14 01:33:19 2018 :: Ended Loading Ban
Fri Dec 14 01:33:19 2018 :: Ended Loading Pkills
Fri Dec 14 01:33:19 2018 :: TOC is ready to rock on port 9000.
Fri Dec 14 01:33:19 2018 :: Setting up signals.
Fri Dec 14 01:33:21 2018 :: Daily backup complete.
tar: Removing leading `../' from member names
Fri Dec 14 01:33:25 2018 :: Sock.sinaddr:  127.0.0.1
Fri Dec 14 01:33:26 2018 :: Loading Killuminati's playerfile
Fri Dec 14 01:33:26 2018 :: Killuminati@localhost has connected. [Room: 29206]
Fri Dec 14 01:34:33 2018 :: Daily backup complete.
tar: Removing leading `../' from member names
Fri Dec 14 01:35:47 2018 :: Daily backup complete.
tar: Removing leading `../' from member names
Fri Dec 14 01:36:52 2018 :: Daily backup complete.
tar: Removing leading `../' from member names
Fri Dec 14 01:37:36 2018 :: Daily backup complete.
tar: Removing leading `../' from member names
Fri Dec 14 01:38:38 2018 :: Daily backup complete.
tar: Removing leading `../' from member names
Fri Dec 14 01:39:54 2018 :: Daily backup complete.
tar: Removing leading `../' from member names
Fri Dec 14 01:40:56 2018 :: Daily backup complete.
tar: Removing leading `../' from member names
Fri Dec 14 01:42:00 2018 :: Daily backup complete.
tar: Removing leading `../' from member names
Fri Dec 14 01:42:48 2018 :: Daily backup complete.
tar: Removing leading `../' from member names
Fri Dec 14 01:43:38 2018 :: Daily backup complete.
tar: Removing leading `../' from member names
Fri Dec 14 01:44:21 2018 :: Daily backup complete.
tar: Removing leading `../' from member names
Fri Dec 14 01:45:09 2018 :: Daily backup complete.
tar: Removing leading `../' from member names
Fri Dec 14 01:46:13 2018 :: Daily backup complete.
tar: Removing leading `../' from member names
Fri Dec 14 01:46:54 2018 :: Daily backup complete.
tar: Removing leading `../' from member names
Fri Dec 14 01:48:07 2018 :: Daily backup complete.
tar: Removing leading `../' from member names
Fri Dec 14 01:49:19 2018 :: Daily backup complete.
tar: Removing leading `../' from member names
Fri Dec 14 01:50:29 2018 :: Daily backup complete.
tar: Removing leading `../' from member names
Fri Dec 14 01:51:38 2018 :: Daily backup complete.
tar: Removing leading `../' from member names
Fri Dec 14 01:52:23 2018 :: Daily backup complete.
tar: Removing leading `../' from member names
Fri Dec 14 01:53:34 2018 :: Daily backup complete.
tar: Removing leading `../' from member names
Fri Dec 14 01:54:20 2018 :: Daily backup complete.
tar: Removing leading `../' from member names
Fri Dec 14 01:55:25 2018 :: Daily backup complete.
tar: Removing leading `../' from member names
Fri Dec 14 01:56:29 2018 :: Daily backup complete.
tar: Removing leading `../' from member names
Fri Dec 14 01:57:18 2018 :: Daily backup complete.
tar: Removing leading `../' from member names
Fri Dec 14 01:58:11 2018 :: Daily backup complete.
tar: Removing leading `../' from member names
Fri Dec 14 01:59:00 2018 :: Daily backup complete.
tar: Removing leading `../' from member names
Fri Dec 14 01:59:51 2018 :: Daily backup complete.
tar: Removing leading `../' from member names
Fri Dec 14 02:00:47 2018 :: Daily backup complete.
tar: Removing leading `../' from member names
Fri Dec 14 02:01:37 2018 :: Daily backup complete.
tar: Removing leading `../' from member names
Fri Dec 14 02:02:42 2018 :: Daily backup complete.
tar: Removing leading `../' from member names
Fri Dec 14 02:03:56 2018 :: Daily backup complete.
tar: Removing leading `../' from member names
Fri Dec 14 02:04:48 2018 :: Daily backup complete.
tar: Removing leading `../' from member names
Fri Dec 14 02:05:43 2018 :: Daily backup complete.
tar: Removing leading `../' from member names
Fri Dec 14 02:06:40 2018 :: Daily backup complete.
tar: Removing leading `../' from member names
Fri Dec 14 02:07:40 2018 :: Daily backup complete.
tar: Removing leading `../' from member names
Fri Dec 14 02:08:51 2018 :: Daily backup complete.
tar: Removing leading `../' from member names
Fri Dec 14 02:09:49 2018 :: Daily backup complete.
tar: Removing leading `../' from member names
Fri Dec 14 02:10:52 2018 :: Daily backup complete.
tar: Removing leading `../' from member names
Fri Dec 14 02:11:55 2018 :: Daily backup complete.
tar: Removing leading `../' from member names
Fri Dec 14 02:12:57 2018 :: Daily backup complete.
tar: Removing leading `../' from member names
Fri Dec 14 02:13:52 2018 :: Daily backup complete.
tar: Removing leading `../' from member names
Fri Dec 14 02:15:06 2018 :: Daily backup complete.
tar: Removing leading `../' from member names
Fri Dec 14 02:16:19 2018 :: Daily backup complete.
tar: Removing leading `../' from member names
Fri Dec 14 02:17:28 2018 :: Daily backup complete.
tar: Removing leading `../' from member names
Fri Dec 14 02:18:33 2018 :: Daily backup complete.
tar: Removing leading `../' from member names
Fri Dec 14 02:19:19 2018 :: Daily backup complete.
tar: Removing leading `../' from member names
Fri Dec 14 02:20:04 2018 :: Daily backup complete.
tar: Removing leading `../' from member names
Fri Dec 14 02:21:10 2018 :: Daily backup complete.
tar: Removing leading `../' from member names
Fri Dec 14 02:21:59 2018 :: Daily backup complete.
tar: Removing leading `../' from member names
Fri Dec 14 02:22:50 2018 :: Daily backup complete.
tar: Removing leading `../' from member names
Fri Dec 14 02:23:37 2018 :: Daily backup complete.
tar: Removing leading `../' from member names
Fri Dec 14 02:24:38 2018 :: Daily backup complete.
tar: Removing leading `../' from member names
Fri Dec 14 02:25:39 2018 :: Daily backup complete.
tar: Removing leading `../' from member names
Fri Dec 14 02:26:45 2018 :: Daily backup complete.
tar: Removing leading `../' from member names
Fri Dec 14 02:27:47 2018 :: Daily backup complete.
tar: Removing leading `../' from member names
Fri Dec 14 02:28:31 2018 :: Daily backup complete.
tar: Removing leading `../' from member names
Fri Dec 14 02:29:42 2018 :: Daily backup complete.
tar: Removing leading `../' from member names
Fri Dec 14 02:30:44 2018 :: Daily backup complete.
tar: Removing leading `../' from member names
Fri Dec 14 02:31:34 2018 :: Daily backup complete.
tar: Removing leading `../' from member names
Fri Dec 14 02:32:25 2018 :: Daily backup complete.
tar: Removing leading `../' from member names
Fri Dec 14 02:33:44 2018 :: Daily backup complete.
tar: Removing leading `../' from member names
Fri Dec 14 02:34:49 2018 :: Daily backup complete.
tar: Removing leading `../' from member names
Fri Dec 14 02:35:31 2018 :: Daily backup complete.
tar: Removing leading `../' from member names
Fri Dec 14 02:36:17 2018 :: Daily backup complete.
tar: Removing leading `../' from member names
Fri Dec 14 02:37:33 2018 :: Daily backup complete.
tar: Removing leading `../' from member names
Fri Dec 14 02:38:32 2018 :: Daily backup complete.
tar: Removing leading `../' from member names
Fri Dec 14 02:39:47 2018 :: Daily backup complete.
tar: Removing leading `../' from member names
Fri Dec 14 02:40:34 2018 :: Daily backup complete.
tar: Removing leading `../' from member names
Fri Dec 14 02:41:39 2018 :: Daily backup complete.
tar: Removing leading `../' from member names
Fri Dec 14 02:42:49 2018 :: Daily backup complete.
tar: Removing leading `../' from member names
Fri Dec 14 02:43:51 2018 :: Daily backup complete.
tar: Removing leading `../' from member names
Fri Dec 14 02:44:47 2018 :: Daily backup complete.
tar: Removing leading `../' from member names
Fri Dec 14 02:45:50 2018 :: Daily backup complete.
tar: Removing leading `../' from member names
Fri Dec 14 02:46:52 2018 :: Daily backup complete.
tar: Removing leading `../' from member names
Fri Dec 14 02:47:42 2018 :: Daily backup complete.
tar: Removing leading `../' from member names
Fri Dec 14 02:48:29 2018 :: Daily backup complete.
tar: Removing leading `../' from member names
Fri Dec 14 02:49:13 2018 :: Daily backup complete.
tar: Removing leading `../' from member names
Fri Dec 14 02:50:33 2018 :: Daily backup complete.
tar: Removing leading `../' from member names
Fri Dec 14 02:51:39 2018 :: Daily backup complete.
tar: Removing leading `../' from member names
Fri Dec 14 02:52:25 2018 :: Daily backup complete.
tar: Removing leading `../' from member names
Fri Dec 14 02:53:05 2018 :: Daily backup complete.
tar: Removing leading `../' from member names
Fri Dec 14 02:54:06 2018 :: Daily backup complete.
tar: Removing leading `../' from member names
Fri Dec 14 02:54:58 2018 :: Daily backup complete.
tar: Removing leading `../' from member names
Fri Dec 14 02:55:58 2018 :: Daily backup complete.
tar: Removing leading `../' from member names
Fri Dec 14 02:56:47 2018 :: Daily backup complete.
tar: Removing leading `../' from member names
Fri Dec 14 02:57:33 2018 :: Daily backup complete.
tar: Removing leading `../' from member names
Fri Dec 14 02:58:36 2018 :: Daily backup complete.
tar: Removing leading `../' from member names
Fri Dec 14 02:59:52 2018 :: Daily backup complete.
tar: Removing leading `../' from member names
Fri Dec 14 03:00:34 2018 :: Daily backup complete.
tar: Removing leading `../' from member names
Fri Dec 14 03:01:24 2018 :: Daily backup complete.
tar: Removing leading `../' from member names
Fri Dec 14 03:02:12 2018 :: Daily backup complete.
tar: Removing leading `../' from member names
Fri Dec 14 03:03:08 2018 :: Daily backup complete.
tar: Removing leading `../' from member names
Fri Dec 14 03:04:13 2018 :: Daily backup complete.
tar: Removing leading `../' from member names
Fri Dec 14 03:04:57 2018 :: Daily backup complete.
tar: Removing leading `../' from member names
Fri Dec 14 03:05:41 2018 :: Daily backup complete.
tar: Removing leading `../' from member names
Fri Dec 14 03:06:27 2018 :: Daily backup complete.
tar: Removing leading `../' from member names
Fri Dec 14 03:07:27 2018 :: Daily backup complete.
tar: Removing leading `../' from member names
Fri Dec 14 03:08:43 2018 :: Daily backup complete.
tar: Removing leading `../' from member names
Fri Dec 14 03:09:45 2018 :: Daily backup complete.
tar: Removing leading `../' from member names
Fri Dec 14 03:10:32 2018 :: Daily backup complete.
tar: Removing leading `../' from member names
Fri Dec 14 03:11:42 2018 :: Daily backup complete.
tar: Removing leading `../' from member names
Fri Dec 14 03:12:54 2018 :: Daily backup complete.
tar: Removing leading `../' from member names
Fri Dec 14 03:14:10 2018 :: Daily backup complete.
tar: Removing leading `../' from member names
Fri Dec 14 03:15:13 2018 :: Daily backup complete.
tar: Removing leading `../' from member names
Fri Dec 14 03:16:01 2018 :: Daily backup complete.
tar: Removing leading `../' from member names
Fri Dec 14 03:16:58 2018 :: Daily backup complete.
tar: Removing leading `../' from member names
Fri Dec 14 03:18:12 2018 :: Daily backup complete.
tar: Removing leading `../' from member names
Fri Dec 14 03:19:29 2018 :: Daily backup complete.
tar: Removing leading `../' from member names
Fri Dec 14 03:20:17 2018 :: Daily backup complete.
tar: Removing leading `../' from member names
Fri Dec 14 03:21:13 2018 :: Daily backup complete.
tar: Removing leading `../' from member names
Fri Dec 14 03:21:59 2018 :: Daily backup complete.
tar: Removing leading `../' from member names
Fri Dec 14 03:22:48 2018 :: Daily backup complete.
tar: Removing leading `../' from member names
Fri Dec 14 03:23:53 2018 :: Daily backup complete.
tar: Removing leading `../' from member names
Fri Dec 14 03:25:04 2018 :: Daily backup complete.
tar: Removing leading `../' from member names
Fri Dec 14 03:25:52 2018 :: Daily backup complete.
tar: Removing leading `../' from member names
Fri Dec 14 03:26:45 2018 :: Daily backup complete.
tar: Removing leading `../' from member names
Fri Dec 14 03:27:29 2018 :: Daily backup complete.
tar: Removing leading `../' from member names
Fri Dec 14 03:28:28 2018 :: Daily backup complete.
tar: Removing leading `../' from member names
Fri Dec 14 03:29:38 2018 :: Daily backup complete.
tar: Removing leading `../' from member names
Fri Dec 14 03:30:22 2018 :: Daily backup complete.
tar: Removing leading `../' from member names
Fri Dec 14 03:31:37 2018 :: Daily backup complete.
tar: Removing leading `../' from member names
Fri Dec 14 03:32:50 2018 :: Daily backup complete.
tar: Removing leading `../' from member names
Fri Dec 14 03:33:52 2018 :: Daily backup complete.
tar: Removing leading `../' from member names
Fri Dec 14 03:35:06 2018 :: Daily backup complete.
tar: Removing leading `../' from member names
Fri Dec 14 03:36:14 2018 :: Daily backup complete.
tar: Removing leading `../' from member names
Fri Dec 14 03:36:16 2018 :: Sock.sinaddr:  86.151.130.117
Fri Dec 14 03:36:16 2018 :: EOF encountered on read.
Fri Dec 14 03:36:55 2018 :: Daily backup complete.
tar: Removing leading `../' from member names
Fri Dec 14 03:37:35 2018 :: Daily backup complete.
tar: Removing leading `../' from member names
Fri Dec 14 03:38:54 2018 :: Daily backup complete.
tar: Removing leading `../' from member names
Fri Dec 14 03:39:34 2018 :: Daily backup complete.
tar: Removing leading `../' from member names
Fri Dec 14 03:40:51 2018 :: Daily backup complete.
tar: Removing leading `../' from member names
Fri Dec 14 03:41:55 2018 :: Daily backup complete.
tar: Removing leading `../' from member names
Fri Dec 14 03:43:12 2018 :: Daily backup complete.
tar: Removing leading `../' from member names
Fri Dec 14 03:44:25 2018 :: Daily backup complete.
tar: Removing leading `../' from member names
Fri Dec 14 03:45:13 2018 :: Daily backup complete.
tar: Removing leading `../' from member names
Fri Dec 14 03:46:27 2018 :: Daily backup complete.
tar: Removing leading `../' from member names
Fri Dec 14 03:47:27 2018 :: Daily backup complete.
tar: Removing leading `../' from member names
Fri Dec 14 03:48:42 2018 :: Daily backup complete.
tar: Removing leading `../' from member names
Fri Dec 14 03:49:57 2018 :: Daily backup complete.
tar: Removing leading `../' from member names
Fri Dec 14 03:50:40 2018 :: Daily backup complete.
tar: Removing leading `../' from member names
Fri Dec 14 03:51:48 2018 :: Daily backup complete.
tar: Removing leading `../' from member names
Fri Dec 14 03:52:32 2018 :: Daily backup complete.
tar: Removing leading `../' from member names
Fri Dec 14 03:53:21 2018 :: Daily backup complete.
tar: Removing leading `../' from member names
Fri Dec 14 03:54:14 2018 :: Daily backup complete.
tar: Removing leading `../' from member names
Fri Dec 14 03:55:19 2018 :: Daily backup complete.
tar: Removing leading `../' from member names
Fri Dec 14 03:56:23 2018 :: Daily backup complete.
tar: Removing leading `../' from member names
Fri Dec 14 03:57:15 2018 :: Daily backup complete.
tar: Removing leading `../' from member names
Fri Dec 14 03:58:05 2018 :: Daily backup complete.
tar: Removing leading `../' from member names
Fri Dec 14 03:58:49 2018 :: Daily backup complete.
tar: Removing leading `../' from member names
Fri Dec 14 03:59:33 2018 :: Daily backup complete.
tar: Removing leading `../' from member names
Fri Dec 14 04:00:18 2018 :: Daily backup complete.
tar: Removing leading `../' from member names
Fri Dec 14 04:01:23 2018 :: Daily backup complete.
tar: Removing leading `../' from member names
Fri Dec 14 04:02:40 2018 :: Daily backup complete.
tar: Removing leading `../' from member names
Fri Dec 14 04:03:55 2018 :: Daily backup complete.
tar: Removing leading `../' from member names
Fri Dec 14 04:04:58 2018 :: Daily backup complete.
tar: Removing leading `../' from member names
Fri Dec 14 04:05:44 2018 :: Daily backup complete.
tar: Removing leading `../' from member names
Fri Dec 14 04:06:40 2018 :: Daily backup complete.
tar: Removing leading `../' from member names
Fri Dec 14 04:07:23 2018 :: Daily backup complete.
tar: Removing leading `../' from member names
Fri Dec 14 04:08:37 2018 :: Daily backup complete.
tar: Removing leading `../' from member names
Fri Dec 14 04:09:39 2018 :: Daily backup complete.
tar: Removing leading `../' from member names
Fri Dec 14 04:10:58 2018 :: Daily backup complete.
tar: Removing leading `../' from member names
Fri Dec 14 04:12:16 2018 :: Daily backup complete.
tar: Removing leading `../' from member names
Fri Dec 14 04:13:25 2018 :: Daily backup complete.
tar: Removing leading `../' from member names
Fri Dec 14 04:14:16 2018 :: Daily backup complete.
tar: Removing leading `../' from member names
Fri Dec 14 04:15:21 2018 :: Daily backup complete.
tar: Removing leading `../' from member names
Fri Dec 14 04:16:03 2018 :: Daily backup complete.
tar: Removing leading `../' from member names
Fri Dec 14 04:17:06 2018 :: Daily backup complete.
tar: Removing leading `../' from member names
Fri Dec 14 04:18:10 2018 :: Daily backup complete.
tar: Removing leading `../' from member names
Fri Dec 14 04:19:20 2018 :: Daily backup complete.
tar: Removing leading `../' from member names
Fri Dec 14 04:20:29 2018 :: Daily backup complete.
tar: Removing leading `../' from member names
Fri Dec 14 04:21:32 2018 :: Daily backup complete.
tar: Removing leading `../' from member names
Fri Dec 14 04:22:28 2018 :: Daily backup complete.
tar: Removing leading `../' from member names
Fri Dec 14 04:23:26 2018 :: Daily backup complete.
tar: Removing leading `../' from member names
Fri Dec 14 04:24:08 2018 :: Daily backup complete.
tar: Removing leading `../' from member names
Fri Dec 14 04:25:11 2018 :: Daily backup complete.
tar: Removing leading `../' from member names
Fri Dec 14 04:26:21 2018 :: Daily backup complete.
tar: Removing leading `../' from member names
Fri Dec 14 04:27:07 2018 :: Daily backup complete.
tar: Removing leading `../' from member names
Fri Dec 14 04:27:48 2018 :: Daily backup complete.
tar: Removing leading `../' from member names
Fri Dec 14 04:28:45 2018 :: Daily backup complete.
tar: Removing leading `../' from member names
Fri Dec 14 04:29:58 2018 :: Daily backup complete.
tar: Removing leading `../' from member names
Fri Dec 14 04:31:06 2018 :: Daily backup complete.
tar: Removing leading `../' from member names
Fri Dec 14 04:31:57 2018 :: Daily backup complete.
tar: Removing leading `../' from member names
Fri Dec 14 04:32:54 2018 :: Daily backup complete.
tar: Removing leading `../' from member names
Fri Dec 14 04:33:34 2018 :: Daily backup complete.
tar: Removing leading `../' from member names
Fri Dec 14 04:34:27 2018 :: Daily backup complete.
tar: Removing leading `../' from member names
Fri Dec 14 04:35:26 2018 :: Daily backup complete.
tar: Removing leading `../' from member names
Fri Dec 14 04:36:26 2018 :: Daily backup complete.
tar: Removing leading `../' from member names
Fri Dec 14 04:37:11 2018 :: Daily backup complete.
tar: Removing leading `../' from member names
Fri Dec 14 04:38:08 2018 :: Daily backup complete.
tar: Removing leading `../' from member names
Fri Dec 14 04:38:58 2018 :: Daily backup complete.
tar: Removing leading `../' from member names
Fri Dec 14 04:40:07 2018 :: Daily backup complete.
tar: Removing leading `../' from member names
Fri Dec 14 04:41:00 2018 :: Daily backup complete.
tar: Removing leading `../' from member names
Fri Dec 14 04:41:57 2018 :: Daily backup complete.
tar: Removing leading `../' from member names
Fri Dec 14 04:43:16 2018 :: Daily backup complete.
tar: Removing leading `../' from member names
Fri Dec 14 04:44:00 2018 :: Daily backup complete.
tar: Removing leading `../' from member names
Fri Dec 14 04:44:53 2018 :: Daily backup complete.
tar: Removing leading `../' from member names
Fri Dec 14 04:45:46 2018 :: Daily backup complete.
tar: Removing leading `../' from member names
Fri Dec 14 04:46:41 2018 :: Daily backup complete.
tar: Removing leading `../' from member names
Fri Dec 14 04:47:47 2018 :: Daily backup complete.
tar: Removing leading `../' from member names
Fri Dec 14 04:48:43 2018 :: Daily backup complete.
tar: Removing leading `../' from member names
Fri Dec 14 04:49:42 2018 :: Daily backup complete.
tar: Removing leading `../' from member names
Fri Dec 14 04:50:45 2018 :: Daily backup complete.
tar: Removing leading `../' from member names
Fri Dec 14 04:51:47 2018 :: Daily backup complete.
tar: Removing leading `../' from member names
Fri Dec 14 04:52:56 2018 :: Daily backup complete.
tar: Removing leading `../' from member names
Fri Dec 14 04:53:57 2018 :: Daily backup complete.
tar: Removing leading `../' from member names
Fri Dec 14 04:55:10 2018 :: Daily backup complete.
tar: Removing leading `../' from member names
Fri Dec 14 04:56:04 2018 :: Daily backup complete.
tar: Removing leading `../' from member names
Fri Dec 14 04:56:58 2018 :: Daily backup complete.
tar: Removing leading `../' from member names
Fri Dec 14 04:58:17 2018 :: Daily backup complete.
tar: Removing leading `../' from member names
Fri Dec 14 04:59:08 2018 :: Daily backup complete.
tar: Removing leading `../' from member names
Fri Dec 14 04:59:51 2018 :: Daily backup complete.
tar: Removing leading `../' from member names
Fri Dec 14 05:00:53 2018 :: Daily backup complete.
tar: Removing leading `../' from member names
Fri Dec 14 05:01:49 2018 :: Daily backup complete.
tar: Removing leading `../' from member names
Fri Dec 14 05:03:09 2018 :: Daily backup complete.
tar: Removing leading `../' from member names
Fri Dec 14 05:04:27 2018 :: Daily backup complete.
tar: Removing leading `../' from member names
Fri Dec 14 05:05:43 2018 :: Daily backup complete.
tar: Removing leading `../' from member names
Fri Dec 14 05:06:56 2018 :: Daily backup complete.
tar: Removing leading `../' from member names
Fri Dec 14 05:07:42 2018 :: Daily backup complete.
tar: Removing leading `../' from member names
Fri Dec 14 05:08:47 2018 :: Daily backup complete.
tar: Removing leading `../' from member names
Fri Dec 14 05:10:05 2018 :: Daily backup complete.
tar: Removing leading `../' from member names
Fri Dec 14 05:11:22 2018 :: Daily backup complete.
tar: Removing leading `../' from member names
Fri Dec 14 05:12:28 2018 :: Daily backup complete.
tar: Removing leading `../' from member names
Fri Dec 14 05:13:10 2018 :: Daily backup complete.
tar: Removing leading `../' from member names
Fri Dec 14 05:14:15 2018 :: Daily backup complete.
tar: Removing leading `../' from member names
Fri Dec 14 05:15:10 2018 :: Daily backup complete.
tar: Removing leading `../' from member names
Fri Dec 14 05:16:16 2018 :: Daily backup complete.
tar: Removing leading `../' from member names
Fri Dec 14 05:17:00 2018 :: Daily backup complete.
tar: Removing leading `../' from member names
Fri Dec 14 05:18:18 2018 :: Daily backup complete.
tar: Removing leading `../' from member names
Fri Dec 14 05:19:11 2018 :: Daily backup complete.
tar: Removing leading `../' from member names
Fri Dec 14 05:20:28 2018 :: Daily backup complete.
tar: Removing leading `../' from member names
Fri Dec 14 05:21:28 2018 :: Daily backup complete.
tar: Removing leading `../' from member names
Fri Dec 14 05:22:11 2018 :: Daily backup complete.
tar: Removing leading `../' from member names
Fri Dec 14 05:23:05 2018 :: Daily backup complete.
tar: Removing leading `../' from member names
Fri Dec 14 05:23:56 2018 :: Daily backup complete.
tar: Removing leading `../' from member names
Fri Dec 14 05:25:11 2018 :: Daily backup complete.
tar: Removing leading `../' from member names
Fri Dec 14 05:26:30 2018 :: Daily backup complete.
tar: Removing leading `../' from member names
Fri Dec 14 05:27:33 2018 :: Daily backup complete.
tar: Removing leading `../' from member names
Fri Dec 14 05:28:31 2018 :: Daily backup complete.
tar: Removing leading `../' from member names
Fri Dec 14 05:29:13 2018 :: Daily backup complete.
tar: Removing leading `../' from member names
Fri Dec 14 05:30:32 2018 :: Daily backup complete.
tar: Removing leading `../' from member names
Fri Dec 14 05:31:38 2018 :: Daily backup complete.
tar: Removing leading `../' from member names
Fri Dec 14 05:32:21 2018 :: Daily backup complete.
tar: Removing leading `../' from member names
Fri Dec 14 05:33:15 2018 :: Daily backup complete.
tar: Removing leading `../' from member names
Fri Dec 14 05:34:34 2018 :: Daily backup complete.
tar: Removing leading `../' from member names
Fri Dec 14 05:35:36 2018 :: Daily backup complete.
tar: Removing leading `../' from member names
Fri Dec 14 05:36:53 2018 :: Daily backup complete.
tar: Removing leading `../' from member names
Fri Dec 14 05:37:41 2018 :: Daily backup complete.
tar: Removing leading `../' from member names
Fri Dec 14 05:38:45 2018 :: Daily backup complete.
tar: Removing leading `../' from member names
Fri Dec 14 05:39:41 2018 :: Daily backup complete.
tar: Removing leading `../' from member names
Fri Dec 14 05:40:53 2018 :: Daily backup complete.
tar: Removing leading `../' from member names
Fri Dec 14 05:41:36 2018 :: Daily backup complete.
tar: Removing leading `../' from member names
Fri Dec 14 05:42:50 2018 :: Daily backup complete.
tar: Removing leading `../' from member names
Fri Dec 14 05:44:00 2018 :: Daily backup complete.
tar: Removing leading `../' from member names
Fri Dec 14 05:44:58 2018 :: Daily backup complete.
tar: Removing leading `../' from member names
Fri Dec 14 05:46:06 2018 :: Daily backup complete.
tar: Removing leading `../' from member names
Fri Dec 14 05:46:54 2018 :: Daily backup complete.
tar: Removing leading `../' from member names
Fri Dec 14 05:47:59 2018 :: Daily backup complete.
tar: Removing leading `../' from member names
Fri Dec 14 05:48:50 2018 :: Daily backup complete.
tar: Removing leading `../' from member names
Fri Dec 14 05:49:30 2018 :: Daily backup complete.
tar: Removing leading `../' from member names
Fri Dec 14 05:50:22 2018 :: Daily backup complete.
tar: Removing leading `../' from member names
Fri Dec 14 05:51:16 2018 :: Daily backup complete.
tar: Removing leading `../' from member names
Fri Dec 14 05:52:10 2018 :: Daily backup complete.
tar: Removing leading `../' from member names
Fri Dec 14 05:53:15 2018 :: Daily backup complete.
tar: Removing leading `../' from member names
Fri Dec 14 05:53:58 2018 :: Daily backup complete.
tar: Removing leading `../' from member names
Fri Dec 14 05:54:45 2018 :: Daily backup complete.
tar: Removing leading `../' from member names
Fri Dec 14 05:55:55 2018 :: Daily backup complete.
tar: Removing leading `../' from member names
Fri Dec 14 05:57:04 2018 :: Daily backup complete.
tar: Removing leading `../' from member names
Fri Dec 14 05:57:57 2018 :: Daily backup complete.
tar: Removing leading `../' from member names
Fri Dec 14 05:58:42 2018 :: Daily backup complete.
tar: Removing leading `../' from member names
Fri Dec 14 05:59:46 2018 :: Daily backup complete.
tar: Removing leading `../' from member names
Fri Dec 14 06:00:39 2018 :: Daily backup complete.
tar: Removing leading `../' from member names
Fri Dec 14 06:01:43 2018 :: Daily backup complete.
tar: Removing leading `../' from member names
Fri Dec 14 06:02:28 2018 :: Daily backup complete.
tar: Removing leading `../' from member names
Fri Dec 14 06:03:46 2018 :: Daily backup complete.
tar: Removing leading `../' from member names
Fri Dec 14 06:04:29 2018 :: Daily backup complete.
tar: Removing leading `../' from member names
Fri Dec 14 06:05:32 2018 :: Daily backup complete.
tar: Removing leading `../' from member names
Fri Dec 14 06:06:40 2018 :: Daily backup complete.
tar: Removing leading `../' from member names
Fri Dec 14 06:07:56 2018 :: Daily backup complete.
tar: Removing leading `../' from member names
Fri Dec 14 06:09:07 2018 :: Daily backup complete.
tar: Removing leading `../' from member names
Fri Dec 14 06:10:01 2018 :: Daily backup complete.
tar: Removing leading `../' from member names
Fri Dec 14 06:11:21 2018 :: Daily backup complete.
tar: Removing leading `../' from member names
Fri Dec 14 06:12:09 2018 :: Daily backup complete.
tar: Removing leading `../' from member names
Fri Dec 14 06:13:02 2018 :: Daily backup complete.
tar: Removing leading `../' from member names
Fri Dec 14 06:13:46 2018 :: Daily backup complete.
tar: Removing leading `../' from member names
Fri Dec 14 06:14:33 2018 :: Daily backup complete.
tar: Removing leading `../' from member names
Fri Dec 14 06:15:45 2018 :: Daily backup complete.
tar: Removing leading `../' from member names
Fri Dec 14 06:16:46 2018 :: Daily backup complete.
tar: Removing leading `../' from member names
Fri Dec 14 06:17:54 2018 :: Daily backup complete.
tar: Removing leading `../' from member names
Fri Dec 14 06:19:12 2018 :: Daily backup complete.
tar: Removing leading `../' from member names
Fri Dec 14 06:19:55 2018 :: Daily backup complete.
tar: Removing leading `../' from member names
Fri Dec 14 06:20:59 2018 :: Daily backup complete.
tar: Removing leading `../' from member names
Fri Dec 14 06:22:16 2018 :: Daily backup complete.
tar: Removing leading `../' from member names
Fri Dec 14 06:23:14 2018 :: Daily backup complete.
tar: Removing leading `../' from member names
Fri Dec 14 06:24:35 2018 :: Daily backup complete.
tar: Removing leading `../' from member names
Fri Dec 14 06:25:40 2018 :: Daily backup complete.
tar: Removing leading `../' from member names
Fri Dec 14 06:26:31 2018 :: Daily backup complete.
tar: Removing leading `../' from member names
Fri Dec 14 06:27:43 2018 :: Daily backup complete.
tar: Removing leading `../' from member names
Fri Dec 14 06:29:01 2018 :: Daily backup complete.
tar: Removing leading `../' from member names
Fri Dec 14 06:30:06 2018 :: Daily backup complete.
tar: Removing leading `../' from member names
Fri Dec 14 06:30:49 2018 :: Daily backup complete.
tar: Removing leading `../' from member names
Fri Dec 14 06:31:30 2018 :: Daily backup complete.
tar: Removing leading `../' from member names
Fri Dec 14 06:32:35 2018 :: Daily backup complete.
tar: Removing leading `../' from member names
Fri Dec 14 06:33:26 2018 :: Daily backup complete.
tar: Removing leading `../' from member names
Fri Dec 14 06:34:26 2018 :: Daily backup complete.
tar: Removing leading `../' from member names
Fri Dec 14 06:35:18 2018 :: Daily backup complete.
tar: Removing leading `../' from member names
Fri Dec 14 06:36:29 2018 :: Daily backup complete.
tar: Removing leading `../' from member names
Fri Dec 14 06:37:47 2018 :: Daily backup complete.
tar: Removing leading `../' from member names
Fri Dec 14 06:38:47 2018 :: Daily backup complete.
tar: Removing leading `../' from member names
Fri Dec 14 06:40:06 2018 :: Daily backup complete.
tar: Removing leading `../' from member names
Fri Dec 14 06:41:22 2018 :: Daily backup complete.
tar: Removing leading `../' from member names
Fri Dec 14 06:42:27 2018 :: Daily backup complete.
tar: Removing leading `../' from member names
Fri Dec 14 06:43:36 2018 :: Daily backup complete.
tar: Removing leading `../' from member names
Fri Dec 14 06:44:45 2018 :: Daily backup complete.
tar: Removing leading `../' from member names
Fri Dec 14 06:45:51 2018 :: Daily backup complete.
tar: Removing leading `../' from member names
Fri Dec 14 06:46:39 2018 :: Daily backup complete.
tar: Removing leading `../' from member names
Fri Dec 14 06:47:23 2018 :: Daily backup complete.
tar: Removing leading `../' from member names
Fri Dec 14 06:48:33 2018 :: Daily backup complete.
tar: Removing leading `../' from member names
Fri Dec 14 06:49:34 2018 :: Daily backup complete.
tar: Removing leading `../' from member names
Fri Dec 14 06:50:47 2018 :: Daily backup complete.
tar: Removing leading `../' from member names
Fri Dec 14 06:52:03 2018 :: Daily backup complete.
tar: Removing leading `../' from member names
Fri Dec 14 06:52:05 2018 :: Sock.sinaddr:  84.203.55.61
Fri Dec 14 06:52:06 2018 :: EOF encountered on read.
Fri Dec 14 06:52:45 2018 :: Daily backup complete.
tar: Removing leading `../' from member names
Fri Dec 14 06:53:37 2018 :: Daily backup complete.
tar: Removing leading `../' from member names
Fri Dec 14 06:54:56 2018 :: Daily backup complete.
tar: Removing leading `../' from member names
Fri Dec 14 06:56:03 2018 :: Daily backup complete.
tar: Removing leading `../' from member names
Fri Dec 14 06:56:44 2018 :: Daily backup complete.
tar: Removing leading `../' from member names
Fri Dec 14 06:57:51 2018 :: Daily backup complete.
tar: Removing leading `../' from member names
Fri Dec 14 06:59:06 2018 :: Daily backup complete.
tar: Removing leading `../' from member names
Fri Dec 14 07:00:04 2018 :: Daily backup complete.
tar: Removing leading `../' from member names
Fri Dec 14 07:01:12 2018 :: Daily backup complete.
tar: Removing leading `../' from member names
Fri Dec 14 07:02:19 2018 :: Daily backup complete.
tar: Removing leading `../' from member names
Fri Dec 14 07:03:24 2018 :: Daily backup complete.
tar: Removing leading `../' from member names
Fri Dec 14 07:04:38 2018 :: Daily backup complete.
tar: Removing leading `../' from member names
Fri Dec 14 07:05:34 2018 :: Daily backup complete.
tar: Removing leading `../' from member names
Fri Dec 14 07:06:18 2018 :: Daily backup complete.
tar: Removing leading `../' from member names
Fri Dec 14 07:07:10 2018 :: Daily backup complete.
tar: Removing leading `../' from member names
Fri Dec 14 07:08:24 2018 :: Daily backup complete.
tar: Removing leading `../' from member names
Fri Dec 14 07:09:28 2018 :: Daily backup complete.
tar: Removing leading `../' from member names
Fri Dec 14 07:10:17 2018 :: Daily backup complete.
tar: Removing leading `../' from member names
Fri Dec 14 07:11:06 2018 :: Daily backup complete.
tar: Removing leading `../' from member names
Fri Dec 14 07:12:24 2018 :: Daily backup complete.
tar: Removing leading `../' from member names
Fri Dec 14 07:13:43 2018 :: Daily backup complete.
tar: Removing leading `../' from member names
Fri Dec 14 07:14:37 2018 :: Daily backup complete.
tar: Removing leading `../' from member names
Fri Dec 14 07:15:36 2018 :: Daily backup complete.
tar: Removing leading `../' from member names
Fri Dec 14 07:16:18 2018 :: Daily backup complete.
tar: Removing leading `../' from member names
Fri Dec 14 07:17:22 2018 :: Daily backup complete.
tar: Removing leading `../' from member names
Fri Dec 14 07:18:25 2018 :: Daily backup complete.
tar: Removing leading `../' from member names
Fri Dec 14 07:19:27 2018 :: Daily backup complete.
tar: Removing leading `../' from member names
Fri Dec 14 07:20:32 2018 :: Daily backup complete.
tar: Removing leading `../' from member names
Fri Dec 14 07:21:37 2018 :: Daily backup complete.
tar: Removing leading `../' from member names
Fri Dec 14 07:22:23 2018 :: Daily backup complete.
tar: Removing leading `../' from member names
Fri Dec 14 07:23:41 2018 :: Daily backup complete.
tar: Removing leading `../' from member names
Fri Dec 14 07:24:48 2018 :: Daily backup complete.
tar: Removing leading `../' from member names
Fri Dec 14 07:26:02 2018 :: Daily backup complete.
tar: Removing leading `../' from member names
Fri Dec 14 07:27:04 2018 :: Daily backup complete.
tar: Removing leading `../' from member names
Fri Dec 14 07:27:55 2018 :: Daily backup complete.
tar: Removing leading `../' from member names
Fri Dec 14 07:28:39 2018 :: Daily backup complete.
tar: Removing leading `../' from member names
Fri Dec 14 07:29:57 2018 :: Daily backup complete.
tar: Removing leading `../' from member names
Fri Dec 14 07:31:03 2018 :: Daily backup complete.
tar: Removing leading `../' from member names
Fri Dec 14 07:32:05 2018 :: Daily backup complete.
tar: Removing leading `../' from member names
Fri Dec 14 07:33:07 2018 :: Daily backup complete.
tar: Removing leading `../' from member names
Fri Dec 14 07:34:22 2018 :: Daily backup complete.
tar: Removing leading `../' from member names
Fri Dec 14 07:35:34 2018 :: Daily backup complete.
tar: Removing leading `../' from member names
Fri Dec 14 07:36:21 2018 :: Daily backup complete.
tar: Removing leading `../' from member names
Fri Dec 14 07:37:24 2018 :: Daily backup complete.
tar: Removing leading `../' from member names
Fri Dec 14 07:38:12 2018 :: Daily backup complete.
tar: Removing leading `../' from member names
Fri Dec 14 07:39:07 2018 :: Daily backup complete.
tar: Removing leading `../' from member names
Fri Dec 14 07:39:51 2018 :: Daily backup complete.
tar: Removing leading `../' from member names
Fri Dec 14 07:40:35 2018 :: Daily backup complete.
tar: Removing leading `../' from member names
Fri Dec 14 07:41:49 2018 :: Daily backup complete.
tar: Removing leading `../' from member names
Fri Dec 14 07:42:56 2018 :: Daily backup complete.
tar: Removing leading `../' from member names
Fri Dec 14 07:44:14 2018 :: Daily backup complete.
tar: Removing leading `../' from member names
Fri Dec 14 07:45:26 2018 :: Daily backup complete.
tar: Removing leading `../' from member names
Fri Dec 14 07:46:13 2018 :: Daily backup complete.
tar: Removing leading `../' from member names
Fri Dec 14 07:47:00 2018 :: Daily backup complete.
tar: Removing leading `../' from member names
Fri Dec 14 07:47:51 2018 :: Daily backup complete.
tar: Removing leading `../' from member names
Fri Dec 14 07:48:57 2018 :: Daily backup complete.
tar: Removing leading `../' from member names
Fri Dec 14 07:50:12 2018 :: Daily backup complete.
tar: Removing leading `../' from member names
Fri Dec 14 07:50:55 2018 :: Daily backup complete.
tar: Removing leading `../' from member names
Fri Dec 14 07:51:42 2018 :: Daily backup complete.
tar: Removing leading `../' from member names
Fri Dec 14 07:52:42 2018 :: Daily backup complete.
tar: Removing leading `../' from member names
Fri Dec 14 07:53:54 2018 :: Daily backup complete.
tar: Removing leading `../' from member names
Fri Dec 14 07:54:35 2018 :: Daily backup complete.
tar: Removing leading `../' from member names
Fri Dec 14 07:55:25 2018 :: Daily backup complete.
tar: Removing leading `../' from member names
Fri Dec 14 07:56:28 2018 :: Daily backup complete.
tar: Removing leading `../' from member names
Fri Dec 14 07:57:45 2018 :: Daily backup complete.
tar: Removing leading `../' from member names
Fri Dec 14 07:58:30 2018 :: Daily backup complete.
tar: Removing leading `../' from member names
Fri Dec 14 07:59:24 2018 :: Daily backup complete.
tar: Removing leading `../' from member names
Fri Dec 14 08:00:39 2018 :: Daily backup complete.
tar: Removing leading `../' from member names
Fri Dec 14 08:01:57 2018 :: Daily backup complete.
tar: Removing leading `../' from member names
Fri Dec 14 08:03:02 2018 :: Daily backup complete.
tar: Removing leading `../' from member names
Fri Dec 14 08:03:52 2018 :: Daily backup complete.
tar: Removing leading `../' from member names
Fri Dec 14 08:04:52 2018 :: Daily backup complete.
tar: Removing leading `../' from member names
Fri Dec 14 08:06:02 2018 :: Daily backup complete.
tar: Removing leading `../' from member names
Fri Dec 14 08:06:52 2018 :: Daily backup complete.
tar: Removing leading `../' from member names
Fri Dec 14 08:07:32 2018 :: Daily backup complete.
tar: Removing leading `../' from member names
Fri Dec 14 08:08:16 2018 :: Daily backup complete.
tar: Removing leading `../' from member names
Fri Dec 14 08:09:11 2018 :: Daily backup complete.
tar: Removing leading `../' from member names
Fri Dec 14 08:10:09 2018 :: Daily backup complete.
tar: Removing leading `../' from member names
Fri Dec 14 08:11:08 2018 :: Daily backup complete.
tar: Removing leading `../' from member names
Fri Dec 14 08:12:26 2018 :: Daily backup complete.
tar: Removing leading `../' from member names
Fri Dec 14 08:13:40 2018 :: Daily backup complete.
tar: Removing leading `../' from member names
Fri Dec 14 08:14:49 2018 :: Daily backup complete.
tar: Removing leading `../' from member names
Fri Dec 14 08:15:36 2018 :: Daily backup complete.
tar: Removing leading `../' from member names
Fri Dec 14 08:16:36 2018 :: Daily backup complete.
tar: Removing leading `../' from member names
Fri Dec 14 08:17:34 2018 :: Daily backup complete.
tar: Removing leading `../' from member names
Fri Dec 14 08:18:44 2018 :: Daily backup complete.
tar: Removing leading `../' from member names
Fri Dec 14 08:19:45 2018 :: Daily backup complete.
tar: Removing leading `../' from member names
Fri Dec 14 08:20:52 2018 :: Daily backup complete.
tar: Removing leading `../' from member names
Fri Dec 14 08:22:03 2018 :: Daily backup complete.
tar: Removing leading `../' from member names
Fri Dec 14 08:22:50 2018 :: Daily backup complete.
tar: Removing leading `../' from member names
Fri Dec 14 08:23:58 2018 :: Daily backup complete.
tar: Removing leading `../' from member names
Fri Dec 14 08:24:47 2018 :: Daily backup complete.
tar: Removing leading `../' from member names
Fri Dec 14 08:25:32 2018 :: Daily backup complete.
tar: Removing leading `../' from member names
Fri Dec 14 08:26:49 2018 :: Daily backup complete.
tar: Removing leading `../' from member names
Fri Dec 14 08:27:40 2018 :: Daily backup complete.
tar: Removing leading `../' from member names
Fri Dec 14 08:28:29 2018 :: Daily backup complete.
tar: Removing leading `../' from member names
Fri Dec 14 08:29:46 2018 :: Daily backup complete.
tar: Removing leading `../' from member names
Fri Dec 14 08:31:04 2018 :: Daily backup complete.
tar: Removing leading `../' from member names
Fri Dec 14 08:31:52 2018 :: Daily backup complete.
tar: Removing leading `../' from member names
Fri Dec 14 08:32:59 2018 :: Daily backup complete.
tar: Removing leading `../' from member names
Fri Dec 14 08:33:54 2018 :: Daily backup complete.
tar: Removing leading `../' from member names
Fri Dec 14 08:34:55 2018 :: Daily backup complete.
tar: Removing leading `../' from member names
Fri Dec 14 08:35:56 2018 :: Daily backup complete.
tar: Removing leading `../' from member names
Fri Dec 14 08:37:00 2018 :: Daily backup complete.
tar: Removing leading `../' from member names
Fri Dec 14 08:38:14 2018 :: Daily backup complete.
tar: Removing leading `../' from member names
Fri Dec 14 08:39:16 2018 :: Daily backup complete.
tar: Removing leading `../' from member names
Fri Dec 14 08:40:06 2018 :: Daily backup complete.
tar: Removing leading `../' from member names
Fri Dec 14 08:40:46 2018 :: Daily backup complete.
tar: Removing leading `../' from member names
Fri Dec 14 08:41:28 2018 :: Daily backup complete.
tar: Removing leading `../' from member names
Fri Dec 14 08:42:39 2018 :: Daily backup complete.
tar: Removing leading `../' from member names
Fri Dec 14 08:43:23 2018 :: Daily backup complete.
tar: Removing leading `../' from member names
Fri Dec 14 08:44:07 2018 :: Daily backup complete.
tar: Removing leading `../' from member names
Fri Dec 14 08:44:48 2018 :: Daily backup complete.
tar: Removing leading `../' from member names
Fri Dec 14 08:45:52 2018 :: Daily backup complete.
tar: Removing leading `../' from member names
Fri Dec 14 08:46:50 2018 :: Daily backup complete.
tar: Removing leading `../' from member names
Fri Dec 14 08:47:55 2018 :: Daily backup complete.
tar: Removing leading `../' from member names
Fri Dec 14 08:49:04 2018 :: Daily backup complete.
tar: Removing leading `../' from member names
Fri Dec 14 08:50:08 2018 :: Daily backup complete.
tar: Removing leading `../' from member names
Fri Dec 14 08:50:59 2018 :: Daily backup complete.
tar: Removing leading `../' from member names
Fri Dec 14 08:51:58 2018 :: Daily backup complete.
tar: Removing leading `../' from member names
Fri Dec 14 08:52:42 2018 :: Daily backup complete.
tar: Removing leading `../' from member names
Fri Dec 14 08:54:01 2018 :: Daily backup complete.
tar: Removing leading `../' from member names
Fri Dec 14 08:55:21 2018 :: Daily backup complete.
tar: Removing leading `../' from member names
Fri Dec 14 08:56:15 2018 :: Daily backup complete.
tar: Removing leading `../' from member names
Fri Dec 14 08:56:28 2018 :: Sock.sinaddr:  185.156.177.73
Fri Dec 14 08:56:29 2018 :: EOF encountered on read.
Fri Dec 14 08:57:30 2018 :: Daily backup complete.
tar: Removing leading `../' from member names
Fri Dec 14 08:58:18 2018 :: Daily backup complete.
tar: Removing leading `../' from member names
Fri Dec 14 08:59:35 2018 :: Daily backup complete.
tar: Removing leading `../' from member names
Fri Dec 14 09:00:54 2018 :: Daily backup complete.
tar: Removing leading `../' from member names
Fri Dec 14 09:01:45 2018 :: Daily backup complete.
tar: Removing leading `../' from member names
Fri Dec 14 09:02:34 2018 :: Daily backup complete.
tar: Removing leading `../' from member names
Fri Dec 14 09:03:48 2018 :: Daily backup complete.
tar: Removing leading `../' from member names
Fri Dec 14 09:05:07 2018 :: Daily backup complete.
tar: Removing leading `../' from member names
Fri Dec 14 09:06:27 2018 :: Daily backup complete.
tar: Removing leading `../' from member names
Fri Dec 14 09:07:36 2018 :: Daily backup complete.
tar: Removing leading `../' from member names
Fri Dec 14 09:08:50 2018 :: Daily backup complete.
tar: Removing leading `../' from member names
Fri Dec 14 09:10:08 2018 :: Daily backup complete.
tar: Removing leading `../' from member names
Fri Dec 14 09:10:53 2018 :: Daily backup complete.
tar: Removing leading `../' from member names
Fri Dec 14 09:12:09 2018 :: Daily backup complete.
tar: Removing leading `../' from member names
Fri Dec 14 09:13:21 2018 :: Daily backup complete.
tar: Removing leading `../' from member names
Fri Dec 14 09:14:10 2018 :: Daily backup complete.
tar: Removing leading `../' from member names
Fri Dec 14 09:15:20 2018 :: Daily backup complete.
tar: Removing leading `../' from member names
Fri Dec 14 09:16:32 2018 :: Daily backup complete.
tar: Removing leading `../' from member names
Fri Dec 14 09:17:22 2018 :: Daily backup complete.
tar: Removing leading `../' from member names
Fri Dec 14 09:18:09 2018 :: Daily backup complete.
tar: Removing leading `../' from member names
Fri Dec 14 09:19:12 2018 :: Daily backup complete.
tar: Removing leading `../' from member names
Fri Dec 14 09:20:10 2018 :: Daily backup complete.
tar: Removing leading `../' from member names
Fri Dec 14 09:21:12 2018 :: Daily backup complete.
tar: Removing leading `../' from member names
Fri Dec 14 09:22:20 2018 :: Daily backup complete.
tar: Removing leading `../' from member names
Fri Dec 14 09:23:36 2018 :: Daily backup complete.
tar: Removing leading `../' from member names
Fri Dec 14 09:24:36 2018 :: Daily backup complete.
tar: Removing leading `../' from member names
Fri Dec 14 09:25:53 2018 :: Daily backup complete.
tar: Removing leading `../' from member names
Fri Dec 14 09:26:48 2018 :: Daily backup complete.
tar: Removing leading `../' from member names
Fri Dec 14 09:28:00 2018 :: Daily backup complete.
tar: Removing leading `../' from member names
Fri Dec 14 09:29:11 2018 :: Daily backup complete.
tar: Removing leading `../' from member names
Fri Dec 14 09:30:16 2018 :: Daily backup complete.
tar: Removing leading `../' from member names
Fri Dec 14 09:31:01 2018 :: Daily backup complete.
tar: Removing leading `../' from member names
Fri Dec 14 09:32:18 2018 :: Daily backup complete.
tar: Removing leading `../' from member names
Fri Dec 14 09:33:16 2018 :: Daily backup complete.
tar: Removing leading `../' from member names
Fri Dec 14 09:34:20 2018 :: Daily backup complete.
tar: Removing leading `../' from member names
Fri Dec 14 09:35:26 2018 :: Daily backup complete.
tar: Removing leading `../' from member names
Fri Dec 14 09:36:32 2018 :: Daily backup complete.
tar: Removing leading `../' from member names
Fri Dec 14 09:37:41 2018 :: Daily backup complete.
tar: Removing leading `../' from member names
Fri Dec 14 09:38:34 2018 :: Daily backup complete.
tar: Removing leading `../' from member names
Fri Dec 14 09:39:23 2018 :: Daily backup complete.
tar: Removing leading `../' from member names
Fri Dec 14 09:40:25 2018 :: Daily backup complete.
tar: Removing leading `../' from member names
Fri Dec 14 09:41:13 2018 :: Daily backup complete.
tar: Removing leading `../' from member names
Fri Dec 14 09:42:17 2018 :: Daily backup complete.
tar: Removing leading `../' from member names
Fri Dec 14 09:43:25 2018 :: Daily backup complete.
tar: Removing leading `../' from member names
Fri Dec 14 09:44:24 2018 :: Daily backup complete.
tar: Removing leading `../' from member names
Fri Dec 14 09:45:42 2018 :: Daily backup complete.
tar: Removing leading `../' from member names
Fri Dec 14 09:47:00 2018 :: Daily backup complete.
tar: Removing leading `../' from member names
Fri Dec 14 09:47:45 2018 :: Daily backup complete.
tar: Removing leading `../' from member names
Fri Dec 14 09:48:50 2018 :: Daily backup complete.
tar: Removing leading `../' from member names
Fri Dec 14 09:49:40 2018 :: Daily backup complete.
tar: Removing leading `../' from member names
Fri Dec 14 09:50:26 2018 :: Daily backup complete.
tar: Removing leading `../' from member names
Fri Dec 14 09:51:36 2018 :: Daily backup complete.
tar: Removing leading `../' from member names
Fri Dec 14 09:52:52 2018 :: Daily backup complete.
tar: Removing leading `../' from member names
Fri Dec 14 09:53:47 2018 :: Daily backup complete.
tar: Removing leading `../' from member names
Fri Dec 14 09:54:29 2018 :: Daily backup complete.
tar: Removing leading `../' from member names
Fri Dec 14 09:55:27 2018 :: Daily backup complete.
tar: Removing leading `../' from member names
Fri Dec 14 09:56:21 2018 :: Daily backup complete.
tar: Removing leading `../' from member names
Fri Dec 14 09:57:10 2018 :: Daily backup complete.
tar: Removing leading `../' from member names
Fri Dec 14 09:58:21 2018 :: Daily backup complete.
tar: Removing leading `../' from member names
Fri Dec 14 09:59:31 2018 :: Daily backup complete.
tar: Removing leading `../' from member names
Fri Dec 14 10:00:28 2018 :: Daily backup complete.
tar: Removing leading `../' from member names
Fri Dec 14 10:01:38 2018 :: Daily backup complete.
tar: Removing leading `../' from member names
Fri Dec 14 10:02:37 2018 :: Daily backup complete.
tar: Removing leading `../' from member names
Fri Dec 14 10:03:51 2018 :: Daily backup complete.
tar: Removing leading `../' from member names
Fri Dec 14 10:04:40 2018 :: Daily backup complete.
tar: Removing leading `../' from member names
Fri Dec 14 10:05:36 2018 :: Daily backup complete.
tar: Removing leading `../' from member names
Fri Dec 14 10:06:48 2018 :: Daily backup complete.
tar: Removing leading `../' from member names
Fri Dec 14 10:07:47 2018 :: Daily backup complete.
tar: Removing leading `../' from member names
Fri Dec 14 10:08:47 2018 :: Daily backup complete.
tar: Removing leading `../' from member names
Fri Dec 14 10:09:59 2018 :: Daily backup complete.
tar: Removing leading `../' from member names
Fri Dec 14 10:11:10 2018 :: Daily backup complete.
tar: Removing leading `../' from member names
Fri Dec 14 10:12:11 2018 :: Daily backup complete.
tar: Removing leading `../' from member names
Fri Dec 14 10:12:14 2018 :: Sock.sinaddr:  71.6.146.186
Fri Dec 14 10:12:14 2018 :: Sock.sinaddr:  71.6.146.186
Fri Dec 14 10:12:15 2018 :: EOF encountered on read.
Fri Dec 14 10:12:15 2018 :: EOF encountered on read.
Fri Dec 14 10:13:28 2018 :: Daily backup complete.
tar: Removing leading `../' from member names
Fri Dec 14 10:14:47 2018 :: Daily backup complete.
tar: Removing leading `../' from member names
Fri Dec 14 10:15:37 2018 :: Daily backup complete.
tar: Removing leading `../' from member names
Fri Dec 14 10:15:42 2018 :: Sock.sinaddr:  172.104.84.223
Fri Dec 14 10:15:43 2018 :: EOF encountered on read.
Fri Dec 14 10:16:42 2018 :: Daily backup complete.
tar: Removing leading `../' from member names
Fri Dec 14 10:18:00 2018 :: Daily backup complete.
tar: Removing leading `../' from member names
Fri Dec 14 10:19:03 2018 :: Daily backup complete.
tar: Removing leading `../' from member names
Fri Dec 14 10:20:20 2018 :: Daily backup complete.
tar: Removing leading `../' from member names
Fri Dec 14 10:21:14 2018 :: Daily backup complete.
tar: Removing leading `../' from member names
Fri Dec 14 10:22:00 2018 :: Daily backup complete.
tar: Removing leading `../' from member names
Fri Dec 14 10:22:43 2018 :: Daily backup complete.
tar: Removing leading `../' from member names
Fri Dec 14 10:23:58 2018 :: Daily backup complete.
tar: Removing leading `../' from member names
Fri Dec 14 10:25:06 2018 :: Daily backup complete.
tar: Removing leading `../' from member names
Fri Dec 14 10:26:17 2018 :: Daily backup complete.
tar: Removing leading `../' from member names
Fri Dec 14 10:27:36 2018 :: Daily backup complete.
tar: Removing leading `../' from member names
Fri Dec 14 10:28:48 2018 :: Daily backup complete.
tar: Removing leading `../' from member names
Fri Dec 14 10:30:04 2018 :: Daily backup complete.
tar: Removing leading `../' from member names
Fri Dec 14 10:31:03 2018 :: Daily backup complete.
tar: Removing leading `../' from member names
Fri Dec 14 10:31:43 2018 :: Sock.sinaddr:  79.32.96.62
Fri Dec 14 10:31:43 2018 :: EOF encountered on read.
Fri Dec 14 10:31:59 2018 :: Daily backup complete.
tar: Removing leading `../' from member names
Fri Dec 14 10:32:43 2018 :: Daily backup complete.
tar: Removing leading `../' from member names
Fri Dec 14 10:33:33 2018 :: Daily backup complete.
tar: Removing leading `../' from member names
Fri Dec 14 10:34:39 2018 :: Daily backup complete.
tar: Removing leading `../' from member names
Fri Dec 14 10:35:21 2018 :: Daily backup complete.
tar: Removing leading `../' from member names
Fri Dec 14 10:36:14 2018 :: Daily backup complete.
tar: Removing leading `../' from member names
Fri Dec 14 10:37:12 2018 :: Daily backup complete.
tar: Removing leading `../' from member names
Fri Dec 14 10:38:17 2018 :: Daily backup complete.
tar: Removing leading `../' from member names
Fri Dec 14 10:39:12 2018 :: Daily backup complete.
tar: Removing leading `../' from member names
Fri Dec 14 10:40:12 2018 :: Daily backup complete.
tar: Removing leading `../' from member names
Fri Dec 14 10:41:29 2018 :: Daily backup complete.
tar: Removing leading `../' from member names
Fri Dec 14 10:42:10 2018 :: Daily backup complete.
tar: Removing leading `../' from member names
Fri Dec 14 10:43:22 2018 :: Daily backup complete.
tar: Removing leading `../' from member names
Fri Dec 14 10:44:29 2018 :: Daily backup complete.
tar: Removing leading `../' from member names
Fri Dec 14 10:45:35 2018 :: Daily backup complete.
tar: Removing leading `../' from member names
Fri Dec 14 10:46:23 2018 :: Daily backup complete.
tar: Removing leading `../' from member names
Fri Dec 14 10:47:26 2018 :: Daily backup complete.
tar: Removing leading `../' from member names
Fri Dec 14 10:48:07 2018 :: Daily backup complete.
tar: Removing leading `../' from member names
Fri Dec 14 10:49:16 2018 :: Daily backup complete.
tar: Removing leading `../' from member names
Fri Dec 14 10:50:24 2018 :: Daily backup complete.
tar: Removing leading `../' from member names
Fri Dec 14 10:51:12 2018 :: Daily backup complete.
tar: Removing leading `../' from member names
Fri Dec 14 10:52:00 2018 :: Daily backup complete.
tar: Removing leading `../' from member names
Fri Dec 14 10:52:54 2018 :: Daily backup complete.
tar: Removing leading `../' from member names
Fri Dec 14 10:53:58 2018 :: Daily backup complete.
tar: Removing leading `../' from member names
Fri Dec 14 10:55:14 2018 :: Daily backup complete.
tar: Removing leading `../' from member names
Fri Dec 14 10:56:13 2018 :: Daily backup complete.
tar: Removing leading `../' from member names
Fri Dec 14 10:57:08 2018 :: Daily backup complete.
tar: Removing leading `../' from member names
Fri Dec 14 10:58:19 2018 :: Daily backup complete.
tar: Removing leading `../' from member names
Fri Dec 14 10:59:01 2018 :: Daily backup complete.
tar: Removing leading `../' from member names
Fri Dec 14 10:59:41 2018 :: Daily backup complete.
tar: Removing leading `../' from member names
Fri Dec 14 11:00:47 2018 :: Daily backup complete.
tar: Removing leading `../' from member names
Fri Dec 14 11:01:27 2018 :: Daily backup complete.
tar: Removing leading `../' from member names
Fri Dec 14 11:02:27 2018 :: Daily backup complete.
tar: Removing leading `../' from member names
Fri Dec 14 11:03:38 2018 :: Daily backup complete.
tar: Removing leading `../' from member names
Fri Dec 14 11:04:46 2018 :: Daily backup complete.
tar: Removing leading `../' from member names
Fri Dec 14 11:05:29 2018 :: Daily backup complete.
tar: Removing leading `../' from member names
Fri Dec 14 11:06:24 2018 :: Daily backup complete.
tar: Removing leading `../' from member names
Fri Dec 14 11:07:25 2018 :: Daily backup complete.
tar: Removing leading `../' from member names
Fri Dec 14 11:08:14 2018 :: Daily backup complete.
tar: Removing leading `../' from member names
Fri Dec 14 11:09:31 2018 :: Daily backup complete.
tar: Removing leading `../' from member names
Fri Dec 14 11:10:47 2018 :: Daily backup complete.
tar: Removing leading `../' from member names
Fri Dec 14 11:11:34 2018 :: Daily backup complete.
tar: Removing leading `../' from member names
Fri Dec 14 11:12:33 2018 :: Daily backup complete.
tar: Removing leading `../' from member names
Fri Dec 14 11:13:45 2018 :: Daily backup complete.
tar: Removing leading `../' from member names
Fri Dec 14 11:14:48 2018 :: Daily backup complete.
tar: Removing leading `../' from member names
Fri Dec 14 11:16:04 2018 :: Daily backup complete.
tar: Removing leading `../' from member names
Fri Dec 14 11:17:02 2018 :: Daily backup complete.
tar: Removing leading `../' from member names
Fri Dec 14 11:17:49 2018 :: Daily backup complete.
tar: Removing leading `../' from member names
Fri Dec 14 11:19:09 2018 :: Daily backup complete.
tar: Removing leading `../' from member names
Fri Dec 14 11:20:02 2018 :: Daily backup complete.
tar: Removing leading `../' from member names
Fri Dec 14 11:20:46 2018 :: Daily backup complete.
tar: Removing leading `../' from member names
Fri Dec 14 11:21:44 2018 :: Daily backup complete.
tar: Removing leading `../' from member names
Fri Dec 14 11:22:48 2018 :: Daily backup complete.
tar: Removing leading `../' from member names
Fri Dec 14 11:23:34 2018 :: Daily backup complete.
tar: Removing leading `../' from member names
Fri Dec 14 11:24:18 2018 :: Daily backup complete.
tar: Removing leading `../' from member names
Fri Dec 14 11:25:05 2018 :: Daily backup complete.
tar: Removing leading `../' from member names
Fri Dec 14 11:26:17 2018 :: Daily backup complete.
tar: Removing leading `../' from member names
Fri Dec 14 11:27:15 2018 :: Daily backup complete.
tar: Removing leading `../' from member names
Fri Dec 14 11:28:12 2018 :: Daily backup complete.
tar: Removing leading `../' from member names
Fri Dec 14 11:28:55 2018 :: Daily backup complete.
tar: Removing leading `../' from member names
Fri Dec 14 11:29:45 2018 :: Daily backup complete.
tar: Removing leading `../' from member names
Fri Dec 14 11:30:54 2018 :: Daily backup complete.
tar: Removing leading `../' from member names
Fri Dec 14 11:31:48 2018 :: Daily backup complete.
tar: Removing leading `../' from member names
Fri Dec 14 11:32:48 2018 :: Daily backup complete.
tar: Removing leading `../' from member names
Fri Dec 14 11:33:44 2018 :: Daily backup complete.
tar: Removing leading `../' from member names
Fri Dec 14 11:34:58 2018 :: Daily backup complete.
tar: Removing leading `../' from member names
Fri Dec 14 11:36:15 2018 :: Daily backup complete.
tar: Removing leading `../' from member names
Fri Dec 14 11:37:12 2018 :: Daily backup complete.
tar: Removing leading `../' from member names
Fri Dec 14 11:38:05 2018 :: Daily backup complete.
tar: Removing leading `../' from member names
Fri Dec 14 11:39:03 2018 :: Daily backup complete.
tar: Removing leading `../' from member names
Fri Dec 14 11:40:19 2018 :: Daily backup complete.
tar: Removing leading `../' from member names
Fri Dec 14 11:41:39 2018 :: Daily backup complete.
tar: Removing leading `../' from member names
Fri Dec 14 11:42:49 2018 :: Daily backup complete.
tar: Removing leading `../' from member names
Fri Dec 14 11:43:34 2018 :: Daily backup complete.
tar: Removing leading `../' from member names
Fri Dec 14 11:44:11 2018 :: Log Killuminati: shutdown
Fri Dec 14 11:44:11 2018 :: Closing link to Killuminati.
Fri Dec 14 11:44:11 2018 :: Normal termination of game.
