Fri Dec 14 19:27:34 2018 :: LOADING COMM TABLE
Fri Dec 14 19:27:34 2018 ::  INIT OK 
Fri Dec 14 19:27:34 2018 :: Ended LOADING COMM TABLE
Fri Dec 14 19:27:34 2018 :: Ended Fixing Exits
Fri Dec 14 19:27:34 2018 :: Called for vnum: 3715 to modify as: 1 as gameload.
Fri Dec 14 19:27:34 2018 :: Vnum 3715|Signval: 1|Gameload|Total: 1
Fri Dec 14 19:27:34 2018 :: Called for vnum: 717 to modify as: 1 as gameload.
Fri Dec 14 19:27:34 2018 :: Vnum 717|Signval: 1|Gameload|Total: 1
Fri Dec 14 19:27:34 2018 :: Called for vnum: 717 to modify as: 1 as gameload.
Fri Dec 14 19:27:34 2018 :: Vnum 717|Signval: 1|Gameload|Total: 2
Fri Dec 14 19:27:34 2018 :: Called for vnum: 911 to modify as: 1 as gameload.
Fri Dec 14 19:27:34 2018 :: Vnum 911|Signval: 1|Gameload|Total: 1
Fri Dec 14 19:27:34 2018 :: Called for vnum: 911 to modify as: 1 as gameload.
Fri Dec 14 19:27:34 2018 :: Vnum 911|Signval: 1|Gameload|Total: 2
Fri Dec 14 19:27:34 2018 :: Called for vnum: 1388 to modify as: 1 as gameload.
Fri Dec 14 19:27:34 2018 :: Vnum 1388|Signval: 1|Gameload|Total: 1
Fri Dec 14 19:27:34 2018 :: Called for vnum: 7664 to modify as: 1 as gameload.
Fri Dec 14 19:27:34 2018 :: Vnum 7664|Signval: 1|Gameload|Total: 1
Fri Dec 14 19:27:34 2018 :: Called for vnum: 7665 to modify as: 1 as gameload.
Fri Dec 14 19:27:34 2018 :: Vnum 7665|Signval: 1|Gameload|Total: 1
Fri Dec 14 19:27:34 2018 :: Called for vnum: 17713 to modify as: 1 as gameload.
Fri Dec 14 19:27:34 2018 :: Vnum 17713|Signval: 1|Gameload|Total: 1
Fri Dec 14 19:27:34 2018 :: [*****] BUG: Equip_char: already equipped (-1).
Fri Dec 14 19:27:34 2018 :: Called for vnum: 10051 to modify as: 1 as gameload.
Fri Dec 14 19:27:34 2018 :: Vnum 10051|Signval: 1|Gameload|Total: 1
Fri Dec 14 19:27:34 2018 :: Called for vnum: 10051 to modify as: 1 as gameload.
Fri Dec 14 19:27:34 2018 :: Vnum 10051|Signval: 1|Gameload|Total: 2
Fri Dec 14 19:27:34 2018 :: [*****] BUG: Equip_char: already equipped (5).
Fri Dec 14 19:27:34 2018 :: [*****] BUG: Equip_char: already equipped (-1).
Fri Dec 14 19:27:34 2018 :: [*****] BUG: Equip_char: already equipped (-1).
Fri Dec 14 19:27:34 2018 :: [*****] BUG: Equip_char: already equipped (-1).
Fri Dec 14 19:27:34 2018 :: [*****] BUG: Equip_char: already equipped (-1).
Fri Dec 14 19:27:34 2018 :: [*****] BUG: Equip_char: already equipped (-1).
Fri Dec 14 19:27:34 2018 :: [*****] BUG: Equip_char: already equipped (-1).
Fri Dec 14 19:27:34 2018 :: [*****] BUG: Equip_char: already equipped (-1).
Fri Dec 14 19:27:34 2018 :: Called for vnum: 29215 to modify as: 1 as gameload.
Fri Dec 14 19:27:34 2018 :: Vnum 29215|Signval: 1|Gameload|Total: 1
Fri Dec 14 19:27:34 2018 :: Called for vnum: 29215 to modify as: 1 as gameload.
Fri Dec 14 19:27:34 2018 :: Vnum 29215|Signval: 1|Gameload|Total: 2
Fri Dec 14 19:27:34 2018 :: [*****] BUG: Equip_char: already equipped (-1).
Fri Dec 14 19:27:34 2018 :: Called for vnum: 29240 to modify as: 1 as gameload.
Fri Dec 14 19:27:34 2018 :: Vnum 29240|Signval: 1|Gameload|Total: 1
Fri Dec 14 19:27:34 2018 :: Called for vnum: 29240 to modify as: 1 as gameload.
Fri Dec 14 19:27:34 2018 :: Vnum 29240|Signval: 1|Gameload|Total: 2
Fri Dec 14 19:27:34 2018 :: Called for vnum: 29240 to modify as: 1 as gameload.
Fri Dec 14 19:27:34 2018 :: Vnum 29240|Signval: 1|Gameload|Total: 3
Fri Dec 14 19:27:34 2018 :: Called for vnum: 28114 to modify as: 1 as gameload.
Fri Dec 14 19:27:34 2018 :: Vnum 28114|Signval: 1|Gameload|Total: 1
Fri Dec 14 19:27:34 2018 :: Ended Area Update
Fri Dec 14 19:27:34 2018 :: Ended Loading Notes
Fri Dec 14 19:27:34 2018 :: Ended Loading Ban
Fri Dec 14 19:27:34 2018 :: Ended Loading Pkills
Fri Dec 14 19:27:34 2018 :: TOC is ready to rock on port 9000.
Fri Dec 14 19:27:34 2018 :: Setting up signals.
Fri Dec 14 19:27:42 2018 :: Sock.sinaddr:  127.0.0.1
Fri Dec 14 19:27:42 2018 :: Loading Killuminati's playerfile
Fri Dec 14 19:27:42 2018 :: Killuminati@localhost has connected. [Room: 29205]
