Sun Dec 16 05:43:17 2018 :: LOADING COMM TABLE
Sun Dec 16 05:43:17 2018 ::  INIT OK 
Sun Dec 16 05:43:17 2018 :: Ended LOADING COMM TABLE
Sun Dec 16 05:43:17 2018 :: Ended Fixing Exits
Sun Dec 16 05:43:17 2018 :: Called for vnum: 3715 to modify as: 1 as gameload.
Sun Dec 16 05:43:17 2018 :: Vnum 3715|Signval: 1|Gameload|Total: 1
Sun Dec 16 05:43:17 2018 :: Called for vnum: 717 to modify as: 1 as gameload.
Sun Dec 16 05:43:17 2018 :: Vnum 717|Signval: 1|Gameload|Total: 1
Sun Dec 16 05:43:17 2018 :: Called for vnum: 717 to modify as: 1 as gameload.
Sun Dec 16 05:43:17 2018 :: Vnum 717|Signval: 1|Gameload|Total: 2
Sun Dec 16 05:43:17 2018 :: Called for vnum: 911 to modify as: 1 as gameload.
Sun Dec 16 05:43:17 2018 :: Vnum 911|Signval: 1|Gameload|Total: 1
Sun Dec 16 05:43:17 2018 :: Called for vnum: 911 to modify as: 1 as gameload.
Sun Dec 16 05:43:17 2018 :: Vnum 911|Signval: 1|Gameload|Total: 2
Sun Dec 16 05:43:17 2018 :: Called for vnum: 1388 to modify as: 1 as gameload.
Sun Dec 16 05:43:17 2018 :: Vnum 1388|Signval: 1|Gameload|Total: 1
Sun Dec 16 05:43:17 2018 :: Called for vnum: 7664 to modify as: 1 as gameload.
Sun Dec 16 05:43:17 2018 :: Vnum 7664|Signval: 1|Gameload|Total: 1
Sun Dec 16 05:43:17 2018 :: Called for vnum: 7665 to modify as: 1 as gameload.
Sun Dec 16 05:43:17 2018 :: Vnum 7665|Signval: 1|Gameload|Total: 1
Sun Dec 16 05:43:17 2018 :: Called for vnum: 17713 to modify as: 1 as gameload.
Sun Dec 16 05:43:17 2018 :: Vnum 17713|Signval: 1|Gameload|Total: 1
Sun Dec 16 05:43:17 2018 :: [*****] BUG: Equip_char: already equipped (-1).
Sun Dec 16 05:43:17 2018 :: Called for vnum: 10051 to modify as: 1 as gameload.
Sun Dec 16 05:43:17 2018 :: Vnum 10051|Signval: 1|Gameload|Total: 1
Sun Dec 16 05:43:17 2018 :: Called for vnum: 10051 to modify as: 1 as gameload.
Sun Dec 16 05:43:17 2018 :: Vnum 10051|Signval: 1|Gameload|Total: 2
Sun Dec 16 05:43:17 2018 :: [*****] BUG: Equip_char: already equipped (5).
Sun Dec 16 05:43:17 2018 :: [*****] BUG: Equip_char: already equipped (-1).
Sun Dec 16 05:43:17 2018 :: [*****] BUG: Equip_char: already equipped (-1).
Sun Dec 16 05:43:17 2018 :: [*****] BUG: Equip_char: already equipped (-1).
Sun Dec 16 05:43:17 2018 :: [*****] BUG: Equip_char: already equipped (-1).
Sun Dec 16 05:43:17 2018 :: [*****] BUG: Equip_char: already equipped (-1).
Sun Dec 16 05:43:17 2018 :: [*****] BUG: Equip_char: already equipped (-1).
Sun Dec 16 05:43:17 2018 :: [*****] BUG: Equip_char: already equipped (-1).
Sun Dec 16 05:43:17 2018 :: Called for vnum: 29215 to modify as: 1 as gameload.
Sun Dec 16 05:43:17 2018 :: Vnum 29215|Signval: 1|Gameload|Total: 1
Sun Dec 16 05:43:17 2018 :: Called for vnum: 29215 to modify as: 1 as gameload.
Sun Dec 16 05:43:17 2018 :: Vnum 29215|Signval: 1|Gameload|Total: 2
Sun Dec 16 05:43:17 2018 :: Called for vnum: 29240 to modify as: 1 as gameload.
Sun Dec 16 05:43:17 2018 :: Vnum 29240|Signval: 1|Gameload|Total: 1
Sun Dec 16 05:43:17 2018 :: Called for vnum: 29240 to modify as: 1 as gameload.
Sun Dec 16 05:43:17 2018 :: Vnum 29240|Signval: 1|Gameload|Total: 2
Sun Dec 16 05:43:17 2018 :: Called for vnum: 29240 to modify as: 1 as gameload.
Sun Dec 16 05:43:17 2018 :: Vnum 29240|Signval: 1|Gameload|Total: 3
Sun Dec 16 05:43:17 2018 :: Called for vnum: 28114 to modify as: 1 as gameload.
Sun Dec 16 05:43:17 2018 :: Vnum 28114|Signval: 1|Gameload|Total: 1
Sun Dec 16 05:43:17 2018 :: Ended Area Update
Sun Dec 16 05:43:17 2018 :: Ended Loading Notes
Sun Dec 16 05:43:17 2018 :: Ended Loading Ban
Sun Dec 16 05:43:17 2018 :: Ended Loading Pkills
Sun Dec 16 05:43:17 2018 :: TOC is ready to rock on port 9000.
Sun Dec 16 05:43:17 2018 :: Setting up signals.
Sun Dec 16 05:43:21 2018 :: Sock.sinaddr:  127.0.0.1
Sun Dec 16 05:43:22 2018 :: Loading Killuminati's playerfile
Sun Dec 16 05:43:22 2018 :: Killuminati@localhost has connected. [Room: 5680]
Sun Dec 16 05:43:39 2018 :: Killuminati alignment has raised by 1
Sun Dec 16 05:43:51 2018 :: Log Killuminati: load obj 9925
Sun Dec 16 05:44:19 2018 :: Log Killuminati: set char self str 25
Sun Dec 16 05:44:35 2018 :: Killuminati weapon has been smited!  [Condition: 100]]

Sun Dec 16 05:44:58 2018 :: Killuminati alignment has dropped by 9
Sun Dec 16 05:44:58 2018 :: Killuminati weapon has been smited!  [Condition: 100]]

Sun Dec 16 05:45:38 2018 :: Killuminati weapon has been smited!  [Condition: 100]]

