Sun Dec 16 12:43:02 2018 :: LOADING COMM TABLE
Sun Dec 16 12:43:02 2018 ::  INIT OK 
Sun Dec 16 12:43:02 2018 :: Ended LOADING COMM TABLE
Sun Dec 16 12:43:02 2018 :: Ended Fixing Exits
Sun Dec 16 12:43:02 2018 :: Called for vnum: 3715 to modify as: 1 as gameload.
Sun Dec 16 12:43:02 2018 :: Vnum 3715|Signval: 1|Gameload|Total: 1
Sun Dec 16 12:43:02 2018 :: Called for vnum: 717 to modify as: 1 as gameload.
Sun Dec 16 12:43:02 2018 :: Vnum 717|Signval: 1|Gameload|Total: 1
Sun Dec 16 12:43:02 2018 :: Called for vnum: 717 to modify as: 1 as gameload.
Sun Dec 16 12:43:02 2018 :: Vnum 717|Signval: 1|Gameload|Total: 2
Sun Dec 16 12:43:02 2018 :: Called for vnum: 911 to modify as: 1 as gameload.
Sun Dec 16 12:43:02 2018 :: Vnum 911|Signval: 1|Gameload|Total: 1
Sun Dec 16 12:43:02 2018 :: Called for vnum: 911 to modify as: 1 as gameload.
Sun Dec 16 12:43:02 2018 :: Vnum 911|Signval: 1|Gameload|Total: 2
Sun Dec 16 12:43:02 2018 :: Called for vnum: 1388 to modify as: 1 as gameload.
Sun Dec 16 12:43:02 2018 :: Vnum 1388|Signval: 1|Gameload|Total: 1
Sun Dec 16 12:43:02 2018 :: Called for vnum: 7664 to modify as: 1 as gameload.
Sun Dec 16 12:43:02 2018 :: Vnum 7664|Signval: 1|Gameload|Total: 1
Sun Dec 16 12:43:02 2018 :: Called for vnum: 7665 to modify as: 1 as gameload.
Sun Dec 16 12:43:02 2018 :: Vnum 7665|Signval: 1|Gameload|Total: 1
Sun Dec 16 12:43:02 2018 :: Called for vnum: 17713 to modify as: 1 as gameload.
Sun Dec 16 12:43:02 2018 :: Vnum 17713|Signval: 1|Gameload|Total: 1
Sun Dec 16 12:43:02 2018 :: [*****] BUG: Equip_char: already equipped (-1).
Sun Dec 16 12:43:02 2018 :: Called for vnum: 10051 to modify as: 1 as gameload.
Sun Dec 16 12:43:02 2018 :: Vnum 10051|Signval: 1|Gameload|Total: 1
Sun Dec 16 12:43:02 2018 :: Called for vnum: 10051 to modify as: 1 as gameload.
Sun Dec 16 12:43:02 2018 :: Vnum 10051|Signval: 1|Gameload|Total: 2
Sun Dec 16 12:43:02 2018 :: [*****] BUG: Equip_char: already equipped (5).
Sun Dec 16 12:43:02 2018 :: [*****] BUG: Equip_char: already equipped (-1).
Sun Dec 16 12:43:02 2018 :: [*****] BUG: Equip_char: already equipped (-1).
Sun Dec 16 12:43:02 2018 :: [*****] BUG: Equip_char: already equipped (-1).
Sun Dec 16 12:43:02 2018 :: [*****] BUG: Equip_char: already equipped (-1).
Sun Dec 16 12:43:02 2018 :: [*****] BUG: Equip_char: already equipped (-1).
Sun Dec 16 12:43:02 2018 :: [*****] BUG: Equip_char: already equipped (-1).
Sun Dec 16 12:43:02 2018 :: [*****] BUG: Equip_char: already equipped (-1).
Sun Dec 16 12:43:02 2018 :: Called for vnum: 29215 to modify as: 1 as gameload.
Sun Dec 16 12:43:02 2018 :: Vnum 29215|Signval: 1|Gameload|Total: 1
Sun Dec 16 12:43:02 2018 :: Called for vnum: 29215 to modify as: 1 as gameload.
Sun Dec 16 12:43:02 2018 :: Vnum 29215|Signval: 1|Gameload|Total: 2
Sun Dec 16 12:43:02 2018 :: Called for vnum: 29240 to modify as: 1 as gameload.
Sun Dec 16 12:43:02 2018 :: Vnum 29240|Signval: 1|Gameload|Total: 1
Sun Dec 16 12:43:02 2018 :: Called for vnum: 29240 to modify as: 1 as gameload.
Sun Dec 16 12:43:02 2018 :: Vnum 29240|Signval: 1|Gameload|Total: 2
Sun Dec 16 12:43:02 2018 :: Called for vnum: 29240 to modify as: 1 as gameload.
Sun Dec 16 12:43:02 2018 :: Vnum 29240|Signval: 1|Gameload|Total: 3
Sun Dec 16 12:43:02 2018 :: Called for vnum: 28114 to modify as: 1 as gameload.
Sun Dec 16 12:43:02 2018 :: Vnum 28114|Signval: 1|Gameload|Total: 1
Sun Dec 16 12:43:02 2018 :: Ended Area Update
Sun Dec 16 12:43:02 2018 :: Ended Loading Notes
Sun Dec 16 12:43:02 2018 :: Ended Loading Ban
Sun Dec 16 12:43:02 2018 :: Ended Loading Pkills
Sun Dec 16 12:43:02 2018 :: TOC is ready to rock on port 9000.
Sun Dec 16 12:43:02 2018 :: Setting up signals.
Sun Dec 16 12:43:10 2018 :: Sock.sinaddr:  127.0.0.1
Sun Dec 16 12:43:10 2018 :: Loading Testies's playerfile
Sun Dec 16 12:43:10 2018 :: Testies@localhost has connected. [Room: 25265]
Sun Dec 16 12:43:11 2018 :: Sock.sinaddr:  127.0.0.1
Sun Dec 16 12:43:11 2018 :: Loading Killuminati's playerfile
Sun Dec 16 12:43:11 2018 :: Killuminati@localhost has connected. [Room: 29204]
Sun Dec 16 12:43:18 2018 :: Log Testies: kill dro
Sun Dec 16 12:43:18 2018 :: Testies alignment has dropped 0
Sun Dec 16 12:43:23 2018 :: Log Testies: blind dro
Sun Dec 16 12:43:24 2018 :: Testies alignment has dropped 0
Sun Dec 16 12:43:29 2018 :: Log Testies: blind dro
Sun Dec 16 12:43:30 2018 :: Testies alignment has dropped 0
Sun Dec 16 12:43:49 2018 :: Log Testies: fist dro
Sun Dec 16 12:43:51 2018 :: Testies alignment has dropped 0
Sun Dec 16 12:43:55 2018 :: Log Testies: fist dro
Sun Dec 16 12:43:57 2018 :: Testies alignment has dropped 0
Sun Dec 16 12:44:02 2018 :: Log Testies: fist dro
Sun Dec 16 12:44:03 2018 :: Testies alignment has dropped 0
Sun Dec 16 12:44:08 2018 :: Log Testies: fist dro
Sun Dec 16 12:44:09 2018 :: Testies alignment has dropped 0
Sun Dec 16 12:44:14 2018 :: Log Testies: fist dro
Sun Dec 16 12:44:15 2018 :: Testies alignment has dropped 0
Sun Dec 16 12:44:21 2018 :: Log Testies: fist dro
Sun Dec 16 12:44:21 2018 :: Testies alignment has dropped 0
Sun Dec 16 12:44:27 2018 :: Log Testies: fist dro
Sun Dec 16 12:44:27 2018 :: Testies alignment has dropped 0
Sun Dec 16 12:44:33 2018 :: Log Testies: fist dro
Sun Dec 16 12:44:33 2018 :: Testies alignment has dropped 0
Sun Dec 16 12:44:39 2018 :: Log Testies: fist dro
Sun Dec 16 12:44:42 2018 :: Testies alignment has dropped 0
Sun Dec 16 12:44:46 2018 :: Log Testies: fist dro
Sun Dec 16 12:44:48 2018 :: Testies alignment has dropped 0
Sun Dec 16 12:44:52 2018 :: Log Testies: fist dro
Sun Dec 16 12:44:52 2018 :: Log Testies: fist dro
Sun Dec 16 12:44:53 2018 :: Log Testies: fist dro
Sun Dec 16 12:44:53 2018 :: Log Testies: fist dro
Sun Dec 16 12:44:53 2018 :: Log Testies: fist dro
Sun Dec 16 12:44:53 2018 :: Log Testies: fist dro
