Sun Dec 16 12:46:43 2018 :: LOADING COMM TABLE
Sun Dec 16 12:46:43 2018 ::  INIT OK 
Sun Dec 16 12:46:43 2018 :: Ended LOADING COMM TABLE
Sun Dec 16 12:46:43 2018 :: Ended Fixing Exits
Sun Dec 16 12:46:43 2018 :: Called for vnum: 3715 to modify as: 1 as gameload.
Sun Dec 16 12:46:43 2018 :: Vnum 3715|Signval: 1|Gameload|Total: 1
Sun Dec 16 12:46:43 2018 :: Called for vnum: 717 to modify as: 1 as gameload.
Sun Dec 16 12:46:43 2018 :: Vnum 717|Signval: 1|Gameload|Total: 1
Sun Dec 16 12:46:43 2018 :: Called for vnum: 717 to modify as: 1 as gameload.
Sun Dec 16 12:46:43 2018 :: Vnum 717|Signval: 1|Gameload|Total: 2
Sun Dec 16 12:46:43 2018 :: Called for vnum: 911 to modify as: 1 as gameload.
Sun Dec 16 12:46:43 2018 :: Vnum 911|Signval: 1|Gameload|Total: 1
Sun Dec 16 12:46:43 2018 :: Called for vnum: 911 to modify as: 1 as gameload.
Sun Dec 16 12:46:43 2018 :: Vnum 911|Signval: 1|Gameload|Total: 2
Sun Dec 16 12:46:43 2018 :: Called for vnum: 1388 to modify as: 1 as gameload.
Sun Dec 16 12:46:43 2018 :: Vnum 1388|Signval: 1|Gameload|Total: 1
Sun Dec 16 12:46:43 2018 :: Called for vnum: 7664 to modify as: 1 as gameload.
Sun Dec 16 12:46:43 2018 :: Vnum 7664|Signval: 1|Gameload|Total: 1
Sun Dec 16 12:46:43 2018 :: Called for vnum: 7665 to modify as: 1 as gameload.
Sun Dec 16 12:46:43 2018 :: Vnum 7665|Signval: 1|Gameload|Total: 1
Sun Dec 16 12:46:43 2018 :: Called for vnum: 17713 to modify as: 1 as gameload.
Sun Dec 16 12:46:43 2018 :: Vnum 17713|Signval: 1|Gameload|Total: 1
Sun Dec 16 12:46:43 2018 :: [*****] BUG: Equip_char: already equipped (-1).
Sun Dec 16 12:46:43 2018 :: Called for vnum: 10051 to modify as: 1 as gameload.
Sun Dec 16 12:46:43 2018 :: Vnum 10051|Signval: 1|Gameload|Total: 1
Sun Dec 16 12:46:43 2018 :: Called for vnum: 10051 to modify as: 1 as gameload.
Sun Dec 16 12:46:43 2018 :: Vnum 10051|Signval: 1|Gameload|Total: 2
Sun Dec 16 12:46:43 2018 :: [*****] BUG: Equip_char: already equipped (5).
Sun Dec 16 12:46:43 2018 :: [*****] BUG: Equip_char: already equipped (-1).
Sun Dec 16 12:46:43 2018 :: [*****] BUG: Equip_char: already equipped (-1).
Sun Dec 16 12:46:43 2018 :: [*****] BUG: Equip_char: already equipped (-1).
Sun Dec 16 12:46:43 2018 :: [*****] BUG: Equip_char: already equipped (-1).
Sun Dec 16 12:46:43 2018 :: [*****] BUG: Equip_char: already equipped (-1).
Sun Dec 16 12:46:43 2018 :: [*****] BUG: Equip_char: already equipped (-1).
Sun Dec 16 12:46:43 2018 :: [*****] BUG: Equip_char: already equipped (-1).
Sun Dec 16 12:46:43 2018 :: Called for vnum: 29215 to modify as: 1 as gameload.
Sun Dec 16 12:46:43 2018 :: Vnum 29215|Signval: 1|Gameload|Total: 1
Sun Dec 16 12:46:43 2018 :: Called for vnum: 29215 to modify as: 1 as gameload.
Sun Dec 16 12:46:43 2018 :: Vnum 29215|Signval: 1|Gameload|Total: 2
Sun Dec 16 12:46:43 2018 :: [*****] BUG: Equip_char: already equipped (-1).
Sun Dec 16 12:46:43 2018 :: Called for vnum: 29240 to modify as: 1 as gameload.
Sun Dec 16 12:46:43 2018 :: Vnum 29240|Signval: 1|Gameload|Total: 1
Sun Dec 16 12:46:43 2018 :: Called for vnum: 29240 to modify as: 1 as gameload.
Sun Dec 16 12:46:43 2018 :: Vnum 29240|Signval: 1|Gameload|Total: 2
Sun Dec 16 12:46:43 2018 :: Called for vnum: 29240 to modify as: 1 as gameload.
Sun Dec 16 12:46:43 2018 :: Vnum 29240|Signval: 1|Gameload|Total: 3
Sun Dec 16 12:46:43 2018 :: Called for vnum: 28114 to modify as: 1 as gameload.
Sun Dec 16 12:46:43 2018 :: Vnum 28114|Signval: 1|Gameload|Total: 1
Sun Dec 16 12:46:43 2018 :: Ended Area Update
Sun Dec 16 12:46:43 2018 :: Ended Loading Notes
Sun Dec 16 12:46:43 2018 :: Ended Loading Ban
Sun Dec 16 12:46:43 2018 :: Ended Loading Pkills
Sun Dec 16 12:46:43 2018 :: TOC is ready to rock on port 9000.
Sun Dec 16 12:46:43 2018 :: Setting up signals.
Sun Dec 16 12:46:43 2018 :: Sock.sinaddr:  127.0.0.1
Sun Dec 16 12:46:43 2018 :: Loading Testies's playerfile
Sun Dec 16 12:46:44 2018 :: Testies@localhost has connected. [Room: 25265]
Sun Dec 16 12:46:46 2018 :: Log Testies: eq
Sun Dec 16 12:46:46 2018 :: Sock.sinaddr:  127.0.0.1
Sun Dec 16 12:46:47 2018 :: Loading Killuminati's playerfile
Sun Dec 16 12:46:47 2018 :: Killuminati@localhost has connected. [Room: 29204]
Sun Dec 16 12:46:52 2018 :: Log Testies: fist dro
Sun Dec 16 12:46:52 2018 :: Testies alignment has dropped by 0. [Alignment: 750]
Sun Dec 16 12:46:58 2018 :: Log Testies: goto swash
Sun Dec 16 12:47:03 2018 :: Log Testies: fist swa
Sun Dec 16 12:47:10 2018 :: Log Testies: fist swa
Sun Dec 16 12:47:16 2018 :: Log Testies: blinding
Sun Dec 16 12:47:22 2018 :: Log Testies: blinding
Sun Dec 16 12:47:28 2018 :: Testies alignment has raised by 1. [Alignment: 751]
Sun Dec 16 12:47:28 2018 :: [XP TRACK]: Testies (Level 34) gained 672 XP from 'swash swashbuckler' (Level 48).
Sun Dec 16 12:47:28 2018 :: [XP_EXCEL]: Testies;34;672;swash swashbuckler;48
Sun Dec 16 12:47:29 2018 :: Log Testies: blinding
Sun Dec 16 12:47:29 2018 :: Log Testies: blinding
Sun Dec 16 12:47:33 2018 :: Log Testies: blinding
Sun Dec 16 12:47:37 2018 :: Log Testies: blinding mid
Sun Dec 16 12:47:40 2018 :: Testies alignment has raised by 1. [Alignment: 752]
Sun Dec 16 12:47:40 2018 :: [XP TRACK]: Testies (Level 34) gained 193 XP from 'midshipman man' (Level 35).
Sun Dec 16 12:47:40 2018 :: [XP_EXCEL]: Testies;34;193;midshipman man;35
Sun Dec 16 12:47:44 2018 :: Log Testies: blinding mid
Sun Dec 16 12:47:46 2018 :: Log Testies: rem all
Sun Dec 16 12:47:46 2018 :: Testies did a remove all.
Sun Dec 16 12:47:47 2018 :: Log Testies: goto drow
Sun Dec 16 12:47:50 2018 :: Log Testies: blinding dro
Sun Dec 16 12:47:53 2018 :: Testies alignment has dropped by 0. [Alignment: 752]
Sun Dec 16 12:47:56 2018 :: Log Testies: blinding dro
Sun Dec 16 12:48:02 2018 :: Testies alignment has dropped by 0. [Alignment: 752]
Sun Dec 16 12:48:02 2018 :: Log Testies: blinding dro
Sun Dec 16 12:48:05 2018 :: Testies alignment has dropped by 0. [Alignment: 752]
Sun Dec 16 12:48:09 2018 :: Log Testies: blinding dro
Sun Dec 16 12:48:11 2018 :: Testies alignment has dropped by 0. [Alignment: 752]
Sun Dec 16 12:48:15 2018 :: Log Testies: fist dro
Sun Dec 16 12:48:17 2018 :: Testies alignment has dropped by 0. [Alignment: 752]
Sun Dec 16 12:48:21 2018 :: Log Testies: fist dro
Sun Dec 16 12:48:26 2018 :: Testies alignment has dropped by 0. [Alignment: 752]
Sun Dec 16 12:48:27 2018 :: Log Testies: fist dro
Sun Dec 16 12:48:29 2018 :: Testies alignment has dropped by 0. [Alignment: 752]
Sun Dec 16 12:48:34 2018 :: Log Testies: fist dro
Sun Dec 16 12:48:35 2018 :: Testies alignment has dropped by 0. [Alignment: 752]
