Sun Dec 16 13:03:15 2018 :: LOADING COMM TABLE
Sun Dec 16 13:03:15 2018 ::  INIT OK 
Sun Dec 16 13:03:15 2018 :: Ended LOADING COMM TABLE
Sun Dec 16 13:03:15 2018 :: Ended Fixing Exits
Sun Dec 16 13:03:15 2018 :: Called for vnum: 3715 to modify as: 1 as gameload.
Sun Dec 16 13:03:15 2018 :: Vnum 3715|Signval: 1|Gameload|Total: 1
Sun Dec 16 13:03:15 2018 :: Called for vnum: 717 to modify as: 1 as gameload.
Sun Dec 16 13:03:15 2018 :: Vnum 717|Signval: 1|Gameload|Total: 1
Sun Dec 16 13:03:15 2018 :: Called for vnum: 717 to modify as: 1 as gameload.
Sun Dec 16 13:03:15 2018 :: Vnum 717|Signval: 1|Gameload|Total: 2
Sun Dec 16 13:03:15 2018 :: Called for vnum: 911 to modify as: 1 as gameload.
Sun Dec 16 13:03:15 2018 :: Vnum 911|Signval: 1|Gameload|Total: 1
Sun Dec 16 13:03:15 2018 :: Called for vnum: 911 to modify as: 1 as gameload.
Sun Dec 16 13:03:15 2018 :: Vnum 911|Signval: 1|Gameload|Total: 2
Sun Dec 16 13:03:15 2018 :: Called for vnum: 1388 to modify as: 1 as gameload.
Sun Dec 16 13:03:15 2018 :: Vnum 1388|Signval: 1|Gameload|Total: 1
Sun Dec 16 13:03:15 2018 :: Called for vnum: 7664 to modify as: 1 as gameload.
Sun Dec 16 13:03:15 2018 :: Vnum 7664|Signval: 1|Gameload|Total: 1
Sun Dec 16 13:03:15 2018 :: Called for vnum: 7665 to modify as: 1 as gameload.
Sun Dec 16 13:03:15 2018 :: Vnum 7665|Signval: 1|Gameload|Total: 1
Sun Dec 16 13:03:15 2018 :: Called for vnum: 17713 to modify as: 1 as gameload.
Sun Dec 16 13:03:15 2018 :: Vnum 17713|Signval: 1|Gameload|Total: 1
Sun Dec 16 13:03:15 2018 :: [*****] BUG: Equip_char: already equipped (-1).
Sun Dec 16 13:03:15 2018 :: Called for vnum: 10051 to modify as: 1 as gameload.
Sun Dec 16 13:03:15 2018 :: Vnum 10051|Signval: 1|Gameload|Total: 1
Sun Dec 16 13:03:15 2018 :: Called for vnum: 10051 to modify as: 1 as gameload.
Sun Dec 16 13:03:15 2018 :: Vnum 10051|Signval: 1|Gameload|Total: 2
Sun Dec 16 13:03:15 2018 :: [*****] BUG: Equip_char: already equipped (5).
Sun Dec 16 13:03:15 2018 :: [*****] BUG: Equip_char: already equipped (-1).
Sun Dec 16 13:03:15 2018 :: [*****] BUG: Equip_char: already equipped (-1).
Sun Dec 16 13:03:15 2018 :: [*****] BUG: Equip_char: already equipped (-1).
Sun Dec 16 13:03:15 2018 :: [*****] BUG: Equip_char: already equipped (-1).
Sun Dec 16 13:03:15 2018 :: [*****] BUG: Equip_char: already equipped (-1).
Sun Dec 16 13:03:15 2018 :: [*****] BUG: Equip_char: already equipped (-1).
Sun Dec 16 13:03:15 2018 :: [*****] BUG: Equip_char: already equipped (-1).
Sun Dec 16 13:03:15 2018 :: Called for vnum: 29215 to modify as: 1 as gameload.
Sun Dec 16 13:03:15 2018 :: Vnum 29215|Signval: 1|Gameload|Total: 1
Sun Dec 16 13:03:15 2018 :: Called for vnum: 29215 to modify as: 1 as gameload.
Sun Dec 16 13:03:15 2018 :: Vnum 29215|Signval: 1|Gameload|Total: 2
Sun Dec 16 13:03:15 2018 :: [*****] BUG: Equip_char: already equipped (-1).
Sun Dec 16 13:03:15 2018 :: Called for vnum: 29240 to modify as: 1 as gameload.
Sun Dec 16 13:03:15 2018 :: Vnum 29240|Signval: 1|Gameload|Total: 1
Sun Dec 16 13:03:15 2018 :: Called for vnum: 29240 to modify as: 1 as gameload.
Sun Dec 16 13:03:15 2018 :: Vnum 29240|Signval: 1|Gameload|Total: 2
Sun Dec 16 13:03:15 2018 :: Called for vnum: 29240 to modify as: 1 as gameload.
Sun Dec 16 13:03:15 2018 :: Vnum 29240|Signval: 1|Gameload|Total: 3
Sun Dec 16 13:03:15 2018 :: Called for vnum: 28114 to modify as: 1 as gameload.
Sun Dec 16 13:03:15 2018 :: Vnum 28114|Signval: 1|Gameload|Total: 1
Sun Dec 16 13:03:15 2018 :: Ended Area Update
Sun Dec 16 13:03:15 2018 :: Ended Loading Notes
Sun Dec 16 13:03:15 2018 :: Ended Loading Ban
Sun Dec 16 13:03:15 2018 :: Ended Loading Pkills
Sun Dec 16 13:03:15 2018 :: TOC is ready to rock on port 9000.
Sun Dec 16 13:03:15 2018 :: Setting up signals.
Sun Dec 16 13:03:16 2018 :: Sock.sinaddr:  127.0.0.1
Sun Dec 16 13:03:16 2018 :: Loading Testies's playerfile
Sun Dec 16 13:03:16 2018 :: Testies@localhost has connected. [Room: 25265]
Sun Dec 16 13:03:19 2018 :: Sock.sinaddr:  127.0.0.1
Sun Dec 16 13:03:19 2018 :: Loading Killuminati's playerfile
Sun Dec 16 13:03:20 2018 :: Killuminati@localhost has connected. [Room: 29204]
Sun Dec 16 13:03:21 2018 :: Log Testies: fist dro
Sun Dec 16 13:03:22 2018 :: Testies alignment has dropped by 0. [Alignment: 752]
Sun Dec 16 13:03:28 2018 :: Log Testies: blind fis
Sun Dec 16 13:03:30 2018 :: Log Testies: blind dro
Sun Dec 16 13:03:30 2018 :: Testies alignment has dropped by 0. [Alignment: 752]
Sun Dec 16 13:03:36 2018 :: Log Testies: blind dro
Sun Dec 16 13:03:36 2018 :: Testies alignment has dropped by 0. [Alignment: 752]
Sun Dec 16 13:03:42 2018 :: Log Testies: blind dro
Sun Dec 16 13:03:42 2018 :: Testies alignment has dropped by 0. [Alignment: 752]
Sun Dec 16 13:03:49 2018 :: Log Testies: holyl
Sun Dec 16 13:03:49 2018 :: Log Testies: save
