Sun Dec 16 17:16:03 2018 :: LOADING COMM TABLE
Sun Dec 16 17:16:03 2018 ::  INIT OK 
Sun Dec 16 17:16:03 2018 :: Ended LOADING COMM TABLE
Sun Dec 16 17:16:03 2018 :: Ended Fixing Exits
Sun Dec 16 17:16:03 2018 :: Called for vnum: 3715 to modify as: 1 as gameload.
Sun Dec 16 17:16:03 2018 :: Vnum 3715|Signval: 1|Gameload|Total: 1
Sun Dec 16 17:16:03 2018 :: Called for vnum: 717 to modify as: 1 as gameload.
Sun Dec 16 17:16:03 2018 :: Vnum 717|Signval: 1|Gameload|Total: 1
Sun Dec 16 17:16:03 2018 :: Called for vnum: 717 to modify as: 1 as gameload.
Sun Dec 16 17:16:03 2018 :: Vnum 717|Signval: 1|Gameload|Total: 2
Sun Dec 16 17:16:03 2018 :: Called for vnum: 911 to modify as: 1 as gameload.
Sun Dec 16 17:16:03 2018 :: Vnum 911|Signval: 1|Gameload|Total: 1
Sun Dec 16 17:16:03 2018 :: Called for vnum: 911 to modify as: 1 as gameload.
Sun Dec 16 17:16:03 2018 :: Vnum 911|Signval: 1|Gameload|Total: 2
Sun Dec 16 17:16:03 2018 :: Called for vnum: 1388 to modify as: 1 as gameload.
Sun Dec 16 17:16:03 2018 :: Vnum 1388|Signval: 1|Gameload|Total: 1
Sun Dec 16 17:16:03 2018 :: Called for vnum: 7664 to modify as: 1 as gameload.
Sun Dec 16 17:16:03 2018 :: Vnum 7664|Signval: 1|Gameload|Total: 1
Sun Dec 16 17:16:03 2018 :: Called for vnum: 7665 to modify as: 1 as gameload.
Sun Dec 16 17:16:03 2018 :: Vnum 7665|Signval: 1|Gameload|Total: 1
Sun Dec 16 17:16:03 2018 :: Called for vnum: 17713 to modify as: 1 as gameload.
Sun Dec 16 17:16:03 2018 :: Vnum 17713|Signval: 1|Gameload|Total: 1
Sun Dec 16 17:16:03 2018 :: [*****] BUG: Equip_char: already equipped (-1).
Sun Dec 16 17:16:03 2018 :: Called for vnum: 10051 to modify as: 1 as gameload.
Sun Dec 16 17:16:03 2018 :: Vnum 10051|Signval: 1|Gameload|Total: 1
Sun Dec 16 17:16:03 2018 :: Called for vnum: 10051 to modify as: 1 as gameload.
Sun Dec 16 17:16:03 2018 :: Vnum 10051|Signval: 1|Gameload|Total: 2
Sun Dec 16 17:16:03 2018 :: [*****] BUG: Equip_char: already equipped (5).
Sun Dec 16 17:16:03 2018 :: [*****] BUG: Equip_char: already equipped (-1).
Sun Dec 16 17:16:03 2018 :: [*****] BUG: Equip_char: already equipped (-1).
Sun Dec 16 17:16:03 2018 :: [*****] BUG: Equip_char: already equipped (-1).
Sun Dec 16 17:16:03 2018 :: [*****] BUG: Equip_char: already equipped (-1).
Sun Dec 16 17:16:03 2018 :: [*****] BUG: Equip_char: already equipped (-1).
Sun Dec 16 17:16:03 2018 :: [*****] BUG: Equip_char: already equipped (-1).
Sun Dec 16 17:16:03 2018 :: [*****] BUG: Equip_char: already equipped (-1).
Sun Dec 16 17:16:03 2018 :: Called for vnum: 29215 to modify as: 1 as gameload.
Sun Dec 16 17:16:03 2018 :: Vnum 29215|Signval: 1|Gameload|Total: 1
Sun Dec 16 17:16:03 2018 :: Called for vnum: 29215 to modify as: 1 as gameload.
Sun Dec 16 17:16:03 2018 :: Vnum 29215|Signval: 1|Gameload|Total: 2
Sun Dec 16 17:16:03 2018 :: [*****] BUG: Equip_char: already equipped (-1).
Sun Dec 16 17:16:03 2018 :: Called for vnum: 29240 to modify as: 1 as gameload.
Sun Dec 16 17:16:03 2018 :: Vnum 29240|Signval: 1|Gameload|Total: 1
Sun Dec 16 17:16:03 2018 :: Called for vnum: 29240 to modify as: 1 as gameload.
Sun Dec 16 17:16:03 2018 :: Vnum 29240|Signval: 1|Gameload|Total: 2
Sun Dec 16 17:16:03 2018 :: Called for vnum: 29240 to modify as: 1 as gameload.
Sun Dec 16 17:16:03 2018 :: Vnum 29240|Signval: 1|Gameload|Total: 3
Sun Dec 16 17:16:03 2018 :: Called for vnum: 28114 to modify as: 1 as gameload.
Sun Dec 16 17:16:03 2018 :: Vnum 28114|Signval: 1|Gameload|Total: 1
Sun Dec 16 17:16:03 2018 :: Ended Area Update
Sun Dec 16 17:16:03 2018 :: Ended Loading Notes
Sun Dec 16 17:16:03 2018 :: Ended Loading Ban
Sun Dec 16 17:16:03 2018 :: Ended Loading Pkills
Sun Dec 16 17:16:03 2018 :: TOC is ready to rock on port 9000.
Sun Dec 16 17:16:03 2018 :: Setting up signals.
Sun Dec 16 17:16:06 2018 :: Sock.sinaddr:  127.0.0.1
Sun Dec 16 17:16:07 2018 :: Sock.sinaddr:  127.0.0.1
Sun Dec 16 17:16:07 2018 :: Loading Killuminati's playerfile
Sun Dec 16 17:16:07 2018 :: Loading Testies's playerfile
Sun Dec 16 17:16:07 2018 :: Killuminati@localhost has connected. [Room: 25265]
Sun Dec 16 17:16:07 2018 :: Testies@localhost has connected. [Room: 16022]
Sun Dec 16 17:16:15 2018 :: Your alignment has lowered by 7. [Killuminati's alignment: -7]

Sun Dec 16 17:16:24 2018 :: Your alignment has lowered by 7. [Killuminati's alignment: -14]

Sun Dec 16 17:16:32 2018 :: Your alignment has lowered by 7. [Killuminati's alignment: -21]

Sun Dec 16 17:16:35 2018 :: Your alignment has lowered by 7. [Killuminati's alignment: -28]

Sun Dec 16 17:16:38 2018 :: Your alignment has lowered by 7. [Killuminati's alignment: -35]

Sun Dec 16 17:16:42 2018 :: Your alignment has lowered by 7. [Killuminati's alignment: -42]

Sun Dec 16 17:16:45 2018 :: Your alignment has lowered by 7. [Killuminati's alignment: -49]

Sun Dec 16 17:16:48 2018 :: Your alignment has lowered by 7. [Killuminati's alignment: -56]

Sun Dec 16 17:22:38 2018 :: Your alignment has lowered by -12. [Testies's alignment: 730]

Sun Dec 16 17:22:38 2018 :: [XP TRACK]: Testies (Level 35) gained 220 XP from 'drunk pirate' (Level 37).
Sun Dec 16 17:22:38 2018 :: [XP_EXCEL]: Testies;35;220;drunk pirate;37
