Sun Dec 16 17:22:55 2018 :: LOADING COMM TABLE
Sun Dec 16 17:22:55 2018 ::  INIT OK 
Sun Dec 16 17:22:55 2018 :: Ended LOADING COMM TABLE
Sun Dec 16 17:22:55 2018 :: Ended Fixing Exits
Sun Dec 16 17:22:55 2018 :: Called for vnum: 3715 to modify as: 1 as gameload.
Sun Dec 16 17:22:55 2018 :: Vnum 3715|Signval: 1|Gameload|Total: 1
Sun Dec 16 17:22:55 2018 :: Called for vnum: 717 to modify as: 1 as gameload.
Sun Dec 16 17:22:55 2018 :: Vnum 717|Signval: 1|Gameload|Total: 1
Sun Dec 16 17:22:55 2018 :: Called for vnum: 717 to modify as: 1 as gameload.
Sun Dec 16 17:22:55 2018 :: Vnum 717|Signval: 1|Gameload|Total: 2
Sun Dec 16 17:22:55 2018 :: Called for vnum: 911 to modify as: 1 as gameload.
Sun Dec 16 17:22:55 2018 :: Vnum 911|Signval: 1|Gameload|Total: 1
Sun Dec 16 17:22:55 2018 :: Called for vnum: 911 to modify as: 1 as gameload.
Sun Dec 16 17:22:55 2018 :: Vnum 911|Signval: 1|Gameload|Total: 2
Sun Dec 16 17:22:55 2018 :: Called for vnum: 1388 to modify as: 1 as gameload.
Sun Dec 16 17:22:55 2018 :: Vnum 1388|Signval: 1|Gameload|Total: 1
Sun Dec 16 17:22:55 2018 :: Called for vnum: 7664 to modify as: 1 as gameload.
Sun Dec 16 17:22:55 2018 :: Vnum 7664|Signval: 1|Gameload|Total: 1
Sun Dec 16 17:22:55 2018 :: Called for vnum: 7665 to modify as: 1 as gameload.
Sun Dec 16 17:22:55 2018 :: Vnum 7665|Signval: 1|Gameload|Total: 1
Sun Dec 16 17:22:55 2018 :: Called for vnum: 17713 to modify as: 1 as gameload.
Sun Dec 16 17:22:55 2018 :: Vnum 17713|Signval: 1|Gameload|Total: 1
Sun Dec 16 17:22:55 2018 :: [*****] BUG: Equip_char: already equipped (-1).
Sun Dec 16 17:22:55 2018 :: Called for vnum: 10051 to modify as: 1 as gameload.
Sun Dec 16 17:22:55 2018 :: Vnum 10051|Signval: 1|Gameload|Total: 1
Sun Dec 16 17:22:55 2018 :: Called for vnum: 10051 to modify as: 1 as gameload.
Sun Dec 16 17:22:55 2018 :: Vnum 10051|Signval: 1|Gameload|Total: 2
Sun Dec 16 17:22:55 2018 :: [*****] BUG: Equip_char: already equipped (5).
Sun Dec 16 17:22:55 2018 :: [*****] BUG: Equip_char: already equipped (-1).
Sun Dec 16 17:22:55 2018 :: [*****] BUG: Equip_char: already equipped (-1).
Sun Dec 16 17:22:55 2018 :: [*****] BUG: Equip_char: already equipped (-1).
Sun Dec 16 17:22:55 2018 :: [*****] BUG: Equip_char: already equipped (-1).
Sun Dec 16 17:22:55 2018 :: [*****] BUG: Equip_char: already equipped (-1).
Sun Dec 16 17:22:55 2018 :: [*****] BUG: Equip_char: already equipped (-1).
Sun Dec 16 17:22:55 2018 :: [*****] BUG: Equip_char: already equipped (-1).
Sun Dec 16 17:22:55 2018 :: Called for vnum: 29215 to modify as: 1 as gameload.
Sun Dec 16 17:22:55 2018 :: Vnum 29215|Signval: 1|Gameload|Total: 1
Sun Dec 16 17:22:55 2018 :: Called for vnum: 29215 to modify as: 1 as gameload.
Sun Dec 16 17:22:55 2018 :: Vnum 29215|Signval: 1|Gameload|Total: 2
Sun Dec 16 17:22:55 2018 :: [*****] BUG: Equip_char: already equipped (-1).
Sun Dec 16 17:22:55 2018 :: Called for vnum: 29240 to modify as: 1 as gameload.
Sun Dec 16 17:22:55 2018 :: Vnum 29240|Signval: 1|Gameload|Total: 1
Sun Dec 16 17:22:55 2018 :: Called for vnum: 29240 to modify as: 1 as gameload.
Sun Dec 16 17:22:55 2018 :: Vnum 29240|Signval: 1|Gameload|Total: 2
Sun Dec 16 17:22:55 2018 :: Called for vnum: 29240 to modify as: 1 as gameload.
Sun Dec 16 17:22:55 2018 :: Vnum 29240|Signval: 1|Gameload|Total: 3
Sun Dec 16 17:22:55 2018 :: Called for vnum: 28114 to modify as: 1 as gameload.
Sun Dec 16 17:22:55 2018 :: Vnum 28114|Signval: 1|Gameload|Total: 1
Sun Dec 16 17:22:55 2018 :: Ended Area Update
Sun Dec 16 17:22:55 2018 :: Ended Loading Notes
Sun Dec 16 17:22:55 2018 :: Ended Loading Ban
Sun Dec 16 17:22:55 2018 :: Ended Loading Pkills
Sun Dec 16 17:22:55 2018 :: TOC is ready to rock on port 9000.
Sun Dec 16 17:22:55 2018 :: Setting up signals.
Sun Dec 16 17:22:59 2018 :: Sock.sinaddr:  127.0.0.1
Sun Dec 16 17:22:59 2018 :: Sock.sinaddr:  127.0.0.1
Sun Dec 16 17:22:59 2018 :: Loading Killuminati's playerfile
Sun Dec 16 17:22:59 2018 :: Loading Testies's playerfile
Sun Dec 16 17:22:59 2018 :: Killuminati@localhost has connected. [Room: 25265]
Sun Dec 16 17:23:00 2018 :: Testies@localhost has connected. [Room: 16022]
Sun Dec 16 17:23:23 2018 :: Killuminati alignment has lowered by 8. [Alignment: -64]

Sun Dec 16 17:23:43 2018 :: Testies alignment has lowered by -7. [Alignment: 735]

Sun Dec 16 17:23:48 2018 :: Testies has quit. [Room: 15011]
Sun Dec 16 17:23:48 2018 :: Called for vnum: 911 to modify as: -1 as playerload.
Sun Dec 16 17:23:48 2018 :: Vnum 911|Signval: -1|!Gameload|Total: 3
Sun Dec 16 17:23:48 2018 :: Called for vnum: 911 to modify as: 1 as playerload.
Sun Dec 16 17:23:48 2018 :: Vnum 911|Signval: 1|!Gameload|Total: 2
Sun Dec 16 17:23:48 2018 :: Called for vnum: 17713 to modify as: -1 as playerload.
Sun Dec 16 17:23:48 2018 :: Vnum 17713|Signval: -1|!Gameload|Total: 2
Sun Dec 16 17:23:48 2018 :: Called for vnum: 17713 to modify as: 1 as playerload.
Sun Dec 16 17:23:48 2018 :: Vnum 17713|Signval: 1|!Gameload|Total: 1
Sun Dec 16 17:23:48 2018 :: Called for vnum: 911 to modify as: -1 as playerload.
Sun Dec 16 17:23:48 2018 :: Vnum 911|Signval: -1|!Gameload|Total: 3
Sun Dec 16 17:23:48 2018 :: Called for vnum: 911 to modify as: 1 as playerload.
Sun Dec 16 17:23:48 2018 :: Vnum 911|Signval: 1|!Gameload|Total: 2
Sun Dec 16 18:16:00 2018 :: Sock.sinaddr:  173.22.228.146
Sun Dec 16 18:16:03 2018 :: Loading Kyrus's playerfile
Sun Dec 16 18:16:05 2018 :: Kyrus@173-22-228-146.client.mchsi.com has connected. [Room: 29003]
Sun Dec 16 18:16:08 2018 :: Log Kyrus: who
Sun Dec 16 18:16:11 2018 :: Log Kyrus: wo
Sun Dec 16 18:16:13 2018 :: Log Kyrus: quit
Sun Dec 16 18:16:13 2018 :: Kyrus has quit. [Room: 29003]
Sun Dec 16 18:16:13 2018 :: Called for vnum: 29240 to modify as: -1 as playerload.
Sun Dec 16 18:16:13 2018 :: Vnum 29240|Signval: -1|!Gameload|Total: 4
Sun Dec 16 18:16:13 2018 :: Called for vnum: 29240 to modify as: 1 as playerload.
Sun Dec 16 18:16:13 2018 :: Vnum 29240|Signval: 1|!Gameload|Total: 3
Sun Dec 16 18:16:13 2018 :: Called for vnum: 29215 to modify as: -1 as playerload.
Sun Dec 16 18:16:13 2018 :: Vnum 29215|Signval: -1|!Gameload|Total: 3
Sun Dec 16 18:16:13 2018 :: Called for vnum: 29215 to modify as: 1 as playerload.
Sun Dec 16 18:16:13 2018 :: Vnum 29215|Signval: 1|!Gameload|Total: 2
Sun Dec 16 18:16:13 2018 :: Called for vnum: 717 to modify as: -1 as playerload.
Sun Dec 16 18:16:13 2018 :: Vnum 717|Signval: -1|!Gameload|Total: 3
Sun Dec 16 18:16:13 2018 :: Called for vnum: 717 to modify as: 1 as playerload.
Sun Dec 16 18:16:13 2018 :: Vnum 717|Signval: 1|!Gameload|Total: 2
Sun Dec 16 18:16:13 2018 :: Called for vnum: 717 to modify as: -1 as playerload.
Sun Dec 16 18:16:13 2018 :: Vnum 717|Signval: -1|!Gameload|Total: 3
Sun Dec 16 18:16:13 2018 :: Called for vnum: 717 to modify as: 1 as playerload.
Sun Dec 16 18:16:13 2018 :: Vnum 717|Signval: 1|!Gameload|Total: 2
Sun Dec 16 18:16:13 2018 :: Called for vnum: 3715 to modify as: -1 as playerload.
Sun Dec 16 18:16:13 2018 :: Vnum 3715|Signval: -1|!Gameload|Total: 2
Sun Dec 16 18:16:13 2018 :: Called for vnum: 3715 to modify as: 1 as playerload.
Sun Dec 16 18:16:13 2018 :: Vnum 3715|Signval: 1|!Gameload|Total: 1
Sun Dec 16 18:16:14 2018 :: Sock.sinaddr:  173.22.228.146
Sun Dec 16 18:16:16 2018 :: Loading Bugtest's playerfile
Sun Dec 16 18:16:35 2018 :: Bugtest@173-22-228-146.client.mchsi.com new player.
Sun Dec 16 18:16:48 2018 :: Sock.sinaddr:  173.22.228.146
Sun Dec 16 18:16:48 2018 :: Loading Kazuu's playerfile
Sun Dec 16 18:16:50 2018 :: Kazuu@173-22-228-146.client.mchsi.com has connected. [Room: 4208]
Sun Dec 16 18:16:55 2018 :: Log Kazuu: i
Sun Dec 16 18:16:59 2018 :: Log Kazuu: l i pit
Sun Dec 16 18:17:08 2018 :: Log Kazuu: at bugtest give diploma bugtest
Sun Dec 16 18:17:08 2018 :: Log Kazuu: give diploma bugtest
Sun Dec 16 18:17:08 2018 :: Called for vnum: 3715 to modify as: -1 as playerload.
Sun Dec 16 18:17:08 2018 :: Vnum 3715|Signval: -1|!Gameload|Total: 2
Sun Dec 16 18:17:08 2018 :: Called for vnum: 3715 to modify as: 1 as playerload.
Sun Dec 16 18:17:08 2018 :: Vnum 3715|Signval: 1|!Gameload|Total: 1
Sun Dec 16 18:17:36 2018 :: Log Kazuu: who
Sun Dec 16 18:17:50 2018 :: Log Kazuu: at bugtest advance bugtest 54
Sun Dec 16 18:17:50 2018 :: Log Kazuu: advance bugtest 54
Sun Dec 16 18:18:05 2018 :: Log Bugtest: remort
Sun Dec 16 18:18:14 2018 :: Log Bugtest: remort hello cleric cleric human
Sun Dec 16 18:18:14 2018 :: Automated backup complete.
tar: Removing leading `../' from member names
Sun Dec 16 18:18:14 2018 :: Called for vnum: 3715 to modify as: -1 as playerload.
Sun Dec 16 18:18:14 2018 :: Vnum 3715|Signval: -1|!Gameload|Total: 2
Sun Dec 16 18:18:14 2018 :: Called for vnum: 3715 to modify as: -1 as gameload.
Sun Dec 16 18:18:14 2018 :: Vnum 3715|Signval: -1|Gameload|Total: 1
Sun Dec 16 18:18:36 2018 :: Automated backup complete.
tar: Removing leading `../' from member names
Sun Dec 16 18:18:36 2018 :: Bugtest has deleted.
Sun Dec 16 18:18:36 2018 :: Bugtest has quit. [Room: 3700]
Sun Dec 16 18:18:56 2018 :: Log Kazuu: immtalk Was sure I had a bug before, guess not :)
Sun Dec 16 18:20:59 2018 :: EOF encountered on read.
Sun Dec 16 18:20:59 2018 :: Closing link to Kazuu.
Sun Dec 16 23:20:08 2018 :: Sock.sinaddr:  110.143.13.72
Sun Dec 16 23:20:09 2018 :: EOF encountered on read.
Mon Dec 17 00:54:24 2018 :: Log Killuminati: fsave all
Mon Dec 17 00:54:24 2018 :: Log Killuminati: shutdown
Mon Dec 17 00:54:24 2018 :: Closing link to Killuminati.
Mon Dec 17 00:54:24 2018 :: Normal termination of game.
