Mon Dec 17 01:29:57 2018 :: LOADING COMM TABLE
Mon Dec 17 01:29:57 2018 ::  INIT OK 
Mon Dec 17 01:29:57 2018 :: Ended LOADING COMM TABLE
Mon Dec 17 01:29:57 2018 :: Ended Fixing Exits
Mon Dec 17 01:29:57 2018 :: Called for vnum: 3715 to modify as: 1 as gameload.
Mon Dec 17 01:29:57 2018 :: Vnum 3715|Signval: 1|Gameload|Total: 1
Mon Dec 17 01:29:57 2018 :: Called for vnum: 717 to modify as: 1 as gameload.
Mon Dec 17 01:29:57 2018 :: Vnum 717|Signval: 1|Gameload|Total: 1
Mon Dec 17 01:29:57 2018 :: Called for vnum: 717 to modify as: 1 as gameload.
Mon Dec 17 01:29:57 2018 :: Vnum 717|Signval: 1|Gameload|Total: 2
Mon Dec 17 01:29:57 2018 :: Called for vnum: 911 to modify as: 1 as gameload.
Mon Dec 17 01:29:57 2018 :: Vnum 911|Signval: 1|Gameload|Total: 1
Mon Dec 17 01:29:57 2018 :: Called for vnum: 911 to modify as: 1 as gameload.
Mon Dec 17 01:29:57 2018 :: Vnum 911|Signval: 1|Gameload|Total: 2
Mon Dec 17 01:29:57 2018 :: Called for vnum: 1388 to modify as: 1 as gameload.
Mon Dec 17 01:29:57 2018 :: Vnum 1388|Signval: 1|Gameload|Total: 1
Mon Dec 17 01:29:57 2018 :: Called for vnum: 7664 to modify as: 1 as gameload.
Mon Dec 17 01:29:57 2018 :: Vnum 7664|Signval: 1|Gameload|Total: 1
Mon Dec 17 01:29:57 2018 :: Called for vnum: 7665 to modify as: 1 as gameload.
Mon Dec 17 01:29:57 2018 :: Vnum 7665|Signval: 1|Gameload|Total: 1
Mon Dec 17 01:29:57 2018 :: Called for vnum: 17713 to modify as: 1 as gameload.
Mon Dec 17 01:29:57 2018 :: Vnum 17713|Signval: 1|Gameload|Total: 1
Mon Dec 17 01:29:57 2018 :: [*****] BUG: Equip_char: already equipped (-1).
Mon Dec 17 01:29:57 2018 :: Called for vnum: 10051 to modify as: 1 as gameload.
Mon Dec 17 01:29:57 2018 :: Vnum 10051|Signval: 1|Gameload|Total: 1
Mon Dec 17 01:29:57 2018 :: Called for vnum: 10051 to modify as: 1 as gameload.
Mon Dec 17 01:29:57 2018 :: Vnum 10051|Signval: 1|Gameload|Total: 2
Mon Dec 17 01:29:57 2018 :: [*****] BUG: Equip_char: already equipped (5).
Mon Dec 17 01:29:57 2018 :: [*****] BUG: Equip_char: already equipped (-1).
Mon Dec 17 01:29:57 2018 :: [*****] BUG: Equip_char: already equipped (-1).
Mon Dec 17 01:29:57 2018 :: [*****] BUG: Equip_char: already equipped (-1).
Mon Dec 17 01:29:57 2018 :: [*****] BUG: Equip_char: already equipped (-1).
Mon Dec 17 01:29:57 2018 :: [*****] BUG: Equip_char: already equipped (-1).
Mon Dec 17 01:29:57 2018 :: [*****] BUG: Equip_char: already equipped (-1).
Mon Dec 17 01:29:57 2018 :: [*****] BUG: Equip_char: already equipped (-1).
Mon Dec 17 01:29:57 2018 :: Called for vnum: 29215 to modify as: 1 as gameload.
Mon Dec 17 01:29:57 2018 :: Vnum 29215|Signval: 1|Gameload|Total: 1
Mon Dec 17 01:29:57 2018 :: Called for vnum: 29215 to modify as: 1 as gameload.
Mon Dec 17 01:29:57 2018 :: Vnum 29215|Signval: 1|Gameload|Total: 2
Mon Dec 17 01:29:57 2018 :: Called for vnum: 29240 to modify as: 1 as gameload.
Mon Dec 17 01:29:57 2018 :: Vnum 29240|Signval: 1|Gameload|Total: 1
Mon Dec 17 01:29:57 2018 :: Called for vnum: 29240 to modify as: 1 as gameload.
Mon Dec 17 01:29:57 2018 :: Vnum 29240|Signval: 1|Gameload|Total: 2
Mon Dec 17 01:29:57 2018 :: Called for vnum: 29240 to modify as: 1 as gameload.
Mon Dec 17 01:29:57 2018 :: Vnum 29240|Signval: 1|Gameload|Total: 3
Mon Dec 17 01:29:57 2018 :: Called for vnum: 28114 to modify as: 1 as gameload.
Mon Dec 17 01:29:57 2018 :: Vnum 28114|Signval: 1|Gameload|Total: 1
Mon Dec 17 01:29:57 2018 :: Ended Area Update
Mon Dec 17 01:29:57 2018 :: Ended Loading Notes
Mon Dec 17 01:29:57 2018 :: Ended Loading Ban
Mon Dec 17 01:29:57 2018 :: Ended Loading Pkills
Mon Dec 17 01:29:57 2018 :: TOC is ready to rock on port 9000.
Mon Dec 17 01:29:57 2018 :: Setting up signals.
Mon Dec 17 01:30:00 2018 :: Sock.sinaddr:  127.0.0.1
Mon Dec 17 01:30:00 2018 :: Sock.sinaddr:  127.0.0.1
Mon Dec 17 01:30:00 2018 :: Loading Killuminati's playerfile
Mon Dec 17 01:30:00 2018 :: Loading Testies's playerfile
Mon Dec 17 01:30:00 2018 :: Killuminati@localhost has connected. [Room: 10176]
Mon Dec 17 01:30:01 2018 :: Testies@localhost has connected. [Room: 16021]
Mon Dec 17 01:31:21 2018 :: Log Testies: adv self 58
Mon Dec 17 01:31:57 2018 :: Testies has quit. [Room: 16021]
Mon Dec 17 01:31:57 2018 :: Called for vnum: 911 to modify as: -1 as playerload.
Mon Dec 17 01:31:57 2018 :: Vnum 911|Signval: -1|!Gameload|Total: 3
Mon Dec 17 01:31:57 2018 :: Called for vnum: 911 to modify as: 1 as playerload.
Mon Dec 17 01:31:57 2018 :: Vnum 911|Signval: 1|!Gameload|Total: 2
Mon Dec 17 01:31:57 2018 :: Called for vnum: 17713 to modify as: -1 as playerload.
Mon Dec 17 01:31:57 2018 :: Vnum 17713|Signval: -1|!Gameload|Total: 2
Mon Dec 17 01:31:57 2018 :: Called for vnum: 17713 to modify as: 1 as playerload.
Mon Dec 17 01:31:57 2018 :: Vnum 17713|Signval: 1|!Gameload|Total: 1
Mon Dec 17 01:31:57 2018 :: Called for vnum: 911 to modify as: -1 as playerload.
Mon Dec 17 01:31:57 2018 :: Vnum 911|Signval: -1|!Gameload|Total: 3
Mon Dec 17 01:31:57 2018 :: Called for vnum: 911 to modify as: 1 as playerload.
Mon Dec 17 01:31:57 2018 :: Vnum 911|Signval: 1|!Gameload|Total: 2
Mon Dec 17 01:32:07 2018 :: Sock.sinaddr:  127.0.0.1
Mon Dec 17 01:32:08 2018 :: Loading Testies's playerfile
Mon Dec 17 01:32:08 2018 :: Testies@localhost has connected. [Room: 16021]
Mon Dec 17 01:32:43 2018 :: Log Testies: remort smoke007
Mon Dec 17 01:33:01 2018 :: Log Testies: remort smoke007 mage mage elf
Mon Dec 17 01:33:18 2018 :: Testies has quit. [Room: 16021]
Mon Dec 17 01:33:18 2018 :: Called for vnum: 911 to modify as: -1 as playerload.
Mon Dec 17 01:33:18 2018 :: Vnum 911|Signval: -1|!Gameload|Total: 3
Mon Dec 17 01:33:18 2018 :: Called for vnum: 911 to modify as: 1 as playerload.
Mon Dec 17 01:33:18 2018 :: Vnum 911|Signval: 1|!Gameload|Total: 2
Mon Dec 17 01:33:18 2018 :: Called for vnum: 17713 to modify as: -1 as playerload.
Mon Dec 17 01:33:18 2018 :: Vnum 17713|Signval: -1|!Gameload|Total: 2
Mon Dec 17 01:33:18 2018 :: Called for vnum: 17713 to modify as: 1 as playerload.
Mon Dec 17 01:33:18 2018 :: Vnum 17713|Signval: 1|!Gameload|Total: 1
Mon Dec 17 01:33:18 2018 :: Called for vnum: 911 to modify as: -1 as playerload.
Mon Dec 17 01:33:18 2018 :: Vnum 911|Signval: -1|!Gameload|Total: 3
Mon Dec 17 01:33:18 2018 :: Called for vnum: 911 to modify as: 1 as playerload.
Mon Dec 17 01:33:18 2018 :: Vnum 911|Signval: 1|!Gameload|Total: 2
Mon Dec 17 01:33:29 2018 :: Sock.sinaddr:  127.0.0.1
Mon Dec 17 01:33:29 2018 :: Loading Testies's playerfile
Mon Dec 17 01:33:29 2018 :: Testies@localhost has connected. [Room: 16021]
Mon Dec 17 01:33:39 2018 :: Testies has quit. [Room: 16021]
Mon Dec 17 01:33:39 2018 :: Called for vnum: 911 to modify as: -1 as playerload.
Mon Dec 17 01:33:39 2018 :: Vnum 911|Signval: -1|!Gameload|Total: 3
Mon Dec 17 01:33:39 2018 :: Called for vnum: 911 to modify as: 1 as playerload.
Mon Dec 17 01:33:39 2018 :: Vnum 911|Signval: 1|!Gameload|Total: 2
Mon Dec 17 01:33:39 2018 :: Called for vnum: 17713 to modify as: -1 as playerload.
Mon Dec 17 01:33:39 2018 :: Vnum 17713|Signval: -1|!Gameload|Total: 2
Mon Dec 17 01:33:39 2018 :: Called for vnum: 17713 to modify as: 1 as playerload.
Mon Dec 17 01:33:39 2018 :: Vnum 17713|Signval: 1|!Gameload|Total: 1
Mon Dec 17 01:33:39 2018 :: Called for vnum: 911 to modify as: -1 as playerload.
Mon Dec 17 01:33:39 2018 :: Vnum 911|Signval: -1|!Gameload|Total: 3
Mon Dec 17 01:33:39 2018 :: Called for vnum: 911 to modify as: 1 as playerload.
Mon Dec 17 01:33:39 2018 :: Vnum 911|Signval: 1|!Gameload|Total: 2
Mon Dec 17 01:33:49 2018 :: Sock.sinaddr:  127.0.0.1
Mon Dec 17 01:33:50 2018 :: Loading Testies's playerfile
Mon Dec 17 01:33:50 2018 :: Testies@localhost has connected. [Room: 16021]
Mon Dec 17 01:34:04 2018 :: Testies has quit. [Room: 16021]
Mon Dec 17 01:34:04 2018 :: Called for vnum: 911 to modify as: -1 as playerload.
Mon Dec 17 01:34:04 2018 :: Vnum 911|Signval: -1|!Gameload|Total: 3
Mon Dec 17 01:34:04 2018 :: Called for vnum: 911 to modify as: 1 as playerload.
Mon Dec 17 01:34:04 2018 :: Vnum 911|Signval: 1|!Gameload|Total: 2
Mon Dec 17 01:34:04 2018 :: Called for vnum: 17713 to modify as: -1 as playerload.
Mon Dec 17 01:34:04 2018 :: Vnum 17713|Signval: -1|!Gameload|Total: 2
Mon Dec 17 01:34:04 2018 :: Called for vnum: 17713 to modify as: 1 as playerload.
Mon Dec 17 01:34:04 2018 :: Vnum 17713|Signval: 1|!Gameload|Total: 1
Mon Dec 17 01:34:04 2018 :: Called for vnum: 911 to modify as: -1 as playerload.
Mon Dec 17 01:34:04 2018 :: Vnum 911|Signval: -1|!Gameload|Total: 3
Mon Dec 17 01:34:04 2018 :: Called for vnum: 911 to modify as: 1 as playerload.
Mon Dec 17 01:34:04 2018 :: Vnum 911|Signval: 1|!Gameload|Total: 2
Mon Dec 17 01:34:25 2018 :: Sock.sinaddr:  127.0.0.1
Mon Dec 17 01:34:25 2018 :: Loading Testies's playerfile
Mon Dec 17 01:34:25 2018 :: Testies@localhost has connected. [Room: 16021]
Mon Dec 17 01:34:39 2018 :: Log Testies: remort smoke007 mage mage eld
Mon Dec 17 01:34:42 2018 :: Log Testies: remort smoke007 mage mage eldmf
Mon Dec 17 01:34:47 2018 :: Log Testies: remort smoke007 mage mage elf
Mon Dec 17 01:34:47 2018 :: Automated backup complete.
tar: Removing leading `../' from member names
Mon Dec 17 01:34:47 2018 :: Called for vnum: 911 to modify as: -1 as playerload.
Mon Dec 17 01:34:47 2018 :: Vnum 911|Signval: -1|!Gameload|Total: 3
Mon Dec 17 01:34:47 2018 :: Called for vnum: 911 to modify as: -1 as gameload.
Mon Dec 17 01:34:47 2018 :: Vnum 911|Signval: -1|Gameload|Total: 2
Mon Dec 17 01:34:47 2018 :: Called for vnum: 17713 to modify as: -1 as playerload.
Mon Dec 17 01:34:47 2018 :: Vnum 17713|Signval: -1|!Gameload|Total: 2
Mon Dec 17 01:34:47 2018 :: Called for vnum: 17713 to modify as: -1 as gameload.
Mon Dec 17 01:34:47 2018 :: Vnum 17713|Signval: -1|Gameload|Total: 1
Mon Dec 17 01:34:47 2018 :: Called for vnum: 911 to modify as: -1 as playerload.
Mon Dec 17 01:34:47 2018 :: Vnum 911|Signval: -1|!Gameload|Total: 3
Mon Dec 17 01:34:47 2018 :: Called for vnum: 911 to modify as: -1 as gameload.
Mon Dec 17 01:34:47 2018 :: Vnum 911|Signval: -1|Gameload|Total: 2
Mon Dec 17 01:34:53 2018 :: Log Testies: remort smoke007 mage mage elf
