Mon Dec 17 04:30:17 2018 :: LOADING COMM TABLE
Mon Dec 17 04:30:17 2018 ::  INIT OK 
Mon Dec 17 04:30:17 2018 :: Ended LOADING COMM TABLE
Mon Dec 17 04:30:17 2018 :: Ended Fixing Exits
Mon Dec 17 04:30:17 2018 :: Called for vnum: 3715 to modify as: 1 as gameload.
Mon Dec 17 04:30:17 2018 :: Vnum 3715|Signval: 1|Gameload|Total: 1
Mon Dec 17 04:30:17 2018 :: Called for vnum: 717 to modify as: 1 as gameload.
Mon Dec 17 04:30:17 2018 :: Vnum 717|Signval: 1|Gameload|Total: 1
Mon Dec 17 04:30:17 2018 :: Called for vnum: 717 to modify as: 1 as gameload.
Mon Dec 17 04:30:17 2018 :: Vnum 717|Signval: 1|Gameload|Total: 2
Mon Dec 17 04:30:17 2018 :: Called for vnum: 911 to modify as: 1 as gameload.
Mon Dec 17 04:30:17 2018 :: Vnum 911|Signval: 1|Gameload|Total: 1
Mon Dec 17 04:30:17 2018 :: Called for vnum: 911 to modify as: 1 as gameload.
Mon Dec 17 04:30:17 2018 :: Vnum 911|Signval: 1|Gameload|Total: 2
Mon Dec 17 04:30:17 2018 :: Called for vnum: 1388 to modify as: 1 as gameload.
Mon Dec 17 04:30:17 2018 :: Vnum 1388|Signval: 1|Gameload|Total: 1
Mon Dec 17 04:30:17 2018 :: Called for vnum: 7664 to modify as: 1 as gameload.
Mon Dec 17 04:30:17 2018 :: Vnum 7664|Signval: 1|Gameload|Total: 1
Mon Dec 17 04:30:17 2018 :: Called for vnum: 7665 to modify as: 1 as gameload.
Mon Dec 17 04:30:17 2018 :: Vnum 7665|Signval: 1|Gameload|Total: 1
Mon Dec 17 04:30:17 2018 :: Called for vnum: 17713 to modify as: 1 as gameload.
Mon Dec 17 04:30:17 2018 :: Vnum 17713|Signval: 1|Gameload|Total: 1
Mon Dec 17 04:30:17 2018 :: [*****] BUG: Equip_char: already equipped (-1).
Mon Dec 17 04:30:17 2018 :: Called for vnum: 10051 to modify as: 1 as gameload.
Mon Dec 17 04:30:17 2018 :: Vnum 10051|Signval: 1|Gameload|Total: 1
Mon Dec 17 04:30:17 2018 :: Called for vnum: 10051 to modify as: 1 as gameload.
Mon Dec 17 04:30:17 2018 :: Vnum 10051|Signval: 1|Gameload|Total: 2
Mon Dec 17 04:30:17 2018 :: [*****] BUG: Equip_char: already equipped (5).
Mon Dec 17 04:30:17 2018 :: [*****] BUG: Equip_char: already equipped (-1).
Mon Dec 17 04:30:17 2018 :: [*****] BUG: Equip_char: already equipped (-1).
Mon Dec 17 04:30:17 2018 :: [*****] BUG: Equip_char: already equipped (-1).
Mon Dec 17 04:30:17 2018 :: [*****] BUG: Equip_char: already equipped (-1).
Mon Dec 17 04:30:17 2018 :: [*****] BUG: Equip_char: already equipped (-1).
Mon Dec 17 04:30:17 2018 :: [*****] BUG: Equip_char: already equipped (-1).
Mon Dec 17 04:30:17 2018 :: [*****] BUG: Equip_char: already equipped (-1).
Mon Dec 17 04:30:17 2018 :: Called for vnum: 29215 to modify as: 1 as gameload.
Mon Dec 17 04:30:17 2018 :: Vnum 29215|Signval: 1|Gameload|Total: 1
Mon Dec 17 04:30:17 2018 :: Called for vnum: 29215 to modify as: 1 as gameload.
Mon Dec 17 04:30:17 2018 :: Vnum 29215|Signval: 1|Gameload|Total: 2
Mon Dec 17 04:30:17 2018 :: [*****] BUG: Equip_char: already equipped (-1).
Mon Dec 17 04:30:17 2018 :: Called for vnum: 29240 to modify as: 1 as gameload.
Mon Dec 17 04:30:17 2018 :: Vnum 29240|Signval: 1|Gameload|Total: 1
Mon Dec 17 04:30:17 2018 :: Called for vnum: 29240 to modify as: 1 as gameload.
Mon Dec 17 04:30:17 2018 :: Vnum 29240|Signval: 1|Gameload|Total: 2
Mon Dec 17 04:30:17 2018 :: Called for vnum: 29240 to modify as: 1 as gameload.
Mon Dec 17 04:30:17 2018 :: Vnum 29240|Signval: 1|Gameload|Total: 3
Mon Dec 17 04:30:17 2018 :: Called for vnum: 28114 to modify as: 1 as gameload.
Mon Dec 17 04:30:17 2018 :: Vnum 28114|Signval: 1|Gameload|Total: 1
Mon Dec 17 04:30:17 2018 :: Ended Area Update
Mon Dec 17 04:30:17 2018 :: Ended Loading Notes
Mon Dec 17 04:30:17 2018 :: Ended Loading Ban
Mon Dec 17 04:30:17 2018 :: Ended Loading Pkills
Mon Dec 17 04:30:17 2018 :: TOC is ready to rock on port 9000.
Mon Dec 17 04:30:17 2018 :: Setting up signals.
Mon Dec 17 04:30:20 2018 :: Sock.sinaddr:  127.0.0.1
Mon Dec 17 04:30:20 2018 :: Sock.sinaddr:  127.0.0.1
Mon Dec 17 04:30:20 2018 :: Loading Killuminati's playerfile
Mon Dec 17 04:30:20 2018 :: Loading Testies's playerfile
Mon Dec 17 04:30:20 2018 :: Killuminati@localhost has connected. [Room: 10176]
Mon Dec 17 04:30:21 2018 :: Testies@localhost has connected. [Room: 4207]
Mon Dec 17 04:30:21 2018 :: Testies turned into a PKILLER.
Mon Dec 17 04:30:30 2018 :: Log Testies: adv self 59
Mon Dec 17 04:30:43 2018 :: Log Testies: adv self 58
Mon Dec 17 04:32:58 2018 :: Log Testies: set char self guild monk
Mon Dec 17 04:33:04 2018 :: Log Testies: set char self class monk
Mon Dec 17 04:33:12 2018 :: Log Testies: set char self class none
Mon Dec 17 04:33:18 2018 :: Log Testies: set char self guild monk
Mon Dec 17 04:33:21 2018 :: Log Testies: set char self guild none
Mon Dec 17 04:33:40 2018 :: Log Testies: set char self all 100
Mon Dec 17 04:33:44 2018 :: Log Testies: set skill self al 100
Mon Dec 17 04:33:48 2018 :: Log Testies: set skill self all 100
Mon Dec 17 04:34:13 2018 :: Testies alignment has lowered by -12. [Alignment: 711]

Mon Dec 17 04:34:46 2018 :: Testies alignment has lowered by 0. [Alignment: 711]

Mon Dec 17 04:35:00 2018 :: Log Testies: load obj 9925
Mon Dec 17 04:35:11 2018 :: Log Testies: set char self str
Mon Dec 17 04:35:15 2018 :: Log Testies: set char self str 100
Mon Dec 17 04:35:19 2018 :: Log Testies: set char self str 20
Mon Dec 17 04:35:48 2018 :: Log Testies: set char self guild warrior
Mon Dec 17 04:35:52 2018 :: Log Testies: set char self class warrior
Mon Dec 17 04:35:55 2018 :: Log Testies: set char self guild warrior
Mon Dec 17 04:35:59 2018 :: Log Testies: set skill self all 100
Mon Dec 17 04:36:02 2018 :: Testies alignment has lowered by 0. [Alignment: 711]

Mon Dec 17 04:36:09 2018 :: Testies alignment has lowered by 0. [Alignment: 711]

Mon Dec 17 04:36:17 2018 :: Testies alignment has lowered by 0. [Alignment: 711]

Mon Dec 17 04:36:23 2018 :: Testies alignment has lowered by 0. [Alignment: 711]

Mon Dec 17 04:36:28 2018 :: Testies alignment has lowered by 0. [Alignment: 711]

Mon Dec 17 04:36:34 2018 :: Testies alignment has lowered by 0. [Alignment: 711]

Mon Dec 17 04:36:40 2018 :: Testies alignment has lowered by 0. [Alignment: 711]

Mon Dec 17 04:36:46 2018 :: Testies alignment has lowered by 0. [Alignment: 711]

Mon Dec 17 04:36:53 2018 :: Testies alignment has lowered by 0. [Alignment: 711]

Mon Dec 17 04:36:59 2018 :: Testies alignment has lowered by 0. [Alignment: 711]

Mon Dec 17 04:37:05 2018 :: Testies alignment has lowered by 0. [Alignment: 711]

Mon Dec 17 04:37:12 2018 :: Testies alignment has lowered by 0. [Alignment: 711]

Mon Dec 17 04:37:18 2018 :: Log Testies: clone dro
Mon Dec 17 04:37:19 2018 :: Log Testies: clone dro
Mon Dec 17 04:37:19 2018 :: Log Testies: clone dro
Mon Dec 17 04:37:19 2018 :: Log Testies: clone dro
Mon Dec 17 04:37:19 2018 :: Log Testies: clone dro
Mon Dec 17 04:37:20 2018 :: Log Testies: clone dro
Mon Dec 17 04:37:20 2018 :: Log Testies: clone dro
Mon Dec 17 04:37:20 2018 :: Log Testies: clone dro
Mon Dec 17 04:37:20 2018 :: Log Testies: clone dro
Mon Dec 17 04:37:43 2018 :: Log Testies: load obj 5302
Mon Dec 17 04:37:44 2018 :: Log Testies: load obj 5302
Mon Dec 17 04:37:44 2018 :: Log Testies: load obj 5302
Mon Dec 17 04:37:44 2018 :: Log Testies: load obj 5302
Mon Dec 17 04:37:44 2018 :: Log Testies: load obj 5302
Mon Dec 17 04:37:45 2018 :: Log Testies: load obj 5302
Mon Dec 17 04:37:45 2018 :: Log Testies: load obj 5302
Mon Dec 17 04:37:45 2018 :: Log Testies: load obj 5302
Mon Dec 17 04:37:45 2018 :: Log Testies: load obj 5302
Mon Dec 17 04:37:46 2018 :: Log Testies: load obj 5302
Mon Dec 17 04:37:46 2018 :: Log Testies: load obj 5302
Mon Dec 17 04:37:46 2018 :: Log Testies: load obj 5302
Mon Dec 17 04:37:46 2018 :: Log Testies: load obj 5302
Mon Dec 17 04:37:47 2018 :: Log Testies: load obj 5302
Mon Dec 17 04:37:47 2018 :: Log Testies: load obj 5302
Mon Dec 17 04:37:47 2018 :: Log Testies: load obj 5302
Mon Dec 17 04:37:47 2018 :: Log Testies: load obj 5302
Mon Dec 17 04:37:48 2018 :: Log Testies: load obj 5302
Mon Dec 17 04:37:48 2018 :: Log Testies: load obj 5302
Mon Dec 17 04:37:48 2018 :: Log Testies: load obj 5302
Mon Dec 17 04:37:48 2018 :: Log Testies: load obj 5302
Mon Dec 17 04:37:49 2018 :: Log Testies: load obj 5302
Mon Dec 17 04:37:49 2018 :: Log Testies: load obj 5302
Mon Dec 17 04:37:52 2018 :: Log Testies: load mob 5302
Mon Dec 17 04:37:52 2018 :: Log Testies: load mob 5302
Mon Dec 17 04:37:52 2018 :: Log Testies: load mob 5302
Mon Dec 17 04:37:53 2018 :: Log Testies: load mob 5302
Mon Dec 17 04:37:53 2018 :: Log Testies: load mob 5302
Mon Dec 17 04:37:53 2018 :: Log Testies: load mob 5302
Mon Dec 17 04:37:53 2018 :: Log Testies: load mob 5302
Mon Dec 17 04:37:54 2018 :: Log Testies: load mob 5302
Mon Dec 17 04:37:54 2018 :: Log Testies: load mob 5302
Mon Dec 17 04:37:54 2018 :: Log Testies: load mob 5302
Mon Dec 17 04:37:54 2018 :: Log Testies: load mob 5302
Mon Dec 17 04:37:55 2018 :: Log Testies: load mob 5302
Mon Dec 17 04:37:55 2018 :: Log Testies: load mob 5302
Mon Dec 17 04:37:55 2018 :: Log Testies: load mob 5302
Mon Dec 17 04:37:56 2018 :: Log Testies: load mob 5302
Mon Dec 17 04:37:56 2018 :: Log Testies: load mob 5302
Mon Dec 17 04:37:56 2018 :: Log Testies: load mob 5302
Mon Dec 17 04:37:56 2018 :: Log Testies: load mob 5302
Mon Dec 17 04:37:57 2018 :: Log Testies: load mob 5302
Mon Dec 17 04:37:57 2018 :: Log Testies: load mob 5302
Mon Dec 17 04:37:57 2018 :: Log Testies: load mob 5302
Mon Dec 17 04:37:57 2018 :: Log Testies: load mob 5302
Mon Dec 17 04:37:58 2018 :: Log Testies: load mob 5302
Mon Dec 17 04:37:58 2018 :: Log Testies: load mob 5302
Mon Dec 17 04:37:58 2018 :: Log Testies: load mob 5302
Mon Dec 17 04:37:58 2018 :: Log Testies: load mob 5302
Mon Dec 17 04:37:59 2018 :: Log Testies: load mob 5302
Mon Dec 17 04:37:59 2018 :: Testies alignment has lowered by -2. [Alignment: 713]

Mon Dec 17 04:38:05 2018 :: Testies alignment has lowered by -2. [Alignment: 715]

Mon Dec 17 04:38:11 2018 :: Testies alignment has lowered by -2. [Alignment: 717]

Mon Dec 17 04:38:18 2018 :: Testies alignment has lowered by -2. [Alignment: 719]

Mon Dec 17 04:38:24 2018 :: Testies alignment has lowered by -2. [Alignment: 721]

Mon Dec 17 04:38:30 2018 :: Testies alignment has lowered by -2. [Alignment: 723]

Mon Dec 17 04:38:37 2018 :: Testies alignment has lowered by -2. [Alignment: 725]

Mon Dec 17 04:38:43 2018 :: Testies alignment has lowered by -2. [Alignment: 727]

Mon Dec 17 04:38:49 2018 :: Testies alignment has lowered by -2. [Alignment: 729]

Mon Dec 17 04:38:55 2018 :: Testies alignment has lowered by -2. [Alignment: 731]

Mon Dec 17 04:39:02 2018 :: Testies alignment has lowered by -2. [Alignment: 733]

Mon Dec 17 04:39:08 2018 :: Testies alignment has lowered by -2. [Alignment: 735]

Mon Dec 17 04:39:14 2018 :: Testies alignment has lowered by -2. [Alignment: 737]

Mon Dec 17 04:39:21 2018 :: Testies alignment has lowered by -2. [Alignment: 739]

Mon Dec 17 04:39:27 2018 :: Testies alignment has lowered by -2. [Alignment: 741]

Mon Dec 17 04:39:33 2018 :: Testies alignment has lowered by -2. [Alignment: 743]

Mon Dec 17 04:39:39 2018 :: Testies alignment has lowered by -2. [Alignment: 745]

Mon Dec 17 04:39:46 2018 :: Testies alignment has lowered by -2. [Alignment: 747]

Mon Dec 17 04:39:52 2018 :: Testies alignment has lowered by -2. [Alignment: 749]

Mon Dec 17 04:39:58 2018 :: Testies alignment has lowered by -2. [Alignment: 751]

Mon Dec 17 04:40:05 2018 :: Testies alignment has lowered by -2. [Alignment: 753]

Mon Dec 17 04:40:11 2018 :: Testies alignment has lowered by -2. [Alignment: 755]

Mon Dec 17 04:40:17 2018 :: Testies alignment has lowered by -2. [Alignment: 757]

Mon Dec 17 04:40:23 2018 :: Testies alignment has lowered by -2. [Alignment: 759]

Mon Dec 17 04:40:30 2018 :: Testies alignment has lowered by -2. [Alignment: 761]

Mon Dec 17 04:40:36 2018 :: Testies alignment has lowered by -2. [Alignment: 763]

Mon Dec 17 04:40:42 2018 :: Testies alignment has lowered by -2. [Alignment: 765]

Mon Dec 17 04:42:01 2018 :: Log Testies: clone swa
Mon Dec 17 04:42:32 2018 :: Testies alignment has lowered by -12. [Alignment: 753]

Mon Dec 17 04:42:45 2018 :: Testies alignment has lowered by -12. [Alignment: 741]

Mon Dec 17 04:43:06 2018 :: Log Testies: load mob 25208
Mon Dec 17 04:43:07 2018 :: Log Testies: load mob 25208
Mon Dec 17 04:43:07 2018 :: Log Testies: load mob 25208
Mon Dec 17 04:43:07 2018 :: Log Testies: load mob 25208
Mon Dec 17 04:43:07 2018 :: Log Testies: load mob 25208
Mon Dec 17 04:43:08 2018 :: Log Testies: load mob 25208
Mon Dec 17 04:43:08 2018 :: Log Testies: load mob 25208
Mon Dec 17 04:43:08 2018 :: Log Testies: load mob 25208
Mon Dec 17 04:43:08 2018 :: Log Testies: load mob 25208
Mon Dec 17 04:43:09 2018 :: Log Testies: load mob 25208
Mon Dec 17 04:43:09 2018 :: Log Testies: load mob 25208
Mon Dec 17 04:43:09 2018 :: Log Testies: load mob 25208
Mon Dec 17 04:43:09 2018 :: Log Testies: load mob 25208
Mon Dec 17 04:43:10 2018 :: Log Testies: load mob 25208
Mon Dec 17 04:43:10 2018 :: Log Testies: load mob 25208
Mon Dec 17 04:43:10 2018 :: Log Testies: load mob 25208
Mon Dec 17 04:43:10 2018 :: Log Testies: load mob 25208
Mon Dec 17 04:43:11 2018 :: Log Testies: load mob 25208
Mon Dec 17 04:43:11 2018 :: Log Testies: load mob 25208
Mon Dec 17 04:43:11 2018 :: Log Testies: load mob 25208
Mon Dec 17 04:43:11 2018 :: Log Testies: load mob 25208
Mon Dec 17 04:43:12 2018 :: Log Testies: load mob 25208
Mon Dec 17 04:43:12 2018 :: Log Testies: load mob 25208
Mon Dec 17 04:43:12 2018 :: Log Testies: load mob 25208
Mon Dec 17 04:43:12 2018 :: Log Testies: load mob 25208
Mon Dec 17 04:43:13 2018 :: Log Testies: load mob 25208
Mon Dec 17 04:43:13 2018 :: Log Testies: load mob 25208
Mon Dec 17 04:43:13 2018 :: Log Testies: load mob 25208
Mon Dec 17 04:43:13 2018 :: Log Testies: load mob 25208
Mon Dec 17 04:43:14 2018 :: Log Testies: load mob 25208
Mon Dec 17 04:43:14 2018 :: Log Testies: load mob 25208
Mon Dec 17 04:43:14 2018 :: Log Testies: load mob 25208
Mon Dec 17 04:43:14 2018 :: Log Testies: load mob 25208
Mon Dec 17 04:43:15 2018 :: Log Testies: load mob 25208
Mon Dec 17 04:43:15 2018 :: Log Testies: load mob 25208
Mon Dec 17 04:43:15 2018 :: Log Testies: load mob 25208
Mon Dec 17 04:43:15 2018 :: Log Testies: load mob 25208
Mon Dec 17 04:43:16 2018 :: Log Testies: load mob 25208
Mon Dec 17 04:43:16 2018 :: Log Testies: load mob 25208
Mon Dec 17 04:43:16 2018 :: Log Testies: load mob 25208
Mon Dec 17 04:43:16 2018 :: Log Testies: load mob 25208
Mon Dec 17 04:43:17 2018 :: Log Testies: load mob 25208
Mon Dec 17 04:43:17 2018 :: Log Testies: load mob 25208
Mon Dec 17 04:43:17 2018 :: Log Testies: load mob 25208
Mon Dec 17 04:43:17 2018 :: Log Testies: load mob 25208
Mon Dec 17 04:43:18 2018 :: Log Testies: load mob 25208
Mon Dec 17 04:43:18 2018 :: Log Testies: load mob 25208
Mon Dec 17 04:43:18 2018 :: Log Testies: load mob 25208
Mon Dec 17 04:43:19 2018 :: Log Testies: load mob 25208
Mon Dec 17 04:43:19 2018 :: Log Testies: load mob 25208
Mon Dec 17 04:43:19 2018 :: Log Testies: load mob 25208
Mon Dec 17 04:43:19 2018 :: Log Testies: load mob 25208
Mon Dec 17 04:43:20 2018 :: Testies alignment has lowered by 0. [Alignment: 741]

Mon Dec 17 04:43:26 2018 :: Testies alignment has lowered by 0. [Alignment: 741]

Mon Dec 17 04:43:32 2018 :: Testies alignment has lowered by 0. [Alignment: 741]

Mon Dec 17 04:43:41 2018 :: Testies alignment has lowered by 0. [Alignment: 741]

Mon Dec 17 04:43:45 2018 :: Testies alignment has lowered by 0. [Alignment: 741]

Mon Dec 17 04:43:56 2018 :: Testies alignment has lowered by 0. [Alignment: 741]

Mon Dec 17 04:43:59 2018 :: Testies alignment has lowered by 0. [Alignment: 741]

Mon Dec 17 04:44:08 2018 :: Testies alignment has lowered by 0. [Alignment: 741]

Mon Dec 17 04:44:10 2018 :: Testies alignment has lowered by 0. [Alignment: 741]

Mon Dec 17 04:44:16 2018 :: Testies alignment has lowered by 0. [Alignment: 741]

Mon Dec 17 04:44:24 2018 :: Testies alignment has lowered by 0. [Alignment: 741]

Mon Dec 17 04:44:29 2018 :: Testies alignment has lowered by 0. [Alignment: 741]

Mon Dec 17 04:44:35 2018 :: Testies alignment has lowered by 0. [Alignment: 741]

Mon Dec 17 04:44:41 2018 :: Testies alignment has lowered by 0. [Alignment: 741]

Mon Dec 17 04:44:48 2018 :: Testies alignment has lowered by 0. [Alignment: 741]

Mon Dec 17 04:44:57 2018 :: Testies alignment has lowered by 0. [Alignment: 741]

Mon Dec 17 04:45:03 2018 :: Testies alignment has lowered by 0. [Alignment: 741]

Mon Dec 17 04:45:09 2018 :: Testies alignment has lowered by 0. [Alignment: 741]

Mon Dec 17 04:45:13 2018 :: Testies alignment has lowered by 0. [Alignment: 741]

Mon Dec 17 04:45:21 2018 :: Testies alignment has lowered by 0. [Alignment: 741]

Mon Dec 17 04:45:27 2018 :: Testies alignment has lowered by 0. [Alignment: 741]

Mon Dec 17 04:45:32 2018 :: Testies alignment has lowered by 0. [Alignment: 741]

Mon Dec 17 04:45:39 2018 :: Testies alignment has lowered by 0. [Alignment: 741]

Mon Dec 17 04:45:45 2018 :: Testies alignment has lowered by 0. [Alignment: 741]

Mon Dec 17 04:45:51 2018 :: Testies alignment has lowered by 0. [Alignment: 741]

Mon Dec 17 04:45:57 2018 :: Testies alignment has lowered by 0. [Alignment: 741]

Mon Dec 17 04:46:03 2018 :: Testies alignment has lowered by 0. [Alignment: 741]

Mon Dec 17 04:46:10 2018 :: Testies alignment has lowered by 0. [Alignment: 741]

Mon Dec 17 04:46:18 2018 :: Testies alignment has lowered by 0. [Alignment: 741]

Mon Dec 17 04:46:24 2018 :: Testies alignment has lowered by 0. [Alignment: 741]

Mon Dec 17 04:46:28 2018 :: Testies alignment has lowered by 0. [Alignment: 741]

Mon Dec 17 04:46:36 2018 :: Testies alignment has lowered by 0. [Alignment: 741]

Mon Dec 17 04:46:42 2018 :: Testies alignment has lowered by 0. [Alignment: 741]

Mon Dec 17 04:46:48 2018 :: Testies alignment has lowered by 0. [Alignment: 741]

Mon Dec 17 04:46:53 2018 :: Testies alignment has lowered by 0. [Alignment: 741]

Mon Dec 17 04:47:01 2018 :: Testies alignment has lowered by 0. [Alignment: 741]

Mon Dec 17 04:47:07 2018 :: Testies alignment has lowered by 0. [Alignment: 741]

Mon Dec 17 04:47:12 2018 :: Testies alignment has lowered by 0. [Alignment: 741]

Mon Dec 17 04:47:19 2018 :: Testies alignment has lowered by 0. [Alignment: 741]

Mon Dec 17 04:47:25 2018 :: Testies alignment has lowered by 0. [Alignment: 741]

Mon Dec 17 04:47:34 2018 :: Testies alignment has lowered by 0. [Alignment: 741]

Mon Dec 17 04:47:40 2018 :: Testies alignment has lowered by 0. [Alignment: 741]

Mon Dec 17 04:47:44 2018 :: Testies alignment has lowered by 0. [Alignment: 741]

Mon Dec 17 04:47:50 2018 :: Testies alignment has lowered by 0. [Alignment: 741]

Mon Dec 17 04:47:56 2018 :: Testies alignment has lowered by 0. [Alignment: 741]

Mon Dec 17 04:47:56 2018 :: Testies weapon has been smited!

Mon Dec 17 04:52:04 2018 :: Log Testies: save
