Mon Dec 17 18:15:34 2018 :: LOADING COMM TABLE
Mon Dec 17 18:15:34 2018 ::  INIT OK 
Mon Dec 17 18:15:34 2018 :: Ended LOADING COMM TABLE
Mon Dec 17 18:15:34 2018 :: Ended Fixing Exits
Mon Dec 17 18:15:34 2018 :: Called for vnum: 3715 to modify as: 1 as gameload.
Mon Dec 17 18:15:34 2018 :: Vnum 3715|Signval: 1|Gameload|Total: 1
Mon Dec 17 18:15:34 2018 :: Called for vnum: 717 to modify as: 1 as gameload.
Mon Dec 17 18:15:34 2018 :: Vnum 717|Signval: 1|Gameload|Total: 1
Mon Dec 17 18:15:34 2018 :: Called for vnum: 717 to modify as: 1 as gameload.
Mon Dec 17 18:15:34 2018 :: Vnum 717|Signval: 1|Gameload|Total: 2
Mon Dec 17 18:15:34 2018 :: Called for vnum: 911 to modify as: 1 as gameload.
Mon Dec 17 18:15:34 2018 :: Vnum 911|Signval: 1|Gameload|Total: 1
Mon Dec 17 18:15:34 2018 :: Called for vnum: 911 to modify as: 1 as gameload.
Mon Dec 17 18:15:34 2018 :: Vnum 911|Signval: 1|Gameload|Total: 2
Mon Dec 17 18:15:34 2018 :: Called for vnum: 1388 to modify as: 1 as gameload.
Mon Dec 17 18:15:34 2018 :: Vnum 1388|Signval: 1|Gameload|Total: 1
Mon Dec 17 18:15:34 2018 :: Called for vnum: 7664 to modify as: 1 as gameload.
Mon Dec 17 18:15:34 2018 :: Vnum 7664|Signval: 1|Gameload|Total: 1
Mon Dec 17 18:15:34 2018 :: Called for vnum: 7665 to modify as: 1 as gameload.
Mon Dec 17 18:15:34 2018 :: Vnum 7665|Signval: 1|Gameload|Total: 1
Mon Dec 17 18:15:34 2018 :: Called for vnum: 17713 to modify as: 1 as gameload.
Mon Dec 17 18:15:34 2018 :: Vnum 17713|Signval: 1|Gameload|Total: 1
Mon Dec 17 18:15:34 2018 :: [*****] BUG: Equip_char: already equipped (-1).
Mon Dec 17 18:15:34 2018 :: Called for vnum: 10051 to modify as: 1 as gameload.
Mon Dec 17 18:15:34 2018 :: Vnum 10051|Signval: 1|Gameload|Total: 1
Mon Dec 17 18:15:34 2018 :: Called for vnum: 10051 to modify as: 1 as gameload.
Mon Dec 17 18:15:34 2018 :: Vnum 10051|Signval: 1|Gameload|Total: 2
Mon Dec 17 18:15:34 2018 :: [*****] BUG: Equip_char: already equipped (5).
Mon Dec 17 18:15:34 2018 :: [*****] BUG: Equip_char: already equipped (-1).
Mon Dec 17 18:15:34 2018 :: [*****] BUG: Equip_char: already equipped (-1).
Mon Dec 17 18:15:34 2018 :: [*****] BUG: Equip_char: already equipped (-1).
Mon Dec 17 18:15:34 2018 :: [*****] BUG: Equip_char: already equipped (-1).
Mon Dec 17 18:15:34 2018 :: [*****] BUG: Equip_char: already equipped (-1).
Mon Dec 17 18:15:34 2018 :: [*****] BUG: Equip_char: already equipped (-1).
Mon Dec 17 18:15:34 2018 :: [*****] BUG: Equip_char: already equipped (-1).
Mon Dec 17 18:15:34 2018 :: Called for vnum: 29215 to modify as: 1 as gameload.
Mon Dec 17 18:15:34 2018 :: Vnum 29215|Signval: 1|Gameload|Total: 1
Mon Dec 17 18:15:34 2018 :: Called for vnum: 29215 to modify as: 1 as gameload.
Mon Dec 17 18:15:34 2018 :: Vnum 29215|Signval: 1|Gameload|Total: 2
Mon Dec 17 18:15:34 2018 :: [*****] BUG: Equip_char: already equipped (-1).
Mon Dec 17 18:15:34 2018 :: Called for vnum: 29240 to modify as: 1 as gameload.
Mon Dec 17 18:15:34 2018 :: Vnum 29240|Signval: 1|Gameload|Total: 1
Mon Dec 17 18:15:34 2018 :: Called for vnum: 29240 to modify as: 1 as gameload.
Mon Dec 17 18:15:34 2018 :: Vnum 29240|Signval: 1|Gameload|Total: 2
Mon Dec 17 18:15:34 2018 :: Called for vnum: 29240 to modify as: 1 as gameload.
Mon Dec 17 18:15:34 2018 :: Vnum 29240|Signval: 1|Gameload|Total: 3
Mon Dec 17 18:15:34 2018 :: Called for vnum: 28114 to modify as: 1 as gameload.
Mon Dec 17 18:15:34 2018 :: Vnum 28114|Signval: 1|Gameload|Total: 1
Mon Dec 17 18:15:34 2018 :: Ended Area Update
Mon Dec 17 18:15:34 2018 :: Ended Loading Notes
Mon Dec 17 18:15:34 2018 :: Ended Loading Ban
Mon Dec 17 18:15:34 2018 :: Ended Loading Pkills
Mon Dec 17 18:15:34 2018 :: TOC is ready to rock on port 9000.
Mon Dec 17 18:15:34 2018 :: Setting up signals.
Mon Dec 17 18:15:36 2018 :: Sock.sinaddr:  127.0.0.1
Mon Dec 17 18:15:36 2018 :: Sock.sinaddr:  127.0.0.1
Mon Dec 17 18:15:37 2018 :: Loading Killuminati's playerfile
Mon Dec 17 18:15:37 2018 :: Loading Testies's playerfile
Mon Dec 17 18:15:37 2018 :: Killuminati@localhost has connected. [Room: 1]
Mon Dec 17 18:15:37 2018 :: Testies@localhost has connected. [Room: 25265]
Mon Dec 17 18:17:28 2018 :: Testies has quit. [Room: 25265]
Mon Dec 17 18:18:09 2018 :: Log Killuminati: compon
Mon Dec 17 18:18:10 2018 :: Log Killuminati: compon
Mon Dec 17 18:18:10 2018 :: Log Killuminati: compon
Mon Dec 17 18:18:10 2018 :: Log Killuminati: compon
Mon Dec 17 18:18:10 2018 :: Log Killuminati: compon
Mon Dec 17 18:19:01 2018 :: Log Killuminati: load obj 80
Mon Dec 17 20:10:27 2018 :: Sock.sinaddr:  173.22.228.146
Mon Dec 17 20:10:29 2018 :: Loading Kyrus's playerfile
Mon Dec 17 20:10:29 2018 :: Kyrus@173-22-228-146.client.mchsi.com has connected. [Room: 29003]
Mon Dec 17 20:10:32 2018 :: Log Kyrus: who
Mon Dec 17 20:10:34 2018 :: Log Kyrus: 
Mon Dec 17 20:10:35 2018 :: Log Kyrus: get key
Mon Dec 17 20:10:37 2018 :: Log Kyrus: time
Mon Dec 17 20:10:40 2018 :: Log Kyrus: kill gu
Mon Dec 17 20:10:50 2018 :: Kyrus alignment has lowered by -7. [Alignment: 993]

Mon Dec 17 20:10:52 2018 :: Log Kyrus: get key cor
Mon Dec 17 20:10:53 2018 :: Log Kyrus: recal
Mon Dec 17 20:10:53 2018 :: Log Kyrus: 
Mon Dec 17 20:10:55 2018 :: Log Kyrus: put all.key pit
Mon Dec 17 20:10:56 2018 :: Log Kyrus: get key pit
Mon Dec 17 20:10:58 2018 :: Log Kyrus: r e 4
Mon Dec 17 20:10:58 2018 :: Log Kyrus: 
Mon Dec 17 20:10:59 2018 :: Log Kyrus: 
Mon Dec 17 20:11:02 2018 :: Log Kyrus: r e 8
Mon Dec 17 20:11:02 2018 :: Log Kyrus: open east
Mon Dec 17 20:11:02 2018 :: Log Kyrus: r e 19
Mon Dec 17 20:11:03 2018 :: Log Kyrus: r n 6
Mon Dec 17 20:11:03 2018 :: Log Kyrus: open north
Mon Dec 17 20:11:04 2018 :: Log Kyrus: r n 8
Mon Dec 17 20:11:05 2018 :: Log Kyrus: wo
Mon Dec 17 20:11:06 2018 :: Log Kyrus: 
Mon Dec 17 20:11:09 2018 :: Log Kyrus: unl north
Mon Dec 17 20:11:09 2018 :: Log Kyrus: open north
Mon Dec 17 20:11:10 2018 :: Log Kyrus: drop key
Mon Dec 17 20:11:11 2018 :: Log Kyrus: 
Mon Dec 17 20:11:11 2018 :: Log Kyrus: 
Mon Dec 17 20:11:17 2018 :: Log Kyrus: 
Mon Dec 17 20:11:18 2018 :: Log Kyrus: 
Mon Dec 17 20:11:19 2018 :: Log Kyrus: wo
Mon Dec 17 20:11:21 2018 :: Log Kyrus: af
Mon Dec 17 20:11:24 2018 :: Log Kyrus: kill cl
Mon Dec 17 20:11:53 2018 :: Kyrus alignment has lowered by -12. [Alignment: 981]

Mon Dec 17 20:11:53 2018 :: [XP TRACK]: Kyrus (Level 55) gained 222 XP from 'killer clown guy' (Level 59).
Mon Dec 17 20:11:53 2018 :: [XP_EXCEL]: Kyrus;55;222;killer clown guy;59
Mon Dec 17 20:12:01 2018 :: Log Kyrus: 
Mon Dec 17 20:12:02 2018 :: Log Kyrus: kill cl
Mon Dec 17 20:12:33 2018 :: Kyrus alignment has lowered by -12. [Alignment: 969]

Mon Dec 17 20:12:33 2018 :: [XP TRACK]: Kyrus (Level 55) gained 241 XP from 'killer clown guy' (Level 59).
Mon Dec 17 20:12:33 2018 :: [XP_EXCEL]: Kyrus;55;241;killer clown guy;59
Mon Dec 17 20:12:57 2018 :: Kyrus alignment has lowered by -12. [Alignment: 957]

Mon Dec 17 20:12:57 2018 :: [XP TRACK]: Kyrus (Level 55) gained 281 XP from 'killer clown guy' (Level 59).
Mon Dec 17 20:12:57 2018 :: [XP_EXCEL]: Kyrus;55;281;killer clown guy;59
Mon Dec 17 20:13:03 2018 :: Log Kyrus: l
Mon Dec 17 20:13:05 2018 :: Log Kyrus: 
Mon Dec 17 20:13:07 2018 :: Log Kyrus: eq
Mon Dec 17 20:13:10 2018 :: Log Kyrus: i
Mon Dec 17 20:13:12 2018 :: Log Kyrus: wear scep
Mon Dec 17 20:13:13 2018 :: Log Kyrus: l
Mon Dec 17 20:13:15 2018 :: Log Kyrus: kill cl
Mon Dec 17 20:13:40 2018 :: Log Kyrus: l
Mon Dec 17 20:13:48 2018 :: Kyrus alignment has lowered by -12. [Alignment: 945]

Mon Dec 17 20:13:48 2018 :: [XP TRACK]: Kyrus (Level 55) gained 255 XP from 'killer clown guy' (Level 59).
Mon Dec 17 20:13:48 2018 :: [XP_EXCEL]: Kyrus;55;255;killer clown guy;59
Mon Dec 17 20:13:54 2018 :: Log Kyrus: sm
Mon Dec 17 20:14:01 2018 :: Log Kyrus: sm
Mon Dec 17 20:14:15 2018 :: Kyrus alignment has lowered by -11. [Alignment: 934]

Mon Dec 17 20:14:15 2018 :: [XP TRACK]: Kyrus (Level 55) gained 260 XP from 'killer clown guy' (Level 59).
Mon Dec 17 20:14:15 2018 :: [XP_EXCEL]: Kyrus;55;260;killer clown guy;59
Mon Dec 17 20:14:19 2018 :: Log Kyrus: sm
Mon Dec 17 20:14:35 2018 :: Log Kyrus: k
Mon Dec 17 20:14:36 2018 :: Kyrus alignment has lowered by -11. [Alignment: 923]

Mon Dec 17 20:14:36 2018 :: [XP TRACK]: Kyrus (Level 55) gained 316 XP from 'killer clown guy' (Level 59).
Mon Dec 17 20:14:36 2018 :: [XP_EXCEL]: Kyrus;55;316;killer clown guy;59
Mon Dec 17 20:14:39 2018 :: Log Kyrus: l
Mon Dec 17 20:14:45 2018 :: Log Kyrus: sac cor
Mon Dec 17 20:14:45 2018 :: Log Kyrus: sac cor
Mon Dec 17 20:14:46 2018 :: Log Kyrus: sac cor
Mon Dec 17 20:14:46 2018 :: Log Kyrus: i
Mon Dec 17 20:14:51 2018 :: Log Kyrus: wo
Mon Dec 17 20:14:52 2018 :: Log Kyrus: recla
Mon Dec 17 20:14:54 2018 :: Log Kyrus: recal
Mon Dec 17 20:14:55 2018 :: Log Kyrus: r e 3
Mon Dec 17 20:14:56 2018 :: Log Kyrus: 
Mon Dec 17 20:14:56 2018 :: Log Kyrus: 
Mon Dec 17 20:14:59 2018 :: Log Kyrus: r e 8
Mon Dec 17 20:14:59 2018 :: Log Kyrus: open east
Mon Dec 17 20:14:59 2018 :: Log Kyrus: r e 19
Mon Dec 17 20:15:00 2018 :: Log Kyrus: r n 6
Mon Dec 17 20:15:00 2018 :: Log Kyrus: open north
Mon Dec 17 20:15:01 2018 :: Log Kyrus: r n 8
Mon Dec 17 20:15:05 2018 :: Log Kyrus: quit
Mon Dec 17 20:15:05 2018 :: Kyrus has quit. [Room: 29003]
Mon Dec 17 20:15:05 2018 :: Called for vnum: 29240 to modify as: -1 as playerload.
Mon Dec 17 20:15:05 2018 :: Vnum 29240|Signval: -1|!Gameload|Total: 4
Mon Dec 17 20:15:05 2018 :: Called for vnum: 29240 to modify as: 1 as playerload.
Mon Dec 17 20:15:05 2018 :: Vnum 29240|Signval: 1|!Gameload|Total: 3
Mon Dec 17 20:15:05 2018 :: Called for vnum: 29215 to modify as: -1 as playerload.
Mon Dec 17 20:15:05 2018 :: Vnum 29215|Signval: -1|!Gameload|Total: 3
Mon Dec 17 20:15:05 2018 :: Called for vnum: 29215 to modify as: 1 as playerload.
Mon Dec 17 20:15:05 2018 :: Vnum 29215|Signval: 1|!Gameload|Total: 2
Mon Dec 17 20:15:05 2018 :: Called for vnum: 717 to modify as: -1 as playerload.
Mon Dec 17 20:15:05 2018 :: Vnum 717|Signval: -1|!Gameload|Total: 3
Mon Dec 17 20:15:05 2018 :: Called for vnum: 717 to modify as: 1 as playerload.
Mon Dec 17 20:15:05 2018 :: Vnum 717|Signval: 1|!Gameload|Total: 2
Mon Dec 17 20:15:05 2018 :: Called for vnum: 717 to modify as: -1 as playerload.
Mon Dec 17 20:15:05 2018 :: Vnum 717|Signval: -1|!Gameload|Total: 3
Mon Dec 17 20:15:05 2018 :: Called for vnum: 717 to modify as: 1 as playerload.
Mon Dec 17 20:15:05 2018 :: Vnum 717|Signval: 1|!Gameload|Total: 2
Mon Dec 17 20:15:05 2018 :: Called for vnum: 3715 to modify as: -1 as playerload.
Mon Dec 17 20:15:05 2018 :: Vnum 3715|Signval: -1|!Gameload|Total: 2
Mon Dec 17 20:15:05 2018 :: Called for vnum: 3715 to modify as: 1 as playerload.
Mon Dec 17 20:15:05 2018 :: Vnum 3715|Signval: 1|!Gameload|Total: 1
