Sun Oct 28 01:14:46 2018 :: LOADING COMM TABLE
Sun Oct 28 01:14:46 2018 ::  INIT OK 
Sun Oct 28 01:14:46 2018 :: Ended LOADING COMM TABLE
Sun Oct 28 01:14:46 2018 :: Ended Fixing Exits
Sun Oct 28 01:14:46 2018 :: MAXLOAD: vnum 3715 maxed out.
Sun Oct 28 01:14:46 2018 :: MAXLOAD: vnum 717 maxed out.
Sun Oct 28 01:14:46 2018 :: MAXLOAD: vnum 717 maxed out.
Sun Oct 28 01:14:46 2018 :: MAXLOAD: vnum 911 maxed out.
Sun Oct 28 01:14:46 2018 :: MAXLOAD: vnum 911 maxed out.
Sun Oct 28 01:14:46 2018 :: MAXLOAD: vnum 1388 maxed out.
Sun Oct 28 01:14:46 2018 :: Called for vnum: 7664 to modify as: 1 as gameload.
Sun Oct 28 01:14:46 2018 :: Vnum 7664|Signval: 1|Gameload|Total: 1
Sun Oct 28 01:14:46 2018 :: Called for vnum: 7665 to modify as: 1 as gameload.
Sun Oct 28 01:14:46 2018 :: Vnum 7665|Signval: 1|Gameload|Total: 1
Sun Oct 28 01:14:46 2018 :: MAXLOAD: vnum 17713 maxed out.
Sun Oct 28 01:14:46 2018 :: [*****] BUG: Equip_char: already equipped (-1).
Sun Oct 28 01:14:46 2018 :: [*****] BUG: Affect_modify: unknown location 25.
Sun Oct 28 01:14:46 2018 :: [*****] BUG: Affect_modify: unknown location 25.
Sun Oct 28 01:14:46 2018 :: Called for vnum: 10051 to modify as: 1 as gameload.
Sun Oct 28 01:14:46 2018 :: Vnum 10051|Signval: 1|Gameload|Total: 1
Sun Oct 28 01:14:46 2018 :: Called for vnum: 10051 to modify as: 1 as gameload.
Sun Oct 28 01:14:46 2018 :: Vnum 10051|Signval: 1|Gameload|Total: 2
Sun Oct 28 01:14:46 2018 :: [*****] BUG: Equip_char: already equipped (5).
Sun Oct 28 01:14:46 2018 :: [*****] BUG: Equip_char: already equipped (-1).
Sun Oct 28 01:14:46 2018 :: [*****] BUG: Equip_char: already equipped (-1).
Sun Oct 28 01:14:46 2018 :: [*****] BUG: Equip_char: already equipped (-1).
Sun Oct 28 01:14:46 2018 :: [*****] BUG: Equip_char: already equipped (-1).
Sun Oct 28 01:14:46 2018 :: [*****] BUG: Equip_char: already equipped (-1).
Sun Oct 28 01:14:46 2018 :: [*****] BUG: Equip_char: already equipped (-1).
Sun Oct 28 01:14:46 2018 :: [*****] BUG: Equip_char: already equipped (-1).
Sun Oct 28 01:14:46 2018 :: Called for vnum: 29215 to modify as: 1 as gameload.
Sun Oct 28 01:14:46 2018 :: Vnum 29215|Signval: 1|Gameload|Total: 1
Sun Oct 28 01:14:46 2018 :: Called for vnum: 29215 to modify as: 1 as gameload.
Sun Oct 28 01:14:46 2018 :: Vnum 29215|Signval: 1|Gameload|Total: 2
Sun Oct 28 01:14:46 2018 :: [*****] BUG: Equip_char: already equipped (-1).
Sun Oct 28 01:14:46 2018 :: Called for vnum: 29240 to modify as: 1 as gameload.
Sun Oct 28 01:14:46 2018 :: Vnum 29240|Signval: 1|Gameload|Total: 1
Sun Oct 28 01:14:46 2018 :: Called for vnum: 29240 to modify as: 1 as gameload.
Sun Oct 28 01:14:46 2018 :: Vnum 29240|Signval: 1|Gameload|Total: 2
Sun Oct 28 01:14:46 2018 :: Called for vnum: 29240 to modify as: 1 as gameload.
Sun Oct 28 01:14:46 2018 :: Vnum 29240|Signval: 1|Gameload|Total: 3
Sun Oct 28 01:14:46 2018 :: MAXLOAD: vnum 28114 maxed out.
Sun Oct 28 01:14:46 2018 :: Ended Area Update
Sun Oct 28 01:14:46 2018 :: Ended Loading Notes
Sun Oct 28 01:14:46 2018 :: Ended Loading Ban
Sun Oct 28 01:14:46 2018 :: Ended Loading Pkills
Sun Oct 28 01:14:46 2018 :: TOC is ready to rock on port 9000.
Sun Oct 28 01:14:46 2018 :: Setting up signals.
Sun Oct 28 01:14:48 2018 :: Automated backup complete.
tar: Removing leading `../' from member names
