Sun Oct 28 14:17:15 2018 :: LOADING COMM TABLE
Sun Oct 28 14:17:15 2018 ::  INIT OK 
Sun Oct 28 14:17:15 2018 :: Ended LOADING COMM TABLE
Sun Oct 28 14:17:15 2018 :: Ended Fixing Exits
Sun Oct 28 14:17:15 2018 :: MAXLOAD: vnum 3715 maxed out.
Sun Oct 28 14:17:15 2018 :: MAXLOAD: vnum 717 maxed out.
Sun Oct 28 14:17:15 2018 :: MAXLOAD: vnum 717 maxed out.
Sun Oct 28 14:17:15 2018 :: MAXLOAD: vnum 911 maxed out.
Sun Oct 28 14:17:15 2018 :: MAXLOAD: vnum 911 maxed out.
Sun Oct 28 14:17:15 2018 :: MAXLOAD: vnum 1388 maxed out.
Sun Oct 28 14:17:15 2018 :: Called for vnum: 7664 to modify as: 1 as gameload.
Sun Oct 28 14:17:15 2018 :: Vnum 7664|Signval: 1|Gameload|Total: 1
Sun Oct 28 14:17:15 2018 :: Called for vnum: 7665 to modify as: 1 as gameload.
Sun Oct 28 14:17:15 2018 :: Vnum 7665|Signval: 1|Gameload|Total: 1
Sun Oct 28 14:17:15 2018 :: MAXLOAD: vnum 17713 maxed out.
Sun Oct 28 14:17:15 2018 :: [*****] BUG: Equip_char: already equipped (-1).
Sun Oct 28 14:17:15 2018 :: [*****] BUG: Affect_modify: unknown location 25.
Sun Oct 28 14:17:15 2018 :: [*****] BUG: Affect_modify: unknown location 25.
Sun Oct 28 14:17:15 2018 :: Called for vnum: 10051 to modify as: 1 as gameload.
Sun Oct 28 14:17:15 2018 :: Vnum 10051|Signval: 1|Gameload|Total: 1
Sun Oct 28 14:17:15 2018 :: Called for vnum: 10051 to modify as: 1 as gameload.
Sun Oct 28 14:17:15 2018 :: Vnum 10051|Signval: 1|Gameload|Total: 2
Sun Oct 28 14:17:15 2018 :: [*****] BUG: Equip_char: already equipped (5).
Sun Oct 28 14:17:15 2018 :: [*****] BUG: Equip_char: already equipped (-1).
Sun Oct 28 14:17:15 2018 :: [*****] BUG: Equip_char: already equipped (-1).
Sun Oct 28 14:17:15 2018 :: [*****] BUG: Equip_char: already equipped (-1).
Sun Oct 28 14:17:15 2018 :: [*****] BUG: Equip_char: already equipped (-1).
Sun Oct 28 14:17:15 2018 :: [*****] BUG: Equip_char: already equipped (-1).
Sun Oct 28 14:17:15 2018 :: [*****] BUG: Equip_char: already equipped (-1).
Sun Oct 28 14:17:15 2018 :: [*****] BUG: Equip_char: already equipped (-1).
Sun Oct 28 14:17:15 2018 :: Called for vnum: 29215 to modify as: 1 as gameload.
Sun Oct 28 14:17:15 2018 :: Vnum 29215|Signval: 1|Gameload|Total: 1
Sun Oct 28 14:17:15 2018 :: Called for vnum: 29215 to modify as: 1 as gameload.
Sun Oct 28 14:17:15 2018 :: Vnum 29215|Signval: 1|Gameload|Total: 2
Sun Oct 28 14:17:15 2018 :: Called for vnum: 29240 to modify as: 1 as gameload.
Sun Oct 28 14:17:15 2018 :: Vnum 29240|Signval: 1|Gameload|Total: 1
Sun Oct 28 14:17:15 2018 :: Called for vnum: 29240 to modify as: 1 as gameload.
Sun Oct 28 14:17:15 2018 :: Vnum 29240|Signval: 1|Gameload|Total: 2
Sun Oct 28 14:17:15 2018 :: Called for vnum: 29240 to modify as: 1 as gameload.
Sun Oct 28 14:17:15 2018 :: Vnum 29240|Signval: 1|Gameload|Total: 3
Sun Oct 28 14:17:15 2018 :: MAXLOAD: vnum 28114 maxed out.
Sun Oct 28 14:17:15 2018 :: Ended Area Update
Sun Oct 28 14:17:15 2018 :: Ended Loading Notes
Sun Oct 28 14:17:15 2018 :: Ended Loading Ban
Sun Oct 28 14:17:15 2018 :: Ended Loading Pkills
Sun Oct 28 14:17:15 2018 :: TOC is ready to rock on port 9000.
Sun Oct 28 14:17:15 2018 :: Setting up signals.
Sun Oct 28 14:17:15 2018 :: Automated backup complete.
tar: Removing leading `../' from member names
Mon Oct 29 14:18:05 2018 :: Automated backup complete.
tar: Removing leading `../' from member names
Mon Oct 29 20:30:26 2018 :: Sock.sinaddr:  173.22.228.146
Mon Oct 29 20:30:27 2018 :: Loading Kyrus's playerfile
Mon Oct 29 20:30:28 2018 :: Kyrus@173-22-228-146.client.mchsi.com has connected. [Room: 16003]
Mon Oct 29 20:30:30 2018 :: Log Kyrus: gr
Mon Oct 29 20:30:33 2018 :: Log Kyrus: eq
Mon Oct 29 20:30:35 2018 :: Sock.sinaddr:  192.168.1.1
Mon Oct 29 20:30:35 2018 :: Log Kyrus: rem ex
Mon Oct 29 20:30:36 2018 :: Loading Killuminati's playerfile
Mon Oct 29 20:30:36 2018 :: Log Kyrus: i
Mon Oct 29 20:30:36 2018 :: Killuminati@192.168.1.1 has connected. [Room: 2484]
Mon Oct 29 20:30:39 2018 :: Log Kyrus: wear sc
Mon Oct 29 20:30:40 2018 :: Log Kyrus: sc
Mon Oct 29 20:30:43 2018 :: Log Kyrus: recal
Mon Oct 29 20:30:44 2018 :: Log Kyrus: rem exc
Mon Oct 29 20:30:58 2018 :: Log Kyrus: tell killuminati moo at kyrus cast 'remove curse' kyrus
Mon Oct 29 20:31:00 2018 :: Log Kyrus: rem exc
Mon Oct 29 20:31:03 2018 :: Log Kyrus: r e 3
Mon Oct 29 20:31:03 2018 :: Log Kyrus: 
Mon Oct 29 20:31:04 2018 :: Log Kyrus: 
Mon Oct 29 20:31:11 2018 :: Log Kyrus: r e 8
Mon Oct 29 20:31:11 2018 :: Log Kyrus: open east
Mon Oct 29 20:31:12 2018 :: Log Kyrus: r e 19
Mon Oct 29 20:31:12 2018 :: Log Kyrus: r n 6
Mon Oct 29 20:31:13 2018 :: Log Kyrus: open north
Mon Oct 29 20:31:13 2018 :: Log Kyrus: r n 8
Mon Oct 29 20:31:13 2018 :: Log Kyrus: 
Mon Oct 29 20:31:14 2018 :: Log Kyrus: 
Mon Oct 29 20:31:14 2018 :: Log Kyrus: 
Mon Oct 29 20:31:14 2018 :: Log Kyrus: fi gu
Mon Oct 29 20:31:21 2018 :: Log Kyrus: wo
Mon Oct 29 20:31:21 2018 :: Log Kyrus: fi
Mon Oct 29 20:31:28 2018 :: Log Kyrus: fi
Mon Oct 29 20:31:34 2018 :: Log Kyrus: fi
Mon Oct 29 20:31:43 2018 :: Log Kyrus: fi
Mon Oct 29 20:31:52 2018 :: Log Kyrus: get gold cor
Mon Oct 29 20:31:53 2018 :: Log Kyrus: get gold cor
Mon Oct 29 20:31:53 2018 :: Log Kyrus: get gold cor
Mon Oct 29 20:32:13 2018 :: Log Kyrus: l
Mon Oct 29 20:32:16 2018 :: Log Kyrus: get key cor
Mon Oct 29 20:32:18 2018 :: Log Kyrus: unl north
Mon Oct 29 20:32:21 2018 :: Log Kyrus: drop key
Mon Oct 29 20:32:22 2018 :: Log Kyrus: open north
Mon Oct 29 20:32:22 2018 :: Log Kyrus: 
Mon Oct 29 20:32:23 2018 :: Log Kyrus: 
Mon Oct 29 20:32:24 2018 :: Log Kyrus: 
Mon Oct 29 20:32:25 2018 :: Log Kyrus: 
Mon Oct 29 20:32:25 2018 :: Log Kyrus: 
Mon Oct 29 20:32:26 2018 :: Log Kyrus: steel
Mon Oct 29 20:32:29 2018 :: Log Kyrus: iron
Mon Oct 29 20:32:36 2018 :: Log Kyrus: 
Mon Oct 29 20:32:37 2018 :: Log Kyrus: 
Mon Oct 29 20:32:38 2018 :: Log Kyrus: 
Mon Oct 29 20:32:39 2018 :: Log Kyrus: 
Mon Oct 29 20:32:40 2018 :: Log Kyrus: 
Mon Oct 29 20:32:41 2018 :: Log Kyrus: fi sk
Mon Oct 29 20:32:48 2018 :: Log Kyrus: fi sk
Mon Oct 29 20:32:54 2018 :: Log Kyrus: fi sk
Mon Oct 29 20:33:00 2018 :: Log Kyrus: tell killuminati spellup
Mon Oct 29 20:33:00 2018 :: Log Kyrus: fi sk
Mon Oct 29 20:33:03 2018 :: Log Killuminati: restore Kyrus
Mon Oct 29 20:33:03 2018 :: Log Killuminati: pecho Kyrus Thank you, come again.
Mon Oct 29 20:33:13 2018 :: Log Kyrus: 
Mon Oct 29 20:33:14 2018 :: Log Kyrus: fi sk
Mon Oct 29 20:33:20 2018 :: Log Kyrus: get belt cor
Mon Oct 29 20:33:23 2018 :: Log Kyrus: get gold cor
Mon Oct 29 20:33:24 2018 :: Log Kyrus: l i cor
Mon Oct 29 20:33:27 2018 :: Log Kyrus: 
Mon Oct 29 20:33:28 2018 :: Log Kyrus: l i cor
Mon Oct 29 20:33:30 2018 :: Log Kyrus: get gold cor
Mon Oct 29 20:33:30 2018 :: Log Kyrus: get gold cor
Mon Oct 29 20:33:31 2018 :: Log Kyrus: get gold cor
Mon Oct 29 20:33:31 2018 :: Log Kyrus: get gold cor
Mon Oct 29 20:33:33 2018 :: Log Kyrus: get pil cor
Mon Oct 29 20:33:35 2018 :: Log Kyrus: get belt cor
Mon Oct 29 20:33:36 2018 :: Log Kyrus: sc
Mon Oct 29 20:33:38 2018 :: Log Kyrus: wear belt
Mon Oct 29 20:33:41 2018 :: Log Kyrus: sc
Mon Oct 29 20:33:43 2018 :: Log Kyrus: l
Mon Oct 29 20:33:43 2018 :: Log Kyrus: fi
Mon Oct 29 20:33:50 2018 :: Log Kyrus: fi
Mon Oct 29 20:33:56 2018 :: Log Kyrus: get gold cor
Mon Oct 29 20:33:56 2018 :: Log Kyrus: get gold cor
Mon Oct 29 20:33:57 2018 :: Log Kyrus: get gold cor
Mon Oct 29 20:34:11 2018 :: Log Kyrus: fi
Mon Oct 29 20:34:17 2018 :: Log Kyrus: fi
Mon Oct 29 20:34:43 2018 :: Called for vnum: 3715 to modify as: -1 as gameload.
Mon Oct 29 20:34:43 2018 :: Vnum 3715|Signval: -1|Gameload|Total: 0
Mon Oct 29 20:34:43 2018 :: Called for vnum: 3715 to modify as: -1 as playerload.
Mon Oct 29 20:34:43 2018 :: Vnum 3715|Signval: -1|!Gameload|Total: 1
Mon Oct 29 20:35:36 2018 :: Log Kyrus: fi
Mon Oct 29 20:35:42 2018 :: Log Kyrus: get gold cor
Mon Oct 29 20:35:43 2018 :: Log Kyrus: get gold cor
Mon Oct 29 20:35:43 2018 :: Log Kyrus: get gold cor
Mon Oct 29 20:35:43 2018 :: Log Kyrus: l i cor
Mon Oct 29 20:36:11 2018 :: Log Kyrus: get gold cor
Mon Oct 29 20:36:13 2018 :: Log Kyrus: l
Mon Oct 29 20:36:15 2018 :: Log Kyrus: eq
Mon Oct 29 20:36:22 2018 :: Log Kyrus: wake
Mon Oct 29 20:36:23 2018 :: Log Kyrus: l
Mon Oct 29 20:36:25 2018 :: Log Kyrus: get piw met
Mon Oct 29 20:36:26 2018 :: Log Kyrus: wear piw
Mon Oct 29 20:36:28 2018 :: Log Kyrus: sc
Mon Oct 29 20:36:30 2018 :: Log Kyrus: wake
Mon Oct 29 20:36:31 2018 :: Log Kyrus: l
Mon Oct 29 20:36:32 2018 :: Log Kyrus: wo
Mon Oct 29 20:36:33 2018 :: Log Kyrus: sac cor
Mon Oct 29 20:36:33 2018 :: Log Kyrus: sac cor
Mon Oct 29 20:36:34 2018 :: Log Kyrus: 
Mon Oct 29 20:36:37 2018 :: Log Kyrus: tell killuminati spellup
Mon Oct 29 20:36:39 2018 :: Log Kyrus: fi
Mon Oct 29 20:36:40 2018 :: Log Killuminati: restore Kyrus
Mon Oct 29 20:36:40 2018 :: Log Killuminati: pecho Kyrus Thank you, come again.
Mon Oct 29 20:36:45 2018 :: Log Kyrus: fi
Mon Oct 29 20:36:52 2018 :: Log Kyrus: fi
Mon Oct 29 20:36:58 2018 :: Log Kyrus: fi
Mon Oct 29 20:37:04 2018 :: Log Kyrus: fi
Mon Oct 29 20:37:04 2018 :: Log Kyrus: get gold cor
Mon Oct 29 20:37:05 2018 :: Log Kyrus: get gold cor
Mon Oct 29 20:37:05 2018 :: Log Kyrus: get gold cor
Mon Oct 29 20:37:05 2018 :: Log Kyrus: l i cor
Mon Oct 29 20:37:08 2018 :: Log Kyrus: get all cor
Mon Oct 29 20:37:08 2018 :: Log Kyrus: sc
Mon Oct 29 20:37:10 2018 :: Log Kyrus: wear str
Mon Oct 29 20:37:13 2018 :: Log Kyrus: sc
Mon Oct 29 20:37:18 2018 :: Log Kyrus: wear robe
Mon Oct 29 20:37:34 2018 :: Log Kyrus: tell killuminati moo at kyrus cast 'remove curse' kyrus
Mon Oct 29 20:37:37 2018 :: Log Kyrus: wear robe
Mon Oct 29 20:37:39 2018 :: Log Kyrus: drop str
Mon Oct 29 20:37:40 2018 :: Log Kyrus: sac str
Mon Oct 29 20:37:41 2018 :: Log Kyrus: l
Mon Oct 29 20:37:42 2018 :: Log Kyrus: scan
Mon Oct 29 20:37:43 2018 :: Log Kyrus: sac cor
Mon Oct 29 20:37:45 2018 :: Log Kyrus: open east
Mon Oct 29 20:37:45 2018 :: Log Kyrus: ex
Mon Oct 29 20:37:47 2018 :: Log Kyrus: 
Mon Oct 29 20:37:48 2018 :: Log Kyrus: 
Mon Oct 29 20:37:51 2018 :: Log Kyrus: fi
Mon Oct 29 20:37:57 2018 :: Log Kyrus: fi
Mon Oct 29 20:38:03 2018 :: Log Kyrus: sc
Mon Oct 29 20:38:03 2018 :: Log Kyrus: fi
Mon Oct 29 20:38:10 2018 :: Log Kyrus: fi
Mon Oct 29 20:38:16 2018 :: Log Kyrus: fi
Mon Oct 29 20:38:22 2018 :: Log Kyrus: fi
Mon Oct 29 20:38:29 2018 :: Log Kyrus: get gold cor
Mon Oct 29 20:38:29 2018 :: Log Kyrus: get gold cor
Mon Oct 29 20:38:29 2018 :: Log Kyrus: get gold cor
Mon Oct 29 20:38:29 2018 :: Log Kyrus: l i cor
Mon Oct 29 20:38:30 2018 :: Log Kyrus: fi
Mon Oct 29 20:38:38 2018 :: Log Kyrus: sac cor
Mon Oct 29 20:38:38 2018 :: Log Kyrus: fi
Mon Oct 29 20:38:45 2018 :: Log Kyrus: fi
Mon Oct 29 20:38:59 2018 :: Log Kyrus: fi
Mon Oct 29 20:38:59 2018 :: Log Kyrus: get gold cor
Mon Oct 29 20:39:00 2018 :: Log Kyrus: get gold cor
Mon Oct 29 20:39:00 2018 :: Log Kyrus: get gold cor
Mon Oct 29 20:39:00 2018 :: Log Kyrus: l i cor
Mon Oct 29 20:39:02 2018 :: Log Kyrus: wo
Mon Oct 29 20:39:03 2018 :: Log Kyrus: sac cor
Mon Oct 29 20:39:03 2018 :: Log Kyrus: l
Mon Oct 29 20:39:06 2018 :: Log Kyrus: tell killuminati spellup
Mon Oct 29 20:39:07 2018 :: Log Kyrus: open west
Mon Oct 29 20:39:09 2018 :: Log Killuminati: restore Kyrus
Mon Oct 29 20:39:09 2018 :: Log Killuminati: pecho Kyrus Thank you, come again.
Mon Oct 29 20:39:09 2018 :: Log Kyrus: ex
Mon Oct 29 20:39:12 2018 :: Log Kyrus: 
Mon Oct 29 20:39:22 2018 :: Log Kyrus: say 8
Mon Oct 29 20:39:28 2018 :: Log Kyrus: pull 8
Mon Oct 29 20:39:33 2018 :: Log Kyrus: pull toc
Mon Oct 29 20:39:35 2018 :: Log Kyrus: l
Mon Oct 29 20:39:43 2018 :: Log Kyrus: look toc
Mon Oct 29 20:39:46 2018 :: Log Kyrus: look lever
Mon Oct 29 20:39:49 2018 :: Log Kyrus: enter 8
Mon Oct 29 20:39:51 2018 :: Log Kyrus: say 8
Mon Oct 29 20:40:02 2018 :: Log Kyrus: pull ToC
Mon Oct 29 20:40:40 2018 :: Log Kyrus: l
Mon Oct 29 20:40:45 2018 :: Log Kyrus: pull eight
Mon Oct 29 20:40:47 2018 :: Log Kyrus: look
Mon Oct 29 20:40:51 2018 :: Log Kyrus: l
Mon Oct 29 20:40:51 2018 :: Log Kyrus: 
Mon Oct 29 20:41:06 2018 :: Log Kyrus: look
Mon Oct 29 20:41:16 2018 :: Log Kyrus: 
Mon Oct 29 20:41:17 2018 :: Log Kyrus: open east
Mon Oct 29 20:41:18 2018 :: Log Kyrus: i
Mon Oct 29 20:41:21 2018 :: Log Kyrus: unl east
Mon Oct 29 20:41:26 2018 :: Log Kyrus: sc
Mon Oct 29 20:41:33 2018 :: Log Kyrus: wear amu
Mon Oct 29 20:41:34 2018 :: Log Kyrus: sc
Mon Oct 29 20:41:37 2018 :: Log Kyrus: wear st
Mon Oct 29 20:41:39 2018 :: Log Kyrus: drop am
Mon Oct 29 20:41:40 2018 :: Log Kyrus: sac am
Mon Oct 29 20:41:44 2018 :: Log Kyrus: l
Mon Oct 29 20:42:01 2018 :: Log Kyrus: 
Mon Oct 29 20:42:02 2018 :: Log Kyrus: 
Mon Oct 29 20:42:02 2018 :: Log Kyrus: 
Mon Oct 29 20:42:03 2018 :: Log Kyrus: 
Mon Oct 29 20:42:04 2018 :: Log Kyrus: 
Mon Oct 29 20:42:04 2018 :: Log Kyrus: 
Mon Oct 29 20:42:05 2018 :: Log Kyrus: 
Mon Oct 29 20:42:05 2018 :: Log Kyrus: 
Mon Oct 29 20:42:06 2018 :: Log Kyrus: 
Mon Oct 29 20:42:08 2018 :: Log Kyrus: 
Mon Oct 29 20:42:10 2018 :: Log Kyrus: fi sk
Mon Oct 29 20:42:17 2018 :: Log Kyrus: fi sk
Mon Oct 29 20:42:23 2018 :: Log Kyrus: fi sk
Mon Oct 29 20:42:29 2018 :: Log Kyrus: fi sk
Mon Oct 29 20:42:54 2018 :: Log Kyrus: fi sk
Mon Oct 29 20:43:01 2018 :: Log Kyrus: 
Mon Oct 29 20:43:01 2018 :: Log Kyrus: fi sk
Mon Oct 29 20:43:07 2018 :: Log Kyrus: get gold cor
Mon Oct 29 20:43:08 2018 :: Log Kyrus: get gold cor
Mon Oct 29 20:43:08 2018 :: Log Kyrus: get gold cor
Mon Oct 29 20:43:08 2018 :: Log Kyrus: sac cor
Mon Oct 29 20:43:08 2018 :: Log Kyrus: sac cor
Mon Oct 29 20:43:09 2018 :: Log Kyrus: 
Mon Oct 29 20:43:12 2018 :: Log Kyrus: ex
Mon Oct 29 20:43:13 2018 :: Log Kyrus: 
Mon Oct 29 20:43:14 2018 :: Log Kyrus: open south
Mon Oct 29 20:43:14 2018 :: Log Kyrus: ex
Mon Oct 29 20:43:15 2018 :: Log Kyrus: scan
Mon Oct 29 20:43:20 2018 :: Log Kyrus: 
Mon Oct 29 20:43:20 2018 :: Log Kyrus: fi mad
Mon Oct 29 20:43:27 2018 :: Log Kyrus: fi
Mon Oct 29 20:43:33 2018 :: Log Kyrus: fi
Mon Oct 29 20:43:39 2018 :: Log Kyrus: fi
Mon Oct 29 20:43:45 2018 :: Log Kyrus: fi
Mon Oct 29 20:43:52 2018 :: Log Kyrus: fi
Mon Oct 29 20:43:58 2018 :: Log Kyrus: fi
Mon Oct 29 20:43:58 2018 :: Log Kyrus: get gold cor
Mon Oct 29 20:43:58 2018 :: Log Kyrus: get gold cor
Mon Oct 29 20:43:59 2018 :: Log Kyrus: get gold cor
Mon Oct 29 20:43:59 2018 :: Log Kyrus: l i cor
Mon Oct 29 20:44:02 2018 :: Log Kyrus: get gold cor
Mon Oct 29 20:44:03 2018 :: Log Kyrus: l
Mon Oct 29 20:44:03 2018 :: Log Kyrus: 
Mon Oct 29 20:44:04 2018 :: Log Kyrus: 
Mon Oct 29 20:44:05 2018 :: Log Kyrus: 
Mon Oct 29 20:44:06 2018 :: Log Kyrus: scan
Mon Oct 29 20:44:07 2018 :: Log Kyrus: ex
Mon Oct 29 20:44:08 2018 :: Log Kyrus: fi
Mon Oct 29 20:44:14 2018 :: Log Kyrus: look shad
Mon Oct 29 20:44:14 2018 :: Log Kyrus: fi
Mon Oct 29 20:44:20 2018 :: Log Kyrus: fi
Mon Oct 29 20:44:27 2018 :: Log Kyrus: who
Mon Oct 29 20:44:27 2018 :: Log Kyrus: fi
Mon Oct 29 20:44:33 2018 :: Log Kyrus: fi
Mon Oct 29 20:44:33 2018 :: Log Kyrus: get gold cor
Mon Oct 29 20:44:34 2018 :: Log Kyrus: get gold cor
Mon Oct 29 20:44:34 2018 :: Log Kyrus: get gold cor
Mon Oct 29 20:44:34 2018 :: Log Kyrus: title Frost
Mon Oct 29 20:44:35 2018 :: Log Kyrus: l i cor
Mon Oct 29 20:44:39 2018 :: Log Kyrus: get shad cor
Mon Oct 29 20:44:40 2018 :: Log Kyrus: sc
Mon Oct 29 20:44:42 2018 :: Log Kyrus: wear sh
Mon Oct 29 20:44:43 2018 :: Log Kyrus: sc
Mon Oct 29 20:44:46 2018 :: Log Kyrus: wear piw
Mon Oct 29 20:45:00 2018 :: Log Kyrus: tell killuminati moo at kyrus cast 'remove curse' kyrus
Mon Oct 29 20:45:01 2018 :: Log Kyrus: wear piw
Mon Oct 29 20:45:06 2018 :: Log Kyrus: drop shad
Mon Oct 29 20:45:08 2018 :: Log Kyrus: sac sh
Mon Oct 29 20:45:08 2018 :: Log Kyrus: l
Mon Oct 29 20:45:09 2018 :: Log Kyrus: 
Mon Oct 29 20:45:17 2018 :: Log Kyrus: 
Mon Oct 29 20:45:31 2018 :: Log Kyrus: pull eight
Mon Oct 29 20:45:33 2018 :: Log Kyrus: l
Mon Oct 29 20:45:38 2018 :: Log Kyrus: 
Mon Oct 29 20:45:41 2018 :: Log Kyrus: pull eight
Mon Oct 29 20:45:42 2018 :: Log Kyrus: 
Mon Oct 29 20:45:47 2018 :: Log Kyrus: l
Mon Oct 29 20:45:48 2018 :: Log Kyrus: recal
Mon Oct 29 20:45:59 2018 :: Log Kyrus: l
Mon Oct 29 20:46:00 2018 :: Log Kyrus: 
Mon Oct 29 20:46:00 2018 :: Log Kyrus: 
Mon Oct 29 20:46:01 2018 :: Log Kyrus: 
Mon Oct 29 20:46:01 2018 :: Log Kyrus: 
Mon Oct 29 20:46:02 2018 :: Log Kyrus: 
Mon Oct 29 20:46:02 2018 :: Log Kyrus: 
Mon Oct 29 20:46:03 2018 :: Log Kyrus: 
Mon Oct 29 20:46:03 2018 :: Log Kyrus: 
Mon Oct 29 20:46:04 2018 :: Log Kyrus: 
Mon Oct 29 20:46:04 2018 :: Log Kyrus: 
Mon Oct 29 20:46:05 2018 :: Log Kyrus: 
Mon Oct 29 20:46:06 2018 :: Log Kyrus: 
Mon Oct 29 20:46:07 2018 :: Log Kyrus: 
Mon Oct 29 20:46:08 2018 :: Log Kyrus: 
Mon Oct 29 20:46:09 2018 :: Log Kyrus: 
Mon Oct 29 20:46:11 2018 :: Log Kyrus: 
Mon Oct 29 20:46:12 2018 :: Log Kyrus: 
Mon Oct 29 20:46:13 2018 :: Log Kyrus: 
Mon Oct 29 20:46:16 2018 :: Log Kyrus: pull eight
Mon Oct 29 20:46:19 2018 :: Log Kyrus: close down
Mon Oct 29 20:46:23 2018 :: Log Kyrus: 
Mon Oct 29 20:46:25 2018 :: Log Kyrus: l
Mon Oct 29 20:46:28 2018 :: Log Kyrus: pull eight
Mon Oct 29 20:46:31 2018 :: Log Kyrus: 
Mon Oct 29 20:46:34 2018 :: Log Kyrus: 
Mon Oct 29 20:46:36 2018 :: Log Kyrus: recal
Mon Oct 29 20:46:56 2018 :: Log Kyrus: 
Mon Oct 29 20:46:57 2018 :: Log Kyrus: 
Mon Oct 29 20:46:57 2018 :: Log Kyrus: 
Mon Oct 29 20:46:58 2018 :: Log Kyrus: 
Mon Oct 29 20:46:58 2018 :: Log Kyrus: 
Mon Oct 29 20:46:59 2018 :: Log Kyrus: 
Mon Oct 29 20:46:59 2018 :: Log Kyrus: 
Mon Oct 29 20:47:00 2018 :: Log Kyrus: 
Mon Oct 29 20:47:01 2018 :: Log Kyrus: 
Mon Oct 29 20:47:01 2018 :: Log Kyrus: 
Mon Oct 29 20:47:02 2018 :: Log Kyrus: 
Mon Oct 29 20:47:03 2018 :: Log Kyrus: 
Mon Oct 29 20:47:04 2018 :: Log Kyrus: 
Mon Oct 29 20:47:04 2018 :: Log Kyrus: 
Mon Oct 29 20:47:05 2018 :: Log Kyrus: 
Mon Oct 29 20:47:05 2018 :: Log Kyrus: 
Mon Oct 29 20:47:07 2018 :: Log Kyrus: fi
Mon Oct 29 20:47:13 2018 :: Log Kyrus: fi
Mon Oct 29 20:47:19 2018 :: Log Kyrus: fi
Mon Oct 29 20:47:26 2018 :: Log Kyrus: who
Mon Oct 29 20:47:27 2018 :: Log Kyrus: fi
Mon Oct 29 20:47:33 2018 :: Log Kyrus: fi
Mon Oct 29 20:47:39 2018 :: Log Kyrus: get gold cor
Mon Oct 29 20:47:39 2018 :: Log Kyrus: get gold cor
Mon Oct 29 20:47:40 2018 :: Log Kyrus: get gold cor
Mon Oct 29 20:47:40 2018 :: Log Kyrus: l i cor
Mon Oct 29 20:47:40 2018 :: Log Kyrus: wo
Mon Oct 29 20:47:42 2018 :: Log Kyrus: sac cor
Mon Oct 29 20:47:42 2018 :: Log Kyrus: l
Mon Oct 29 20:47:43 2018 :: Log Kyrus: 
Mon Oct 29 20:47:46 2018 :: Log Kyrus: fi
Mon Oct 29 20:47:52 2018 :: Log Kyrus: fi
Mon Oct 29 20:47:59 2018 :: Log Kyrus: fi
Mon Oct 29 20:48:05 2018 :: Log Kyrus: tell killuminati spellup
Mon Oct 29 20:48:05 2018 :: Log Kyrus: fi
Mon Oct 29 20:48:08 2018 :: Log Killuminati: restore Kyrus
Mon Oct 29 20:48:08 2018 :: Log Killuminati: pecho Kyrus Thank you, come again.
Mon Oct 29 20:48:15 2018 :: Log Kyrus: fi
Mon Oct 29 20:48:22 2018 :: Log Kyrus: fi
Mon Oct 29 20:48:30 2018 :: Log Kyrus: get gold cor
Mon Oct 29 20:48:30 2018 :: Log Kyrus: get gold cor
Mon Oct 29 20:48:31 2018 :: Log Kyrus: get gold cor
Mon Oct 29 20:48:31 2018 :: Log Kyrus: sac cor
Mon Oct 29 20:48:31 2018 :: Log Kyrus: 
Mon Oct 29 20:48:32 2018 :: Log Kyrus: 
Mon Oct 29 20:48:33 2018 :: Log Kyrus: 
Mon Oct 29 20:48:35 2018 :: Log Kyrus: fi
Mon Oct 29 20:48:48 2018 :: Log Kyrus: fi
Mon Oct 29 20:48:54 2018 :: Log Kyrus: fi
Mon Oct 29 20:49:01 2018 :: Log Kyrus: who
Mon Oct 29 20:49:01 2018 :: Log Kyrus: fi
Mon Oct 29 20:49:13 2018 :: Log Kyrus: who
Mon Oct 29 20:49:13 2018 :: Log Kyrus: fi
Mon Oct 29 20:49:19 2018 :: Log Kyrus: get gold cor
Mon Oct 29 20:49:19 2018 :: Log Kyrus: get gold cor
Mon Oct 29 20:49:20 2018 :: Log Kyrus: get gold cor
Mon Oct 29 20:49:20 2018 :: Log Kyrus: sac cor
Mon Oct 29 20:49:20 2018 :: Log Kyrus: l
Mon Oct 29 20:49:20 2018 :: Log Kyrus: open west
Mon Oct 29 20:49:21 2018 :: Log Kyrus: ex
Mon Oct 29 20:49:22 2018 :: Log Kyrus: 
Mon Oct 29 20:49:29 2018 :: Log Kyrus: pull six
Mon Oct 29 20:49:30 2018 :: Log Kyrus: l
Mon Oct 29 20:49:31 2018 :: Log Kyrus: 
Mon Oct 29 20:49:33 2018 :: Log Kyrus: recal
Mon Oct 29 20:49:35 2018 :: Log Kyrus: 
Mon Oct 29 20:49:38 2018 :: Log Kyrus: 
Mon Oct 29 20:49:39 2018 :: Log Kyrus: 
Mon Oct 29 20:49:39 2018 :: Log Kyrus: 
Mon Oct 29 20:49:40 2018 :: Log Kyrus: 
Mon Oct 29 20:49:41 2018 :: Log Kyrus: 
Mon Oct 29 20:49:41 2018 :: Log Kyrus: 
Mon Oct 29 20:49:42 2018 :: Log Kyrus: 
Mon Oct 29 20:49:42 2018 :: Log Kyrus: 
Mon Oct 29 20:49:43 2018 :: Log Kyrus: 
Mon Oct 29 20:49:43 2018 :: Log Kyrus: 
Mon Oct 29 20:49:44 2018 :: Log Kyrus: 
Mon Oct 29 20:49:44 2018 :: Log Kyrus: 
Mon Oct 29 20:49:45 2018 :: Log Kyrus: 
Mon Oct 29 20:49:46 2018 :: Log Kyrus: gr
Mon Oct 29 20:49:54 2018 :: Log Kyrus: 
Mon Oct 29 20:49:55 2018 :: Log Kyrus: 
Mon Oct 29 20:49:56 2018 :: Log Kyrus: sc
Mon Oct 29 20:50:10 2018 :: Log Kyrus: wo
Mon Oct 29 20:50:12 2018 :: Log Kyrus: score
Mon Oct 29 20:50:20 2018 :: Log Kyrus: recal
Mon Oct 29 20:50:21 2018 :: Log Kyrus: l
Mon Oct 29 20:50:25 2018 :: Log Kyrus: 
Mon Oct 29 20:50:27 2018 :: Log Kyrus: recal
Mon Oct 29 20:50:27 2018 :: Log Kyrus: 
Mon Oct 29 20:50:29 2018 :: Log Kyrus: 
Mon Oct 29 20:50:32 2018 :: Log Kyrus: recal
Mon Oct 29 20:50:34 2018 :: Log Kyrus: r e 3
Mon Oct 29 20:50:35 2018 :: Log Kyrus: 
Mon Oct 29 20:50:35 2018 :: Log Kyrus: 
Mon Oct 29 20:50:36 2018 :: Log Kyrus: 
Mon Oct 29 20:50:36 2018 :: Log Kyrus: 
Mon Oct 29 20:50:37 2018 :: Log Kyrus: 
Mon Oct 29 20:50:37 2018 :: Log Kyrus: 
Mon Oct 29 20:50:38 2018 :: Log Kyrus: 
Mon Oct 29 20:50:38 2018 :: Log Kyrus: 
Mon Oct 29 20:50:39 2018 :: Log Kyrus: 
Mon Oct 29 20:50:39 2018 :: Log Kyrus: convert
Mon Oct 29 20:50:40 2018 :: Log Kyrus: wo
Mon Oct 29 20:50:43 2018 :: Log Kyrus: depos 295
Mon Oct 29 20:50:45 2018 :: Log Kyrus: who
Mon Oct 29 20:50:47 2018 :: Log Kyrus: score
Mon Oct 29 20:51:50 2018 :: Log Kyrus: who
Mon Oct 29 20:51:51 2018 :: Log Kyrus: af
Mon Oct 29 20:51:53 2018 :: Log Kyrus: steel
Mon Oct 29 20:51:57 2018 :: Log Kyrus: 
Mon Oct 29 20:51:57 2018 :: Log Kyrus: 
Mon Oct 29 20:51:58 2018 :: Log Kyrus: l
Mon Oct 29 20:52:01 2018 :: Log Kyrus: 
Mon Oct 29 20:52:02 2018 :: Log Kyrus: 
Mon Oct 29 20:52:03 2018 :: Log Kyrus: 
Mon Oct 29 20:52:03 2018 :: Log Kyrus: 
Mon Oct 29 20:52:04 2018 :: Log Kyrus: 
Mon Oct 29 20:52:04 2018 :: Log Kyrus: 
Mon Oct 29 20:52:06 2018 :: Log Kyrus: 
Mon Oct 29 20:52:06 2018 :: Log Kyrus: 
Mon Oct 29 20:52:07 2018 :: Log Kyrus: 
Mon Oct 29 20:52:07 2018 :: Log Kyrus: 
Mon Oct 29 20:52:12 2018 :: Log Kyrus: r e 8
Mon Oct 29 20:52:12 2018 :: Log Kyrus: open east
Mon Oct 29 20:52:13 2018 :: Log Kyrus: r e 19
Mon Oct 29 20:52:13 2018 :: Log Kyrus: r n 6
Mon Oct 29 20:52:14 2018 :: Log Kyrus: open north
Mon Oct 29 20:52:14 2018 :: Log Kyrus: r n 8
Mon Oct 29 20:52:14 2018 :: Log Kyrus: 
Mon Oct 29 20:52:15 2018 :: Log Kyrus: 
Mon Oct 29 20:52:15 2018 :: Log Kyrus: 
Mon Oct 29 20:52:18 2018 :: Log Kyrus: get key
Mon Oct 29 20:52:19 2018 :: Log Kyrus: unl north
Mon Oct 29 20:52:20 2018 :: Log Kyrus: drop ke
Mon Oct 29 20:52:22 2018 :: Log Kyrus: open north
Mon Oct 29 20:52:23 2018 :: Log Kyrus: 
Mon Oct 29 20:52:23 2018 :: Log Kyrus: 
Mon Oct 29 20:52:25 2018 :: Log Kyrus: 
Mon Oct 29 20:52:26 2018 :: Log Kyrus: 
Mon Oct 29 20:52:26 2018 :: Log Kyrus: 
Mon Oct 29 20:52:27 2018 :: Log Kyrus: 
Mon Oct 29 20:52:28 2018 :: Log Kyrus: 
Mon Oct 29 20:52:28 2018 :: Log Kyrus: 
Mon Oct 29 20:52:29 2018 :: Log Kyrus: 
Mon Oct 29 20:52:31 2018 :: Log Kyrus: fi sk
Mon Oct 29 20:52:38 2018 :: Log Kyrus: fi
Mon Oct 29 20:52:44 2018 :: Log Kyrus: fi
Mon Oct 29 20:52:50 2018 :: Log Kyrus: fi
Mon Oct 29 20:52:57 2018 :: Log Kyrus: fi
Mon Oct 29 20:53:04 2018 :: Log Kyrus: fi
Mon Oct 29 20:53:10 2018 :: Log Kyrus: get gold cor
Mon Oct 29 20:53:10 2018 :: Log Kyrus: get gold cor
Mon Oct 29 20:53:10 2018 :: Log Kyrus: get gold cor
Mon Oct 29 20:53:11 2018 :: Log Kyrus: sac cor
Mon Oct 29 20:53:11 2018 :: Log Kyrus: l
Mon Oct 29 20:53:12 2018 :: Log Kyrus: 
Mon Oct 29 20:53:13 2018 :: Log Kyrus: 
Mon Oct 29 20:53:15 2018 :: Log Kyrus: 
Mon Oct 29 20:53:16 2018 :: Log Kyrus: 
Mon Oct 29 20:53:17 2018 :: Log Kyrus: 
Mon Oct 29 20:53:18 2018 :: Log Kyrus: fi
Mon Oct 29 20:53:24 2018 :: Log Kyrus: fi
Mon Oct 29 20:53:31 2018 :: Log Kyrus: fi
Mon Oct 29 20:53:37 2018 :: Log Kyrus: fi
Mon Oct 29 20:53:43 2018 :: Log Kyrus: fi
Mon Oct 29 20:53:49 2018 :: Log Kyrus: get gold cor
Mon Oct 29 20:53:50 2018 :: Log Kyrus: get gold cor
Mon Oct 29 20:53:50 2018 :: Log Kyrus: get gold cor
Mon Oct 29 20:54:04 2018 :: Log Kyrus: tell killuminati spellup
Mon Oct 29 20:54:05 2018 :: Log Kyrus: fi
Mon Oct 29 20:54:06 2018 :: Log Killuminati: restore Kyrus
Mon Oct 29 20:54:07 2018 :: Log Killuminati: pecho Kyrus Thank you, come again.
Mon Oct 29 20:54:15 2018 :: Log Kyrus: fi
Mon Oct 29 20:54:25 2018 :: Log Kyrus: fi
Mon Oct 29 20:54:33 2018 :: Log Kyrus: fi
Mon Oct 29 20:54:39 2018 :: Log Kyrus: fi
Mon Oct 29 20:54:45 2018 :: Log Kyrus: fi
Mon Oct 29 20:54:57 2018 :: Log Kyrus: fi
chgrp: changing group of '../heroes/Kyrus': Operation not permitted
chgrp: changing group of '../player/Kyrus': Operation not permitted
Mon Oct 29 20:55:07 2018 :: Log Kyrus: fi
Mon Oct 29 20:55:25 2018 :: Log Kyrus: fi
Mon Oct 29 20:55:31 2018 :: Log Kyrus: who
Mon Oct 29 20:55:31 2018 :: Log Kyrus: fi
Mon Oct 29 20:55:32 2018 :: Log Kyrus: get gold cor
Mon Oct 29 20:55:32 2018 :: Log Kyrus: get gold cor
Mon Oct 29 20:55:32 2018 :: Log Kyrus: get gold cor
Mon Oct 29 20:55:33 2018 :: Log Kyrus: sac cor
Mon Oct 29 20:55:34 2018 :: Log Kyrus: l
Mon Oct 29 20:55:36 2018 :: Log Kyrus: 
Mon Oct 29 20:55:37 2018 :: Log Kyrus: 
Mon Oct 29 20:55:41 2018 :: Log Kyrus: open west
Mon Oct 29 20:55:42 2018 :: Log Kyrus: 
Mon Oct 29 20:55:59 2018 :: Log Kyrus: pull cot
Mon Oct 29 20:56:02 2018 :: Log Kyrus: pull five
Mon Oct 29 20:56:03 2018 :: Log Kyrus: l
Mon Oct 29 20:56:09 2018 :: Log Kyrus: pull eight
Mon Oct 29 20:56:13 2018 :: Log Kyrus: l
Mon Oct 29 20:56:14 2018 :: Log Kyrus: 
Mon Oct 29 20:56:15 2018 :: Log Kyrus: 
Mon Oct 29 20:56:18 2018 :: Log Kyrus: 
chgrp: changing group of '../gods/Killuminati': Operation not permitted
chgrp: changing group of '../player/Killuminati': Operation not permitted
Mon Oct 29 20:56:21 2018 :: Log Kyrus: fi
Mon Oct 29 20:56:27 2018 :: Log Kyrus: tell killuminati spellup
Mon Oct 29 20:56:28 2018 :: Log Kyrus: fi
Mon Oct 29 20:56:30 2018 :: Log Killuminati: restore Kyrus
Mon Oct 29 20:56:30 2018 :: Log Killuminati: pecho Kyrus Thank you, come again.
Mon Oct 29 20:56:40 2018 :: Log Kyrus: fi
Mon Oct 29 20:56:54 2018 :: Log Kyrus: fi
Mon Oct 29 20:57:01 2018 :: Log Kyrus: fi
Mon Oct 29 20:57:07 2018 :: Log Kyrus: fi
Mon Oct 29 20:57:15 2018 :: Log Kyrus: fi
Mon Oct 29 20:57:21 2018 :: Log Kyrus: fi
Mon Oct 29 20:57:27 2018 :: Log Kyrus: l
Mon Oct 29 20:57:28 2018 :: Log Kyrus: fi
Mon Oct 29 20:57:34 2018 :: Log Kyrus: look ga
Mon Oct 29 20:57:34 2018 :: Log Kyrus: fi
Mon Oct 29 20:57:46 2018 :: Log Kyrus: fi
Mon Oct 29 20:57:53 2018 :: Log Kyrus: get gold cor
Mon Oct 29 20:57:53 2018 :: Log Kyrus: get gold cor
Mon Oct 29 20:57:53 2018 :: Log Kyrus: get gold cor
Mon Oct 29 20:57:53 2018 :: Log Kyrus: get all cor
Mon Oct 29 20:57:54 2018 :: Log Kyrus: l
Mon Oct 29 20:57:56 2018 :: Log Kyrus: ex
Mon Oct 29 20:57:58 2018 :: Log Kyrus: 
Mon Oct 29 20:58:01 2018 :: Log Kyrus: unl east
Mon Oct 29 20:58:03 2018 :: Log Kyrus: drop key
Mon Oct 29 20:58:03 2018 :: Log Kyrus: open east
Mon Oct 29 20:58:04 2018 :: Log Kyrus: 
Mon Oct 29 20:58:14 2018 :: Log Kyrus: 
Mon Oct 29 20:58:22 2018 :: Log Kyrus: ex
Mon Oct 29 20:58:42 2018 :: Log Kyrus: 
Mon Oct 29 20:58:50 2018 :: Log Kyrus: l
Mon Oct 29 20:58:51 2018 :: Log Kyrus: recal
Mon Oct 29 20:58:52 2018 :: Log Kyrus: recal
Mon Oct 29 20:58:54 2018 :: Log Kyrus: save
chgrp: changing group of '../heroes/Kyrus': Operation not permitted
chgrp: changing group of '../player/Kyrus': Operation not permitted
Mon Oct 29 20:59:01 2018 :: Log Kyrus: look
Mon Oct 29 20:59:09 2018 :: Log Kyrus: 
Mon Oct 29 20:59:10 2018 :: Log Kyrus: 
Mon Oct 29 20:59:13 2018 :: Log Kyrus: 
Mon Oct 29 20:59:43 2018 :: Log Kyrus: 
Mon Oct 29 20:59:44 2018 :: Log Kyrus: 
Mon Oct 29 20:59:47 2018 :: Log Kyrus: ex
Mon Oct 29 20:59:49 2018 :: Log Kyrus: 
Mon Oct 29 20:59:56 2018 :: Log Kyrus: 
Mon Oct 29 21:00:03 2018 :: Log Kyrus: tell killuminati spellup
Mon Oct 29 21:00:06 2018 :: Log Killuminati: restore Kyrus
Mon Oct 29 21:00:06 2018 :: Log Killuminati: pecho Kyrus Thank you, come again.
Mon Oct 29 21:00:09 2018 :: Log Kyrus: gr
Mon Oct 29 21:00:14 2018 :: Log Kyrus: skil
Mon Oct 29 21:00:23 2018 :: Log Kyrus: 
Mon Oct 29 21:00:24 2018 :: Log Kyrus: 
Mon Oct 29 21:00:25 2018 :: Log Kyrus: 
Mon Oct 29 21:00:29 2018 :: Log Kyrus: 
Mon Oct 29 21:00:33 2018 :: Log Kyrus: 
Mon Oct 29 21:00:59 2018 :: Log Kyrus: 
Mon Oct 29 21:01:00 2018 :: Log Kyrus: 
Mon Oct 29 21:01:00 2018 :: Log Kyrus: 
Mon Oct 29 21:01:01 2018 :: Log Kyrus: 
Mon Oct 29 21:01:03 2018 :: Log Kyrus: 
Mon Oct 29 21:01:05 2018 :: Log Kyrus: ex
Mon Oct 29 21:01:07 2018 :: Log Kyrus: 
Mon Oct 29 21:01:33 2018 :: Log Kyrus: 
Mon Oct 29 21:01:33 2018 :: Log Kyrus: 
Mon Oct 29 21:01:34 2018 :: Log Kyrus: 
Mon Oct 29 21:01:34 2018 :: Log Kyrus: 
Mon Oct 29 21:01:35 2018 :: Log Kyrus: 
Mon Oct 29 21:01:53 2018 :: Log Kyrus: 
Mon Oct 29 21:02:08 2018 :: Log Kyrus: ex
Mon Oct 29 21:02:12 2018 :: Log Kyrus: 
Mon Oct 29 21:02:26 2018 :: Log Kyrus: ex
Mon Oct 29 21:02:30 2018 :: Log Kyrus: 
Mon Oct 29 21:02:32 2018 :: Log Kyrus: look gu
Mon Oct 29 21:02:33 2018 :: Log Kyrus: af
Mon Oct 29 21:02:34 2018 :: Log Kyrus: steel
Mon Oct 29 21:02:37 2018 :: Log Kyrus: fi gu
Mon Oct 29 21:02:44 2018 :: Log Kyrus: fi gu
Mon Oct 29 21:02:50 2018 :: Log Kyrus: look
Mon Oct 29 21:02:50 2018 :: Log Kyrus: fi gu
Mon Oct 29 21:02:56 2018 :: Log Kyrus: fi gu
Mon Oct 29 21:03:03 2018 :: Log Kyrus: fi gu
Mon Oct 29 21:03:09 2018 :: Log Kyrus: tell killuminati spellup
Mon Oct 29 21:03:10 2018 :: Log Kyrus: fi gu
Mon Oct 29 21:03:12 2018 :: Log Killuminati: restore Kyrus
Mon Oct 29 21:03:12 2018 :: Log Killuminati: pecho Kyrus Thank you, come again.
Mon Oct 29 21:03:17 2018 :: Log Kyrus: fi gu
Mon Oct 29 21:03:27 2018 :: Log Kyrus: fi gu
Mon Oct 29 21:03:33 2018 :: Log Kyrus: fi gu
Mon Oct 29 21:03:43 2018 :: Log Kyrus: fi gu
Mon Oct 29 21:03:49 2018 :: Log Kyrus: fi gu
Mon Oct 29 21:03:59 2018 :: Log Kyrus: fi gu
Mon Oct 29 21:04:05 2018 :: Log Kyrus: who
Mon Oct 29 21:04:05 2018 :: Log Kyrus: fi
Mon Oct 29 21:04:13 2018 :: Log Kyrus: fi
Mon Oct 29 21:04:22 2018 :: Log Kyrus: fi
Mon Oct 29 21:04:29 2018 :: Log Kyrus: fi
Mon Oct 29 21:04:35 2018 :: Log Kyrus: fi
Mon Oct 29 21:04:41 2018 :: Log Kyrus: get gold cor
Mon Oct 29 21:04:41 2018 :: Log Kyrus: get gold cor
Mon Oct 29 21:04:42 2018 :: Log Kyrus: get gold cor
Mon Oct 29 21:04:42 2018 :: Log Kyrus: fi
Mon Oct 29 21:04:43 2018 :: Log Kyrus: l i cor
Mon Oct 29 21:04:45 2018 :: Log Kyrus: get key cor
Mon Oct 29 21:04:46 2018 :: Log Kyrus: l
Mon Oct 29 21:04:49 2018 :: Log Kyrus: 
Mon Oct 29 21:04:53 2018 :: Log Kyrus: l i cor
Mon Oct 29 21:04:56 2018 :: Log Kyrus: look guard
Mon Oct 29 21:05:02 2018 :: Log Kyrus: unl north
Mon Oct 29 21:05:04 2018 :: Log Kyrus: tell killuminati spellup
Mon Oct 29 21:05:05 2018 :: Log Kyrus: drop key
Mon Oct 29 21:05:07 2018 :: Log Killuminati: restore Kyrus
Mon Oct 29 21:05:07 2018 :: Log Killuminati: pecho Kyrus Thank you, come again.
Mon Oct 29 21:05:07 2018 :: Log Kyrus: open north
Mon Oct 29 21:05:07 2018 :: Log Kyrus: 
Mon Oct 29 21:05:09 2018 :: Log Kyrus: scan
Mon Oct 29 21:05:13 2018 :: Log Kyrus: 
Mon Oct 29 21:05:14 2018 :: Log Kyrus: fi cy
Mon Oct 29 21:05:23 2018 :: Log Kyrus: look cy
Mon Oct 29 21:05:23 2018 :: Log Kyrus: fi
Mon Oct 29 21:05:30 2018 :: Log Kyrus: fi
Mon Oct 29 21:05:36 2018 :: Log Kyrus: fi
Mon Oct 29 21:05:44 2018 :: Log Kyrus: gr
Mon Oct 29 21:05:50 2018 :: Log Kyrus: fi
Mon Oct 29 21:05:56 2018 :: Log Kyrus: fi
Mon Oct 29 21:06:03 2018 :: Log Kyrus: fi
Mon Oct 29 21:06:14 2018 :: Log Kyrus: gr
Mon Oct 29 21:06:14 2018 :: Log Kyrus: fi
Mon Oct 29 21:06:21 2018 :: Log Kyrus: tell killuminati spellup
Mon Oct 29 21:06:21 2018 :: Log Kyrus: fi
Mon Oct 29 21:06:23 2018 :: Log Killuminati: restore Kyrus
Mon Oct 29 21:06:24 2018 :: Log Killuminati: pecho Kyrus Thank you, come again.
Mon Oct 29 21:06:27 2018 :: Log Kyrus: fi
Mon Oct 29 21:06:44 2018 :: Log Kyrus: fi
Mon Oct 29 21:06:51 2018 :: Log Kyrus: fi
Mon Oct 29 21:07:00 2018 :: Log Kyrus: fi
Mon Oct 29 21:07:08 2018 :: Log Kyrus: fi
Mon Oct 29 21:07:15 2018 :: Log Kyrus: fi
Mon Oct 29 21:07:21 2018 :: Log Kyrus: who
Mon Oct 29 21:07:21 2018 :: Log Kyrus: fi
Mon Oct 29 21:07:32 2018 :: Log Kyrus: fi
Mon Oct 29 21:07:39 2018 :: Log Kyrus: get gold cor
Mon Oct 29 21:07:39 2018 :: Log Kyrus: get gold cor
Mon Oct 29 21:07:39 2018 :: Log Kyrus: get gold cor
Mon Oct 29 21:07:39 2018 :: Log Kyrus: l i cor
Mon Oct 29 21:07:41 2018 :: Log Kyrus: sac cor
Mon Oct 29 21:07:42 2018 :: Log Kyrus: scan
Mon Oct 29 21:07:44 2018 :: Log Kyrus: 
Mon Oct 29 21:07:47 2018 :: Log Kyrus: slook ne
Mon Oct 29 21:07:49 2018 :: Log Kyrus: look nec
Mon Oct 29 21:07:50 2018 :: Log Kyrus: fi
Mon Oct 29 21:07:56 2018 :: Log Kyrus: fi
Mon Oct 29 21:08:03 2018 :: Log Kyrus: fi
Mon Oct 29 21:08:09 2018 :: Log Kyrus: gr
Mon Oct 29 21:08:09 2018 :: Log Kyrus: fi
Mon Oct 29 21:08:15 2018 :: Log Kyrus: fi
Mon Oct 29 21:08:22 2018 :: Log Kyrus: gr
Mon Oct 29 21:08:22 2018 :: Log Kyrus: tell killuminati spellup
Mon Oct 29 21:08:23 2018 :: Log Kyrus: fi
Mon Oct 29 21:08:25 2018 :: Log Killuminati: restore Kyrus
Mon Oct 29 21:08:25 2018 :: Log Killuminati: pecho Kyrus Thank you, come again.
Mon Oct 29 21:08:29 2018 :: Log Kyrus: fi
Mon Oct 29 21:08:36 2018 :: Log Kyrus: get gold cor
Mon Oct 29 21:08:36 2018 :: Log Kyrus: get gold cor
Mon Oct 29 21:08:36 2018 :: Log Kyrus: get gold cor
Mon Oct 29 21:08:36 2018 :: Log Kyrus: l i cor
Mon Oct 29 21:08:39 2018 :: Log Kyrus: get pill cor
Mon Oct 29 21:08:41 2018 :: Log Kyrus: sac cor
Mon Oct 29 21:08:41 2018 :: Log Kyrus: l
Mon Oct 29 21:08:42 2018 :: Log Kyrus: scan
Mon Oct 29 21:08:46 2018 :: Log Kyrus: 
Mon Oct 29 21:08:46 2018 :: Log Kyrus: kill min
Mon Oct 29 21:08:49 2018 :: Log Kyrus: look min
Mon Oct 29 21:08:51 2018 :: Log Kyrus: fi
Mon Oct 29 21:08:57 2018 :: Log Kyrus: fi
Mon Oct 29 21:09:03 2018 :: Log Kyrus: fi
Mon Oct 29 21:09:09 2018 :: Log Kyrus: fi
Mon Oct 29 21:09:16 2018 :: Log Kyrus: gr
Mon Oct 29 21:09:16 2018 :: Log Kyrus: fi
Mon Oct 29 21:09:22 2018 :: Log Kyrus: fi
Mon Oct 29 21:09:28 2018 :: Log Kyrus: fi
Mon Oct 29 21:09:29 2018 :: Log Kyrus: get gold cor
Mon Oct 29 21:09:29 2018 :: Log Kyrus: get gold cor
Mon Oct 29 21:09:29 2018 :: Log Kyrus: get gold cor
Mon Oct 29 21:09:29 2018 :: Log Kyrus: l i cor
Mon Oct 29 21:09:33 2018 :: Log Kyrus: get all cor
Mon Oct 29 21:09:33 2018 :: Called for vnum: 29215 to modify as: 1 as playerload.
Mon Oct 29 21:09:33 2018 :: Vnum 29215|Signval: 1|!Gameload|Total: 1
Mon Oct 29 21:09:35 2018 :: Log Kyrus: sc
Mon Oct 29 21:09:36 2018 :: Log Kyrus: wear helm
Mon Oct 29 21:09:38 2018 :: Log Kyrus: sc
Mon Oct 29 21:09:42 2018 :: Log Kyrus: i
Mon Oct 29 21:09:43 2018 :: Log Kyrus: score
Mon Oct 29 21:09:44 2018 :: Log Kyrus: recal
Mon Oct 29 21:09:45 2018 :: Log Kyrus: l
Mon Oct 29 21:09:46 2018 :: Log Kyrus: 
Mon Oct 29 21:09:46 2018 :: Log Kyrus: 
Mon Oct 29 21:09:47 2018 :: Log Kyrus: 
Mon Oct 29 21:09:48 2018 :: Log Kyrus: 
Mon Oct 29 21:09:48 2018 :: Log Kyrus: 
Mon Oct 29 21:09:49 2018 :: Log Kyrus: 
Mon Oct 29 21:09:49 2018 :: Log Kyrus: 
Mon Oct 29 21:09:49 2018 :: Log Kyrus: 
Mon Oct 29 21:09:51 2018 :: Log Kyrus: recal
Mon Oct 29 21:09:56 2018 :: Log Kyrus: wo
Mon Oct 29 21:09:56 2018 :: Log Kyrus: 
Mon Oct 29 21:09:57 2018 :: Log Kyrus: 
Mon Oct 29 21:09:57 2018 :: Log Kyrus: score
Mon Oct 29 21:09:58 2018 :: Log Kyrus: who
Mon Oct 29 21:10:02 2018 :: Log Kyrus: quit
Mon Oct 29 21:10:02 2018 :: Kyrus has quit. [Room: 4209]
chgrp: changing group of '../heroes/Kyrus': Operation not permitted
chgrp: changing group of '../player/Kyrus': Operation not permitted
Mon Oct 29 21:10:02 2018 :: Called for vnum: 29215 to modify as: -1 as playerload.
Mon Oct 29 21:10:02 2018 :: Vnum 29215|Signval: -1|!Gameload|Total: 2
Mon Oct 29 21:10:02 2018 :: Called for vnum: 29215 to modify as: 1 as playerload.
Mon Oct 29 21:10:02 2018 :: Vnum 29215|Signval: 1|!Gameload|Total: 1
Mon Oct 29 21:10:45 2018 :: Called for vnum: 29215 to modify as: 1 as gameload.
Mon Oct 29 21:10:45 2018 :: Vnum 29215|Signval: 1|Gameload|Total: 2
chgrp: changing group of '../gods/Killuminati': Operation not permitted
chgrp: changing group of '../player/Killuminati': Operation not permitted
Mon Oct 29 21:30:00 2018 :: Log Killuminati: backup now
Mon Oct 29 21:30:00 2018 :: Automated backup complete.
tar: Removing leading `../' from member names
Mon Oct 29 21:33:08 2018 :: Sock.sinaddr:  173.22.228.146
Mon Oct 29 21:33:10 2018 :: Loading Kyrus's playerfile
Mon Oct 29 21:33:12 2018 :: Kyrus@173-22-228-146.client.mchsi.com has connected. [Room: 4209]
Mon Oct 29 21:33:14 2018 :: Log Kyrus: who
Mon Oct 29 21:33:15 2018 :: Log Kyrus: 
Mon Oct 29 21:33:16 2018 :: Log Kyrus: 
Mon Oct 29 21:33:17 2018 :: Log Kyrus: r e 3
Mon Oct 29 21:33:18 2018 :: Log Kyrus: 
Mon Oct 29 21:33:18 2018 :: Log Kyrus: 
Mon Oct 29 21:33:21 2018 :: Log Kyrus: tell killuminati spellup
Mon Oct 29 21:33:23 2018 :: Log Killuminati: restore Kyrus
Mon Oct 29 21:33:24 2018 :: Log Killuminati: pecho Kyrus Thank you, come again.
Mon Oct 29 21:33:24 2018 :: Log Kyrus: r e 8
Mon Oct 29 21:33:24 2018 :: Log Kyrus: open east
Mon Oct 29 21:33:25 2018 :: Log Kyrus: r e 19
Mon Oct 29 21:33:25 2018 :: Log Kyrus: r n 6
Mon Oct 29 21:33:26 2018 :: Log Kyrus: open north
Mon Oct 29 21:33:26 2018 :: Log Kyrus: r n 8
Mon Oct 29 21:33:27 2018 :: Log Kyrus: steel
Mon Oct 29 21:33:27 2018 :: Log Kyrus: 
Mon Oct 29 21:33:27 2018 :: Log Kyrus: 
Mon Oct 29 21:33:28 2018 :: Log Kyrus: 
Mon Oct 29 21:33:31 2018 :: Log Kyrus: fi gu
Mon Oct 29 21:33:38 2018 :: Log Kyrus: fi gu
Mon Oct 29 21:33:44 2018 :: Log Kyrus: fi gu
Mon Oct 29 21:33:50 2018 :: Log Kyrus: fi gu
Mon Oct 29 21:34:10 2018 :: Log Kyrus: fi gu
Mon Oct 29 21:34:16 2018 :: Log Kyrus: get gold cor
Mon Oct 29 21:34:17 2018 :: Log Kyrus: get gold cor
Mon Oct 29 21:34:17 2018 :: Log Kyrus: get gold cor
Mon Oct 29 21:34:24 2018 :: Log Kyrus: get key cor
Mon Oct 29 21:34:25 2018 :: Log Kyrus: unl north
Mon Oct 29 21:34:28 2018 :: Log Kyrus: recal
Mon Oct 29 21:34:29 2018 :: Log Kyrus: 
Mon Oct 29 21:34:33 2018 :: Log Kyrus: put all.key pit
Mon Oct 29 21:34:37 2018 :: Log Kyrus: get key pit
Mon Oct 29 21:34:38 2018 :: Log Kyrus: r e 4
Mon Oct 29 21:34:39 2018 :: Log Kyrus: 
Mon Oct 29 21:34:39 2018 :: Log Kyrus: 
Mon Oct 29 21:34:43 2018 :: Log Kyrus: r e 8
Mon Oct 29 21:34:43 2018 :: Log Kyrus: open east
Mon Oct 29 21:34:43 2018 :: Log Kyrus: r e 19
Mon Oct 29 21:34:44 2018 :: Log Kyrus: r n 6
Mon Oct 29 21:34:44 2018 :: Log Kyrus: open north
Mon Oct 29 21:34:45 2018 :: Log Kyrus: r n 8
Mon Oct 29 21:34:53 2018 :: Log Kyrus: 
Mon Oct 29 21:34:55 2018 :: Log Kyrus: unl north
Mon Oct 29 21:34:56 2018 :: Log Kyrus: open north
Mon Oct 29 21:34:57 2018 :: Log Kyrus: drop key
Mon Oct 29 21:34:58 2018 :: Log Kyrus: 
Mon Oct 29 21:34:59 2018 :: Log Kyrus: 
Mon Oct 29 21:35:00 2018 :: Log Kyrus: 
Mon Oct 29 21:35:01 2018 :: Log Kyrus: 
Mon Oct 29 21:35:02 2018 :: Log Kyrus: 
Mon Oct 29 21:35:12 2018 :: Log Kyrus: 
Mon Oct 29 21:35:13 2018 :: Log Kyrus: 
Mon Oct 29 21:35:14 2018 :: Log Kyrus: 
Mon Oct 29 21:35:15 2018 :: Log Kyrus: 
Mon Oct 29 21:35:16 2018 :: Log Kyrus: 
Mon Oct 29 21:35:17 2018 :: Log Kyrus: fi sk
Mon Oct 29 21:35:27 2018 :: Log Kyrus: fi sk
Mon Oct 29 21:35:33 2018 :: Log Kyrus: fi sk
Mon Oct 29 21:35:40 2018 :: Log Kyrus: fi sk
Mon Oct 29 21:35:46 2018 :: Log Kyrus: fi sk
Mon Oct 29 21:35:52 2018 :: Log Kyrus: fi sk
Mon Oct 29 21:35:58 2018 :: Log Kyrus: who
Mon Oct 29 21:35:59 2018 :: Log Kyrus: fi
Mon Oct 29 21:36:05 2018 :: Log Kyrus: get gold cor
Mon Oct 29 21:36:05 2018 :: Log Kyrus: get gold cor
Mon Oct 29 21:36:05 2018 :: Log Kyrus: get gold cor
Mon Oct 29 21:36:06 2018 :: Log Kyrus: sac cor
Mon Oct 29 21:36:06 2018 :: Log Kyrus: l
Mon Oct 29 21:36:07 2018 :: Log Kyrus: 
Mon Oct 29 21:36:09 2018 :: Log Kyrus: 
Mon Oct 29 21:36:10 2018 :: Log Kyrus: 
Mon Oct 29 21:36:10 2018 :: Log Kyrus: 
Mon Oct 29 21:36:11 2018 :: Log Kyrus: 
Mon Oct 29 21:36:14 2018 :: Log Kyrus: fi
Mon Oct 29 21:36:20 2018 :: Log Kyrus: fi
Mon Oct 29 21:36:26 2018 :: Log Kyrus: tell killuminati spellup
Mon Oct 29 21:36:26 2018 :: Log Kyrus: fi
Mon Oct 29 21:36:29 2018 :: Log Killuminati: restore Kyrus
Mon Oct 29 21:36:29 2018 :: Log Killuminati: pecho Kyrus Thank you, come again.
Mon Oct 29 21:36:33 2018 :: Log Kyrus: fi
Mon Oct 29 21:36:39 2018 :: Log Kyrus: fi
Mon Oct 29 21:36:45 2018 :: Log Kyrus: fi
Mon Oct 29 21:36:51 2018 :: Log Kyrus: fi
Mon Oct 29 21:36:58 2018 :: Log Kyrus: get gold cor
Mon Oct 29 21:36:58 2018 :: Log Kyrus: get gold cor
Mon Oct 29 21:36:58 2018 :: Log Kyrus: get gold cor
Mon Oct 29 21:39:45 2018 :: Log Kyrus: 
Mon Oct 29 21:39:46 2018 :: Log Kyrus: fi sk
Mon Oct 29 21:39:52 2018 :: Log Kyrus: tell killuminati spellup
Mon Oct 29 21:39:54 2018 :: Log Kyrus: fi
Mon Oct 29 21:39:55 2018 :: Log Killuminati: restore Kyrus
Mon Oct 29 21:39:55 2018 :: Log Killuminati: pecho Kyrus Thank you, come again.
Mon Oct 29 21:40:00 2018 :: Log Kyrus: fi
Mon Oct 29 21:40:07 2018 :: Log Kyrus: fi
Mon Oct 29 21:40:18 2018 :: Log Kyrus: who
Mon Oct 29 21:40:18 2018 :: Log Kyrus: fi
Mon Oct 29 21:40:25 2018 :: Log Kyrus: get gold cor
Mon Oct 29 21:40:25 2018 :: Log Kyrus: get gold cor
Mon Oct 29 21:40:25 2018 :: Log Kyrus: get gold cor
Mon Oct 29 21:40:25 2018 :: Log Kyrus: fi
Mon Oct 29 21:40:32 2018 :: Log Kyrus: fi
Mon Oct 29 21:40:38 2018 :: Log Kyrus: fi
Mon Oct 29 21:40:44 2018 :: Log Kyrus: fi
Mon Oct 29 21:40:50 2018 :: Log Kyrus: fi
Mon Oct 29 21:40:57 2018 :: Log Kyrus: fi
Mon Oct 29 21:40:57 2018 :: Log Kyrus: get gold cor
Mon Oct 29 21:40:57 2018 :: Log Kyrus: get gold cor
Mon Oct 29 21:40:57 2018 :: Log Kyrus: get gold cor
Mon Oct 29 21:40:58 2018 :: Log Kyrus: look
Mon Oct 29 21:40:59 2018 :: Log Kyrus: 
Mon Oct 29 21:41:00 2018 :: Log Kyrus: fi sk
Mon Oct 29 21:41:11 2018 :: Log Kyrus: 
Mon Oct 29 21:41:13 2018 :: Log Kyrus: fi sk
Mon Oct 29 21:41:19 2018 :: Log Kyrus: get gold cor
Mon Oct 29 21:41:19 2018 :: Log Kyrus: get gold cor
Mon Oct 29 21:41:20 2018 :: Log Kyrus: get gold cor
Mon Oct 29 21:41:20 2018 :: Log Kyrus: tell killuminati spellup
Mon Oct 29 21:41:20 2018 :: Log Kyrus: fi
Mon Oct 29 21:41:23 2018 :: Log Killuminati: restore Kyrus
Mon Oct 29 21:41:23 2018 :: Log Killuminati: pecho Kyrus Thank you, come again.
Mon Oct 29 21:41:26 2018 :: Log Kyrus: fi
Mon Oct 29 21:41:33 2018 :: Log Kyrus: fi
Mon Oct 29 21:41:39 2018 :: Log Kyrus: who
Mon Oct 29 21:41:39 2018 :: Log Kyrus: fi
Mon Oct 29 21:41:45 2018 :: Log Kyrus: fi
Mon Oct 29 21:41:52 2018 :: Log Kyrus: get gold cor
Mon Oct 29 21:41:52 2018 :: Log Kyrus: get gold cor
Mon Oct 29 21:41:52 2018 :: Log Kyrus: get gold cor
Mon Oct 29 21:41:52 2018 :: Log Kyrus: recal
Mon Oct 29 21:41:54 2018 :: Log Kyrus: wo
Mon Oct 29 21:41:55 2018 :: Log Kyrus: 
Mon Oct 29 21:41:56 2018 :: Log Kyrus: 
Mon Oct 29 21:41:56 2018 :: Log Kyrus: score
Mon Oct 29 21:41:57 2018 :: Log Kyrus: quit
Mon Oct 29 21:41:57 2018 :: Kyrus has quit. [Room: 4209]
chgrp: changing group of '../heroes/Kyrus': Operation not permitted
chgrp: changing group of '../player/Kyrus': Operation not permitted
Mon Oct 29 21:41:57 2018 :: Called for vnum: 29215 to modify as: -1 as playerload.
Mon Oct 29 21:41:57 2018 :: Vnum 29215|Signval: -1|!Gameload|Total: 3
Mon Oct 29 21:41:57 2018 :: Called for vnum: 29215 to modify as: 1 as playerload.
Mon Oct 29 21:41:57 2018 :: Vnum 29215|Signval: 1|!Gameload|Total: 2
chgrp: changing group of '../gods/Killuminati': Operation not permitted
chgrp: changing group of '../player/Killuminati': Operation not permitted
chgrp: changing group of '../gods/Killuminati': Operation not permitted
chgrp: changing group of '../player/Killuminati': Operation not permitted
Mon Oct 29 22:30:00 2018 :: Log Killuminati: backup now
Mon Oct 29 22:30:00 2018 :: Automated backup complete.
tar: Removing leading `../' from member names
Mon Oct 29 22:46:48 2018 :: Sock.sinaddr:  173.22.228.146
Mon Oct 29 22:46:49 2018 :: Loading Kyrus's playerfile
Mon Oct 29 22:46:50 2018 :: Kyrus@173-22-228-146.client.mchsi.com has connected. [Room: 4209]
Mon Oct 29 22:46:52 2018 :: Log Kyrus: who
Mon Oct 29 22:46:53 2018 :: Log Kyrus: 
Mon Oct 29 22:46:54 2018 :: Log Kyrus: 
Mon Oct 29 22:46:54 2018 :: Log Kyrus: r e 3
Mon Oct 29 22:46:55 2018 :: Log Kyrus: 
Mon Oct 29 22:46:56 2018 :: Log Kyrus: 
Mon Oct 29 22:46:57 2018 :: Log Kyrus: af
Mon Oct 29 22:46:59 2018 :: Log Kyrus: steel
Mon Oct 29 22:47:07 2018 :: Log Kyrus: r e 8
Mon Oct 29 22:47:07 2018 :: Log Kyrus: open east
Mon Oct 29 22:47:08 2018 :: Log Kyrus: r e 3
Mon Oct 29 22:47:08 2018 :: Log Kyrus: r s 4
Mon Oct 29 22:47:09 2018 :: Log Kyrus: 
Mon Oct 29 22:47:09 2018 :: Log Kyrus: 
Mon Oct 29 22:47:10 2018 :: Log Kyrus: 
Mon Oct 29 22:47:10 2018 :: Log Kyrus: 
Mon Oct 29 22:47:11 2018 :: Log Kyrus: 
Mon Oct 29 22:47:11 2018 :: Log Kyrus: 
Mon Oct 29 22:47:12 2018 :: Log Kyrus: open hole
Mon Oct 29 22:47:12 2018 :: Log Kyrus: 
Mon Oct 29 22:47:12 2018 :: Log Kyrus: 
Mon Oct 29 22:47:13 2018 :: Log Kyrus: 
Mon Oct 29 22:47:13 2018 :: Log Kyrus: open secret
Mon Oct 29 22:47:14 2018 :: Log Kyrus: 
Mon Oct 29 22:47:14 2018 :: Log Kyrus: 
Mon Oct 29 22:47:15 2018 :: Log Kyrus: 
Mon Oct 29 22:47:15 2018 :: Log Kyrus: r w 11
Mon Oct 29 22:47:16 2018 :: Log Kyrus: 
Mon Oct 29 22:47:16 2018 :: Log Kyrus: 
Mon Oct 29 22:47:17 2018 :: Log Kyrus: 
Mon Oct 29 22:47:17 2018 :: Log Kyrus: 
Mon Oct 29 22:47:18 2018 :: Log Kyrus: tell killuminati spellup
Mon Oct 29 22:47:20 2018 :: Log Killuminati: restore Kyrus
Mon Oct 29 22:47:21 2018 :: Log Killuminati: pecho Kyrus Thank you, come again.
Mon Oct 29 22:47:23 2018 :: Log Kyrus: look
Mon Oct 29 22:47:28 2018 :: Log Kyrus: 
Mon Oct 29 22:47:29 2018 :: Log Kyrus: open west
Mon Oct 29 22:47:30 2018 :: Log Kyrus: open east
Mon Oct 29 22:47:32 2018 :: Log Kyrus: 
Mon Oct 29 22:47:33 2018 :: Log Kyrus: 
Mon Oct 29 22:47:35 2018 :: Log Kyrus: scan
Mon Oct 29 22:47:37 2018 :: Log Kyrus: open west
Mon Oct 29 22:47:38 2018 :: Log Kyrus: open east
Mon Oct 29 22:47:38 2018 :: Log Kyrus: 
Mon Oct 29 22:47:39 2018 :: Log Kyrus: open west
Mon Oct 29 22:47:40 2018 :: Log Kyrus: open east
Mon Oct 29 22:47:40 2018 :: Log Kyrus: 
Mon Oct 29 22:47:41 2018 :: Log Kyrus: open west
Mon Oct 29 22:47:42 2018 :: Log Kyrus: open east
Mon Oct 29 22:47:43 2018 :: Log Kyrus: 
Mon Oct 29 22:47:44 2018 :: Log Kyrus: open west
Mon Oct 29 22:47:44 2018 :: Log Kyrus: open east
Mon Oct 29 22:47:45 2018 :: Log Kyrus: 
Mon Oct 29 22:47:47 2018 :: Log Kyrus: look ring
Mon Oct 29 22:47:49 2018 :: Log Kyrus: fi ring
Mon Oct 29 22:47:56 2018 :: Log Kyrus: fi ring
Mon Oct 29 22:48:05 2018 :: Log Kyrus: get gold cor
Mon Oct 29 22:48:05 2018 :: Log Kyrus: get gold cor
Mon Oct 29 22:48:05 2018 :: Log Kyrus: get gold cor
Mon Oct 29 22:48:14 2018 :: Log Kyrus: l i cor
Mon Oct 29 22:48:18 2018 :: Log Kyrus: get ring cor
Mon Oct 29 22:48:18 2018 :: Log Kyrus: 
Mon Oct 29 22:48:20 2018 :: Log Kyrus: unl west
Mon Oct 29 22:48:21 2018 :: Log Kyrus: 
Mon Oct 29 22:48:22 2018 :: Log Kyrus: 
Mon Oct 29 22:48:25 2018 :: Log Kyrus: look min
Mon Oct 29 22:48:27 2018 :: Log Kyrus: fi min
Mon Oct 29 22:48:33 2018 :: Log Kyrus: get gold cor
Mon Oct 29 22:48:33 2018 :: Log Kyrus: get gold cor
Mon Oct 29 22:48:34 2018 :: Log Kyrus: get gold cor
Mon Oct 29 22:48:35 2018 :: Log Kyrus: l i cor
Mon Oct 29 22:48:38 2018 :: Log Kyrus: 
Mon Oct 29 22:48:39 2018 :: Log Kyrus: 
Mon Oct 29 22:48:41 2018 :: Log Kyrus: look gu
Mon Oct 29 22:48:43 2018 :: Log Kyrus: fi gu
Mon Oct 29 22:48:50 2018 :: Log Kyrus: get gold cor
Mon Oct 29 22:48:50 2018 :: Log Kyrus: get gold cor
Mon Oct 29 22:48:50 2018 :: Log Kyrus: get gold cor
Mon Oct 29 22:48:50 2018 :: Log Kyrus: l i cor
Mon Oct 29 22:48:55 2018 :: Log Kyrus: l
Mon Oct 29 22:48:55 2018 :: Log Kyrus: 
Mon Oct 29 22:48:57 2018 :: Log Kyrus: look gu
Mon Oct 29 22:48:59 2018 :: Log Kyrus: fi gu
Mon Oct 29 22:49:05 2018 :: Log Kyrus: get gold cor
Mon Oct 29 22:49:06 2018 :: Log Kyrus: get gold cor
Mon Oct 29 22:49:06 2018 :: Log Kyrus: get gold cor
Mon Oct 29 22:49:25 2018 :: Log Kyrus: l i cor
Mon Oct 29 22:49:26 2018 :: Log Kyrus: l
Mon Oct 29 22:49:28 2018 :: Log Kyrus: open west
Mon Oct 29 22:49:29 2018 :: Log Kyrus: 
Mon Oct 29 22:49:30 2018 :: Log Kyrus: i
Mon Oct 29 22:49:32 2018 :: Log Kyrus: quaff op
Mon Oct 29 22:49:33 2018 :: Log Kyrus: 
Mon Oct 29 22:49:35 2018 :: Log Kyrus: open west
Mon Oct 29 22:49:36 2018 :: Log Kyrus: af
Mon Oct 29 22:49:40 2018 :: Log Kyrus: l
Mon Oct 29 22:49:41 2018 :: Log Kyrus: 
Mon Oct 29 22:49:42 2018 :: Log Kyrus: 
Mon Oct 29 22:49:42 2018 :: Log Kyrus: 
Mon Oct 29 22:49:45 2018 :: Log Kyrus: fi gu
Mon Oct 29 22:49:51 2018 :: Log Kyrus: get gold cor
Mon Oct 29 22:49:51 2018 :: Log Kyrus: get gold cor
Mon Oct 29 22:49:52 2018 :: Log Kyrus: get gold cor
Mon Oct 29 22:49:52 2018 :: Log Kyrus: l i cor
Mon Oct 29 22:49:57 2018 :: Log Kyrus: 
Mon Oct 29 22:49:59 2018 :: Log Kyrus: open east
Mon Oct 29 22:50:00 2018 :: Log Kyrus: 
Mon Oct 29 22:50:02 2018 :: Log Kyrus: look min
Mon Oct 29 22:50:04 2018 :: Log Kyrus: fi min
Mon Oct 29 22:50:10 2018 :: Log Kyrus: get gold cor
Mon Oct 29 22:50:11 2018 :: Log Kyrus: get gold cor
Mon Oct 29 22:50:11 2018 :: Log Kyrus: get gold cor
Mon Oct 29 22:50:11 2018 :: Log Kyrus: fi min
Mon Oct 29 22:50:17 2018 :: Log Kyrus: get gold cor
Mon Oct 29 22:50:18 2018 :: Log Kyrus: get gold cor
Mon Oct 29 22:50:18 2018 :: Log Kyrus: get gold cor
Mon Oct 29 22:50:18 2018 :: Log Kyrus: l i cor
Mon Oct 29 22:50:20 2018 :: Log Kyrus: sac cor
Mon Oct 29 22:50:21 2018 :: Log Kyrus: l i cor
Mon Oct 29 22:50:23 2018 :: Log Kyrus: sac cor
Mon Oct 29 22:50:24 2018 :: Log Kyrus: l
Mon Oct 29 22:50:26 2018 :: Log Kyrus: open east
Mon Oct 29 22:50:27 2018 :: Log Kyrus: 
Mon Oct 29 22:50:28 2018 :: Log Kyrus: 
Mon Oct 29 22:50:30 2018 :: Log Kyrus: 
Mon Oct 29 22:50:30 2018 :: Log Kyrus: 
Mon Oct 29 22:50:32 2018 :: Log Kyrus: 
Mon Oct 29 22:50:34 2018 :: Log Kyrus: sac cor
Mon Oct 29 22:50:35 2018 :: Log Kyrus: 
Mon Oct 29 22:50:36 2018 :: Log Kyrus: 
Mon Oct 29 22:50:37 2018 :: Log Kyrus: open east
Mon Oct 29 22:50:38 2018 :: Log Kyrus: open west
Mon Oct 29 22:50:38 2018 :: Log Kyrus: i
Mon Oct 29 22:50:59 2018 :: Log Kyrus: l i met
Mon Oct 29 22:51:05 2018 :: Log Kyrus: eq
Mon Oct 29 22:51:08 2018 :: Log Kyrus: get pro met
Mon Oct 29 22:51:10 2018 :: Log Kyrus: wear pro
Mon Oct 29 22:51:29 2018 :: Log Kyrus: l
Mon Oct 29 22:51:31 2018 :: Log Kyrus: 
Mon Oct 29 22:51:31 2018 :: Log Kyrus: 
Mon Oct 29 22:51:32 2018 :: Log Kyrus: scan
Mon Oct 29 22:51:33 2018 :: Log Kyrus: 
Mon Oct 29 22:51:33 2018 :: Log Kyrus: scan
Mon Oct 29 22:51:34 2018 :: Log Kyrus: 
Mon Oct 29 22:51:35 2018 :: Log Kyrus: scan
Mon Oct 29 22:51:37 2018 :: Log Kyrus: kill min
Mon Oct 29 22:51:40 2018 :: Log Kyrus: get gold cor
Mon Oct 29 22:51:40 2018 :: Log Kyrus: get gold cor
Mon Oct 29 22:51:41 2018 :: Log Kyrus: get gold cor
Mon Oct 29 22:51:41 2018 :: Log Kyrus: l i cor
Mon Oct 29 22:51:44 2018 :: Log Kyrus: fi min
Mon Oct 29 22:51:50 2018 :: Log Kyrus: get gold cor
Mon Oct 29 22:51:50 2018 :: Log Kyrus: get gold cor
Mon Oct 29 22:51:51 2018 :: Log Kyrus: get gold cor
Mon Oct 29 22:51:51 2018 :: Log Kyrus: l i cor
Mon Oct 29 22:51:53 2018 :: Log Kyrus: sac cor
Mon Oct 29 22:51:53 2018 :: Log Kyrus: l
Mon Oct 29 22:51:54 2018 :: Log Kyrus: 
Mon Oct 29 22:51:55 2018 :: Log Kyrus: scan
Mon Oct 29 22:52:01 2018 :: Log Kyrus: urecal
Mon Oct 29 22:52:02 2018 :: Log Kyrus: score
Mon Oct 29 22:52:03 2018 :: Log Kyrus: recal
Mon Oct 29 22:52:06 2018 :: Log Kyrus: score
Mon Oct 29 22:52:08 2018 :: Log Kyrus: prac
Mon Oct 29 22:52:28 2018 :: Log Kyrus: asf
Mon Oct 29 22:52:28 2018 :: Log Kyrus: af
Mon Oct 29 22:52:30 2018 :: Log Kyrus: steel
Mon Oct 29 22:52:31 2018 :: Log Kyrus: recal
Mon Oct 29 22:52:33 2018 :: Log Kyrus: recal
Mon Oct 29 22:52:33 2018 :: Log Kyrus: l
Mon Oct 29 22:52:58 2018 :: Log Kyrus: wo
Mon Oct 29 22:53:01 2018 :: Log Kyrus: r e 3
Mon Oct 29 22:53:02 2018 :: Log Kyrus: 
Mon Oct 29 22:53:02 2018 :: Log Kyrus: 
Mon Oct 29 22:53:06 2018 :: Log Kyrus: r e 8
Mon Oct 29 22:53:06 2018 :: Log Kyrus: open east
Mon Oct 29 22:53:07 2018 :: Log Kyrus: r e 19
Mon Oct 29 22:53:07 2018 :: Log Kyrus: r n 6
Mon Oct 29 22:53:08 2018 :: Log Kyrus: open north
Mon Oct 29 22:53:08 2018 :: Log Kyrus: r n 8
Mon Oct 29 22:53:08 2018 :: Log Kyrus: tell killuminati spellup
Mon Oct 29 22:53:11 2018 :: Log Killuminati: restore Kyrus
Mon Oct 29 22:53:11 2018 :: Log Killuminati: pecho Kyrus Thank you, come again.
Mon Oct 29 22:53:14 2018 :: Log Kyrus: l
Mon Oct 29 22:53:15 2018 :: Log Kyrus: 
Mon Oct 29 22:53:16 2018 :: Log Kyrus: 
Mon Oct 29 22:53:18 2018 :: Log Kyrus: get key
Mon Oct 29 22:53:19 2018 :: Log Kyrus: unl north
Mon Oct 29 22:53:20 2018 :: Log Kyrus: drop ke
Mon Oct 29 22:53:22 2018 :: Log Kyrus: open north
Mon Oct 29 22:53:23 2018 :: Log Kyrus: 
Mon Oct 29 22:53:24 2018 :: Log Kyrus: 
Mon Oct 29 22:53:25 2018 :: Log Kyrus: 
Mon Oct 29 22:53:25 2018 :: Log Kyrus: 
Mon Oct 29 22:53:26 2018 :: Log Kyrus: steel
Mon Oct 29 22:53:27 2018 :: Log Kyrus: 
Mon Oct 29 22:53:27 2018 :: Log Kyrus: 
Mon Oct 29 22:53:28 2018 :: Log Kyrus: 
Mon Oct 29 22:53:29 2018 :: Log Kyrus: 
Mon Oct 29 22:53:30 2018 :: Log Kyrus: steel
Mon Oct 29 22:53:33 2018 :: Log Kyrus: 
Mon Oct 29 22:53:36 2018 :: Log Kyrus: fi sk
Mon Oct 29 22:53:42 2018 :: Log Kyrus: fi sk
Mon Oct 29 22:53:50 2018 :: Log Kyrus: who
Mon Oct 29 22:53:50 2018 :: Log Kyrus: fi
Mon Oct 29 22:53:56 2018 :: Log Kyrus: fi
Mon Oct 29 22:54:02 2018 :: Log Kyrus: get gold cor
Mon Oct 29 22:54:03 2018 :: Log Kyrus: get gold cor
Mon Oct 29 22:54:03 2018 :: Log Kyrus: get gold cor
Mon Oct 29 22:54:03 2018 :: Log Kyrus: l i cor
Mon Oct 29 22:54:05 2018 :: Log Kyrus: sac cor
Mon Oct 29 22:54:05 2018 :: Log Kyrus: l
Mon Oct 29 22:54:06 2018 :: Log Kyrus: eq
Mon Oct 29 22:54:12 2018 :: Log Kyrus: l
Mon Oct 29 22:54:14 2018 :: Log Kyrus: 
Mon Oct 29 22:54:16 2018 :: Log Kyrus: fi sk
Mon Oct 29 22:54:22 2018 :: Log Kyrus: fi sk
Mon Oct 29 22:54:46 2018 :: Log Kyrus: fi sk
Mon Oct 29 22:54:53 2018 :: Log Kyrus: fi sk
Mon Oct 29 22:54:59 2018 :: Log Kyrus: fi sk
chgrp: changing group of '../heroes/Kyrus': Operation not permitted
chgrp: changing group of '../player/Kyrus': Operation not permitted
Mon Oct 29 22:55:07 2018 :: Log Kyrus: fi sk
Mon Oct 29 22:55:13 2018 :: Log Kyrus: fi sk
Mon Oct 29 22:55:20 2018 :: Log Kyrus: 
Mon Oct 29 22:55:20 2018 :: Log Kyrus: fi sk
Mon Oct 29 22:55:29 2018 :: Log Kyrus: 
Mon Oct 29 22:55:30 2018 :: Log Kyrus: kill sk
Mon Oct 29 22:55:31 2018 :: Log Kyrus: 
Mon Oct 29 22:55:32 2018 :: Log Kyrus: 
Mon Oct 29 22:55:33 2018 :: Log Kyrus: 
Mon Oct 29 22:55:35 2018 :: Log Kyrus: fi sk
Mon Oct 29 22:55:41 2018 :: Log Kyrus: get gold cor
Mon Oct 29 22:55:41 2018 :: Log Kyrus: get gold cor
Mon Oct 29 22:55:42 2018 :: Log Kyrus: get gold cor
Mon Oct 29 22:55:42 2018 :: Log Kyrus: fi sk
chgrp: changing group of '../gods/Killuminati': Operation not permitted
chgrp: changing group of '../player/Killuminati': Operation not permitted
Mon Oct 29 22:56:05 2018 :: Log Kyrus: 
Mon Oct 29 22:56:07 2018 :: Log Kyrus: fi
Mon Oct 29 22:56:13 2018 :: Log Kyrus: fi
Mon Oct 29 22:56:19 2018 :: Log Kyrus: fi
Mon Oct 29 22:56:30 2018 :: Log Kyrus: tell killuminati spellup
Mon Oct 29 22:56:30 2018 :: Log Kyrus: who
Mon Oct 29 22:56:30 2018 :: Log Kyrus: get gold cor
Mon Oct 29 22:56:30 2018 :: Log Kyrus: get gold cor
Mon Oct 29 22:56:31 2018 :: Log Kyrus: get gold cor
Mon Oct 29 22:56:31 2018 :: Log Kyrus: fi
Mon Oct 29 22:56:32 2018 :: Log Killuminati: restore Kyrus
Mon Oct 29 22:56:33 2018 :: Log Killuminati: pecho Kyrus Thank you, come again.
Mon Oct 29 22:56:37 2018 :: Log Kyrus: fi
Mon Oct 29 22:56:48 2018 :: Log Kyrus: fi
Mon Oct 29 22:56:55 2018 :: Log Kyrus: fi
Mon Oct 29 22:57:01 2018 :: Log Kyrus: get gold cor
Mon Oct 29 22:57:01 2018 :: Log Kyrus: get gold cor
Mon Oct 29 22:57:01 2018 :: Log Kyrus: get gold cor
Mon Oct 29 22:57:02 2018 :: Log Kyrus: l
Mon Oct 29 22:57:04 2018 :: Log Kyrus: 
Mon Oct 29 22:57:06 2018 :: Log Kyrus: fi
Mon Oct 29 22:57:12 2018 :: Log Kyrus: conf
Mon Oct 29 22:57:15 2018 :: Log Kyrus: conf 2.li
Mon Oct 29 22:57:19 2018 :: Log Kyrus: fi
Mon Oct 29 22:57:25 2018 :: Log Kyrus: fi
Mon Oct 29 22:57:31 2018 :: Log Kyrus: fi
Mon Oct 29 22:57:37 2018 :: Log Kyrus: get gold cor
Mon Oct 29 22:57:38 2018 :: Log Kyrus: get gold cor
Mon Oct 29 22:57:38 2018 :: Log Kyrus: get gold cor
Mon Oct 29 22:57:39 2018 :: Log Kyrus: fi
Mon Oct 29 22:57:51 2018 :: Log Kyrus: fi
Mon Oct 29 22:57:57 2018 :: Log Kyrus: fi
Mon Oct 29 22:58:03 2018 :: Log Kyrus: fi
Mon Oct 29 22:58:10 2018 :: Log Kyrus: fi
Mon Oct 29 22:58:16 2018 :: Log Kyrus: fi
Mon Oct 29 22:58:16 2018 :: Log Kyrus: get gold cor
Mon Oct 29 22:58:16 2018 :: Log Kyrus: get gold cor
Mon Oct 29 22:58:17 2018 :: Log Kyrus: get gold cor
Mon Oct 29 22:58:17 2018 :: Log Kyrus: worth
Mon Oct 29 22:58:18 2018 :: Log Kyrus: l
Mon Oct 29 22:58:20 2018 :: Log Kyrus: 
Mon Oct 29 22:58:20 2018 :: Log Kyrus: 
Mon Oct 29 22:58:21 2018 :: Log Kyrus: 
Mon Oct 29 22:58:21 2018 :: Log Kyrus: 
Mon Oct 29 22:58:22 2018 :: Log Kyrus: 
Mon Oct 29 22:58:23 2018 :: Log Kyrus: 
Mon Oct 29 22:58:24 2018 :: Log Kyrus: 
Mon Oct 29 22:58:25 2018 :: Log Kyrus: 
Mon Oct 29 22:58:25 2018 :: Log Kyrus: 
Mon Oct 29 22:58:26 2018 :: Log Kyrus: 
Mon Oct 29 22:58:26 2018 :: Log Kyrus: 
Mon Oct 29 22:58:27 2018 :: Log Kyrus: 
Mon Oct 29 22:58:28 2018 :: Log Kyrus: 
Mon Oct 29 22:58:29 2018 :: Log Kyrus: 
Mon Oct 29 23:00:12 2018 :: Log Kyrus: steel
Mon Oct 29 23:00:13 2018 :: Log Kyrus: 
Mon Oct 29 23:00:14 2018 :: Log Kyrus: iron
Mon Oct 29 23:00:15 2018 :: Log Kyrus: iron
Mon Oct 29 23:00:16 2018 :: Log Kyrus: iron
Mon Oct 29 23:00:22 2018 :: Log Kyrus: 
Mon Oct 29 23:00:22 2018 :: Log Kyrus: 
Mon Oct 29 23:00:23 2018 :: Log Kyrus: 
Mon Oct 29 23:00:23 2018 :: Log Kyrus: 
Mon Oct 29 23:00:24 2018 :: Log Kyrus: 
Mon Oct 29 23:00:25 2018 :: Log Kyrus: 
Mon Oct 29 23:00:26 2018 :: Log Kyrus: 
Mon Oct 29 23:00:27 2018 :: Log Kyrus: 
Mon Oct 29 23:00:28 2018 :: Log Kyrus: 
Mon Oct 29 23:00:30 2018 :: Log Kyrus: sac cor
Mon Oct 29 23:00:30 2018 :: Log Kyrus: 
Mon Oct 29 23:00:32 2018 :: Log Kyrus: sac cor
Mon Oct 29 23:00:32 2018 :: Log Kyrus: sac cor
Mon Oct 29 23:00:33 2018 :: Log Kyrus: sac cor
Mon Oct 29 23:00:33 2018 :: Log Kyrus: 
Mon Oct 29 23:00:35 2018 :: Log Kyrus: sac cor
Mon Oct 29 23:00:36 2018 :: Log Kyrus: sac cor
Mon Oct 29 23:00:36 2018 :: Log Kyrus: sac cor
Mon Oct 29 23:00:37 2018 :: Log Kyrus: 
Mon Oct 29 23:00:38 2018 :: Log Kyrus: 
Mon Oct 29 23:00:39 2018 :: Log Kyrus: 
Mon Oct 29 23:00:40 2018 :: Log Kyrus: 
Mon Oct 29 23:00:41 2018 :: Log Kyrus: fi
Mon Oct 29 23:00:52 2018 :: Log Kyrus: fi
Mon Oct 29 23:00:58 2018 :: Log Kyrus: fi
Mon Oct 29 23:01:05 2018 :: Log Kyrus: who
Mon Oct 29 23:01:05 2018 :: Log Kyrus: fi
Mon Oct 29 23:01:12 2018 :: Log Kyrus: get gold cor
Mon Oct 29 23:01:12 2018 :: Log Kyrus: get gold cor
Mon Oct 29 23:01:13 2018 :: Log Kyrus: get gold cor
Mon Oct 29 23:01:14 2018 :: Log Kyrus: af
Mon Oct 29 23:01:17 2018 :: Log Kyrus: l
Mon Oct 29 23:01:18 2018 :: Log Kyrus: 
Mon Oct 29 23:01:19 2018 :: Log Kyrus: 
Mon Oct 29 23:01:21 2018 :: Log Kyrus: fi li
Mon Oct 29 23:01:28 2018 :: Log Kyrus: fi
Mon Oct 29 23:01:36 2018 :: Log Kyrus: fi
Mon Oct 29 23:01:43 2018 :: Log Kyrus: fi
Mon Oct 29 23:01:50 2018 :: Log Kyrus: fi
Mon Oct 29 23:02:12 2018 :: Log Kyrus: get gold cor
Mon Oct 29 23:02:12 2018 :: Log Kyrus: get gold cor
Mon Oct 29 23:02:13 2018 :: Log Kyrus: get gold cor
Mon Oct 29 23:02:48 2018 :: Log Kyrus: l
Mon Oct 29 23:02:49 2018 :: Log Kyrus: steel
Mon Oct 29 23:02:50 2018 :: Log Kyrus: 
Mon Oct 29 23:02:51 2018 :: Log Kyrus: 
Mon Oct 29 23:02:52 2018 :: Log Kyrus: 
Mon Oct 29 23:02:54 2018 :: Log Kyrus: fi
Mon Oct 29 23:03:00 2018 :: Log Kyrus: tell killuminati spellup
Mon Oct 29 23:03:01 2018 :: Log Kyrus: fi
Mon Oct 29 23:03:03 2018 :: Log Killuminati: restore Kyrus
Mon Oct 29 23:03:03 2018 :: Log Killuminati: pecho Kyrus Thank you, come again.
Mon Oct 29 23:03:22 2018 :: Log Kyrus: fi
Mon Oct 29 23:03:29 2018 :: Log Kyrus: get gold cor
Mon Oct 29 23:03:29 2018 :: Log Kyrus: get gold cor
Mon Oct 29 23:03:29 2018 :: Log Kyrus: get gold cor
Mon Oct 29 23:03:29 2018 :: Log Kyrus: fi
Mon Oct 29 23:03:36 2018 :: Log Kyrus: fi
Mon Oct 29 23:03:42 2018 :: Log Kyrus: who
Mon Oct 29 23:03:42 2018 :: Log Kyrus: fi
Mon Oct 29 23:03:59 2018 :: Log Kyrus: who
Mon Oct 29 23:04:00 2018 :: Log Kyrus: fi
Mon Oct 29 23:04:06 2018 :: Log Kyrus: get gold cor
Mon Oct 29 23:04:06 2018 :: Log Kyrus: get gold cor
Mon Oct 29 23:04:06 2018 :: Log Kyrus: get gold cor
Mon Oct 29 23:04:07 2018 :: Log Kyrus: l
Mon Oct 29 23:04:08 2018 :: Log Kyrus: steel
Mon Oct 29 23:04:09 2018 :: Log Kyrus: sac cor
Mon Oct 29 23:04:09 2018 :: Log Kyrus: sac cor
Mon Oct 29 23:04:10 2018 :: Log Kyrus: sac cor
Mon Oct 29 23:04:10 2018 :: Log Kyrus: steel
Mon Oct 29 23:04:14 2018 :: Log Kyrus: 
Mon Oct 29 23:04:15 2018 :: Log Kyrus: 
Mon Oct 29 23:04:17 2018 :: Log Kyrus: fi
Mon Oct 29 23:04:23 2018 :: Log Kyrus: af
Mon Oct 29 23:04:23 2018 :: Log Kyrus: fi
Mon Oct 29 23:04:29 2018 :: Log Kyrus: fi
Mon Oct 29 23:04:36 2018 :: Log Kyrus: fi
Mon Oct 29 23:04:46 2018 :: Log Kyrus: get gold cor
Mon Oct 29 23:04:46 2018 :: Log Kyrus: get gold cor
Mon Oct 29 23:04:46 2018 :: Log Kyrus: get gold cor
Mon Oct 29 23:04:49 2018 :: Log Kyrus: tell killuminati spellup
Mon Oct 29 23:04:52 2018 :: Log Killuminati: restore Kyrus
Mon Oct 29 23:04:52 2018 :: Log Killuminati: pecho Kyrus Thank you, come again.
Mon Oct 29 23:04:53 2018 :: Log Kyrus: wo
Mon Oct 29 23:04:54 2018 :: Log Kyrus: l
Mon Oct 29 23:04:56 2018 :: Log Kyrus: 
Mon Oct 29 23:04:57 2018 :: Log Kyrus: 
Mon Oct 29 23:05:00 2018 :: Log Kyrus: 
Mon Oct 29 23:05:02 2018 :: Log Kyrus: 
Mon Oct 29 23:05:03 2018 :: Log Kyrus: 
Mon Oct 29 23:05:04 2018 :: Log Kyrus: 
Mon Oct 29 23:05:05 2018 :: Log Kyrus: 
Mon Oct 29 23:05:06 2018 :: Log Kyrus: 
Mon Oct 29 23:05:08 2018 :: Log Kyrus: 
Mon Oct 29 23:05:09 2018 :: Log Kyrus: open west
Mon Oct 29 23:05:10 2018 :: Log Kyrus: 
Mon Oct 29 23:05:12 2018 :: Log Kyrus: pull five
Mon Oct 29 23:05:14 2018 :: Log Kyrus: pull eight
Mon Oct 29 23:05:15 2018 :: Log Kyrus: 
Mon Oct 29 23:05:15 2018 :: Log Kyrus: 
Mon Oct 29 23:05:17 2018 :: Log Kyrus: fi
Mon Oct 29 23:05:23 2018 :: Log Kyrus: fi
Mon Oct 29 23:05:34 2018 :: Log Kyrus: fi
Mon Oct 29 23:05:40 2018 :: Log Kyrus: fi
Mon Oct 29 23:05:46 2018 :: Log Kyrus: fi
Mon Oct 29 23:05:52 2018 :: Log Kyrus: fi
Mon Oct 29 23:05:59 2018 :: Log Kyrus: who
Mon Oct 29 23:05:59 2018 :: Log Kyrus: fi
Mon Oct 29 23:06:05 2018 :: Log Kyrus: fi
Mon Oct 29 23:06:11 2018 :: Log Kyrus: fi
Mon Oct 29 23:06:25 2018 :: Log Kyrus: fi
Mon Oct 29 23:06:31 2018 :: Log Kyrus: who
Mon Oct 29 23:06:31 2018 :: Log Kyrus: fi
Mon Oct 29 23:06:37 2018 :: Log Kyrus: get gold cor
Mon Oct 29 23:06:38 2018 :: Log Kyrus: get gold cor
Mon Oct 29 23:06:38 2018 :: Log Kyrus: get gold cor
Mon Oct 29 23:06:55 2018 :: Log Kyrus: recal
Mon Oct 29 23:06:56 2018 :: Log Kyrus: l
Mon Oct 29 23:06:58 2018 :: Log Kyrus: 
Mon Oct 29 23:07:00 2018 :: Log Kyrus: recal
Mon Oct 29 23:07:02 2018 :: Log Kyrus: 
Mon Oct 29 23:07:02 2018 :: Log Kyrus: 
Mon Oct 29 23:07:03 2018 :: Log Kyrus: recal
Mon Oct 29 23:07:05 2018 :: Log Kyrus: 
Mon Oct 29 23:07:06 2018 :: Log Kyrus: 
Mon Oct 29 23:07:06 2018 :: Log Kyrus: tk gold
Mon Oct 29 23:07:07 2018 :: Log Kyrus: tk gold
Mon Oct 29 23:07:08 2018 :: Log Kyrus: tk gold
Mon Oct 29 23:07:08 2018 :: Log Kyrus: tk gold
Mon Oct 29 23:07:09 2018 :: Log Kyrus: tk gold
Mon Oct 29 23:07:10 2018 :: Log Kyrus: tk gold
Mon Oct 29 23:07:10 2018 :: Log Kyrus: tk gold
Mon Oct 29 23:07:10 2018 :: Log Kyrus: tk gold
Mon Oct 29 23:07:11 2018 :: Log Kyrus: tk gold
Mon Oct 29 23:07:12 2018 :: Log Kyrus: tk gold
Mon Oct 29 23:07:12 2018 :: Log Kyrus: tk gold
Mon Oct 29 23:07:12 2018 :: Log Kyrus: sleep
Mon Oct 29 23:08:02 2018 :: Log Kyrus: eq
Mon Oct 29 23:10:44 2018 :: Log Kyrus: wake
Mon Oct 29 23:11:21 2018 :: Log Kyrus: wake
Mon Oct 29 23:11:22 2018 :: Log Kyrus: l
Mon Oct 29 23:11:23 2018 :: Log Kyrus: 
Mon Oct 29 23:11:23 2018 :: Log Kyrus: 
Mon Oct 29 23:11:24 2018 :: Log Kyrus: r e 3
Mon Oct 29 23:11:24 2018 :: Log Kyrus: 
Mon Oct 29 23:11:25 2018 :: Log Kyrus: 
Mon Oct 29 23:11:26 2018 :: Log Kyrus: tell killuminati spellup
Mon Oct 29 23:11:28 2018 :: Log Kyrus: r e 8
Mon Oct 29 23:11:29 2018 :: Log Kyrus: open east
Mon Oct 29 23:11:29 2018 :: Log Kyrus: r e 19
Mon Oct 29 23:11:29 2018 :: Log Killuminati: restore Kyrus
Mon Oct 29 23:11:29 2018 :: Log Killuminati: pecho Kyrus Thank you, come again.
Mon Oct 29 23:11:30 2018 :: Log Kyrus: r n 6
Mon Oct 29 23:11:30 2018 :: Log Kyrus: open north
Mon Oct 29 23:11:30 2018 :: Log Kyrus: r n 8
Mon Oct 29 23:11:32 2018 :: Log Kyrus: 
Mon Oct 29 23:11:32 2018 :: Log Kyrus: 
Mon Oct 29 23:11:34 2018 :: Log Kyrus: get all
Mon Oct 29 23:11:36 2018 :: Log Kyrus: unl north
Mon Oct 29 23:11:37 2018 :: Log Kyrus: drop ke
Mon Oct 29 23:11:38 2018 :: Log Kyrus: open north
Mon Oct 29 23:11:39 2018 :: Log Kyrus: 
Mon Oct 29 23:11:40 2018 :: Log Kyrus: 
Mon Oct 29 23:11:40 2018 :: Log Kyrus: 
Mon Oct 29 23:11:41 2018 :: Log Kyrus: 
Mon Oct 29 23:11:42 2018 :: Log Kyrus: steel
Mon Oct 29 23:11:46 2018 :: Log Kyrus: 
Mon Oct 29 23:11:47 2018 :: Log Kyrus: 
Mon Oct 29 23:11:47 2018 :: Log Kyrus: 
Mon Oct 29 23:11:48 2018 :: Log Kyrus: 
Mon Oct 29 23:11:48 2018 :: Log Kyrus: 
Mon Oct 29 23:11:48 2018 :: Log Kyrus: 
Mon Oct 29 23:11:50 2018 :: Log Kyrus: fi sk
Mon Oct 29 23:11:57 2018 :: Log Kyrus: fi sk
Mon Oct 29 23:12:03 2018 :: Log Kyrus: fi sk
Mon Oct 29 23:12:09 2018 :: Log Kyrus: fi sk
Mon Oct 29 23:12:15 2018 :: Log Kyrus: fi sk
Mon Oct 29 23:12:22 2018 :: Log Kyrus: who
Mon Oct 29 23:12:22 2018 :: Log Kyrus: 
Mon Oct 29 23:12:22 2018 :: Log Kyrus: fi sk
Mon Oct 29 23:12:29 2018 :: Log Kyrus: 
Mon Oct 29 23:12:30 2018 :: Log Kyrus: kill sk
Mon Oct 29 23:12:31 2018 :: Log Kyrus: 
Mon Oct 29 23:12:33 2018 :: Log Kyrus: 
Mon Oct 29 23:12:34 2018 :: Log Kyrus: 
Mon Oct 29 23:12:36 2018 :: Log Kyrus: fi sk
Mon Oct 29 23:12:42 2018 :: Log Kyrus: fi sk
Mon Oct 29 23:12:49 2018 :: Log Kyrus: fi sk
Mon Oct 29 23:12:55 2018 :: Log Kyrus: fi sk
Mon Oct 29 23:13:01 2018 :: Log Kyrus: fi sk
Mon Oct 29 23:13:07 2018 :: Log Kyrus: fi sk
Mon Oct 29 23:13:15 2018 :: Log Kyrus: fi sk
Mon Oct 29 23:13:22 2018 :: Log Kyrus: get gold cor
Mon Oct 29 23:13:22 2018 :: Log Kyrus: get gold cor
Mon Oct 29 23:13:22 2018 :: Log Kyrus: get gold cor
Mon Oct 29 23:13:22 2018 :: Log Kyrus: l
Mon Oct 29 23:13:23 2018 :: Log Kyrus: 
Mon Oct 29 23:13:25 2018 :: Log Kyrus: fi sk
Mon Oct 29 23:13:36 2018 :: Log Kyrus: fi sk
Mon Oct 29 23:13:45 2018 :: Log Kyrus: fi sk
Mon Oct 29 23:13:51 2018 :: Log Kyrus: 
Mon Oct 29 23:13:52 2018 :: Log Kyrus: kill sk
Mon Oct 29 23:13:53 2018 :: Log Kyrus: fi
Mon Oct 29 23:13:59 2018 :: Log Kyrus: fi sk
Mon Oct 29 23:14:05 2018 :: Log Kyrus: tell killuminati spellup
Mon Oct 29 23:14:07 2018 :: Log Kyrus: fi sk
Mon Oct 29 23:14:08 2018 :: Log Killuminati: restore Kyrus
Mon Oct 29 23:14:08 2018 :: Log Killuminati: pecho Kyrus Thank you, come again.
Mon Oct 29 23:14:13 2018 :: Log Kyrus: get gold cor
Mon Oct 29 23:14:13 2018 :: Log Kyrus: get gold cor
Mon Oct 29 23:14:13 2018 :: Log Kyrus: get gold cor
Mon Oct 29 23:14:14 2018 :: Log Kyrus: fi
Mon Oct 29 23:14:14 2018 :: Log Kyrus: get gold cor
Mon Oct 29 23:14:14 2018 :: Log Kyrus: get gold cor
Mon Oct 29 23:14:14 2018 :: Log Kyrus: get gold cor
Mon Oct 29 23:14:15 2018 :: Log Kyrus: fi
Mon Oct 29 23:14:24 2018 :: Log Kyrus: fi
Mon Oct 29 23:14:35 2018 :: Log Kyrus: fi
Mon Oct 29 23:14:43 2018 :: Log Kyrus: fi
Mon Oct 29 23:14:49 2018 :: Log Kyrus: fi
Mon Oct 29 23:14:56 2018 :: Log Kyrus: get gold cor
Mon Oct 29 23:14:56 2018 :: Log Kyrus: get gold cor
Mon Oct 29 23:14:56 2018 :: Log Kyrus: get gold cor
Mon Oct 29 23:14:56 2018 :: Log Kyrus: l
Mon Oct 29 23:15:00 2018 :: Log Kyrus: sac cor
Mon Oct 29 23:15:00 2018 :: Log Kyrus: sac cor
Mon Oct 29 23:15:00 2018 :: Log Kyrus: sac cor
Mon Oct 29 23:15:01 2018 :: Log Kyrus: 
Mon Oct 29 23:15:04 2018 :: Log Kyrus: fi
Mon Oct 29 23:15:11 2018 :: Log Kyrus: fi
Mon Oct 29 23:15:18 2018 :: Log Kyrus: fi
Mon Oct 29 23:15:25 2018 :: Log Kyrus: fi
Mon Oct 29 23:15:35 2018 :: Log Kyrus: fi
Mon Oct 29 23:15:35 2018 :: Log Kyrus: get gold cor
Mon Oct 29 23:15:35 2018 :: Log Kyrus: get gold cor
Mon Oct 29 23:15:35 2018 :: Log Kyrus: get gold cor
Mon Oct 29 23:15:38 2018 :: Log Kyrus: tell killuminati spellup
Mon Oct 29 23:15:40 2018 :: Log Kyrus: wo
Mon Oct 29 23:15:41 2018 :: Log Killuminati: restore Kyrus
Mon Oct 29 23:15:41 2018 :: Log Killuminati: pecho Kyrus Thank you, come again.
Mon Oct 29 23:15:42 2018 :: Log Kyrus: 
Mon Oct 29 23:15:43 2018 :: Log Kyrus: l
Mon Oct 29 23:15:44 2018 :: Log Kyrus: 
Mon Oct 29 23:15:46 2018 :: Log Kyrus: fi
Mon Oct 29 23:15:52 2018 :: Log Kyrus: fi
Mon Oct 29 23:15:58 2018 :: Log Kyrus: fi
Mon Oct 29 23:16:05 2018 :: Log Kyrus: fi
Mon Oct 29 23:16:14 2018 :: Log Kyrus: fi
Mon Oct 29 23:16:23 2018 :: Log Kyrus: get gold cor
Mon Oct 29 23:16:23 2018 :: Log Kyrus: get gold cor
Mon Oct 29 23:16:23 2018 :: Log Kyrus: get gold cor
Mon Oct 29 23:16:24 2018 :: Log Kyrus: who
Mon Oct 29 23:16:24 2018 :: Log Kyrus: fi
Mon Oct 29 23:16:30 2018 :: Log Kyrus: fi
Mon Oct 29 23:16:36 2018 :: Log Kyrus: fi
Mon Oct 29 23:16:44 2018 :: Log Kyrus: fi
Mon Oct 29 23:16:50 2018 :: Log Kyrus: get gold cor
Mon Oct 29 23:16:50 2018 :: Log Kyrus: get gold cor
Mon Oct 29 23:16:51 2018 :: Log Kyrus: get gold cor
Mon Oct 29 23:16:51 2018 :: Log Kyrus: lo
Mon Oct 29 23:16:53 2018 :: Log Kyrus: 
Mon Oct 29 23:16:55 2018 :: Log Kyrus: 
Mon Oct 29 23:16:56 2018 :: Log Kyrus: 
Mon Oct 29 23:16:58 2018 :: Log Kyrus: fi
Mon Oct 29 23:17:05 2018 :: Log Kyrus: fi
Mon Oct 29 23:17:13 2018 :: Log Kyrus: fi
Mon Oct 29 23:17:21 2018 :: Log Kyrus: fi
Mon Oct 29 23:17:27 2018 :: Log Kyrus: fi
Mon Oct 29 23:17:33 2018 :: Log Kyrus: get gold cor
Mon Oct 29 23:17:34 2018 :: Log Kyrus: get gold cor
Mon Oct 29 23:17:34 2018 :: Log Kyrus: get gold cor
Mon Oct 29 23:17:35 2018 :: Log Kyrus: l
Mon Oct 29 23:17:36 2018 :: Log Kyrus: wo
Mon Oct 29 23:17:37 2018 :: Log Kyrus: 
Mon Oct 29 23:17:38 2018 :: Log Kyrus: 
Mon Oct 29 23:17:39 2018 :: Log Kyrus: 
Mon Oct 29 23:17:40 2018 :: Log Kyrus: 
Mon Oct 29 23:17:42 2018 :: Log Kyrus: fi
Mon Oct 29 23:17:48 2018 :: Log Kyrus: tell killuminati spellup
Mon Oct 29 23:17:48 2018 :: Log Kyrus: fi
Mon Oct 29 23:17:51 2018 :: Log Killuminati: restore Kyrus
Mon Oct 29 23:17:51 2018 :: Log Killuminati: pecho Kyrus Thank you, come again.
Mon Oct 29 23:17:55 2018 :: Log Kyrus: fi
Mon Oct 29 23:18:04 2018 :: Log Kyrus: who
Mon Oct 29 23:18:04 2018 :: Log Kyrus: fi
Mon Oct 29 23:18:11 2018 :: Log Kyrus: fi
Mon Oct 29 23:18:17 2018 :: Log Kyrus: fi
Mon Oct 29 23:18:23 2018 :: Log Kyrus: get gold cor
Mon Oct 29 23:18:24 2018 :: Log Kyrus: get gold cor
Mon Oct 29 23:18:24 2018 :: Log Kyrus: get gold cor
Mon Oct 29 23:18:24 2018 :: Log Kyrus: l
Mon Oct 29 23:18:27 2018 :: Log Kyrus: open east
Mon Oct 29 23:18:27 2018 :: Log Kyrus: ex
Mon Oct 29 23:18:28 2018 :: Log Kyrus: 
Mon Oct 29 23:18:29 2018 :: Log Kyrus: 
Mon Oct 29 23:18:30 2018 :: Log Kyrus: 
Mon Oct 29 23:18:32 2018 :: Log Kyrus: 
Mon Oct 29 23:18:33 2018 :: Log Kyrus: 
Mon Oct 29 23:18:35 2018 :: Log Kyrus: 
Mon Oct 29 23:18:36 2018 :: Log Kyrus: 
Mon Oct 29 23:18:39 2018 :: Log Kyrus: open south
Mon Oct 29 23:18:43 2018 :: Log Kyrus: unl south
Mon Oct 29 23:18:44 2018 :: Log Kyrus: l
Mon Oct 29 23:18:45 2018 :: Log Kyrus: 
Mon Oct 29 23:18:48 2018 :: Log Kyrus: fi
Mon Oct 29 23:18:54 2018 :: Log Kyrus: fi
Mon Oct 29 23:19:00 2018 :: Log Kyrus: fi
Mon Oct 29 23:19:07 2018 :: Log Kyrus: fi
Mon Oct 29 23:19:13 2018 :: Log Kyrus: fi
Mon Oct 29 23:19:28 2018 :: Log Kyrus: fi
Mon Oct 29 23:19:35 2018 :: Log Kyrus: get gold cor
Mon Oct 29 23:19:35 2018 :: Log Kyrus: get gold cor
Mon Oct 29 23:19:35 2018 :: Log Kyrus: get gold cor
Mon Oct 29 23:19:50 2018 :: Log Kyrus: l
Mon Oct 29 23:19:52 2018 :: Log Kyrus: 
Mon Oct 29 23:19:56 2018 :: Log Kyrus: recal
Mon Oct 29 23:20:00 2018 :: Log Kyrus: r e 3
Mon Oct 29 23:20:01 2018 :: Log Kyrus: 
Mon Oct 29 23:20:02 2018 :: Log Kyrus: 
Mon Oct 29 23:20:05 2018 :: Log Kyrus: r e 8
Mon Oct 29 23:20:05 2018 :: Log Kyrus: open east
Mon Oct 29 23:20:05 2018 :: Log Kyrus: r e 19
Mon Oct 29 23:20:06 2018 :: Log Kyrus: r n 6
Mon Oct 29 23:20:06 2018 :: Log Kyrus: open north
Mon Oct 29 23:20:07 2018 :: Log Kyrus: r n 8
Mon Oct 29 23:20:42 2018 :: Log Kyrus: score
Mon Oct 29 23:22:07 2018 :: Log Kyrus: tell killuminati spellup
Mon Oct 29 23:22:08 2018 :: Log Kyrus: steel
Mon Oct 29 23:22:09 2018 :: Log Kyrus: steel
Mon Oct 29 23:22:10 2018 :: Log Killuminati: restore Kyrus
Mon Oct 29 23:22:10 2018 :: Log Killuminati: pecho Kyrus Thank you, come again.
Mon Oct 29 23:22:12 2018 :: Log Kyrus: 
Mon Oct 29 23:22:13 2018 :: Log Kyrus: 
Mon Oct 29 23:22:13 2018 :: Log Kyrus: get all
Mon Oct 29 23:22:14 2018 :: Log Kyrus: unl north
Mon Oct 29 23:22:14 2018 :: Log Kyrus: open north
Mon Oct 29 23:22:15 2018 :: Log Kyrus: drop key
Mon Oct 29 23:22:16 2018 :: Log Kyrus: 
Mon Oct 29 23:22:17 2018 :: Log Kyrus: 
Mon Oct 29 23:22:18 2018 :: Log Kyrus: 
Mon Oct 29 23:22:18 2018 :: Log Kyrus: 
Mon Oct 29 23:22:19 2018 :: Log Kyrus: 
Mon Oct 29 23:22:19 2018 :: Log Kyrus: 
Mon Oct 29 23:22:20 2018 :: Log Kyrus: 
Mon Oct 29 23:22:20 2018 :: Log Kyrus: 
Mon Oct 29 23:22:21 2018 :: Log Kyrus: 
Mon Oct 29 23:22:21 2018 :: Log Kyrus: 
Mon Oct 29 23:22:22 2018 :: Log Kyrus: 
Mon Oct 29 23:22:24 2018 :: Log Kyrus: fi sk
Mon Oct 29 23:22:30 2018 :: Log Kyrus: fi sk
Mon Oct 29 23:22:39 2018 :: Log Kyrus: fi sk
Mon Oct 29 23:22:46 2018 :: Log Kyrus: fi sk
Mon Oct 29 23:22:53 2018 :: Log Kyrus: who
Mon Oct 29 23:22:53 2018 :: Log Kyrus: fi
Mon Oct 29 23:23:00 2018 :: Log Kyrus: fi
Mon Oct 29 23:23:06 2018 :: Log Kyrus: 
Mon Oct 29 23:23:07 2018 :: Log Kyrus: kill sk
Mon Oct 29 23:23:10 2018 :: Log Kyrus: fi sk
Mon Oct 29 23:23:16 2018 :: Log Kyrus: get gold cor
Mon Oct 29 23:23:17 2018 :: Log Kyrus: get gold cor
Mon Oct 29 23:23:17 2018 :: Log Kyrus: get gold cor
Mon Oct 29 23:23:17 2018 :: Log Kyrus: prac
Mon Oct 29 23:23:21 2018 :: Log Kyrus: fi sk
Mon Oct 29 23:23:28 2018 :: Log Kyrus: fi sk
Mon Oct 29 23:23:34 2018 :: Log Kyrus: fi sk
Mon Oct 29 23:23:40 2018 :: Log Kyrus: fi sk
Mon Oct 29 23:23:46 2018 :: Log Kyrus: fi sk
Mon Oct 29 23:23:53 2018 :: Log Kyrus: 
Mon Oct 29 23:23:54 2018 :: Log Kyrus: kill sk
Mon Oct 29 23:23:57 2018 :: Log Kyrus: fi
Mon Oct 29 23:24:03 2018 :: Log Kyrus: get gold cor
Mon Oct 29 23:24:04 2018 :: Log Kyrus: get gold cor
Mon Oct 29 23:24:04 2018 :: Log Kyrus: get gold cor
Mon Oct 29 23:24:05 2018 :: Log Kyrus: wo
Mon Oct 29 23:24:07 2018 :: Log Kyrus: fi sk
Mon Oct 29 23:24:17 2018 :: Log Kyrus: fi sk
chgrp: changing group of '../heroes/Kyrus': Operation not permitted
chgrp: changing group of '../player/Kyrus': Operation not permitted
Mon Oct 29 23:24:27 2018 :: Log Kyrus: fi sk
Mon Oct 29 23:24:34 2018 :: Log Kyrus: tell killuminati spellup
Mon Oct 29 23:24:35 2018 :: Log Kyrus: fi sk
Mon Oct 29 23:24:36 2018 :: Log Killuminati: restore Kyrus
Mon Oct 29 23:24:37 2018 :: Log Killuminati: pecho Kyrus Thank you, come again.
Mon Oct 29 23:24:42 2018 :: Log Kyrus: fi sk
Mon Oct 29 23:24:48 2018 :: Log Kyrus: get gold cor
Mon Oct 29 23:24:48 2018 :: Log Kyrus: get gold cor
Mon Oct 29 23:24:48 2018 :: Log Kyrus: get gold cor
Mon Oct 29 23:24:49 2018 :: Log Kyrus: l
Mon Oct 29 23:24:51 2018 :: Log Kyrus: sac cor
Mon Oct 29 23:24:51 2018 :: Log Kyrus: sac cor
Mon Oct 29 23:24:52 2018 :: Log Kyrus: 
Mon Oct 29 23:24:53 2018 :: Log Kyrus: fi
Mon Oct 29 23:25:02 2018 :: Log Kyrus: fi
Mon Oct 29 23:25:10 2018 :: Log Kyrus: fi
chgrp: changing group of '../gods/Killuminati': Operation not permitted
chgrp: changing group of '../player/Killuminati': Operation not permitted
Mon Oct 29 23:25:17 2018 :: Log Kyrus: fi
Mon Oct 29 23:25:34 2018 :: Log Kyrus: get gold cor
Mon Oct 29 23:25:34 2018 :: Log Kyrus: get gold cor
Mon Oct 29 23:25:35 2018 :: Log Kyrus: get gold cor
Mon Oct 29 23:25:37 2018 :: Log Kyrus: l
Mon Oct 29 23:25:40 2018 :: Log Kyrus: fi
Mon Oct 29 23:25:46 2018 :: Log Kyrus: tell killuminati spellup
Mon Oct 29 23:25:46 2018 :: Log Kyrus: fi
Mon Oct 29 23:25:49 2018 :: Log Killuminati: restore Kyrus
Mon Oct 29 23:25:49 2018 :: Log Killuminati: pecho Kyrus Thank you, come again.
Mon Oct 29 23:26:01 2018 :: Log Kyrus: get gold cor
Mon Oct 29 23:26:02 2018 :: Log Kyrus: get gold cor
Mon Oct 29 23:26:02 2018 :: Log Kyrus: get gold cor
Mon Oct 29 23:26:09 2018 :: Log Kyrus: l
Mon Oct 29 23:26:11 2018 :: Log Kyrus: sac cor
Mon Oct 29 23:26:11 2018 :: Log Kyrus: sac cor
Mon Oct 29 23:26:12 2018 :: Log Kyrus: 
Mon Oct 29 23:26:14 2018 :: Log Kyrus: open south
Mon Oct 29 23:26:14 2018 :: Log Kyrus: 
Mon Oct 29 23:26:17 2018 :: Log Kyrus: 
Mon Oct 29 23:26:18 2018 :: Log Kyrus: 
Mon Oct 29 23:26:19 2018 :: Log Kyrus: 
Mon Oct 29 23:26:24 2018 :: Log Kyrus: conf
Mon Oct 29 23:26:27 2018 :: Log Kyrus: conf 2.li
Mon Oct 29 23:26:30 2018 :: Log Kyrus: fi
Mon Oct 29 23:26:36 2018 :: Log Kyrus: fi
Mon Oct 29 23:26:47 2018 :: Log Kyrus: fi
Mon Oct 29 23:26:53 2018 :: Log Kyrus: who
Mon Oct 29 23:26:58 2018 :: Log Kyrus: tell killuminati spellup
Mon Oct 29 23:26:59 2018 :: Log Kyrus: fi
Mon Oct 29 23:27:00 2018 :: Log Killuminati: restore Kyrus
Mon Oct 29 23:27:01 2018 :: Log Killuminati: pecho Kyrus Thank you, come again.
Mon Oct 29 23:27:05 2018 :: Log Kyrus: fi
Mon Oct 29 23:27:13 2018 :: Log Kyrus: who
Mon Oct 29 23:27:13 2018 :: Log Kyrus: fi
Mon Oct 29 23:27:19 2018 :: Log Kyrus: fi
Mon Oct 29 23:27:26 2018 :: Log Kyrus: get gold cor
Mon Oct 29 23:27:26 2018 :: Log Kyrus: get gold cor
Mon Oct 29 23:27:26 2018 :: Log Kyrus: get gold cor
Mon Oct 29 23:27:26 2018 :: Log Kyrus: fi
Mon Oct 29 23:27:33 2018 :: Log Kyrus: wo
Mon Oct 29 23:27:33 2018 :: Log Kyrus: f
Mon Oct 29 23:27:33 2018 :: Log Kyrus: fi
Mon Oct 29 23:27:40 2018 :: Log Kyrus: tell killuminati spellup
Mon Oct 29 23:27:40 2018 :: Log Kyrus: fi
Mon Oct 29 23:27:42 2018 :: Log Killuminati: restore Kyrus
Mon Oct 29 23:27:43 2018 :: Log Killuminati: pecho Kyrus Thank you, come again.
Mon Oct 29 23:27:46 2018 :: Log Kyrus: fi
Mon Oct 29 23:27:53 2018 :: Log Kyrus: get gold cor
Mon Oct 29 23:27:53 2018 :: Log Kyrus: get gold cor
Mon Oct 29 23:27:53 2018 :: Log Kyrus: get gold cor
Mon Oct 29 23:27:53 2018 :: Log Kyrus: fi
Mon Oct 29 23:28:00 2018 :: Log Kyrus: who
Mon Oct 29 23:28:00 2018 :: Log Kyrus: fi
Mon Oct 29 23:28:08 2018 :: Log Kyrus: who
Mon Oct 29 23:28:08 2018 :: Log Kyrus: fi
Mon Oct 29 23:28:18 2018 :: Log Kyrus: who
Mon Oct 29 23:28:18 2018 :: Log Kyrus: fi
Mon Oct 29 23:28:27 2018 :: Log Kyrus: get gold cor
Mon Oct 29 23:28:27 2018 :: Log Kyrus: get gold cor
Mon Oct 29 23:28:27 2018 :: Log Kyrus: get gold cor
Mon Oct 29 23:28:28 2018 :: Log Kyrus: who
Mon Oct 29 23:28:28 2018 :: Log Kyrus: fi
Mon Oct 29 23:28:34 2018 :: Log Kyrus: tell killuminati spellup
Mon Oct 29 23:28:34 2018 :: Log Kyrus: fi
Mon Oct 29 23:28:37 2018 :: Log Killuminati: restore Kyrus
Mon Oct 29 23:28:37 2018 :: Log Killuminati: pecho Kyrus Thank you, come again.
Mon Oct 29 23:28:44 2018 :: Log Kyrus: fi
Mon Oct 29 23:28:51 2018 :: Log Kyrus: get gold cor
Mon Oct 29 23:28:51 2018 :: Log Kyrus: get gold cor
Mon Oct 29 23:28:51 2018 :: Log Kyrus: get gold cor
Mon Oct 29 23:28:52 2018 :: Log Kyrus: wo
Mon Oct 29 23:28:53 2018 :: Log Kyrus: l
Mon Oct 29 23:28:55 2018 :: Log Kyrus: sac cor
Mon Oct 29 23:28:55 2018 :: Log Kyrus: sac cor
Mon Oct 29 23:28:55 2018 :: Log Kyrus: sac cor
Mon Oct 29 23:28:56 2018 :: Log Kyrus: 
Mon Oct 29 23:28:57 2018 :: Log Kyrus: 
Mon Oct 29 23:28:59 2018 :: Log Kyrus: fi li
Mon Oct 29 23:29:05 2018 :: Log Kyrus: fi
Mon Oct 29 23:29:26 2018 :: Log Kyrus: who
Mon Oct 29 23:29:26 2018 :: Log Kyrus: fi
Mon Oct 29 23:29:32 2018 :: Log Kyrus: fi
Mon Oct 29 23:29:39 2018 :: Log Kyrus: get gold cor
Mon Oct 29 23:29:40 2018 :: Log Kyrus: get gold cor
Mon Oct 29 23:29:40 2018 :: Log Kyrus: get gold cor
Mon Oct 29 23:29:42 2018 :: Log Kyrus: scan
Mon Oct 29 23:29:43 2018 :: Log Kyrus: l
Mon Oct 29 23:29:45 2018 :: Log Kyrus: sac cor
Mon Oct 29 23:29:45 2018 :: Log Kyrus: 
Mon Oct 29 23:29:46 2018 :: Log Kyrus: 
Mon Oct 29 23:29:48 2018 :: Log Kyrus: fi
Mon Oct 29 23:29:55 2018 :: Log Kyrus: fi
Mon Oct 29 23:30:00 2018 :: Log Killuminati: backup now
Mon Oct 29 23:30:00 2018 :: Automated backup complete.
tar: Removing leading `../' from member names
Mon Oct 29 23:30:01 2018 :: Log Kyrus: who
Mon Oct 29 23:30:01 2018 :: Log Kyrus: fi
Mon Oct 29 23:30:07 2018 :: Log Kyrus: fi
Mon Oct 29 23:30:14 2018 :: Log Kyrus: get gold cor
Mon Oct 29 23:30:14 2018 :: Log Kyrus: get gold cor
Mon Oct 29 23:30:14 2018 :: Log Kyrus: get gold cor
Mon Oct 29 23:30:15 2018 :: Log Kyrus: l
Mon Oct 29 23:30:17 2018 :: Log Kyrus: scan
Mon Oct 29 23:30:18 2018 :: Log Kyrus: 
Mon Oct 29 23:30:19 2018 :: Log Kyrus: 
Mon Oct 29 23:30:21 2018 :: Log Kyrus: fi
Mon Oct 29 23:30:27 2018 :: Log Kyrus: tell killuminati spellup
Mon Oct 29 23:30:28 2018 :: Log Kyrus: fi
Mon Oct 29 23:30:30 2018 :: Log Killuminati: restore Kyrus
Mon Oct 29 23:30:30 2018 :: Log Killuminati: pecho Kyrus Thank you, come again.
Mon Oct 29 23:30:34 2018 :: Log Kyrus: fi
Mon Oct 29 23:30:43 2018 :: Log Kyrus: fi
Mon Oct 29 23:30:51 2018 :: Log Kyrus: fi
Mon Oct 29 23:30:57 2018 :: Log Kyrus: fi
Mon Oct 29 23:31:03 2018 :: Log Kyrus: get gold cor
Mon Oct 29 23:31:04 2018 :: Log Kyrus: get gold cor
Mon Oct 29 23:31:04 2018 :: Log Kyrus: get gold cor
Mon Oct 29 23:31:06 2018 :: Log Kyrus: l
Mon Oct 29 23:31:08 2018 :: Log Kyrus: open east
Mon Oct 29 23:31:09 2018 :: Log Kyrus: 
Mon Oct 29 23:31:11 2018 :: Log Kyrus: 
Mon Oct 29 23:31:12 2018 :: Log Kyrus: 
Mon Oct 29 23:31:13 2018 :: Log Kyrus: 
Mon Oct 29 23:31:14 2018 :: Log Kyrus: 
Mon Oct 29 23:31:15 2018 :: Log Kyrus: open south
Mon Oct 29 23:31:16 2018 :: Log Kyrus: 
Mon Oct 29 23:31:18 2018 :: Log Kyrus: 
Mon Oct 29 23:31:21 2018 :: Log Kyrus: fi va
Mon Oct 29 23:31:28 2018 :: Log Kyrus: fi
Mon Oct 29 23:31:34 2018 :: Log Kyrus: fi
Mon Oct 29 23:31:40 2018 :: Log Kyrus: fi
Mon Oct 29 23:31:46 2018 :: Log Kyrus: who
Mon Oct 29 23:31:47 2018 :: Log Kyrus: fi
Mon Oct 29 23:31:53 2018 :: Log Kyrus: fi
Mon Oct 29 23:31:59 2018 :: Log Kyrus: get gold cor
Mon Oct 29 23:32:00 2018 :: Log Kyrus: get gold cor
Mon Oct 29 23:32:00 2018 :: Log Kyrus: get gold cor
Mon Oct 29 23:32:00 2018 :: Log Kyrus: wo
Mon Oct 29 23:32:00 2018 :: Log Kyrus: l i cor
Mon Oct 29 23:32:02 2018 :: Log Kyrus: recal
Mon Oct 29 23:32:03 2018 :: Log Kyrus: 
Mon Oct 29 23:32:03 2018 :: Log Kyrus: 
Mon Oct 29 23:32:04 2018 :: Log Kyrus: who
Mon Oct 29 23:32:08 2018 :: Log Kyrus: 
Mon Oct 29 23:32:09 2018 :: Log Kyrus: 
Mon Oct 29 23:32:09 2018 :: Log Kyrus: r e 3
Mon Oct 29 23:32:10 2018 :: Log Kyrus: 
Mon Oct 29 23:32:10 2018 :: Log Kyrus: 
Mon Oct 29 23:32:13 2018 :: Log Kyrus: r e 8
Mon Oct 29 23:32:14 2018 :: Log Kyrus: open east
Mon Oct 29 23:32:14 2018 :: Log Kyrus: r e 19
Mon Oct 29 23:32:14 2018 :: Log Kyrus: r n 6
Mon Oct 29 23:32:15 2018 :: Log Kyrus: open north
Mon Oct 29 23:32:15 2018 :: Log Kyrus: r n 8
Mon Oct 29 23:33:33 2018 :: Log Kyrus: who
Mon Oct 29 23:33:37 2018 :: Log Kyrus: tell killuminati spellup
Mon Oct 29 23:33:40 2018 :: Log Killuminati: restore Kyrus
Mon Oct 29 23:33:40 2018 :: Log Kyrus: 
Mon Oct 29 23:33:40 2018 :: Log Killuminati: pecho Kyrus Thank you, come again.
Mon Oct 29 23:33:41 2018 :: Log Kyrus: 
Mon Oct 29 23:33:41 2018 :: Log Kyrus: get all
Mon Oct 29 23:33:43 2018 :: Log Kyrus: unl north
Mon Oct 29 23:33:45 2018 :: Log Kyrus: drop key
Mon Oct 29 23:33:45 2018 :: Log Kyrus: open north
Mon Oct 29 23:33:46 2018 :: Log Kyrus: 
Mon Oct 29 23:33:46 2018 :: Log Kyrus: 
Mon Oct 29 23:33:47 2018 :: Log Kyrus: 
Mon Oct 29 23:33:48 2018 :: Log Kyrus: 
Mon Oct 29 23:33:49 2018 :: Log Kyrus: 
Mon Oct 29 23:33:49 2018 :: Log Kyrus: 
Mon Oct 29 23:33:50 2018 :: Log Kyrus: 
Mon Oct 29 23:33:50 2018 :: Log Kyrus: 
Mon Oct 29 23:33:51 2018 :: Log Kyrus: 
Mon Oct 29 23:33:52 2018 :: Log Kyrus: fi sk
Mon Oct 29 23:33:59 2018 :: Log Kyrus: prac
Mon Oct 29 23:33:59 2018 :: Log Kyrus: fi
Mon Oct 29 23:34:05 2018 :: Log Kyrus: fi
Mon Oct 29 23:34:12 2018 :: Log Kyrus: fi
Mon Oct 29 23:34:18 2018 :: Log Kyrus: l
Mon Oct 29 23:34:19 2018 :: Log Kyrus: 
Mon Oct 29 23:34:20 2018 :: Log Kyrus: fi sk
Mon Oct 29 23:34:26 2018 :: Log Kyrus: 
Mon Oct 29 23:34:26 2018 :: Log Kyrus: kill sk
Mon Oct 29 23:34:30 2018 :: Log Kyrus: get gold cor
Mon Oct 29 23:34:30 2018 :: Log Kyrus: get gold cor
Mon Oct 29 23:34:30 2018 :: Log Kyrus: get gold cor
Mon Oct 29 23:34:30 2018 :: Log Kyrus: 
Mon Oct 29 23:34:31 2018 :: Log Kyrus: fi sk
Mon Oct 29 23:34:37 2018 :: Log Kyrus: fi sk
Mon Oct 29 23:34:49 2018 :: Log Kyrus: fi sk
Mon Oct 29 23:34:57 2018 :: Log Kyrus: fi sk
Mon Oct 29 23:35:03 2018 :: Log Kyrus: who
Mon Oct 29 23:35:04 2018 :: Log Kyrus: fi
Mon Oct 29 23:35:12 2018 :: Log Kyrus: 
Mon Oct 29 23:35:13 2018 :: Log Kyrus: kill sk
Mon Oct 29 23:35:38 2018 :: Log Kyrus: 
Mon Oct 29 23:35:39 2018 :: Log Kyrus: kill sk
Mon Oct 29 23:35:42 2018 :: Log Kyrus: get gold cor
Mon Oct 29 23:35:42 2018 :: Log Kyrus: get gold cor
Mon Oct 29 23:35:42 2018 :: Log Kyrus: get gold cor
Mon Oct 29 23:35:44 2018 :: Log Kyrus: l
Mon Oct 29 23:35:45 2018 :: Log Kyrus: 
Mon Oct 29 23:35:45 2018 :: Log Kyrus: 
Mon Oct 29 23:35:47 2018 :: Log Kyrus: wo
Mon Oct 29 23:35:49 2018 :: Log Kyrus: steel
Mon Oct 29 23:35:54 2018 :: Log Kyrus: fi sk
Mon Oct 29 23:36:15 2018 :: Log Kyrus: fi sk
Mon Oct 29 23:36:22 2018 :: Log Kyrus: fi sk
Mon Oct 29 23:36:29 2018 :: Log Kyrus: fi sk
Mon Oct 29 23:36:35 2018 :: Log Kyrus: get gold cor
Mon Oct 29 23:36:36 2018 :: Log Kyrus: get gold cor
Mon Oct 29 23:36:36 2018 :: Log Kyrus: get gold cor
Mon Oct 29 23:36:36 2018 :: Log Kyrus: wo
Mon Oct 29 23:36:40 2018 :: Log Kyrus: l
Mon Oct 29 23:36:41 2018 :: Log Kyrus: 
Mon Oct 29 23:36:42 2018 :: Log Kyrus: wo
Mon Oct 29 23:36:44 2018 :: Log Kyrus: 
Mon Oct 29 23:36:45 2018 :: Log Kyrus: fi
Mon Oct 29 23:36:51 2018 :: Log Kyrus: tell killuminati spellup
Mon Oct 29 23:36:52 2018 :: Log Kyrus: fi
Mon Oct 29 23:36:54 2018 :: Log Killuminati: restore Kyrus
Mon Oct 29 23:36:54 2018 :: Log Killuminati: pecho Kyrus Thank you, come again.
Mon Oct 29 23:36:58 2018 :: Log Kyrus: fi
Mon Oct 29 23:37:19 2018 :: Log Kyrus: get gold cor
Mon Oct 29 23:37:19 2018 :: Log Kyrus: get gold cor
Mon Oct 29 23:37:20 2018 :: Log Kyrus: get gold cor
Mon Oct 29 23:37:30 2018 :: Log Kyrus: l
Mon Oct 29 23:37:31 2018 :: Log Kyrus: 
Mon Oct 29 23:37:32 2018 :: Log Kyrus: 
Mon Oct 29 23:37:33 2018 :: Log Kyrus: fi
Mon Oct 29 23:37:39 2018 :: Log Kyrus: fi
Mon Oct 29 23:37:46 2018 :: Log Kyrus: fi
Mon Oct 29 23:37:52 2018 :: Log Kyrus: fi
Mon Oct 29 23:37:58 2018 :: Log Kyrus: get gold cor
Mon Oct 29 23:37:59 2018 :: Log Kyrus: get gold cor
Mon Oct 29 23:37:59 2018 :: Log Kyrus: get gold cor
Mon Oct 29 23:38:05 2018 :: Log Kyrus: fi
Mon Oct 29 23:38:12 2018 :: Log Kyrus: fi
Mon Oct 29 23:38:22 2018 :: Kyrus killed by an insane lieutenent at 29220
Mon Oct 29 23:38:22 2018 :: Called for vnum: 29215 to modify as: -1 as playerload.
Mon Oct 29 23:38:22 2018 :: Vnum 29215|Signval: -1|!Gameload|Total: 3
Mon Oct 29 23:38:22 2018 :: [*****] BUG: Char_to_room: NULL.
