Sun Oct 28 16:38:25 2018 :: LOADING COMM TABLE
Sun Oct 28 16:38:25 2018 ::  INIT OK 
Sun Oct 28 16:38:25 2018 :: Ended LOADING COMM TABLE
Sun Oct 28 16:38:25 2018 :: Ended Fixing Exits
Sun Oct 28 16:38:25 2018 :: MAXLOAD: vnum 3715 maxed out.
Sun Oct 28 16:38:25 2018 :: MAXLOAD: vnum 717 maxed out.
Sun Oct 28 16:38:25 2018 :: MAXLOAD: vnum 717 maxed out.
Sun Oct 28 16:38:25 2018 :: MAXLOAD: vnum 911 maxed out.
Sun Oct 28 16:38:25 2018 :: MAXLOAD: vnum 911 maxed out.
Sun Oct 28 16:38:25 2018 :: MAXLOAD: vnum 1388 maxed out.
Sun Oct 28 16:38:25 2018 :: Called for vnum: 7664 to modify as: 1 as gameload.
Sun Oct 28 16:38:25 2018 :: Vnum 7664|Signval: 1|Gameload|Total: 1
Sun Oct 28 16:38:25 2018 :: Called for vnum: 7665 to modify as: 1 as gameload.
Sun Oct 28 16:38:25 2018 :: Vnum 7665|Signval: 1|Gameload|Total: 1
Sun Oct 28 16:38:25 2018 :: MAXLOAD: vnum 17713 maxed out.
Sun Oct 28 16:38:25 2018 :: [*****] BUG: Equip_char: already equipped (-1).
Sun Oct 28 16:38:25 2018 :: [*****] BUG: Affect_modify: unknown location 25.
Sun Oct 28 16:38:25 2018 :: [*****] BUG: Affect_modify: unknown location 25.
Sun Oct 28 16:38:25 2018 :: Called for vnum: 10051 to modify as: 1 as gameload.
Sun Oct 28 16:38:25 2018 :: Vnum 10051|Signval: 1|Gameload|Total: 1
Sun Oct 28 16:38:25 2018 :: Called for vnum: 10051 to modify as: 1 as gameload.
Sun Oct 28 16:38:25 2018 :: Vnum 10051|Signval: 1|Gameload|Total: 2
Sun Oct 28 16:38:25 2018 :: [*****] BUG: Equip_char: already equipped (5).
Sun Oct 28 16:38:25 2018 :: [*****] BUG: Equip_char: already equipped (-1).
Sun Oct 28 16:38:25 2018 :: [*****] BUG: Equip_char: already equipped (-1).
Sun Oct 28 16:38:25 2018 :: [*****] BUG: Equip_char: already equipped (-1).
Sun Oct 28 16:38:25 2018 :: [*****] BUG: Equip_char: already equipped (-1).
Sun Oct 28 16:38:25 2018 :: [*****] BUG: Equip_char: already equipped (-1).
Sun Oct 28 16:38:25 2018 :: [*****] BUG: Equip_char: already equipped (-1).
Sun Oct 28 16:38:25 2018 :: [*****] BUG: Equip_char: already equipped (-1).
Sun Oct 28 16:38:25 2018 :: Called for vnum: 29215 to modify as: 1 as gameload.
Sun Oct 28 16:38:25 2018 :: Vnum 29215|Signval: 1|Gameload|Total: 1
Sun Oct 28 16:38:25 2018 :: Called for vnum: 29215 to modify as: 1 as gameload.
Sun Oct 28 16:38:25 2018 :: Vnum 29215|Signval: 1|Gameload|Total: 2
Sun Oct 28 16:38:25 2018 :: Called for vnum: 29240 to modify as: 1 as gameload.
Sun Oct 28 16:38:25 2018 :: Vnum 29240|Signval: 1|Gameload|Total: 1
Sun Oct 28 16:38:25 2018 :: Called for vnum: 29240 to modify as: 1 as gameload.
Sun Oct 28 16:38:25 2018 :: Vnum 29240|Signval: 1|Gameload|Total: 2
Sun Oct 28 16:38:25 2018 :: Called for vnum: 29240 to modify as: 1 as gameload.
Sun Oct 28 16:38:25 2018 :: Vnum 29240|Signval: 1|Gameload|Total: 3
Sun Oct 28 16:38:25 2018 :: MAXLOAD: vnum 28114 maxed out.
Sun Oct 28 16:38:25 2018 :: Ended Area Update
Sun Oct 28 16:38:25 2018 :: Ended Loading Notes
Sun Oct 28 16:38:25 2018 :: Ended Loading Ban
Sun Oct 28 16:38:25 2018 :: Ended Loading Pkills
Sun Oct 28 16:38:25 2018 :: TOC is ready to rock on port 9000.
Sun Oct 28 16:38:25 2018 :: Setting up signals.
Sun Oct 28 16:38:26 2018 :: Automated backup complete.
tar: Removing leading `../' from member names
Mon Oct 29 16:38:37 2018 :: Automated backup complete.
tar: Removing leading `../' from member names
Mon Oct 29 23:38:27 2018 :: Sock.sinaddr:  173.22.228.146
Mon Oct 29 23:38:28 2018 :: Loading Kyrus's playerfile
Mon Oct 29 23:38:29 2018 :: Kyrus@173-22-228-146.client.mchsi.com has connected. [Room: 29211]
Mon Oct 29 23:38:33 2018 :: Sock.sinaddr:  192.168.1.1
Mon Oct 29 23:38:33 2018 :: Loading Killuminati's playerfile
Mon Oct 29 23:38:34 2018 :: Killuminati@192.168.1.1 has connected. [Room: 2484]
Mon Oct 29 23:38:34 2018 :: Log Kyrus: wo
Mon Oct 29 23:38:36 2018 :: Log Kyrus: score
Mon Oct 29 23:38:37 2018 :: Log Kyrus: af
Mon Oct 29 23:38:39 2018 :: Log Kyrus: steel
Mon Oct 29 23:38:43 2018 :: Log Kyrus: tell killuminati spellup
Mon Oct 29 23:38:44 2018 :: Log Kyrus: fi sk
Mon Oct 29 23:38:46 2018 :: Log Killuminati: restore Kyrus
Mon Oct 29 23:38:46 2018 :: Log Killuminati: pecho Kyrus Thank you, come again.
Mon Oct 29 23:38:51 2018 :: Log Kyrus: fi
Mon Oct 29 23:38:57 2018 :: Log Kyrus: fi
Mon Oct 29 23:39:03 2018 :: Log Kyrus: fi
Mon Oct 29 23:39:39 2018 :: Log Kyrus: 
Mon Oct 29 23:39:40 2018 :: Log Kyrus: kill sk
Mon Oct 29 23:39:41 2018 :: Log Kyrus: fi
Mon Oct 29 23:39:47 2018 :: Log Kyrus: fi
Mon Oct 29 23:39:53 2018 :: Log Kyrus: fi
Mon Oct 29 23:40:00 2018 :: Log Kyrus: fi
Mon Oct 29 23:40:06 2018 :: Log Kyrus: get gold cor
Mon Oct 29 23:40:06 2018 :: Log Kyrus: get gold cor
Mon Oct 29 23:40:07 2018 :: Log Kyrus: get gold cor
Mon Oct 29 23:40:08 2018 :: Log Kyrus: fi
Mon Oct 29 23:40:15 2018 :: Log Kyrus: tell killuminati spellup
Mon Oct 29 23:40:15 2018 :: Log Kyrus: fi
Mon Oct 29 23:40:17 2018 :: Log Killuminati: restore Kyrus
Mon Oct 29 23:40:18 2018 :: Log Killuminati: pecho Kyrus Thank you, come again.
Mon Oct 29 23:40:21 2018 :: Log Kyrus: fi
Mon Oct 29 23:40:27 2018 :: Log Kyrus: fi
Mon Oct 29 23:40:34 2018 :: Log Kyrus: get gold cor
Mon Oct 29 23:40:34 2018 :: Log Kyrus: get gold cor
Mon Oct 29 23:40:34 2018 :: Log Kyrus: get gold cor
Mon Oct 29 23:40:37 2018 :: Log Kyrus: l
Mon Oct 29 23:40:39 2018 :: Log Kyrus: sac cor
Mon Oct 29 23:40:39 2018 :: Log Kyrus: sac cor
Mon Oct 29 23:40:39 2018 :: Log Kyrus: sac cor
Mon Oct 29 23:40:40 2018 :: Log Kyrus: get gold cor
Mon Oct 29 23:40:40 2018 :: Log Kyrus: get gold cor
Mon Oct 29 23:40:40 2018 :: Log Kyrus: get gold cor
Mon Oct 29 23:40:41 2018 :: Log Kyrus: sac cor
Mon Oct 29 23:40:42 2018 :: Log Kyrus: wo
Mon Oct 29 23:40:44 2018 :: Log Kyrus: l
Mon Oct 29 23:40:46 2018 :: Log Kyrus: 
Mon Oct 29 23:40:47 2018 :: Log Kyrus: fi
Mon Oct 29 23:40:53 2018 :: Log Kyrus: fi
Mon Oct 29 23:41:00 2018 :: Log Kyrus: fi
Mon Oct 29 23:41:08 2018 :: Log Kyrus: fi
Mon Oct 29 23:41:15 2018 :: Log Kyrus: get gold cor
Mon Oct 29 23:41:15 2018 :: Log Kyrus: get gold cor
Mon Oct 29 23:41:15 2018 :: Log Kyrus: get gold cor
Mon Oct 29 23:41:17 2018 :: Log Kyrus: fi
Mon Oct 29 23:41:23 2018 :: Log Kyrus: fi
Mon Oct 29 23:41:43 2018 :: Log Kyrus: get gold cor
Mon Oct 29 23:41:44 2018 :: Log Kyrus: get gold cor
Mon Oct 29 23:41:44 2018 :: Log Kyrus: get gold cor
Mon Oct 29 23:41:45 2018 :: Log Kyrus: l
Mon Oct 29 23:41:47 2018 :: Log Kyrus: sac cor
Mon Oct 29 23:41:48 2018 :: Log Kyrus: sac cor
Mon Oct 29 23:41:49 2018 :: Log Kyrus: scan
Mon Oct 29 23:41:52 2018 :: Log Kyrus: 
Mon Oct 29 23:41:53 2018 :: Log Kyrus: fi
Mon Oct 29 23:41:59 2018 :: Log Kyrus: tell killuminati spellup
Mon Oct 29 23:42:00 2018 :: Log Kyrus: fi
Mon Oct 29 23:42:02 2018 :: Log Killuminati: restore Kyrus
Mon Oct 29 23:42:02 2018 :: Log Killuminati: pecho Kyrus Thank you, come again.
Mon Oct 29 23:42:12 2018 :: Log Kyrus: fi
Mon Oct 29 23:42:19 2018 :: Log Kyrus: prac
Mon Oct 29 23:42:19 2018 :: Log Kyrus: fi
Mon Oct 29 23:42:25 2018 :: Log Kyrus: fi
Mon Oct 29 23:42:31 2018 :: Log Kyrus: get gold cor
Mon Oct 29 23:42:32 2018 :: Log Kyrus: get gold cor
Mon Oct 29 23:42:32 2018 :: Log Kyrus: get gold cor
Mon Oct 29 23:42:32 2018 :: Log Kyrus: fi
Mon Oct 29 23:42:38 2018 :: Log Kyrus: fi
Mon Oct 29 23:42:45 2018 :: Log Kyrus: fi
Mon Oct 29 23:42:56 2018 :: Log Kyrus: who
Mon Oct 29 23:42:56 2018 :: Log Kyrus: fi
Mon Oct 29 23:43:02 2018 :: Log Kyrus: get gold cor
Mon Oct 29 23:43:03 2018 :: Log Kyrus: get gold cor
Mon Oct 29 23:43:03 2018 :: Log Kyrus: get gold cor
Mon Oct 29 23:43:03 2018 :: Log Kyrus: l
Mon Oct 29 23:43:06 2018 :: Log Kyrus: sac cor
Mon Oct 29 23:43:06 2018 :: Log Kyrus: sac cor
Mon Oct 29 23:43:07 2018 :: Log Kyrus: 
Mon Oct 29 23:43:08 2018 :: Log Kyrus: 
Mon Oct 29 23:43:10 2018 :: Log Kyrus: fi
Mon Oct 29 23:43:39 2018 :: Log Kyrus: fi
Mon Oct 29 23:43:46 2018 :: Log Kyrus: fi
Mon Oct 29 23:43:52 2018 :: Log Kyrus: fi
Mon Oct 29 23:43:58 2018 :: Log Kyrus: get gold cor
Mon Oct 29 23:43:59 2018 :: Log Kyrus: get gold cor
Mon Oct 29 23:43:59 2018 :: Log Kyrus: get gold cor
Mon Oct 29 23:43:59 2018 :: Log Kyrus: wo
Mon Oct 29 23:44:01 2018 :: Log Kyrus: l
Mon Oct 29 23:44:02 2018 :: Log Kyrus: score
Mon Oct 29 23:44:04 2018 :: Log Kyrus: sac cor
Mon Oct 29 23:44:06 2018 :: Log Kyrus: l
Mon Oct 29 23:44:07 2018 :: Log Kyrus: 
Mon Oct 29 23:44:08 2018 :: Log Kyrus: 
Mon Oct 29 23:44:09 2018 :: Log Kyrus: 
Mon Oct 29 23:44:10 2018 :: Log Kyrus: 
Mon Oct 29 23:44:11 2018 :: Log Kyrus: 
Mon Oct 29 23:44:13 2018 :: Log Kyrus: fi
Mon Oct 29 23:44:19 2018 :: Log Kyrus: tell killuminati spellup
Mon Oct 29 23:44:20 2018 :: Log Kyrus: fi
Mon Oct 29 23:44:22 2018 :: Log Killuminati: restore Kyrus
Mon Oct 29 23:44:22 2018 :: Log Killuminati: pecho Kyrus Thank you, come again.
Mon Oct 29 23:44:26 2018 :: Log Kyrus: fi
Mon Oct 29 23:44:52 2018 :: Log Kyrus: who
Mon Oct 29 23:44:53 2018 :: Log Kyrus: fi
Mon Oct 29 23:45:00 2018 :: Log Kyrus: fi
Mon Oct 29 23:45:06 2018 :: Log Kyrus: get gold cor
Mon Oct 29 23:45:06 2018 :: Log Kyrus: get gold cor
Mon Oct 29 23:45:06 2018 :: Log Kyrus: get gold cor
Mon Oct 29 23:45:07 2018 :: Log Kyrus: sac cor
Mon Oct 29 23:45:07 2018 :: Log Kyrus: sac cor
Mon Oct 29 23:45:07 2018 :: Log Kyrus: l
Mon Oct 29 23:45:09 2018 :: Log Kyrus: 
Mon Oct 29 23:45:10 2018 :: Log Kyrus: 
Mon Oct 29 23:45:11 2018 :: Log Kyrus: 
Mon Oct 29 23:45:12 2018 :: Log Kyrus: 
Mon Oct 29 23:45:14 2018 :: Log Kyrus: fi
Mon Oct 29 23:45:20 2018 :: Log Kyrus: fi
Mon Oct 29 23:45:27 2018 :: Log Kyrus: fi
Mon Oct 29 23:45:44 2018 :: Log Kyrus: fi
Mon Oct 29 23:45:51 2018 :: Log Kyrus: fi
Mon Oct 29 23:45:57 2018 :: Log Kyrus: get gold cor
Mon Oct 29 23:45:57 2018 :: Log Kyrus: get gold cor
Mon Oct 29 23:45:58 2018 :: Log Kyrus: get gold cor
Mon Oct 29 23:45:58 2018 :: Log Kyrus: l
Mon Oct 29 23:45:59 2018 :: Log Kyrus: 
Mon Oct 29 23:46:01 2018 :: Log Kyrus: 
Mon Oct 29 23:46:03 2018 :: Log Kyrus: recal
Mon Oct 29 23:46:06 2018 :: Log Kyrus: wo
Mon Oct 29 23:46:07 2018 :: Log Kyrus: 
Mon Oct 29 23:46:07 2018 :: Log Kyrus: 
Mon Oct 29 23:46:08 2018 :: Log Kyrus: score
Mon Oct 29 23:46:08 2018 :: Log Kyrus: who
Mon Oct 29 23:48:54 2018 :: Log Kyrus: who
Mon Oct 29 23:48:59 2018 :: Log Kyrus: wake
Mon Oct 29 23:48:59 2018 :: Log Kyrus: l
Mon Oct 29 23:49:00 2018 :: Log Kyrus: 
Mon Oct 29 23:49:01 2018 :: Log Kyrus: 
Mon Oct 29 23:49:01 2018 :: Log Kyrus: r e 3
Mon Oct 29 23:49:02 2018 :: Log Kyrus: 
Mon Oct 29 23:49:02 2018 :: Log Kyrus: 
Mon Oct 29 23:49:05 2018 :: Log Kyrus: tell killuminati spellup
Mon Oct 29 23:49:07 2018 :: Log Kyrus: r e 8
Mon Oct 29 23:49:08 2018 :: Log Kyrus: open east
Mon Oct 29 23:49:08 2018 :: Log Killuminati: restore Kyrus
Mon Oct 29 23:49:08 2018 :: Log Kyrus: r e 19
Mon Oct 29 23:49:08 2018 :: Log Killuminati: pecho Kyrus Thank you, come again.
Mon Oct 29 23:49:09 2018 :: Log Kyrus: r n 6
Mon Oct 29 23:49:09 2018 :: Log Kyrus: open north
Mon Oct 29 23:49:09 2018 :: Log Kyrus: r n 8
Mon Oct 29 23:49:11 2018 :: Log Kyrus: 
Mon Oct 29 23:49:12 2018 :: Log Kyrus: 
Mon Oct 29 23:49:15 2018 :: Log Kyrus: fi gu
Mon Oct 29 23:49:23 2018 :: Log Kyrus: fi
Mon Oct 29 23:49:32 2018 :: Log Kyrus: fi
Mon Oct 29 23:49:38 2018 :: Log Kyrus: fi
Mon Oct 29 23:49:51 2018 :: Log Kyrus: fi
Mon Oct 29 23:49:58 2018 :: Log Kyrus: fi
Mon Oct 29 23:50:04 2018 :: Log Kyrus: get gold cor
Mon Oct 29 23:50:04 2018 :: Log Kyrus: get gold cor
Mon Oct 29 23:50:04 2018 :: Log Kyrus: get gold cor
Mon Oct 29 23:50:05 2018 :: Log Kyrus: get key cor
Mon Oct 29 23:50:05 2018 :: Log Kyrus: unl north
Mon Oct 29 23:50:07 2018 :: Log Kyrus: drop key
Mon Oct 29 23:50:09 2018 :: Log Kyrus: 
Mon Oct 29 23:50:09 2018 :: Log Kyrus: open north
Mon Oct 29 23:50:10 2018 :: Log Kyrus: 
Mon Oct 29 23:50:12 2018 :: Log Kyrus: 
Mon Oct 29 23:50:13 2018 :: Log Kyrus: 
Mon Oct 29 23:50:14 2018 :: Log Kyrus: 
Mon Oct 29 23:50:14 2018 :: Log Kyrus: 
Mon Oct 29 23:50:14 2018 :: Log Kyrus: 
Mon Oct 29 23:50:15 2018 :: Log Kyrus: steel
Mon Oct 29 23:50:18 2018 :: Log Kyrus: iron
Mon Oct 29 23:50:24 2018 :: Log Kyrus: 
Mon Oct 29 23:50:25 2018 :: Log Kyrus: 
Mon Oct 29 23:50:25 2018 :: Log Kyrus: 
Mon Oct 29 23:50:25 2018 :: Log Kyrus: 
Mon Oct 29 23:50:26 2018 :: Log Kyrus: 
Mon Oct 29 23:50:27 2018 :: Log Kyrus: 
Mon Oct 29 23:50:28 2018 :: Log Kyrus: fi sk
Mon Oct 29 23:50:34 2018 :: Log Kyrus: fi sk
Mon Oct 29 23:50:40 2018 :: Log Kyrus: fi sk
Mon Oct 29 23:50:47 2018 :: Log Kyrus: look
Mon Oct 29 23:50:47 2018 :: Log Kyrus: fi sk
Mon Oct 29 23:50:55 2018 :: Log Kyrus: fi sk
Mon Oct 29 23:51:03 2018 :: Log Kyrus: look
Mon Oct 29 23:51:08 2018 :: Log Kyrus: fi sk
Mon Oct 29 23:51:22 2018 :: Log Kyrus: fi sk
Mon Oct 29 23:51:45 2018 :: Log Kyrus: l
Mon Oct 29 23:51:47 2018 :: Log Kyrus: 
Mon Oct 29 23:51:48 2018 :: Log Kyrus: 
Mon Oct 29 23:51:49 2018 :: Log Kyrus: 
Mon Oct 29 23:51:51 2018 :: Log Kyrus: fi sk
Mon Oct 29 23:51:57 2018 :: Log Kyrus: get gold cor
Mon Oct 29 23:51:58 2018 :: Log Kyrus: get gold cor
Mon Oct 29 23:51:58 2018 :: Log Kyrus: get gold cor
Mon Oct 29 23:51:58 2018 :: Log Kyrus: fi sk
Mon Oct 29 23:52:04 2018 :: Log Kyrus: fi sk
Mon Oct 29 23:52:11 2018 :: Log Kyrus: fi sk
Mon Oct 29 23:52:18 2018 :: Log Kyrus: fi sk
Mon Oct 29 23:52:24 2018 :: Log Kyrus: fi sk
Mon Oct 29 23:52:48 2018 :: Log Kyrus: 
Mon Oct 29 23:52:49 2018 :: Log Kyrus: kill sk
Mon Oct 29 23:52:52 2018 :: Log Kyrus: wo
Mon Oct 29 23:52:53 2018 :: Log Kyrus: get gold cor
Mon Oct 29 23:52:53 2018 :: Log Kyrus: get gold cor
Mon Oct 29 23:52:54 2018 :: Log Kyrus: get gold cor
Mon Oct 29 23:52:58 2018 :: Log Kyrus: scan
Mon Oct 29 23:52:59 2018 :: Log Kyrus: l
Mon Oct 29 23:53:02 2018 :: Log Kyrus: 
Mon Oct 29 23:53:03 2018 :: Log Kyrus: fi li
Mon Oct 29 23:53:04 2018 :: Log Kyrus: fi
Mon Oct 29 23:53:11 2018 :: Log Kyrus: tell killuminati spellup
Mon Oct 29 23:53:11 2018 :: Log Kyrus: fi
Mon Oct 29 23:53:14 2018 :: Log Killuminati: restore Kyrus
Mon Oct 29 23:53:14 2018 :: Log Killuminati: pecho Kyrus Thank you, come again.
Mon Oct 29 23:53:17 2018 :: Log Kyrus: fi
Mon Oct 29 23:53:24 2018 :: Log Kyrus: fi
Mon Oct 29 23:53:32 2018 :: Log Kyrus: get gold cor
Mon Oct 29 23:53:33 2018 :: Log Kyrus: get gold cor
Mon Oct 29 23:53:33 2018 :: Log Kyrus: get gold cor
Mon Oct 29 23:53:33 2018 :: Log Kyrus: fi
Mon Oct 29 23:53:39 2018 :: Log Kyrus: fi
Mon Oct 29 23:53:50 2018 :: Log Kyrus: fi
Mon Oct 29 23:54:03 2018 :: Log Kyrus: fi
Mon Oct 29 23:54:10 2018 :: Log Kyrus: fi
Mon Oct 29 23:54:16 2018 :: Log Kyrus: tell killuminati spellup
Mon Oct 29 23:54:18 2018 :: Log Kyrus: fi
Mon Oct 29 23:54:19 2018 :: Log Killuminati: restore Kyrus
Mon Oct 29 23:54:19 2018 :: Log Killuminati: pecho Kyrus Thank you, come again.
Mon Oct 29 23:54:25 2018 :: Log Kyrus: get gold cor
Mon Oct 29 23:54:25 2018 :: Log Kyrus: get gold cor
Mon Oct 29 23:54:25 2018 :: Log Kyrus: get gold cor
Mon Oct 29 23:54:25 2018 :: Log Kyrus: worth
Mon Oct 29 23:54:31 2018 :: Log Kyrus: l
Mon Oct 29 23:54:32 2018 :: Log Kyrus: 
Mon Oct 29 23:54:34 2018 :: Log Kyrus: 
Mon Oct 29 23:54:35 2018 :: Log Kyrus: sac cor
Mon Oct 29 23:54:35 2018 :: Log Kyrus: sac cor
Mon Oct 29 23:54:35 2018 :: Log Kyrus: 
Mon Oct 29 23:54:36 2018 :: Log Kyrus: fi li
Mon Oct 29 23:54:47 2018 :: Log Kyrus: fi
Mon Oct 29 23:54:54 2018 :: Log Kyrus: fi
Mon Oct 29 23:55:01 2018 :: Log Kyrus: who
Mon Oct 29 23:55:01 2018 :: Log Kyrus: fi
Mon Oct 29 23:55:07 2018 :: Log Kyrus: fi
Mon Oct 29 23:55:18 2018 :: Log Kyrus: fi
Mon Oct 29 23:55:30 2018 :: Log Kyrus: get gold cor
Mon Oct 29 23:55:30 2018 :: Log Kyrus: get gold cor
Mon Oct 29 23:55:30 2018 :: Log Kyrus: get gold cor
Mon Oct 29 23:55:33 2018 :: Log Kyrus: tell killuminati spellup
Mon Oct 29 23:55:35 2018 :: Log Killuminati: restore Kyrus
Mon Oct 29 23:55:36 2018 :: Log Killuminati: pecho Kyrus Thank you, come again.
Mon Oct 29 23:55:37 2018 :: Log Kyrus: save
chgrp: changing group of '../heroes/Kyrus': Operation not permitted
chgrp: changing group of '../player/Kyrus': Operation not permitted
Mon Oct 29 23:55:43 2018 :: Log Kyrus: l
Mon Oct 29 23:55:45 2018 :: Log Kyrus: 
Mon Oct 29 23:55:46 2018 :: Log Kyrus: 
Mon Oct 29 23:55:49 2018 :: Log Kyrus: fi
Mon Oct 29 23:55:55 2018 :: Log Kyrus: fi
Mon Oct 29 23:56:01 2018 :: Log Kyrus: fi
Mon Oct 29 23:56:12 2018 :: Log Kyrus: fi
Mon Oct 29 23:56:18 2018 :: Log Kyrus: fi
Mon Oct 29 23:56:18 2018 :: Log Kyrus: get gold cor
Mon Oct 29 23:56:18 2018 :: Log Kyrus: get gold cor
Mon Oct 29 23:56:19 2018 :: Log Kyrus: get gold cor
Mon Oct 29 23:56:19 2018 :: Log Kyrus: wo
Mon Oct 29 23:56:20 2018 :: Log Kyrus: l
Mon Oct 29 23:56:21 2018 :: Log Kyrus: 
Mon Oct 29 23:56:22 2018 :: Log Kyrus: 
Mon Oct 29 23:56:23 2018 :: Log Kyrus: 
Mon Oct 29 23:56:25 2018 :: Log Kyrus: 
Mon Oct 29 23:56:26 2018 :: Log Kyrus: 
Mon Oct 29 23:56:28 2018 :: Log Kyrus: fi
Mon Oct 29 23:56:35 2018 :: Log Kyrus: fi
Mon Oct 29 23:56:42 2018 :: Log Kyrus: fi
Mon Oct 29 23:56:49 2018 :: Log Kyrus: tell killuminati spellup
Mon Oct 29 23:56:49 2018 :: Log Kyrus: fi
Mon Oct 29 23:56:51 2018 :: Log Killuminati: restore Kyrus
Mon Oct 29 23:56:52 2018 :: Log Killuminati: pecho Kyrus Thank you, come again.
Mon Oct 29 23:57:26 2018 :: Log Kyrus: fi
Mon Oct 29 23:57:32 2018 :: Log Kyrus: get gold cor
Mon Oct 29 23:57:33 2018 :: Log Kyrus: get gold cor
Mon Oct 29 23:57:33 2018 :: Log Kyrus: get gold cor
Mon Oct 29 23:57:33 2018 :: Log Kyrus: look
Mon Oct 29 23:57:36 2018 :: Log Kyrus: 
Mon Oct 29 23:57:37 2018 :: Log Kyrus: 
Mon Oct 29 23:57:38 2018 :: Log Kyrus: 
Mon Oct 29 23:57:39 2018 :: Log Kyrus: 
Mon Oct 29 23:57:43 2018 :: Log Kyrus: fi
Mon Oct 29 23:57:52 2018 :: Log Kyrus: who
Mon Oct 29 23:57:52 2018 :: Log Kyrus: fi
Mon Oct 29 23:58:01 2018 :: Log Kyrus: fi
Mon Oct 29 23:58:13 2018 :: Log Kyrus: tell killuminati spellup
Mon Oct 29 23:58:14 2018 :: Log Kyrus: fi
Mon Oct 29 23:58:15 2018 :: Log Killuminati: restore Kyrus
Mon Oct 29 23:58:16 2018 :: Log Killuminati: pecho Kyrus Thank you, come again.
Mon Oct 29 23:58:20 2018 :: Log Kyrus: fi
Mon Oct 29 23:58:26 2018 :: Log Kyrus: fi
Mon Oct 29 23:58:33 2018 :: Log Kyrus: fi
Mon Oct 29 23:58:40 2018 :: Log Kyrus: fi
Mon Oct 29 23:58:46 2018 :: Log Kyrus: get gold cor
Mon Oct 29 23:58:47 2018 :: Log Kyrus: get gold cor
Mon Oct 29 23:58:47 2018 :: Log Kyrus: get gold cor
Mon Oct 29 23:58:47 2018 :: Log Kyrus: worth
Mon Oct 29 23:58:49 2018 :: Log Kyrus: tell killuminati spellup
Mon Oct 29 23:58:52 2018 :: Log Killuminati: restore Kyrus
Mon Oct 29 23:58:52 2018 :: Log Killuminati: pecho Kyrus Thank you, come again.
Mon Oct 29 23:59:07 2018 :: Log Kyrus: wo
Mon Oct 29 23:59:07 2018 :: Log Kyrus: l
Mon Oct 29 23:59:09 2018 :: Log Kyrus: 
Mon Oct 29 23:59:11 2018 :: Log Kyrus: recal
chgrp: changing group of '../heroes/Kyrus': Operation not permitted
chgrp: changing group of '../player/Kyrus': Operation not permitted
Tue Oct 30 00:04:30 2018 :: Log Kyrus: who
Tue Oct 30 00:04:32 2018 :: Log Kyrus: wo
Tue Oct 30 00:04:34 2018 :: Log Kyrus: r e 3
Tue Oct 30 00:04:35 2018 :: Log Kyrus: 
chgrp: changing group of '../gods/Killuminati': Operation not permitted
chgrp: changing group of '../player/Killuminati': Operation not permitted
Tue Oct 30 00:04:35 2018 :: Log Kyrus: 
Tue Oct 30 00:04:40 2018 :: Log Kyrus: tell killuminati spellup
Tue Oct 30 00:04:42 2018 :: Log Kyrus: r e 8
Tue Oct 30 00:04:43 2018 :: Log Kyrus: open east
Tue Oct 30 00:04:43 2018 :: Log Killuminati: restore Kyrus
Tue Oct 30 00:04:43 2018 :: Log Kyrus: r e 19
Tue Oct 30 00:04:43 2018 :: Log Killuminati: pecho Kyrus Thank you, come again.
Tue Oct 30 00:04:43 2018 :: Log Kyrus: r n 6
Tue Oct 30 00:04:44 2018 :: Log Kyrus: open north
Tue Oct 30 00:04:44 2018 :: Log Kyrus: r n 8
Tue Oct 30 00:04:45 2018 :: Log Kyrus: 
Tue Oct 30 00:04:45 2018 :: Log Kyrus: 
Tue Oct 30 00:04:45 2018 :: Log Kyrus: 
Tue Oct 30 00:04:46 2018 :: Log Kyrus: get all
Tue Oct 30 00:04:48 2018 :: Log Kyrus: unl northj
Tue Oct 30 00:04:50 2018 :: Log Kyrus: unl northj
Tue Oct 30 00:04:53 2018 :: Log Kyrus: unl north
Tue Oct 30 00:04:53 2018 :: Log Kyrus: open north
Tue Oct 30 00:04:55 2018 :: Log Kyrus: drop key
Tue Oct 30 00:04:56 2018 :: Log Kyrus: 
Tue Oct 30 00:04:56 2018 :: Log Kyrus: 
Tue Oct 30 00:04:57 2018 :: Log Kyrus: 
Tue Oct 30 00:04:58 2018 :: Log Kyrus: 
Tue Oct 30 00:04:58 2018 :: Log Kyrus: 
Tue Oct 30 00:04:59 2018 :: Log Kyrus: 
Tue Oct 30 00:04:59 2018 :: Log Kyrus: 
Tue Oct 30 00:05:00 2018 :: Log Kyrus: 
Tue Oct 30 00:05:00 2018 :: Log Kyrus: 
Tue Oct 30 00:05:01 2018 :: Log Kyrus: 
Tue Oct 30 00:05:03 2018 :: Log Kyrus: fi sk
Tue Oct 30 00:05:09 2018 :: Log Kyrus: fi sk
Tue Oct 30 00:05:16 2018 :: Log Kyrus: fi sk
Tue Oct 30 00:05:22 2018 :: Log Kyrus: fi sk
Tue Oct 30 00:05:28 2018 :: Log Kyrus: fi sk
Tue Oct 30 00:05:35 2018 :: Log Kyrus: fi sk
Tue Oct 30 00:05:42 2018 :: Log Kyrus: l
Tue Oct 30 00:05:44 2018 :: Log Kyrus: 
Tue Oct 30 00:05:45 2018 :: Log Kyrus: kill sk
Tue Oct 30 00:05:48 2018 :: Log Kyrus: 
Tue Oct 30 00:05:48 2018 :: Log Kyrus: kill sk
Tue Oct 30 00:05:52 2018 :: Log Kyrus: get gold cor
Tue Oct 30 00:05:52 2018 :: Log Kyrus: get gold cor
Tue Oct 30 00:05:52 2018 :: Log Kyrus: get gold cor
Tue Oct 30 00:05:52 2018 :: Log Kyrus: 
Tue Oct 30 00:05:53 2018 :: Log Kyrus: fi sk
Tue Oct 30 00:05:59 2018 :: Log Kyrus: fi sk
Tue Oct 30 00:06:05 2018 :: Log Kyrus: fi sk
Tue Oct 30 00:06:12 2018 :: Log Kyrus: fi sk
Tue Oct 30 00:06:18 2018 :: Log Kyrus: who
Tue Oct 30 00:06:18 2018 :: Log Kyrus: fi
Tue Oct 30 00:06:24 2018 :: Log Kyrus: get gold cor
Tue Oct 30 00:06:25 2018 :: Log Kyrus: get gold cor
Tue Oct 30 00:06:25 2018 :: Log Kyrus: get gold cor
Tue Oct 30 00:06:25 2018 :: Log Kyrus: l
Tue Oct 30 00:06:27 2018 :: Log Kyrus: 
Tue Oct 30 00:06:29 2018 :: Log Kyrus: fi sk
Tue Oct 30 00:06:35 2018 :: Log Kyrus: fi
Tue Oct 30 00:06:41 2018 :: Log Kyrus: fi
Tue Oct 30 00:06:47 2018 :: Log Kyrus: fi
Tue Oct 30 00:06:54 2018 :: Log Kyrus: tell killuminati spellup
Tue Oct 30 00:06:55 2018 :: Log Kyrus: fi
Tue Oct 30 00:06:56 2018 :: Log Killuminati: restore Kyrus
Tue Oct 30 00:06:57 2018 :: Log Killuminati: pecho Kyrus Thank you, come again.
Tue Oct 30 00:07:01 2018 :: Log Kyrus: l
Tue Oct 30 00:07:02 2018 :: Log Kyrus: 
Tue Oct 30 00:07:03 2018 :: Log Kyrus: kill sk
Tue Oct 30 00:07:07 2018 :: Log Kyrus: fi sk
Tue Oct 30 00:07:20 2018 :: Log Kyrus: gr
Tue Oct 30 00:07:21 2018 :: Log Kyrus: fi
Tue Oct 30 00:07:28 2018 :: Log Kyrus: tell killuminati spellup
Tue Oct 30 00:07:28 2018 :: Log Kyrus: fi sk
Tue Oct 30 00:07:31 2018 :: Log Killuminati: restore Kyrus
Tue Oct 30 00:07:31 2018 :: Log Kyrus: l
Tue Oct 30 00:07:31 2018 :: Log Killuminati: pecho Kyrus Thank you, come again.
Tue Oct 30 00:07:33 2018 :: Log Kyrus: fi
Tue Oct 30 00:07:41 2018 :: Log Kyrus: who
Tue Oct 30 00:07:41 2018 :: Log Kyrus: fi
Tue Oct 30 00:07:52 2018 :: Log Kyrus: fi
Tue Oct 30 00:07:58 2018 :: Log Kyrus: get gold cor
Tue Oct 30 00:07:59 2018 :: Log Kyrus: get gold cor
Tue Oct 30 00:07:59 2018 :: Log Kyrus: get gold cor
Tue Oct 30 00:07:59 2018 :: Log Kyrus: l
Tue Oct 30 00:08:02 2018 :: Log Kyrus: 
Tue Oct 30 00:08:04 2018 :: Log Kyrus: wo
Tue Oct 30 00:08:05 2018 :: Log Kyrus: fi sk
Tue Oct 30 00:08:12 2018 :: Log Kyrus: fi sk
Tue Oct 30 00:08:21 2018 :: Log Kyrus: 
Tue Oct 30 00:08:21 2018 :: Log Kyrus: fi sk
Tue Oct 30 00:08:28 2018 :: Log Kyrus: get gold cor
Tue Oct 30 00:08:28 2018 :: Log Kyrus: get gold cor
Tue Oct 30 00:08:28 2018 :: Log Kyrus: get gold cor
Tue Oct 30 00:08:28 2018 :: Log Kyrus: 
Tue Oct 30 00:08:30 2018 :: Log Kyrus: open south
Tue Oct 30 00:08:30 2018 :: Log Kyrus: 
Tue Oct 30 00:08:33 2018 :: Log Kyrus: fi
Tue Oct 30 00:08:39 2018 :: Log Kyrus: fi
Tue Oct 30 00:08:45 2018 :: Log Kyrus: fi
Tue Oct 30 00:08:52 2018 :: Log Kyrus: fi
Tue Oct 30 00:09:01 2018 :: Log Kyrus: who
Tue Oct 30 00:09:01 2018 :: Log Kyrus: fi
Tue Oct 30 00:09:08 2018 :: Log Kyrus: fi
Tue Oct 30 00:09:16 2018 :: Log Kyrus: who
Tue Oct 30 00:09:16 2018 :: Log Kyrus: fi
Tue Oct 30 00:09:23 2018 :: Log Kyrus: fi
Tue Oct 30 00:09:29 2018 :: Log Kyrus: get gold cor
Tue Oct 30 00:09:29 2018 :: Log Kyrus: get gold cor
Tue Oct 30 00:09:30 2018 :: Log Kyrus: get gold cor
Tue Oct 30 00:09:30 2018 :: Log Kyrus: i
Tue Oct 30 00:09:33 2018 :: Log Kyrus: 
Tue Oct 30 00:09:35 2018 :: Log Kyrus: eq
Tue Oct 30 00:09:38 2018 :: Log Kyrus: sc
Tue Oct 30 00:09:40 2018 :: Log Kyrus: rem star
Tue Oct 30 00:09:41 2018 :: Log Kyrus: rem star
Tue Oct 30 00:09:42 2018 :: Log Kyrus: wear amu
Tue Oct 30 00:09:42 2018 :: Log Kyrus: wear amu
Tue Oct 30 00:09:45 2018 :: Log Kyrus: sc
Tue Oct 30 00:09:57 2018 :: Log Kyrus: rem amu
Tue Oct 30 00:09:58 2018 :: Log Kyrus: rem amu
Tue Oct 30 00:09:59 2018 :: Log Kyrus: wear star
Tue Oct 30 00:09:59 2018 :: Log Kyrus: wear star
Tue Oct 30 00:10:00 2018 :: Log Kyrus: l
Tue Oct 30 00:10:01 2018 :: Log Kyrus: drop am
Tue Oct 30 00:10:02 2018 :: Log Kyrus: drop am
Tue Oct 30 00:10:02 2018 :: Log Kyrus: drop am
Tue Oct 30 00:10:02 2018 :: Log Kyrus: drop am
Tue Oct 30 00:10:03 2018 :: Log Kyrus: drop am
Tue Oct 30 00:10:03 2018 :: Log Kyrus: drop am
Tue Oct 30 00:10:03 2018 :: Log Kyrus: drop am
Tue Oct 30 00:10:06 2018 :: Log Kyrus: sac am
Tue Oct 30 00:10:06 2018 :: Log Kyrus: sac am
Tue Oct 30 00:10:06 2018 :: Log Kyrus: sac am
Tue Oct 30 00:10:06 2018 :: Log Kyrus: sac am
Tue Oct 30 00:10:07 2018 :: Log Kyrus: l
Tue Oct 30 00:10:08 2018 :: Log Kyrus: 
Tue Oct 30 00:10:10 2018 :: Log Kyrus: 
Tue Oct 30 00:10:11 2018 :: Log Kyrus: 
Tue Oct 30 00:10:12 2018 :: Log Kyrus: sca 
Tue Oct 30 00:10:13 2018 :: Log Kyrus: sac am
Tue Oct 30 00:10:14 2018 :: Log Kyrus: 
Tue Oct 30 00:10:16 2018 :: Log Kyrus: sac cor
Tue Oct 30 00:10:24 2018 :: Log Kyrus: 
Tue Oct 30 00:10:26 2018 :: Log Kyrus: fi
Tue Oct 30 00:10:32 2018 :: Log Kyrus: worth
Tue Oct 30 00:10:32 2018 :: Log Kyrus: fi
Tue Oct 30 00:10:38 2018 :: Log Kyrus: fi
Tue Oct 30 00:10:46 2018 :: Log Kyrus: who
Tue Oct 30 00:10:47 2018 :: Log Kyrus: fi
Tue Oct 30 00:10:53 2018 :: Log Kyrus: fi
Tue Oct 30 00:10:59 2018 :: Log Kyrus: get gold cor
Tue Oct 30 00:10:59 2018 :: Log Kyrus: get gold cor
Tue Oct 30 00:11:00 2018 :: Log Kyrus: get gold cor
Tue Oct 30 00:11:00 2018 :: Log Kyrus: tell killuminati spellup
Tue Oct 30 00:11:03 2018 :: Log Killuminati: restore Kyrus
Tue Oct 30 00:11:03 2018 :: Log Killuminati: pecho Kyrus Thank you, come again.
Tue Oct 30 00:11:07 2018 :: Log Kyrus: 
Tue Oct 30 00:11:08 2018 :: Log Kyrus: l
Tue Oct 30 00:11:09 2018 :: Log Kyrus: 
Tue Oct 30 00:11:10 2018 :: Log Kyrus: fi
Tue Oct 30 00:11:17 2018 :: Log Kyrus: fi
Tue Oct 30 00:11:23 2018 :: Log Kyrus: fi
Tue Oct 30 00:11:30 2018 :: Log Kyrus: tell killuminati spellup
Tue Oct 30 00:11:31 2018 :: Log Kyrus: fi
Tue Oct 30 00:11:33 2018 :: Log Killuminati: restore Kyrus
Tue Oct 30 00:11:33 2018 :: Log Killuminati: pecho Kyrus Thank you, come again.
Tue Oct 30 00:11:37 2018 :: Log Kyrus: get gold cor
Tue Oct 30 00:11:38 2018 :: Log Kyrus: get gold cor
Tue Oct 30 00:11:38 2018 :: Log Kyrus: get gold cor
Tue Oct 30 00:11:38 2018 :: Log Kyrus: fi
Tue Oct 30 00:11:44 2018 :: Log Kyrus: fi
Tue Oct 30 00:11:45 2018 :: Log Kyrus: get gold cor
Tue Oct 30 00:11:45 2018 :: Log Kyrus: get gold cor
Tue Oct 30 00:11:45 2018 :: Log Kyrus: get gold cor
Tue Oct 30 00:11:49 2018 :: Log Kyrus: who
Tue Oct 30 00:11:51 2018 :: Log Kyrus: l
Tue Oct 30 00:11:52 2018 :: Log Kyrus: wo
Tue Oct 30 00:11:54 2018 :: Log Kyrus: sac cor
Tue Oct 30 00:11:54 2018 :: Log Kyrus: sac cor
Tue Oct 30 00:11:55 2018 :: Log Kyrus: 
Tue Oct 30 00:11:56 2018 :: Log Kyrus: 
Tue Oct 30 00:11:57 2018 :: Log Kyrus: 
Tue Oct 30 00:11:59 2018 :: Log Kyrus: fi
Tue Oct 30 00:12:06 2018 :: Log Kyrus: prac
Tue Oct 30 00:12:06 2018 :: Log Kyrus: fi
Tue Oct 30 00:12:12 2018 :: Log Kyrus: fi
Tue Oct 30 00:12:18 2018 :: Log Kyrus: fi
Tue Oct 30 00:12:25 2018 :: Log Kyrus: who
Tue Oct 30 00:12:25 2018 :: Log Kyrus: fi
Tue Oct 30 00:12:31 2018 :: Log Kyrus: get gold cor
Tue Oct 30 00:12:31 2018 :: Log Kyrus: get gold cor
Tue Oct 30 00:12:32 2018 :: Log Kyrus: get gold cor
Tue Oct 30 00:12:33 2018 :: Log Kyrus: wo
Tue Oct 30 00:12:34 2018 :: Log Kyrus: l
Tue Oct 30 00:12:35 2018 :: Log Kyrus: 
Tue Oct 30 00:12:36 2018 :: Log Kyrus: 
Tue Oct 30 00:12:38 2018 :: Log Kyrus: 
Tue Oct 30 00:12:41 2018 :: Log Kyrus: 
Tue Oct 30 00:12:42 2018 :: Log Kyrus: 
Tue Oct 30 00:12:42 2018 :: Log Kyrus: 
Tue Oct 30 00:12:47 2018 :: Log Kyrus: tell killuminati spellup
Tue Oct 30 00:12:48 2018 :: Log Kyrus: fi
Tue Oct 30 00:12:49 2018 :: Log Killuminati: restore Kyrus
Tue Oct 30 00:12:50 2018 :: Log Killuminati: pecho Kyrus Thank you, come again.
Tue Oct 30 00:12:56 2018 :: Log Kyrus: who
Tue Oct 30 00:12:57 2018 :: Log Kyrus: fi
Tue Oct 30 00:13:03 2018 :: Log Kyrus: fi
Tue Oct 30 00:13:10 2018 :: Log Kyrus: fi
Tue Oct 30 00:13:16 2018 :: Log Kyrus: get gold cor
Tue Oct 30 00:13:16 2018 :: Log Kyrus: get gold cor
Tue Oct 30 00:13:16 2018 :: Log Kyrus: get gold cor
Tue Oct 30 00:13:17 2018 :: Log Kyrus: steel
Tue Oct 30 00:13:19 2018 :: Kyrus killed by an animated vampire at 29216
Tue Oct 30 00:13:19 2018 :: Called for vnum: 29215 to modify as: -1 as playerload.
Tue Oct 30 00:13:19 2018 :: Vnum 29215|Signval: -1|!Gameload|Total: 3
Tue Oct 30 00:13:19 2018 :: [*****] BUG: Char_to_room: NULL.
