Thu Nov 15 21:16:18 2018 :: LOADING COMM TABLE
Thu Nov 15 21:16:18 2018 ::  INIT OK 
Thu Nov 15 21:16:18 2018 :: Ended LOADING COMM TABLE
Thu Nov 15 21:16:18 2018 :: Ended Fixing Exits
Thu Nov 15 21:16:18 2018 :: Called for vnum: 3715 to modify as: 1 as gameload.
Thu Nov 15 21:16:18 2018 :: Vnum 3715|Signval: 1|Gameload|Total: 1
Thu Nov 15 21:16:18 2018 :: Called for vnum: 717 to modify as: 1 as gameload.
Thu Nov 15 21:16:18 2018 :: Vnum 717|Signval: 1|Gameload|Total: 1
Thu Nov 15 21:16:18 2018 :: Called for vnum: 717 to modify as: 1 as gameload.
Thu Nov 15 21:16:18 2018 :: Vnum 717|Signval: 1|Gameload|Total: 2
Thu Nov 15 21:16:18 2018 :: Called for vnum: 911 to modify as: 1 as gameload.
Thu Nov 15 21:16:18 2018 :: Vnum 911|Signval: 1|Gameload|Total: 1
Thu Nov 15 21:16:18 2018 :: Called for vnum: 911 to modify as: 1 as gameload.
Thu Nov 15 21:16:18 2018 :: Vnum 911|Signval: 1|Gameload|Total: 2
Thu Nov 15 21:16:18 2018 :: Called for vnum: 1388 to modify as: 1 as gameload.
Thu Nov 15 21:16:18 2018 :: Vnum 1388|Signval: 1|Gameload|Total: 1
Thu Nov 15 21:16:18 2018 :: Called for vnum: 7664 to modify as: 1 as gameload.
Thu Nov 15 21:16:18 2018 :: Vnum 7664|Signval: 1|Gameload|Total: 1
Thu Nov 15 21:16:18 2018 :: Called for vnum: 7665 to modify as: 1 as gameload.
Thu Nov 15 21:16:18 2018 :: Vnum 7665|Signval: 1|Gameload|Total: 1
Thu Nov 15 21:16:18 2018 :: Called for vnum: 17713 to modify as: 1 as gameload.
Thu Nov 15 21:16:18 2018 :: Vnum 17713|Signval: 1|Gameload|Total: 1
Thu Nov 15 21:16:18 2018 :: [*****] BUG: Equip_char: already equipped (-1).
Thu Nov 15 21:16:18 2018 :: Called for vnum: 10051 to modify as: 1 as gameload.
Thu Nov 15 21:16:18 2018 :: Vnum 10051|Signval: 1|Gameload|Total: 1
Thu Nov 15 21:16:18 2018 :: Called for vnum: 10051 to modify as: 1 as gameload.
Thu Nov 15 21:16:18 2018 :: Vnum 10051|Signval: 1|Gameload|Total: 2
Thu Nov 15 21:16:18 2018 :: [*****] BUG: Equip_char: already equipped (5).
Thu Nov 15 21:16:18 2018 :: [*****] BUG: Equip_char: already equipped (-1).
Thu Nov 15 21:16:18 2018 :: [*****] BUG: Equip_char: already equipped (-1).
Thu Nov 15 21:16:18 2018 :: [*****] BUG: Equip_char: already equipped (-1).
Thu Nov 15 21:16:18 2018 :: [*****] BUG: Equip_char: already equipped (-1).
Thu Nov 15 21:16:18 2018 :: [*****] BUG: Equip_char: already equipped (-1).
Thu Nov 15 21:16:18 2018 :: [*****] BUG: Equip_char: already equipped (-1).
Thu Nov 15 21:16:18 2018 :: [*****] BUG: Equip_char: already equipped (-1).
Thu Nov 15 21:16:18 2018 :: Called for vnum: 29215 to modify as: 1 as gameload.
Thu Nov 15 21:16:18 2018 :: Vnum 29215|Signval: 1|Gameload|Total: 1
Thu Nov 15 21:16:18 2018 :: Called for vnum: 29215 to modify as: 1 as gameload.
Thu Nov 15 21:16:18 2018 :: Vnum 29215|Signval: 1|Gameload|Total: 2
Thu Nov 15 21:16:18 2018 :: [*****] BUG: Equip_char: already equipped (-1).
Thu Nov 15 21:16:18 2018 :: Called for vnum: 29240 to modify as: 1 as gameload.
Thu Nov 15 21:16:18 2018 :: Vnum 29240|Signval: 1|Gameload|Total: 1
Thu Nov 15 21:16:18 2018 :: Called for vnum: 29240 to modify as: 1 as gameload.
Thu Nov 15 21:16:18 2018 :: Vnum 29240|Signval: 1|Gameload|Total: 2
Thu Nov 15 21:16:18 2018 :: Called for vnum: 29240 to modify as: 1 as gameload.
Thu Nov 15 21:16:18 2018 :: Vnum 29240|Signval: 1|Gameload|Total: 3
Thu Nov 15 21:16:18 2018 :: Called for vnum: 28114 to modify as: 1 as gameload.
Thu Nov 15 21:16:18 2018 :: Vnum 28114|Signval: 1|Gameload|Total: 1
Thu Nov 15 21:16:18 2018 :: Ended Area Update
Thu Nov 15 21:16:18 2018 :: Ended Loading Notes
Thu Nov 15 21:16:18 2018 :: Ended Loading Ban
Thu Nov 15 21:16:18 2018 :: Ended Loading Pkills
Thu Nov 15 21:16:18 2018 :: TOC is ready to rock on port 9000.
Thu Nov 15 21:16:18 2018 :: Setting up signals.
Thu Nov 15 21:16:19 2018 :: Automated backup complete.
tar: Removing leading `../' from member names
Thu Nov 15 21:16:20 2018 :: Sock.sinaddr:  97.88.72.5
Thu Nov 15 21:16:24 2018 :: Loading Wentworth's playerfile
Thu Nov 15 21:16:25 2018 :: Wentworth@97-88-72-5.dhcp.stls.mo.charter.com has connected. [Room: 4210]
Thu Nov 15 21:16:29 2018 :: Sock.sinaddr:  192.168.1.1
Thu Nov 15 21:16:29 2018 :: Sock.sinaddr:  192.168.1.1
Thu Nov 15 21:16:29 2018 :: Loading Killuminati's playerfile
Thu Nov 15 21:16:29 2018 :: Loading Testies's playerfile
Thu Nov 15 21:16:29 2018 :: Killuminati@192.168.1.1 has connected. [Room: 4208]
Thu Nov 15 21:16:30 2018 :: Testies@192.168.1.1 has connected. [Room: 4216]
Thu Nov 15 21:16:36 2018 :: Wentworth has quit. [Room: 4210]
Thu Nov 15 21:16:36 2018 :: Called for vnum: 1388 to modify as: -1 as playerload.
Thu Nov 15 21:16:36 2018 :: Vnum 1388|Signval: -1|!Gameload|Total: 2
Thu Nov 15 21:16:36 2018 :: Called for vnum: 1388 to modify as: 1 as playerload.
Thu Nov 15 21:16:36 2018 :: Vnum 1388|Signval: 1|!Gameload|Total: 1
Thu Nov 15 21:16:36 2018 :: Called for vnum: 1388 to modify as: -1 as playerload.
Thu Nov 15 21:16:36 2018 :: Vnum 1388|Signval: -1|!Gameload|Total: 2
Thu Nov 15 21:16:36 2018 :: Called for vnum: 1388 to modify as: 1 as playerload.
Thu Nov 15 21:16:36 2018 :: Vnum 1388|Signval: 1|!Gameload|Total: 1
Thu Nov 15 21:16:36 2018 :: Called for vnum: 17713 to modify as: -1 as playerload.
Thu Nov 15 21:16:36 2018 :: Vnum 17713|Signval: -1|!Gameload|Total: 2
Thu Nov 15 21:16:36 2018 :: Called for vnum: 17713 to modify as: 1 as playerload.
Thu Nov 15 21:16:36 2018 :: Vnum 17713|Signval: 1|!Gameload|Total: 1
Thu Nov 15 21:16:36 2018 :: Called for vnum: 3715 to modify as: -1 as playerload.
Thu Nov 15 21:16:36 2018 :: Vnum 3715|Signval: -1|!Gameload|Total: 2
Thu Nov 15 21:16:36 2018 :: Called for vnum: 3715 to modify as: 1 as playerload.
Thu Nov 15 21:16:36 2018 :: Vnum 3715|Signval: 1|!Gameload|Total: 1
Thu Nov 15 21:26:59 2018 :: Testies has quit. [Room: 2]
Thu Nov 15 21:27:11 2018 :: Sock.sinaddr:  192.168.1.1
Thu Nov 15 21:27:11 2018 :: Loading Testies's playerfile
Thu Nov 15 21:27:11 2018 :: Testies@192.168.1.1 has connected. [Room: 4216]
Thu Nov 15 21:37:26 2018 :: Testies has quit. [Room: 2]
Thu Nov 15 21:37:37 2018 :: Sock.sinaddr:  192.168.1.1
Thu Nov 15 21:37:37 2018 :: Loading Testies's playerfile
Thu Nov 15 21:37:37 2018 :: Testies@192.168.1.1 has connected. [Room: 4216]
Thu Nov 15 21:47:01 2018 :: Testies has quit. [Room: 2]
Thu Nov 15 21:47:12 2018 :: Sock.sinaddr:  192.168.1.1
Thu Nov 15 21:47:12 2018 :: Loading Testies's playerfile
Thu Nov 15 21:47:12 2018 :: Testies@192.168.1.1 has connected. [Room: 4216]
Thu Nov 15 21:55:02 2018 :: Testies has quit. [Room: 2]
Thu Nov 15 21:55:13 2018 :: Sock.sinaddr:  192.168.1.1
Thu Nov 15 21:55:13 2018 :: Loading Testies's playerfile
Thu Nov 15 21:55:13 2018 :: Testies@192.168.1.1 has connected. [Room: 4216]
Thu Nov 15 22:04:56 2018 :: Testies has quit. [Room: 2]
Thu Nov 15 22:05:07 2018 :: Sock.sinaddr:  192.168.1.1
Thu Nov 15 22:05:07 2018 :: Loading Testies's playerfile
Thu Nov 15 22:05:07 2018 :: Testies@192.168.1.1 has connected. [Room: 4216]
Thu Nov 15 22:13:40 2018 :: Testies has quit. [Room: 2]
Thu Nov 15 22:13:51 2018 :: Sock.sinaddr:  192.168.1.1
Thu Nov 15 22:13:51 2018 :: Loading Testies's playerfile
Thu Nov 15 22:13:52 2018 :: Testies@192.168.1.1 has connected. [Room: 4216]
Thu Nov 15 22:23:24 2018 :: Testies has quit. [Room: 2]
Thu Nov 15 22:23:35 2018 :: Sock.sinaddr:  192.168.1.1
Thu Nov 15 22:23:35 2018 :: Loading Testies's playerfile
Thu Nov 15 22:23:35 2018 :: Testies@192.168.1.1 has connected. [Room: 4216]
Thu Nov 15 22:25:16 2018 :: Testies has quit. [Room: 4216]
